00:41:12 : (Global) [OTK]TuneR: сейчас шашлык жарить буду
06:23:30 : (Global) HAXAJIEHOK91: Есть кто живой ?
06:44:38 : (Global) HAXAJIEHOK91: Как с торговцем взаимодействовать, или они ночью н
13:24:26 : (Global) kocony3bui62: привет
13:31:39 : (Global) kocony3bui62: она там давно стояла
13:35:32 : (Global) kocony3bui62: нет гелик
13:35:45 : (Global) kocony3bui62: я на работе без микрофона
14:31:03 : (Global) kocony3bui62: ДА
14:31:21 : (Global) kocony3bui62: БЫВАЕТ
14:31:36 : (Global) kocony3bui62: НА РАБОТЕ ИГРАЮ БЕЗ МИКРОВОНА
17:20:24 : (Global) Denostik: Меня слышно???
17:26:04 : (Global) Denostik: Меня не слышно ??
17:26:45 : (Global) Denostik: Спасибо 
17:26:57 : (Global) Denostik: 2 
17:27:07 : (Global) Denostik: На калаш 1
17:27:17 : (Global) Denostik: 2
18:46:06 : (Global) MARAZM: НА КАКУЮ КНОПКУ СПАТЬ?
19:31:00 : (Global) MARAZM: перелом ног как вылечить?
21:21:35 : (Global) BARS: ку
22:20:22 : (Global) [OTK]TuneR: эфц
