00:04:33 : (Global) Julia: ахахах
00:05:13 : (Global) Julia: а что дают твои хадули?
00:13:18 : (Global) Julia: что за канал?
00:13:56 : (Global) Julia: А я с мамой)
01:08:37 : (Global) Julia: )))
01:30:10 : (Global) Julia: Надо привыкать
01:30:20 : (Global) Julia: Папа говорил что скоро будем от 1
01:40:43 : (Global) Julia: ахаха я плачу
02:08:15 : (Global) Julia: Привет мамулиичка)
02:10:36 : (Global) Julia: маму снова выкинуло
02:13:41 : (Global) Julia: Я отойду
02:18:21 : (Global) Julia: Ну у нас же нормально
02:46:15 : (Global) Julia: Засыпает
02:56:40 : (Global) Julia: С мамы в шоке!!!
03:00:17 : (Global) Julia: ОТОЙДУ НА 5 МИНУТ
03:20:54 : (Global) Julia: кИНДЕРА ГЕЛИК У МЕНЯ СТОИТ
03:56:08 : (Global) Julia: клякса пропала
05:28:43 : (Global) Julia: домой)
05:29:07 : (Global) Julia: пока)))
06:13:25 : (Global) Julia: Я счас приеду
06:37:01 : (Global) Malinka: нет)))
06:37:49 : (Global) Malinka: нетттттттттттттттттттт
06:41:59 : (Global) Malinka: а ты чего не спишь Сидорович
18:01:59 : (Global) [OTK]TuneR: .
18:02:01 : (Global) [OTK]TuneR: .
18:02:02 : (Global) [OTK]TuneR: .
18:02:03 : (Global) [OTK]TuneR: .
18:02:03 : (Global) [OTK]TuneR: .
18:02:05 : (Global) [OTK]TuneR: .
18:05:35 : (Global) [OTK]TuneR: .
18:05:53 : (Global) [OTK]TuneR: .
18:05:59 : (Global) [OTK]TuneR: .
18:06:00 : (Global) [OTK]TuneR: .
18:06:01 : (Global) [OTK]TuneR: .
19:59:29 : (Global) [OTK]TuneR: .
19:59:30 : (Global) [OTK]TuneR: .....
19:59:47 : (Global) [OTK]TuneR: .
19:59:47 : (Global) [OTK]TuneR: .
19:59:48 : (Global) [OTK]TuneR: .
19:59:49 : (Global) [OTK]TuneR: .
20:03:17 : (Global) [OTK]TuneR: .
20:03:19 : (Global) [OTK]TuneR: .
20:03:21 : (Global) [OTK]TuneR: .
20:03:23 : (Global) [OTK]TuneR: .
20:03:26 : (Global) [OTK]TuneR: .
20:19:30 : (Global) [OTK]TuneR: .
20:19:33 : (Global) [OTK]TuneR: .
20:20:34 : (Global) [OTK]TuneR: .
20:20:36 : (Global) [OTK]TuneR: .
20:20:40 : (Global) [OTK]TuneR: .
20:25:17 : (Global) RUS_ARISTOKRAT: Здарова парни
20:30:20 : (Global) RUS_ARISTOKRAT: Обкуриная)
20:30:36 : (Global) RUS_ARISTOKRAT: Гляди как плющит)
21:01:54 : (Global) RUS_ARISTOKRAT: ого
21:02:12 : (Global) RUS_ARISTOKRAT: спасибо)
21:28:09 : (Global) [OTK]TuneR: .
21:28:11 : (Global) [OTK]TuneR: .
21:28:15 : (Global) [OTK]TuneR: .
21:28:17 : (Global) [OTK]TuneR: .
21:28:25 : (Global) [OTK]TuneR: .
