00:35:04 : (Global) [OTK]TuneR: уже мухи налетели)
10:19:25 : (Global) [OTK]TuneR: .
10:19:27 : (Global) [OTK]TuneR: .
10:19:27 : (Global) [OTK]TuneR: .
10:19:28 : (Global) [OTK]TuneR: .
10:19:29 : (Global) [OTK]TuneR: .
10:19:30 : (Global) [OTK]TuneR: .
10:19:31 : (Global) [OTK]TuneR: .
10:19:31 : (Global) [OTK]TuneR: .
11:19:59 : (Global) EmeS: чет страшно 
18:19:27 : (Global) EmeS: ДАЙТЕ АПТЕЧКУ ПОЛНУЮ)))
18:27:25 : (Global) EmeS: Есть кто?
18:28:41 : (Global) EmeS: таблы мне бы
19:54:53 : (Global) Dmitril: nimoi ты где?
20:46:32 : (Global) EmeS: есть кто?
20:48:04 : (Global) EmeS: подкинь
20:48:51 : (Global) EmeS: черно
20:49:31 : (Global) EmeS: черногорск
21:04:47 : (Global) EmeS: спасибо
23:07:39 : (Global) EmeS: lfqnt dfrwbye
23:07:53 : (Global) EmeS: Дайте вакцину
