00:21:26 : (Global) Anatoliy: –∫—Ç–æ –ø–æ–∫—É–ø–∞–µ—Ç –∞—Ä—Ç–∏—Ñ–∞–∫—Ç—ã
11:08:25 : (Global) Julia: –ü—Ä–∏–≤–µ—Ç)
11:08:34 : (Global) Julia: –ß—Ç–æ?
11:08:47 : (Global) Julia: –ù–µ—Ç –Ω–µ—Ç,—è –Ω–æ–≤–µ–Ω—å–∫–∞—è)
11:08:56 : (Global) Julia: –î–∞)
11:09:15 : (Global) Julia: –°–ø–∞—Å–∏–±–æ)
11:10:19 : (Global) Julia: –°–ø–∞—Å–∏–±–æ)
11:11:33 : (Global) Julia: –£ –º–µ–Ω—è –µ—Å—Ç—å –ø–∏—Å—Ç–æ–ª–µ—Ç –∏ –Ω–æ–∂)
11:11:40 : (Global) Julia: –°–ø–∞—Å–∏–±–æ –±–æ–ª—å—à–æ–µ!
11:12:34 : (Global) Julia: –Ø –ø–æ–Ω—è–ª–∞,—Å–ø–∞—Å–∏–±–æ!)
11:13:13 : (Global) Julia: –ê –∫–∞–∫ —Å –°–∏–¥–æ—Ä–æ–≤–∏—á–µ–º –ø–æ –≥–æ–≤–æ—Ä–∏—Ç—å?
11:13:27 : (Global) Julia: –°–ø–∞—Å–∏–±–æ!)
11:16:53 : (Global) Julia: –ö–∞–ø–µ—Ü —Ü–µ–Ω—ã
11:16:57 : (Global) Julia: –ö—É–¥–∞?
11:17:11 : (Global) Julia: –Ø –∂–µ –î–µ–≤–æ—á–∫–∞ –º–Ω–µ —Å—Ç—Ä–∞—à–Ω–æ —Å –¥–≤—É–º—è –º
11:17:16 : (Global) Julia: –ú—É–∂–∏–∫–∞–º–∏)
11:17:44 : (Global) Julia: –°—Ç—Ä–∞—à–Ω–æ,–Ω–æ –ø–æ–µ—Ö–∞–ª–∏)
11:17:55 : (Global) Julia: –£—Ö—Ö
11:18:36 : (Global) Julia: –Ø –∑–∞–∫—Ä—ã–ª–∞)
11:19:10 : (Global) Julia: –∞ –º–∞—à–∏–Ω—ã –¥–æ—Ä–æ–≥–∏–µ —Ç—É—Ç?
11:19:15 : (Global) Julia: –∏ –ì–¥–µ –±—Ä–∞—Ç—å –¥–µ–Ω—å–≥–∏?
11:19:47 : (Global) Julia: –†–µ–±—è—Ç –ø—Ä–æ—Å—Ç–∏—Ç–µ ,–æ—Ç–æ–π–¥—É –Ω–∞ 5 –º–∏–Ω—É—Ç
11:23:20 : (Global) Julia: –Ø —Ç—É—Ç)
11:24:01 : (Global) Julia: –°–æ –≤—Ä–µ–º–µ–Ω–µ–º —Ä–∞–∑–±–µ—Ä—É—Å—å)
11:24:14 : (Global) Julia: –Ø –≤–æ–æ–±—â–µ –∏–∑ –∑–∞ –≤–∏–¥–∏–æ –¥–æ–Ω–∏ –∫—É–ø–∏–ª–∞
11:24:18 : (Global) Julia: –≠—Ç—É –∏–≥—Ä—É
11:28:17 : (Global) Julia: –ê —É –Ω–∞—Å –Ω–∞ —Å–ª–µ–¥ –Ω–µ–¥–µ–ª–µ +18)
11:28:25 : (Global) Julia: –ø–æ—Ç–æ–º —Å–Ω–µ–≥)
11:28:34 : (Global) Julia: –î–∞ –¥–∞)
11:28:57 : (Global) Julia: –ù–µ —ç—Ç–∞ –Ω–µ–¥–µ–ª—è —Ö–æ–ª–æ–¥–Ω–æ.—Ç–æ–∂–µ -1=-2
11:29:51 : (Global) Julia: –£ –º–µ–Ω—è –Ω–µ—Ç
11:31:36 : (Global) Julia: –†–µ–±—è—Ç –∞ –∫–∞–∫ –∫—Ä—É—Ç–∏—Ç—å –æ–±—å–µ–∫—Ç—ã –≤ –∏–Ω–≤–µ–Ω—Ç–∞
11:31:46 : (Global) Julia: –ò–Ω–≤–µ–Ω—Ç–∞—Ä–µ?
11:31:49 : (Global) Julia: –º–∫—É –Ω–µ—Ç
11:32:42 : (Global) Julia: –∞ –∫–∞–∫ —â–µ—Ç –æ—Ç–∫—Ä—ã—Ç—å?
11:33:09 : (Global) Julia: –ê–∞–∞–∞ —Å–ø–∞—Å–∏–±–æ!)
11:33:52 : (Global) Julia: –°–ø–∞—Å–∏–±–æ
11:34:33 : (Global) Julia: –£ –º–µ–Ω—è –ø–∏—Å—Ç–æ–ª–µ—Ç –µ—Å—Ç—å
11:35:38 : (Global) Julia: –°–ø–∞—Å–∏–±–æ!
11:36:23 : (Global) Julia: –∞ —É –º–µ–Ω—è –ø–∞—Ç—Ä–æ–Ω –Ω–µ—Ç
11:37:23 : (Global) Julia: –†—è–¥–æ–º —Å–æ –º–Ω–æ–π 5—Ö45 –ø–∞—Ç—Ä–æ–Ω—ã –ª–µ–∂–∞—Ç
11:37:42 : (Global) Julia: –í–æ—Ç –ø–∞—Ç—Ä–æ–Ω—ã 5—Ö45
11:38:40 : (Global) Julia: –°–ø–∞—Å–∏–±–æ)
11:39:09 : (Global) Julia: –Ø –∫—Ä–∏–≤–æ—Ä—É–∫–∞—è)))
11:39:17 : (Global) Julia: –ê –∫–∞–∫ –ø–µ—Ä–µ–∫–ª—é—á–∏—Ç—å?
11:41:41 : (Global) Julia: –ê —è –º–µ—Ç–∫—É —Ç–∞–º —Ç–æ–∂–µ —Å—á–∞—Å –ø–æ—Å—Ç–∞–≤–ª—é
11:42:16 : (Global) Julia: –∞ –º–∞—à–∏–Ω—É –¥–æ—Ä–æ–≥–æ –∫—É–ø–∏—Ç—å?
11:42:34 : (Global) Julia: –ê —è –Æ–ª—å–∫–∞)–û—á–µ–Ω—å –ø—Ä–∏—è—Ç–Ω–æ)
11:44:32 : (Global) Julia: –†–µ–±—è—Ç!–ú–∞—à–∏–Ω—É –≥–¥–µ –∫—É–ø–∏—Ç—å –∏ –¥–æ—Ä–æ–≥–æ?
11:44:51 : (Global) Julia: –ñ–∞–ª—å(
11:45:38 : (Global) Julia: –Ø –µ—Å—Ç—å –≤ –¥–∏—Å–∫–æ—Ä–¥–µ)
11:47:26 : (Global) Julia: –°–ø–∞—Å–∏–±–æ!
11:50:36 : (Global) Julia: –°–ø–∞—Å–∏–±–æ
11:51:39 : (Global) Julia: –∫–∞–∫–æ–π —Å—Ç—Ä–∞—à–Ω—ã–π —É –º–µ–Ω—è –ø–µ—Ä—Å–æ–Ω–∞–∂
11:51:48 : (Global) Julia: –∏ –ø—Ä–∞–≤–¥–∞ –∫—Ä–∞–∫–æ–¥–∏–ª)))
11:52:18 : (Global) Julia: –•–æ—Ä–æ—à–æ!
11:53:21 : (Global) Julia: –∞—Ö–∞—Ö–∞
11:53:30 : (Global) Julia: –°–ø–∞—Å–∏–±–æ!
11:53:53 : (Global) Julia: –£—Ö
11:56:44 : (Global) Julia: –ø–æ—Ç–æ–º –æ–ø—è—Ç—å —Ç—É—Ç –ø–æ—è–≤–ª—é—Å—å?
11:57:10 : (Global) Julia: –ö–∞–ø–µ—Ü,—Ö–∞–Ω–∞ –º–æ–∏–º –¥–µ–Ω—å–≥–∞–º
11:57:32 : (Global) Julia: —É –º–µ–Ω—è 550 —Ä—É–±–ª–µ–π)
11:58:08 : (Global) Julia: –£ –º–µ–Ω—è —Ü–µ–ª–∞—è 500 –∏ —Ç–∞–º –ø–æ –º–µ–ª–æ—á–∏
11:59:40 : (Global) Julia: –∞ –∫–∞–∫ –º–Ω–µ —Ä–∞—Ü–∏—è,—É –º–µ–Ω—è –º–∏–∫—Ä–æ –Ω–µ—Ç(
12:53:04 : (Global) Kinder: –°–∞—Ç–æ–∫) –¢—ã –≥–¥–µ —Ç–∞–º?))
12:53:11 : (Global) Kinder: –ü–æ–±–µ–∂–∞–ª –∑–∞ –±–∞—Ç–∞—Ä–µ–π–∫–æ–π
12:55:57 : (Global) Julia: –Ø —Ñ–æ–ª—å—Ü –∑–∞–≤–µ–ª–∞ –Ω–æ –Ω–µ –∑–Ω–∞—é –∫–∞–∫ 
12:56:00 : (Global) Julia: –≥–ª—É—à–∏—Ç—å)))
12:57:50 : (Global) Julia: –£—Ö—Ö—Ö
12:58:26 : (Global) Julia: –ë–ª–∏–Ω –¥–æ —Ä–µ—Å—Ç–∞—Ä—Ç–∞ —É –º–µ–Ω—å—à–µ –ª–æ–≥–∞–ª–æ(
13:00:20 : (Global) Julia: –£—Å–Ω—É–ª)
13:01:42 : (Global) Julia: –≠—Ç–æ —Ö–æ—Ä–æ—à–æ)–±—É–¥—É –Ω–∞ –º–∞—à–∏–Ω—É —Å–æ–±–µ—Ä–∞—Ç—å
13:04:40 : (Global) Julia: –ë–ª–∏–Ω –Ω–∞–ø—É–≥–∞–ª)
13:04:46 : (Global) Julia: –ù–µ—Ç –º–µ–Ω—è –∞–¥–º–∏–Ω –∫–∏–∫–Ω—É–ª
13:05:01 : (Global) Julia: –ß—Ç–æ —Ç–æ —Ç–∞–º —Å —á–∞—Ç–æ–º –±—ã–ª–æ —Å–≤—è–∑–∞–Ω–æ
13:06:46 : (Global) Julia: –ú–∏–∫—Ä–æ –∫—É–ø–ª—é –ø–æ–∑–∂–µ(
13:07:32 : (Global) Sat-Ok(ŒÎÂ„): —Ç—ã –≥–¥–µ –Æ–ª–∞ ?
13:07:48 : (Global) Julia: –†—è–¥–æ–º —Å –≥–µ–ª–∏–∫–æ–º
13:10:35 : (Global) Julia: —è –µ—â–µ —Ä–µ–∑–∏–Ω—É –Ω–µ –º–µ–Ω—è–ª–∞)
13:13:48 : (Global) Julia: —á—Ç–æ —Ç–∞–∫ –º–∞–ª–æ?)
16:27:43 : (Global) Julia: –ù–∞–ø—É–≥–∞–ª –±–ª–∏–Ω
16:27:54 : (Global) Julia: –£ –º–µ–Ω—è –≤–∞—Ä–∏–∞–Ω—Ç–æ–≤ –Ω–µ—Ç)
16:28:10 : (Global) Julia: –Ø –æ—Ç —Å—Ç—Ä–æ–∏—Ç–µ–ª—å–Ω—ã—Ö –º–∞—Ç–µ—Ä–∏–∞–ª–æ–≤ –±–µ–≥—É)
16:28:21 : (Global) Julia: –ù–µ –∑–Ω–∞—é,–∫—É–¥–∞ –Ω–µ–±—É–¥—å)
16:28:37 : (Global) Julia: –ò–∑ –∑–∞ –±–∞–≥–∞ –º–∞—à–∏–Ω—É —Ä–∞–∑–±–∏–ª–∞
16:29:19 : (Global) Julia: –î–∞ —Å —ç—Ç–∏–º–∏ –±–∞–≥–∞–º–∏  –±—É–¥–µ—Ç –ª–∏ —Ç–æ–ª–∫?)
16:30:39 : (Global) Julia: –û–ø—è—Ç—å –∫–∏–∫–Ω—É–ª–æ
16:31:04 : (Global) Julia: –î–æ —Ä–µ—Å—Ç–∞—Ä—Ç–∞ –Ω–æ—Ä–º –±—ã–ª–æ
16:31:17 : (Global) Julia: –ê–≥–∞
16:31:25 : (Global) Julia: –Ø —Ç—É–¥–∞ –∏ –±–µ–∂–∞–ª–∞
16:33:08 : (Global) Julia: –ê —Ç—ã –∑–Ω–∞–µ—à—å –∫–∞–∫ –¥–æ—Å–∫–∏ —Å–¥–µ–ª–∞—Ç—å?
16:33:23 : (Global) Julia: –ø–ª–æ—Ö–æ(
16:34:55 : (Global) Julia: –Ø —Ç—É—Ç
16:35:46 : (Global) Julia: –•–æ—Ä–æ—à–æ)
16:50:14 : (Global) Julia: –ø–æ–¥—Å–∫–∞–∂–∏ –ø–æ–∂–∞–ª—É–π—Å—Ç–∞,
16:50:27 : (Global) Julia: –∞
16:50:27 : (Global) Julia: –∞
16:50:28 : (Global) Julia: –∞
16:54:17 : (Global) Julia: –í –¥–µ—Ä–µ–≤–Ω—é
16:54:54 : (Global) Julia: –î–∞ –ª–∞–¥–Ω–æ —Ç—É—Ç –æ—Å—Ç–∞–Ω—É—Å—å
16:55:40 : (Global) Julia: –ß—Ç–æ –Ω–µ–±—É–¥—å –ø—Ä–∏–¥—É–º–∞—é)—Å—á–∞—Å –∫–∏–∫–Ω–∏—Ç –æ–ø—è
18:24:59 : (Global) Julia: –∫–∞–ø–µ—Ü
18:25:31 : (Global) Julia: –î–∞ –Ω–µ—Ç,–Ω–µ –ø–æ–≤–æ—Ä–∞—á–∏–≤—ã–∞–µ—Ç—Å—è
18:25:50 : (Global) Julia: –û–æ–æ–æ —Å–ø–∞—Å–∏–±–æ
18:26:03 : (Global) Julia: –≠—Ç–æ –∏–∑ –∑–∞ —á–µ–≥–æ —Ç–∞–∫?
18:26:12 : (Global) Julia: –ù–µ—Ç —Å—á–∞—Å –Ω–µ—Ç –æ–≥—Ä–æ–Ω–∏—á–µ–Ω–∏—è
18:26:34 : (Global) Julia: –£ –º–µ–Ω—è —á–µ—Ä–µ–∑ —Ç–∞–∫,–ø–æ –ø–æ–≤–æ–¥—É –æ–≥—Ä–∞–Ω–∏—á–µ
18:34:34 : (Global) Julia: –î–∞
18:34:55 : (Global) Julia: –Ω–µ —á–µ–≥–æ –Ω–µ –ø–æ–∫–∞–∑—ã–≤–∞–µ—Ç
18:35:09 : (Global) Julia: –Ω–∞ –∫—Ä–µ—Å—Ç–∏–∫–µ –ø—Ä–æ—Å—Ç–æ –ø–∞–¥–∞–µ—Ç —Ö–ø
18:35:25 : (Global) Julia: –ñ–µ–ª—Ç–∞—è
18:35:42 : (Global) Julia: –¢–µ–ø–µ—Ä—å –∫—Ä–∞—Å–Ω–∞—è
18:35:48 : (Global) Julia: –∏
18:36:01 : (Global) Julia: –Ø —Å—á–∞—Å —É–º—Ä—É —Å–∫–æ—Ä–æ)
18:37:12 : (Global) Julia: –≤—Å–µ —Ç–æ–∂–µ —Å–∞–º–æ–µ
18:37:21 : (Global) Julia: —Ç–µ–º–ø–µ—Ä–∞—Ç—É—Ä–∞ –≤–≤–µ—Ä—Ö –∏ –ø–∏—Ç—å–µ
18:37:28 : (Global) Julia: –∞ –∫—Ä–µ—Å—Ç–∏–∫ –≤ –Ω–∏–∑
18:37:56 : (Global) Julia: –ø–æ–π–¥—É –ª—É—Ç –≤ –±–æ—á–∫—É —Ö–æ—Ç—è –±—ã —Å–∫–∏–Ω—É
18:38:01 : (Global) Julia: –ï—Å—Ç—å –∫–ª—è–∫—Å–∞
18:38:15 : (Global) Julia: –∫—Ä–æ–≤—å –Ω–µ—Ç,0+
18:38:40 : (Global) Julia: –í–æ–æ–æ —Ç–µ–ø–µ—Ä—å –Ω–æ—Ä–º
18:39:08 : (Global) Julia: –≤—Å–µ —Ç–æ–∂–µ —Å–∞–º–æ–µ –Ω–æ —Ç–µ–ø–µ—Ä—å –∫—Ä–µ—Å—Ç–∏–∫ 
18:39:10 : (Global) Julia: –≤–≤–µ—Ä—Ö
18:39:15 : (Global) Julia: –∏ –ø–∏–ª—é–ª—å–∫–∞
18:39:22 : (Global) Julia: –±–ª–∏–Ω —Ç–µ–ø–µ—Ä—å –æ–ø—è—Ç—å –≤–Ω–∏–∑
18:40:58 : (Global) Julia: –í–æ—Ç —Ç–µ–ø–µ—Ä—å –≤–≤–µ—Ä—Ö –∫—Ä–µ—Å—Ç–∏–∫
18:41:07 : (Global) Julia: –∏ —Ç–µ–º–ø–µ—Ä–∞—Ç—É—Ä–∞ –≤–≤–µ—Ä—Ö
18:41:10 : (Global) Julia: —Å–ø–∞—Å–∏–±–æ!
18:41:37 : (Global) Julia: –î–∞ —è —É–∂–µ 5 —á–∞—Å–æ–≤ –±–µ–≥–∞—é))))
18:41:43 : (Global) Julia: —Å —ç—Ç–∏–º –º—è—Å–æ–º)))
18:42:01 : (Global) Julia: –ù—É —è –∂–µ –Ω–æ–≤–µ–Ω—å–∫–∞—è
18:42:08 : (Global) Julia: —è –≤–æ–æ–±—â–µ —Ç–æ–ª—å–∫–æ –∏–∑ –∑–∞ –î–æ–Ω–∏ 
18:42:13 : (Global) Julia: –∫—É–ø–∏–ª–∞ —ç—Ç—É –∏–≥—Ä—É
18:42:16 : (Global) Julia: –∞ —Å–∞–º–∞ –Ω—É–±
18:42:27 : (Global) Julia: –°—Ç—Ä–∏–º—ã —Å–º–æ—Ç—Ä–µ–ª–∞,–ø–æ–Ω—Ä–∞–≤–∏–ª–æ—Å—å
18:42:36 : (Global) Julia: –†–µ—à–∏–ª–∞ —Å–∞–º–∞ –ø–æ–ø—Ä–æ–±—ã–≤–∞—Ç—å)
18:42:58 : (Global) Julia: –ë–ª–∏–Ω –∞ –º–æ–µ–π —Ö–∞–Ω–∞ –ø—Ä–∏—à–ª–∞((((((
18:43:56 : (Global) Julia: –Ø –µ—Ö–∞–ª–∞ –∏ –º–µ–Ω—è –∑–∞–Ω–µ—Å–ª–æ 
18:44:06 : (Global) Julia: —è –≤–Ω–∞ –º–æ—Å—Ç –≤ —Å—Ç–µ–Ω—É
18:44:12 : (Global) Julia: –∏ –æ–Ω–∞ –∑–∞–±–∞–≥–∞–ª–∞—Å—å —Ç–∞–º
18:44:16 : (Global) Julia: –ø—Ä–∏–ª–∏–ø–ª–∞
18:44:31 : (Global) Julia: –î–∞ –∂–∞–ª–∫–æ —Ç–µ–ø–µ—Ä—å
18:44:36 : (Global) Julia: –ø–µ—à–∫–æ–º –¥–æ–ª–µ–∫–æ –±–µ–≥–∞—Ç—å
18:44:44 : (Global) Julia: –ú–µ—á—Ç—ã –Ω–∞–∫—Ä—ã–ª–∏—Å—å —Ä–∞–∑–æ–º)
18:45:31 : (Global) Julia: –í–µ—Ä–Ω—É—Ç—å –º–æ–¥)))
18:45:45 : (Global) Julia: –ù—é—é—é(
18:46:01 : (Global) Julia: –õ–µ—Å–æ–ø–µ–¥ –¥–∞–π—Ç–µ –º–Ω–µ —Ç–æ–≥–¥–∞ —Ö–æ—Ç—è –±—ã)))))
18:47:00 : (Global) Julia: –º–æ–∂–Ω–æ –∏ —Å–∞–º–æ–∫–∞—Ç)))
18:47:07 : (Global) Julia: –Ø –ø–æ—Ç–æ–º –≤–µ—Ä–Ω—É)
18:47:51 : (Global) Julia: –£ —Ç–µ–±—è –Ω–µ—Ç –∑–∞–º–∫–∞ –Ω–∞ –¥–≤–µ—Ä—å?
18:47:56 : (Global) Julia: –°–ª—É—á–∞–π–Ω–æ)
18:48:48 : (Global) Julia: –î–∞ —Ö–æ—á—É —Å–¥–µ—Å—å –≥–¥–µ –Ω–µ–±—É–¥—å –Ω–µ –¥–æ–ª–µ–∫–æ
18:49:15 : (Global) Julia: —Å–ø–∞—Å–∏–±–æ
18:49:55 : (Global) Julia: –î–æ –¥–µ—Ä–µ–≤–Ω–∏ –ø–æ–¥–∫–∏–Ω–µ—à—å?
18:50:06 : (Global) Julia: –°–ø–∞—Å–∏–±–æ
18:51:30 : (Global) Julia: –î–∞,—Ç–µ–ø–µ—Ä—å –≤—Å–µ —Ö–æ—Ä–æ—à–æ
18:52:05 : (Global) Julia: —Å–ø–∞—Å–∏–±–æ)
18:53:12 : (Global) Julia: –ì–¥–µ —Å–∞–º–æ–∫–∞—Ç?)
20:07:54 : (Global) Julia: )))
20:52:44 : (Global) Malinka: –î–æ–Ω–∏ –∫–æ–≥–¥–∞ –¥–æ–º–æ–π –≤ –≥–æ—Å—Ç–∏–Ω–∏—Ü—É?
21:04:44 : (Global) Malinka: –î–æ–Ω–∏ —Ç—ã –≤ –≥–æ—Å—Ç–∏–Ω–∏—Ü—É –µ—Ö–∞—Ç—å –±—É–¥–µ—à—å?–∏–ª–∏ –Ω–µ—Ç?
21:54:06 : (Global) Julia: –ë–ª–∏–Ω–Ω–Ω
21:54:23 : (Global) Julia: –°–ø–∞—Å–∏–±–æ –±–æ–ª—å—à–æ–µ
22:18:51 : (Global) [OTK]TuneR: –Ω–µ—Ç
22:19:51 : (Global) Arefs: –æ–π —á–∞—Ç –µ—Å—Ç—å?
22:21:48 : (Global) Arefs: –∫—Ç–æ —Å–ø—Ä–æ—Å–∏–ª –Ω–∞ —á–µ–º –∫–∞—Ç–∞–µ—à—å—Å—è?
22:51:27 : (Global) [OTK]TuneR: –î
