15:54:31 : (Global) [OTK]TuneR: .
15:54:37 : (Global) [OTK]TuneR: .
16:53:28 : (Global) [OTK]TuneR: .
16:54:39 : (Global) Teamix228: Teamix228
17:35:26 : (Global) [OTK]TuneR: .
17:35:27 : (Global) [OTK]TuneR: .
17:35:27 : (Global) [OTK]TuneR: ..
17:35:28 : (Global) [OTK]TuneR: .
17:35:31 : (Global) [OTK]TuneR: .
18:15:35 : (Global) Malinka: я тебя да , а ты меня?
18:15:53 : (Global) Malinka: я выйду перезайду 
18:38:52 : (Global) egor: накрылся микро наверное 
18:52:17 : (Global) [OTK]TuneR: .
18:52:18 : (Global) [OTK]TuneR: .
18:52:19 : (Global) [OTK]TuneR: .
18:52:20 : (Global) [OTK]TuneR: .
18:52:20 : (Global) [OTK]TuneR: .
18:52:21 : (Global) [OTK]TuneR: .
22:24:37 : (Global) EmeS: ДА СПС)
22:31:01 : (Global) EmeS: спс
23:27:12 : (Global) [OTK]TuneR: Я ВЫСПЛЮСЬ И НА ВЫХОД
23:28:59 : (Global) [OTK]TuneR: Я НА ВЫХОД
