00:03:11 : (Global) [OTK]TuneR: оружие я не смог с тебя скинуть
00:03:47 : (Global) [OTK]TuneR: хирург был Егор)
00:20:54 : (Global) [OTK]TuneR: положи на счет, такую сумму
00:29:59 : (Global) [OTK]TuneR: ))
01:02:42 : (Global) [OTK]TuneR: всем пока
19:47:58 : (Global) [OTK]TuneR: .
19:48:00 : (Global) [OTK]TuneR: .
19:48:01 : (Global) [OTK]TuneR: .
19:48:01 : (Global) [OTK]TuneR: .
19:48:02 : (Global) [OTK]TuneR: .
19:48:02 : (Global) [OTK]TuneR: .
19:54:18 : (Global) Malinka: ЧТО С ТОБОЙ
19:54:40 : (Global) [OTK]TuneR: хз, возрадился и тут такое
19:55:02 : (Global) Malinka: КОЛОТЬ НЕ НАДО ШПРИЦОМ 
19:55:23 : (Global) [OTK]TuneR: вещи целые жизнь морг=гает
19:55:46 : (Global) Malinka: странно
19:56:41 : (Global) Malinka: колоть точно не надо от заражения 
19:57:02 : (Global) [OTK]TuneR: ВСЕ МЕДИКАМЕНТЫ ИМЕЮТСЯ, 
19:57:10 : (Global) [OTK]TuneR: ИМЕННО КРЕСТ НА НУЛЕ
20:11:11 : (Global) EmeS: твой
20:11:25 : (Global) EmeS: я взял
20:11:37 : (Global) EmeS: да
20:11:49 : (Global) EmeS: это я у тебя взял Когда потерял
20:11:58 : (Global) EmeS: сознание 
20:31:57 : (Global) [OTK]TuneR: .
20:32:01 : (Global) [OTK]TuneR: ю
20:32:02 : (Global) [OTK]TuneR: ю
20:32:02 : (Global) [OTK]TuneR: ю
20:32:02 : (Global) [OTK]TuneR: ю
20:32:03 : (Global) [OTK]TuneR: юц
20:32:03 : (Global) [OTK]TuneR: ю
20:32:04 : (Global) [OTK]TuneR: ю
21:27:51 : (Global) [OTK]TuneR: день тяжелый был, завтра еще на
21:28:00 : (Global) [OTK]TuneR: работу, пока
21:28:21 : (Global) Malinka: ПОКА
22:38:22 : (Global) EmeS: сек подключ
