14:55:38 : (Global) Julia: в
14:55:40 : (Global) Julia: ц
16:56:30 : (Global) Malinka: ТЕПЕРЬ ХОТЬ ГОЛОВУ В НИЗ НЕ НАДО ОПУСКАТЬ))
16:58:43 : (Global) Malinka: БУДЕМ
17:00:50 : (Global) Malinka: ХА ХА
17:02:39 : (Global) Malinka: ХОРОШО
17:15:18 : (Global) KOT_KOKOC: ОТ 1 ЛИЦА ВКЛЮЧИ
17:16:57 : (Global) KOT_KOKOC: КОСТЯН, ПОКА В МАШИНЕ ЕДЕШЬ ПЕРЕЗАГРУ
17:17:20 : (Global) KOT_KOKOC: ПЕРЕЗАГРУЗИ ДИСКОРД
18:48:56 : (Global) Julia: Нет не мой
19:46:49 : (Global) Julia: Нет)
19:47:58 : (Global) Julia: Мне помоги)))
19:52:24 : (Global) Julia: 13
20:05:31 : (Global) Julia: Еще 1 остался
20:05:53 : (Global) Julia: все
20:06:03 : (Global) Julia: Спасибо
20:06:41 : (Global) Julia: Кто такой сахоров?
20:07:23 : (Global) Julia: Я умерла))))
20:07:52 : (Global) Julia: Да(
20:11:56 : (Global) Julia: Спасибо
20:13:25 : (Global) Julia: Нет ключ остался)
23:13:50 : (Global) Julia: па
23:13:51 : (Global) Julia: к
23:13:51 : (Global) Julia: кп
23:13:52 : (Global) Julia: в
23:13:52 : (Global) Julia: вк
23:13:52 : (Global) Julia: кп
23:14:56 : (Global) Julia: в
23:15:01 : (Global) Julia: Вот теперь норм)
23:15:09 : (Global) Julia: Счас нормально будет
23:15:34 : (Global) Julia: Спасибо большое)))
23:15:47 : (Global) Julia: А то как я умераю 
23:15:52 : (Global) Julia: Со скоростью звука)
23:16:11 : (Global) Julia: Микро будет буду с кем то)
23:16:40 : (Global) Julia: Да я отстрелялась
23:16:51 : (Global) Julia: У меня не было шприца
23:17:05 : (Global) Julia: Да я дура адреналином
23:17:09 : (Global) Julia: Запаслась
23:17:13 : (Global) Julia: перепутала)
23:17:31 : (Global) Julia: Не смешно)
23:17:53 : (Global) Julia: 20 минут бежала с матом не умри
23:17:58 : (Global) Julia: "ДУРА"))))
23:18:11 : (Global) Julia: В итоге минутки не хватило(
23:18:47 : (Global) Julia: Дони купи у меня гвозди))))))
23:19:09 : (Global) Julia: Много,очень много)
23:19:28 : (Global) Julia: около 1000,Сидорович не берет
23:19:41 : (Global) Julia: Да не,мне стыдно брать уже
23:19:52 : (Global) Julia: У меня лопата норм)
23:20:01 : (Global) Julia: Так как я умераю)))
23:20:07 : (Global) Julia: спасибо большое!!!!
23:20:30 : (Global) Julia: А где ты свое покупала?
23:20:46 : (Global) Julia: С трубой которое
23:20:49 : (Global) Julia: Ага
23:20:58 : (Global) Julia: Ух емае
23:21:05 : (Global) Julia: Дони купи гвозди
23:21:10 : (Global) Julia: Дешего,900 тысяч)
23:21:28 : (Global) Julia: Я тебе вместе с базой отдам))))
23:21:45 : (Global) Julia: Капец,900 тысяч
23:21:59 : (Global) Julia: У меня счас будет инфаркт миакарда
23:22:22 : (Global) Julia: Спасибо большое
23:22:38 : (Global) Julia: Я не когда его не куплю
23:22:56 : (Global) Julia: Я решила занятся охотой
23:23:03 : (Global) Julia: В итоге 3 раза умерла
23:23:16 : (Global) Julia: И не нашла не одного животного)))
23:23:39 : (Global) Julia: Был бы донат,я бы купила)
23:23:43 : (Global) Julia: ахахах
23:24:21 : (Global) Julia: Да?
23:24:27 : (Global) Julia: Я не вкурсе(
23:25:22 : (Global) Julia: ахаха
23:25:25 : (Global) Julia: Нееет)
23:27:19 : (Global) Julia: ахахах
23:27:36 : (Global) Julia: Любую дай да и все)
23:28:41 : (Global) Julia: Боже
23:29:24 : (Global) Julia: Ну да она самая нормальная
23:29:30 : (Global) Julia: Шахтерка 
23:33:09 : (Global) Julia: Сисястую моно?)
23:34:01 : (Global) Julia: ахахах
23:34:29 : (Global) Julia: Спасибо вам большое!
23:35:12 : (Global) Julia: А гостиница всегда будет?
23:35:25 : (Global) Julia: Блин
23:35:31 : (Global) Julia: Даже не знаю
23:35:51 : (Global) Julia: У меня вечно денег нет
23:36:01 : (Global) Julia: Так что меня можно и на алькатрасе)
23:36:12 : (Global) Julia: Я микрафон сделаю тогда 
23:36:17 : (Global) Julia: Буду с вами бегать
23:36:29 : (Global) Julia: А так смысла нет
23:36:38 : (Global) Julia: Меня не кто не читает
23:37:01 : (Global) Julia: Да я имею введу когда с кем то бегаю
23:37:20 : (Global) Julia: Да я сделаю микро
23:37:26 : (Global) Julia: Я звонила продавцу
23:37:33 : (Global) Julia: Он говорит все работало
23:37:44 : (Global) Julia: Спасибо большое!Вам ребятаааа!
23:37:51 : (Global) Julia: Да говорит работает
23:38:01 : (Global) Julia: А я в сбер позвонила сказала что 
23:38:10 : (Global) Julia: деньги не тот счет кинула
23:38:18 : (Global) Julia: и деньги вернут в течении 
23:38:22 : (Global) Julia: 24 часов)
23:38:37 : (Global) Julia: Да да да,
23:38:50 : (Global) Julia: Ну получается хотели кинуть на 4 тыс
23:39:15 : (Global) Julia: Да я смотрела у стримера 
23:39:20 : (Global) Julia: Понравился
23:39:28 : (Global) Julia: И купила в 2 паза дешевле
23:39:34 : (Global) Julia: так он 8 стоит
23:39:53 : (Global) Julia: Да маленький на подставке
23:40:11 : (Global) Julia: не не не тот круглый
23:43:17 : (Global) Julia: Прости не услышала
