09:55:49 : (Global) Survivor: я на аэродроме чела убил час назад, он тут? отпиши в чат 
12:35:45 : (Global) Survivor: hi
13:31:05 : (Global) le_jopua--: ну я ливаю уже братишка 
14:19:31 : (Global) Survivor (6): а
14:48:39 : (Global) Ahegao: дружище, у тебя ремень есть?
14:48:55 : (Global) Ahegao: ремень есть?
15:03:29 : (Global) Survivor (10): hi
15:47:28 : (Global) Survivor (2): hi
16:07:02 : (Global) komissar: е
17:51:41 : (Global) Survivor (16): Где весь лут
18:16:20 : (Global) Survivor (8): мне сегодня на аэро когда без воды умирал - колы дали 
18:16:30 : (Global) Survivor (8): дали
18:17:56 : (Global) Survivor (8): на большом аэро? 
18:18:24 : (Global) Verduras: Не насрать 
18:18:29 : (Global) Verduras: я искал
18:18:36 : (Global) Verduras: С Другом
18:19:21 : (Global) Verduras: прикольно
18:20:29 : (Global) Verduras: А бочки чтоли в кустах?
18:20:35 : (Global) Verduras: Или просто на открытом поле?
18:24:38 : (Global) Verduras: Они могут быть в кустах?
18:36:39 : (Global) Verduras: И что там было?
18:38:53 : (Global) Survivor (5): какой онлайн на сервере ? 
19:25:10 : (Global) Survivor (25): ПОчему меня выкидывает с сервера ?!
19:28:05 : (Global) LIJAX: fg
19:28:19 : (Global) LIJAX: t
19:28:42 : (Global) LIJAX: fff
19:39:19 : (Global) Survivor (3): lox
20:36:10 : (Global) Lepota: йоу
20:36:13 : (Global) Lepota: ты слышишь?
20:36:22 : (Global) Survivor (9): ГО С НАМИ
20:59:37 : (Global) Survivor (19): почему вообще нигде нет оружия
20:59:43 : (Global) Survivor (19): сервер говно
21:25:48 : (Global) Survivor (13): t
21:44:51 : (Global) Survivor (24): ку
21:44:58 : (Global) Survivor (13): ЙО
21:45:16 : (Global) Survivor (24): нету микро
21:45:33 : (Global) Survivor (24): неа
21:45:39 : (Global) Survivor (24): гол как сокол)
21:45:51 : (Global) Survivor (24): бывай
21:47:05 : (Global) Survivor (24): цц
21:47:41 : (Global) Survivor (24): слухай
21:47:59 : (Global) Survivor (24): ты не форест дамп случайно?
21:48:20 : (Global) Survivor (23): спасибо, нет
21:48:21 : (Global) Survivor (24): еще раз дарова
21:48:26 : (Global) Survivor (24): голос похож
21:48:28 : (Global) Survivor (23): и вам
21:48:43 : (Global) Survivor (24): ну да, а чо)))
21:49:29 : (Global) Survivor (24): я не прочь, тока скоро офаюсь)
21:49:38 : (Global) Survivor (24): мля
21:49:49 : (Global) Survivor (24): ну гоу
21:50:17 : (Global) Survivor (24): эмм
21:50:19 : (Global) Survivor (24): нет
21:50:32 : (Global) Survivor (24): подогнал бы если чо
21:50:50 : (Global) Survivor (24): я хз чо тут рядом
21:52:40 : (Global) Survivor (24): для чего
21:52:57 : (Global) Survivor (24): нож тока
21:53:45 : (Global) Survivor (24): чо
22:02:23 : (Global) Survivor (24): lf e;
22:02:26 : (Global) Survivor (24): уже
22:03:10 : (Global) Survivor (24): да тоже самое
22:05:43 : (Global) Survivor (24): пздц, снова
22:05:54 : (Global) Survivor (24): да ружье
22:06:14 : (Global) Survivor (24): я хз как
22:07:36 : (Global) Survivor (24): ты чем так гасишь зомбаков
22:10:52 : (Global) Survivor (24): у тебя кровь
22:12:49 : (Global) Survivor (24): сук
22:12:56 : (Global) Survivor (24): здоровье падает
22:13:27 : (Global) Survivor (24): все норм вроде
22:13:39 : (Global) Survivor (24): неа
22:16:22 : (Global) Survivor (13): ку
22:16:31 : (Global) Survivor (24): бляяяя
22:16:35 : (Global) Survivor (24): это пздц
22:18:49 : (Global) Survivor (24): [p ljhjue rtvgbnm
22:19:20 : (Global) Survivor (24): у тебя в руках нет ничо
22:19:43 : (Global) Survivor (24): нет
22:20:12 : (Global) Survivor (24): неа
22:22:12 : (Global) Survivor (24): yfqc
22:30:59 : (Global) Survivor (24): yt
22:31:02 : (Global) Survivor (24): нет
22:31:21 : (Global) Survivor (24): неа
22:32:00 : (Global) Survivor (24): у тя ПМ-а нету?
22:33:36 : (Global) Survivor (24): да
22:33:45 : (Global) Survivor (24): вроде
22:34:14 : (Global) Survivor (24): чо другана не можешь встретить?
22:34:31 : (Global) Survivor (24): лол
22:34:36 : (Global) Survivor (24): пусть переходит
22:34:51 : (Global) Survivor (24): или лут  жалко
22:35:38 : (Global) Survivor (24): прям как мой друган
22:35:45 : (Global) Survivor (24): вечно блять лагает
22:37:03 : (Global) Survivor (24): да норм так)
22:37:17 : (Global) Survivor (24): рюкзак аон лежит
22:37:43 : (Global) Survivor (24): у меня есть
22:45:48 : (Global) Survivor (24): чувак
22:46:05 : (Global) Survivor (24): йоу
23:16:59 : (Global) Peaceduke: ВЯ ЫФ ДФГТСРУК
23:17:05 : (Global) Peaceduke: DZ SA LAUNCHER
23:22:33 : (Global) Survivor (9): какое название сервера
23:35:55 : (Global) Survivor (6): https://steamcommunity.com/id/oddpug/
