00:02:06 : (Global) Kinder: а
00:02:09 : (Global) Kinder: О
00:02:47 : (Global) Kinder: Надеюсь теперь не выкинет
00:03:05 : (Global) Julia: Посмотрим
00:03:10 : (Global) Julia: меня выкинет
00:03:11 : (Global) Julia: а
00:03:12 : (Global) Julia: а
00:03:13 : (Global) Julia: а
00:03:13 : (Global) Julia: а
00:03:34 : (Global) Kinder: Нет, не выкидывает)
00:03:40 : (Global) Kinder: Значит можно писать)
00:04:16 : (Global) Julia: 1
00:04:18 : (Global) Julia: 1
00:04:19 : (Global) Julia: 1
00:04:19 : (Global) Julia: 1
00:04:20 : (Global) Julia: 1
00:04:21 : (Global) Julia: 1
00:04:39 : (Global) Kinder: Опять?)
00:05:34 : (Global) Julia: блин
00:05:35 : (Global) Kinder: Мне как-то повезло)
00:05:46 : (Global) Julia: Вот сейчас норм теперь)
00:05:55 : (Global) Kinder: Хорошо)
00:05:56 : (Global) Kinder: Едем?
00:06:04 : (Global) Julia: поехали)
00:06:10 : (Global) Julia: Счас денег сниму
00:07:55 : (Global) Kinder: Какое же тут управление классное)
00:08:13 : (Global) [OTK]TuneR: шо? водка закончилась?
00:08:15 : (Global) Julia: я в чера на бмв привыкла((((
00:08:38 : (Global) Kinder: а где она
00:08:49 : (Global) [OTK]TuneR: 230 000
00:09:16 : (Global) Julia: Я не знала про зону и умерла там 
00:09:26 : (Global) Julia: А машина закрыта ключа нет
00:09:36 : (Global) Kinder: А сейчас есть маска?
00:09:44 : (Global) Julia: У меня вчера истерика  была
00:09:44 : (Global) Kinder: На всякий случай)
00:09:47 : (Global) [OTK]TuneR: водку всю выжрали
00:09:58 : (Global) Julia: Чутли не до слез
00:10:06 : (Global) Julia: нет маски нет(
00:10:16 : (Global) Kinder: будем делить одну на двоиз)
00:10:41 : (Global) Julia: Ты счас спать уйдешь а мне снова руб
00:10:52 : (Global) Julia: рубать деревья)
00:11:12 : (Global) Kinder: Тогда теюе нужно снять этот шлем
00:11:25 : (Global) [OTK]TuneR: до деревни
00:11:30 : (Global) Julia: Вот про эти баги я обьясняла
00:11:33 : (Global) Julia: вчера 
00:11:36 : (Global) Kinder: И одеть панамку)
00:11:52 : (Global) Kinder: да, такое бывает.. Особенно когда едешь
00:11:58 : (Global) Julia: Зачем мне одеть панамку?)
00:12:06 : (Global) Kinder: Ну ты же дрова будешь рубить
00:12:12 : (Global) Julia: Блин перс умер теперь я за
00:12:15 : (Global) Julia: мужика
00:12:41 : (Global) Kinder: Ну попросим дони прописать
00:13:02 : (Global) Julia: Я Дони уже не очем просить не хочу
00:13:06 : (Global) Julia: и не буду
00:16:24 : (Global) Kinder: Прошу прощения что не по дороге
00:16:30 : (Global) Kinder: А то это очень долго_)
00:16:44 : (Global) Julia: не чего страшного)
00:21:53 : (Global) Kinder: Я чувствую так мы не доедем :D)
00:22:08 : (Global) Julia: Доедим)
00:23:24 : (Global) Julia: ахах
00:24:09 : (Global) Kinder: Конечно терпения у меня много, но столько!!!!
00:24:29 : (Global) Julia: Ты сам от себя не ожидал?)))
00:24:40 : (Global) Julia: Что столько много?___
00:24:56 : (Global) Kinder: Не, я достаточно уравновешенный)
00:25:04 : (Global) Kinder: Годы тренировок контроля над собой
00:25:06 : (Global) Kinder: Внизу вода
00:25:11 : (Global) Julia: ахахахха,я счас представляю)))
00:26:28 : (Global) Julia: А где мне такой рюкзак взять как 
00:26:32 : (Global) Julia: у тебя?
00:26:48 : (Global) Kinder: На острове)
00:27:08 : (Global) Julia: каком? О_о
00:27:28 : (Global) Kinder: Справа внизу))
00:27:33 : (Global) Kinder: До него еще плыть надо)
00:27:49 : (Global) Julia: капец)
00:28:06 : (Global) Julia: ТЫ мне вчера так хорошо одел
00:28:14 : (Global) Julia: А я слилась(
00:28:42 : (Global) Kinder: Такое бывает)) еще оденим тебя
00:29:00 : (Global) Kinder: Оденем*
00:29:03 : (Global) Julia: Можно мне лучше колесики какие неб
00:29:10 : (Global) Julia: Нибудь))))
00:29:27 : (Global) Kinder: Посмотрим на ваше поведение))
00:29:55 : (Global) Julia: Я себя хорошо веду,в отличии
00:30:05 : (Global) Julia: от некоторых))
00:30:21 : (Global) Julia: Обещал вчера зайти а сам
00:30:23 : (Global) Kinder: :(
00:30:27 : (Global) Julia: не зашел
00:30:40 : (Global) Kinder: Да, я вчера совсем заработался)
00:30:53 : (Global) Kinder: А потом еще в зал пошел
00:30:58 : (Global) Kinder: И сегодня еле встал
00:31:02 : (Global) Kinder: Дурачек
00:31:21 : (Global) Julia: Я за сутки 3 часа по спала)))
00:31:29 : (Global) Kinder: Я аж врезался :D
00:31:31 : (Global) Julia: Тебя ждала ждала(
00:31:38 : (Global) Kinder: Да конечно, сидела вчера до 6 утра
00:32:04 : (Global) Julia: От куда знаешь что до 6?)))
00:32:13 : (Global) Kinder: Я все знаю :D
00:32:23 : (Global) Kinder: Работа у меня такая, все знать)
00:32:24 : (Global) Julia: Кто меня уже спалил?)
00:32:59 : (Global) Julia: Оооо,мы доехали))))
00:33:00 : (Global) Kinder: Урааа
00:33:10 : (Global) Julia: Поздравляю,дорогой)))
00:33:53 : (Global) Kinder: А что нужно?
00:34:00 : (Global) Kinder: Доски и гвозди?
00:35:37 : (Global) Kinder: М?
00:35:40 : (Global) Julia: почему не могу положить(
00:35:56 : (Global) Kinder: Смогла?)
00:36:04 : (Global) Julia: в машину могу в сундук нет
00:36:12 : (Global) Kinder: В сундук не надо
00:36:15 : (Global) Kinder: Я его выкинул
00:36:18 : (Global) Kinder: Чтобы место не занимал
00:37:24 : (Global) Julia: Как ты так много покупаешь?
00:37:39 : (Global) Kinder: У меня рюксак большой)
00:38:48 : (Global) Kinder: Хватит досок то?
00:39:45 : (Global) Kinder: Гвозди теперь?
00:41:08 : (Global) Kinder: Ты мне не отвеаешь
00:41:12 : (Global) Kinder: Засранка 
00:41:21 : (Global) Julia: Прости я не видела
00:41:29 : (Global) Kinder: Гвозди нужны?
00:41:38 : (Global) Julia: Я купила 10 пачек
00:42:28 : (Global) Julia: блин метал больше не влазит
00:43:04 : (Global) Kinder: А сколько тебе нужно?
00:43:13 : (Global) Kinder: Может доски убрать?
00:43:14 : (Global) Julia: Весь)))
00:43:18 : (Global) Kinder: В руказ
00:43:24 : (Global) Julia: Вот что валяется я думаю хватит
00:43:25 : (Global) Kinder: В руках его будем держать
00:43:33 : (Global) Kinder: И сядем в машину
00:43:39 : (Global) Kinder: Но сначала нужно поспать
00:43:45 : (Global) Julia: Хорошо доогой,как скажешь)
00:43:50 : (Global) Kinder: Я сейчас вырублюсь, уже не ходит
00:45:44 : (Global) Julia: аахахаха
00:46:26 : (Global) Kinder: Вот такой он привеледа 
00:46:47 : (Global) Julia: Моя уже тоже вырубалась
00:47:08 : (Global) Kinder: Как раз темнеет
00:47:12 : (Global) Kinder: Как вовремя)
00:47:26 : (Global) Julia: блин у меня совсем нет выносливасти
00:47:32 : (Global) Kinder: Да, у меня тоже
00:47:42 : (Global) Julia: Почему?
00:47:50 : (Global) Kinder: Видимо устали сильно
00:48:15 : (Global) Julia: Ух разгорелось)
00:48:27 : (Global) Kinder: А нам далеко потом ехать?
00:48:43 : (Global) Julia: А ты меня точно не убьешь?)))))))))))))))
00:48:52 : (Global) Kinder: Ну.......
00:48:53 : (Global) Julia: До деревни)))))))
00:48:55 : (Global) Kinder: Не наю(
00:49:15 : (Global) Kinder: Нажми P и прими пати, чтобы видно было друг друга
00:49:19 : (Global) Julia: Киллометр не доезжая)))
00:49:19 : (Global) Kinder: Англ
00:49:38 : (Global) Kinder: О, отлично
00:49:52 : (Global) Kinder: До той самой деревни?
00:50:03 : (Global) Julia: Да милый да)
00:50:10 : (Global) Kinder: Ух ты..... как здорово...
00:50:30 : (Global) Julia: Я знала что тебе понравится)
00:50:59 : (Global) Julia: ВСе я выспалась
00:51:10 : (Global) Kinder: Да
00:51:27 : (Global) Kinder: Едем? Сейчас я водички налью себе(
00:51:38 : (Global) Julia: По ехали)
00:52:15 : (Global) Julia: может через отель?)
00:52:57 : (Global) Kinder: Наверное да
00:53:20 : (Global) Julia: Как полатку забрать?
00:53:34 : (Global) Kinder: Обычно.. к мешку подойди
00:54:27 : (Global) Julia: не могу перетащить
00:56:30 : (Global) Julia: ))))
00:57:22 : (Global) Julia: Дорогой,а вот если я что то не так по
00:57:31 : (Global) Julia: Строила,я могу разобрать?
00:57:42 : (Global) Kinder: Я думаю что да
00:57:47 : (Global) Kinder: С топором)
00:58:01 : (Global) Julia: Не получилось)))
00:58:26 : (Global) Kinder: Это странно
00:58:32 : (Global) Kinder: Нужн опопробовать будет
00:58:34 : (Global) Julia: Я купила ключ отвертку пласкогубцы
00:58:46 : (Global) Kinder: Я тоже..
00:59:30 : (Global) Kinder: Вот и ключ пригадился 
00:59:46 : (Global) Julia: что сломалось?
01:00:10 : (Global) Kinder: Мы застряли
01:00:11 : (Global) Kinder: :D
01:01:36 : (Global) Julia: ахахаха
01:01:46 : (Global) Kinder: Ты ничего не видела..
01:10:51 : (Global) Kinder: 1
01:10:53 : (Global) Kinder: 1
01:10:54 : (Global) Kinder: 1
01:10:54 : (Global) Kinder: 1
01:10:55 : (Global) Kinder: 1
01:10:57 : (Global) Kinder: 1
01:11:00 : (Global) Julia: 1
01:11:02 : (Global) Julia: 1
01:11:03 : (Global) Julia: 1
01:11:04 : (Global) Julia: 1
01:11:04 : (Global) Julia: 1
01:11:05 : (Global) Julia: 1
01:11:57 : (Global) Kinder: 1
01:11:58 : (Global) Kinder: 1
01:11:58 : (Global) Kinder: 1
01:11:58 : (Global) Kinder: 1
01:11:59 : (Global) Kinder: 1
01:11:59 : (Global) Kinder: 1
01:12:10 : (Global) Julia: 1
01:12:11 : (Global) Julia: 1
01:12:12 : (Global) Julia: 1
01:12:12 : (Global) Julia: 1
01:12:13 : (Global) Julia: 1
01:12:13 : (Global) Julia: 1
01:13:02 : (Global) Kinder: 1
01:13:03 : (Global) Kinder: 1
01:13:03 : (Global) Kinder: 1
01:13:04 : (Global) Kinder: 1
01:13:05 : (Global) Kinder: 1
01:13:19 : (Global) Kinder: 1
01:13:20 : (Global) Julia: 1
01:13:20 : (Global) Julia: 1
01:13:21 : (Global) Julia: 1
01:13:22 : (Global) Julia: 1
01:13:22 : (Global) Julia: 1
01:13:23 : (Global) Julia: 1
01:14:24 : (Global) Kinder: е
01:14:28 : (Global) Julia: нууууууууууу
01:14:28 : (Global) Kinder: 1
01:14:29 : (Global) Kinder: 1
01:14:29 : (Global) Kinder: 1
01:14:30 : (Global) Kinder: 1
01:14:32 : (Global) Kinder: 1
01:14:38 : (Global) Julia: 1
01:14:39 : (Global) Julia: 1
01:14:39 : (Global) Julia: 1
01:14:39 : (Global) Julia: 1
01:14:40 : (Global) Julia: 1
01:15:37 : (Global) Kinder: е
01:15:42 : (Global) Julia: и
01:15:42 : (Global) Julia: и
01:15:49 : (Global) Julia: и
01:15:49 : (Global) Kinder: 1
01:15:50 : (Global) Julia: ии
01:15:50 : (Global) Julia: и
01:15:52 : (Global) Julia: ии
01:16:00 : (Global) Kinder: 1
01:16:03 : (Global) Kinder: 1
01:16:05 : (Global) Kinder: 1
01:16:09 : (Global) Kinder: 1
01:16:10 : (Global) [OTK]TuneR: выложи жаренное из штанов или ку
01:16:36 : (Global) [OTK]TuneR: поэтому жарко
01:17:01 : (Global) Julia: в
01:17:05 : (Global) Julia: цв
01:17:05 : (Global) Julia: в
01:17:06 : (Global) Julia: в
01:17:06 : (Global) Julia: ц
01:17:07 : (Global) Kinder: 1
01:17:07 : (Global) Julia: цв
01:18:14 : (Global) Julia: цв
01:18:45 : (Global) Julia: в
01:18:45 : (Global) Julia: в
01:18:45 : (Global) Julia: вц
01:18:46 : (Global) Julia: в
01:18:46 : (Global) Julia: в
01:18:47 : (Global) Julia: в
01:19:41 : (Global) Kinder: е
01:19:44 : (Global) Kinder: е
01:19:44 : (Global) Kinder: е
01:19:45 : (Global) Kinder: е
01:19:45 : (Global) Kinder: е
01:19:46 : (Global) Kinder: е
01:20:03 : (Global) Julia: 1
01:20:12 : (Global) Julia: У тебя как?
01:20:28 : (Global) Julia: 3
01:20:30 : (Global) Julia: 2
01:20:30 : (Global) Julia: 2
01:20:33 : (Global) Julia: 123123
01:20:36 : (Global) [OTK]TuneR: 36
01:20:48 : (Global) Kinder: 1
01:21:54 : (Global) Julia: аууа
01:41:54 : (Global) Julia: Да 
01:44:28 : (Global) Julia: прямо езжай
01:46:26 : (Global) Julia: Да,левее и 600 метров
02:54:33 : (Global) HADFER: Малин. В дн не сабераешся?
11:08:19 : (Global) Julia: ыыу
11:08:21 : (Global) Julia: ыуа
11:08:21 : (Global) Julia: ау
11:08:22 : (Global) Julia: ы
11:08:22 : (Global) Julia: ы
11:08:23 : (Global) Julia: а
13:48:42 : (Global) AtomPlay: Малинка
13:48:51 : (Global) AtomPlay: ты где?
14:35:31 : (Global) AtomPlay: 1
15:28:20 : (Global) AtomPlay: МАЛИНКА ТЫ ГДЕ?
15:28:41 : (Global) Julia: Ребят какой рюкзак купить хороший?
15:29:19 : (Global) Julia: Как называется?)
15:34:59 : (Global) Julia: Сам ты мужик жирный
15:46:18 : (Global) AtomPlay: ребят куда поехать можно?
19:47:57 : (Global) Anatoliy: нет
20:33:51 : (Global) AtomPlay: вы проплыли?
20:39:03 : (Global) AtomPlay: доплыли нет?
20:39:18 : (Global) AtomPlay: 1
23:25:07 : (Global) Julia: Ребята займите 400 рублей)))
23:25:44 : (Global) Julia: Ребятаааа)
23:26:23 : (Global) Julia: Рябята займите 400 рублей плиз
23:26:29 : (Global) Julia: На обойму не хватает
23:31:47 : (Global) Julia: Одолжи 400 рублей
