02:00:39 : (Global) Stalin: кому нож для эмки дать?
02:02:40 : (Global) Stalin: тебе еще сколько?
02:04:52 : (Global) Stalin: я застрял
02:04:56 : (Global) Stalin: помогите 
02:05:11 : (Global) Stalin: все норм
02:06:35 : (Global) Stalin: давай 
02:10:57 : (Global) Stalin: где ты
02:12:29 : (Global) Stalin: тебе еще сколько
02:19:01 : (Global) Stalin: ура 
02:20:10 : (Global) Stalin: есть п у прицел?
02:20:21 : (Global) Stalin: пу
02:20:44 : (Global) Stalin: не
14:12:06 : (Global) otshelnik: скорость ты в игре?
14:15:38 : (Global) otshelnik: ю
16:52:38 : (Global) CKOPOCTb: лопатино?
17:27:51 : (Global) NoSleep: ребят а колеса в гаражах могут быть а домах же не ? по логике 
17:34:30 : (Global) NoSleep: опа кто стреляет)
17:34:52 : (Global) NoSleep: АУ кто возле березовки стреляет ?)
17:54:32 : (Global) NoSleep: да колеса ищу
17:54:41 : (Global) NoSleep: тут еще ктото скрывается бегает стреляет))) но молчит(
