09:59:30 : (Global) Samurai: че ПНВ тудешь брать  кто там хотел???
10:12:13 : (Global) Samurai: так че ПНВ не нужно я выкидываю????
10:21:41 : (Global) Samurai: 5 сек
19:03:57 : (Global) Outlaw35: замок с кодом?
19:25:12 : (Global) Outlaw35: батарейку проверь.
19:28:20 : (Global) MYXAMOP:  пока на рыбалке когда будете выезжать  подскажите.
21:25:27 : (Global) leva: я кскалистому подеду
21:25:56 : (Global) leva: там 2 дома
21:33:44 : (Global) leva: еду
21:36:47 : (Global) leva: еду
21:43:52 : (Global) BearvsLeo95: Я ЕГО ЛУТ ПОПРОСИЛ СОБРАТЬ И МНЕ В ТУЛГУ СБРОСИТЬ НО ЧУВСТУ ЕГО НЕТУ
21:43:58 : (Global) BearvsLeo95: НУ Я ПОМНЮ
21:44:06 : (Global) BearvsLeo95: А ТЫ ГЕД 
21:45:07 : (Global) leva: лео я на месте
21:47:55 : (Global) leva: лео 95 я в деревне рядом со скалистым
21:48:41 : (Global) BearvsLeo95: ЛЁВА ТЫ ГЕДЕЕЕЕ???
21:48:48 : (Global) BearvsLeo95: ТЫ КУДА ПРОПАЛ????
21:49:09 : (Global) BearvsLeo95: ёё
21:49:26 : (Global) leva: лео 95 ты где
21:52:30 : (Global) leva: лео 95 я на месте
21:53:16 : (Global) leva: деревушка на против скалистого
21:57:44 : (Global) leva: лео ты где
22:00:58 : (Global) leva: дак ты в тулге
22:02:43 : (Global) leva: еду в тулгу
22:04:51 : (Global) leva: еду тулгу
22:45:59 : (Global) Dzho: завтра наверное
