00:32:51 : (Global) Stalin: –∫—Ç–æ —Ç–æ –µ—Å—Ç—å –Ω–µ –¥–∞–ª–µ–∫–æ –æ—Ç —ç–ª–µ–∫—Ç—Ä–æ –Ω–∞ –º–∞—à–∏–Ω–µ?
08:57:36 : (Global) Angryman: –∫—É
11:45:52 : (Global) Sat-Ok(ŒÎÂ„): –ë—Ä–∞—Ç–∏—à–∫–∞ —Ç—ã —Ñ–æ–Ω–∞—Ä–∏–∫ —Ç–æ –Ω–µ –≤–∑—è–ª ! 
21:31:19 : (Global) BearvsLeo95: .—Ü
21:45:24 : (Global) Eger,Lesnik: –¢—ã –≥–¥–µ.—é.–¥
21:46:00 : (Global) Eger,Lesnik: –ö—É–¥–∞ —É—Ç—ã—Ä–∏–ª!?
21:55:05 : (Global) BearvsLeo95: —á—ë—Ç –ª–∞–≥–∞–µ—Ç
21:58:56 : (Global) BearvsLeo95: .
21:58:59 : (Global) BearvsLeo95: .
22:43:00 : (Global) Eger,Lesnik: –ó–∞–±–µ—Ä–∏ —ç—Ç–∏ —à–∫—É—Ä—ã –∏ –¥–∏ –ø—Ä–æ–¥–∞–π!
22:43:15 : (Global) Eger,Lesnik: –ò–∑ –∑–∞ —ç—Ç–æ–≥–æ –≤–æ–ª–∫.—é—é—é
22:43:26 : (Global) Eger,Lesnik: ,–∞–ø–ø
22:47:19 : (Global) Eger,Lesnik: –û—Ä–≥–∞–Ω–æ –º—ã –µ–¥–µ–º —á–µ—Ä–µ–∑ —ç–ª–µ–∫—Ç—Ä–æ
22:47:26 : (Global) Eger,Lesnik: –ø–ø—Ä–ø–∞—Ä
22:47:29 : (Global) Eger,Lesnik: –≤–∞–ø–≤–∞–ø–≤–∞
22:47:33 : (Global) Eger,Lesnik: –≤–∞–ø–≤–∞–ø–≤–∞–ø
22:47:59 : (Global) Eger,Lesnik: –ø–æ–ø–æ—Ä
22:48:08 : (Global) Eger,Lesnik: –ø–∞–ª–ø—Ä–ª–∞–ø—Ä
22:48:14 : (Global) Eger,Lesnik: –ø–æ—Ä–æ–ª–ø–¥
22:48:20 : (Global) Eger,Lesnik: ............–∞–≤–¥–ø–∞–≤–ø
