00:56:35 : (Global) Suhoy: нет
00:56:56 : (Global) Suhoy: сам не русский
20:25:51 : (Global) Alex_Nykrov: Чей аппарат?
20:43:36 : (Global) Alex_Nykrov: там твоя стоит тачка?
20:43:43 : (Global) Alex_Nykrov: синяя
20:43:54 : (Global) Alex_Nykrov: ПОШЛИ
20:44:49 : (Global) Alex_Nykrov: ВИДЕЛ,ОНА ТАМ ВОЗЛЕ ЕЛОК СТОИТ,ЕЕ СПИЗДИЛИ
20:47:15 : (Global) August: чмо каторое ниву в деревни новичков ушата
20:50:03 : (Global) August: чмошник каторый ниву ушатал обьявись 
20:50:15 : (Global) August: мудень
20:50:30 : (Global) Alex_Nykrov: D
20:50:46 : (Global) August: в диревни навичков
20:51:41 : (Global) Alex_Nykrov: НУ ЧТО?
20:51:51 : (Global) Alex_Nykrov: ЧТО ТЫ ДЕЛАЕШЬ?
21:22:13 : (Global) Alex_Nykrov: Здравствуйте
21:44:28 : (Global) Alex_Nykrov: БЛЯТЬ ОЛЕГ
21:44:29 : (Global) Alex_Nykrov: СОРРИ
21:44:35 : (Global) Alex_Nykrov: НЕ ЗНАЛ ЧТО ТЫ
21:44:47 : (Global) Alex_Nykrov: ВОТ
21:44:51 : (Global) Alex_Nykrov: Я НЕ ЗНАЛ ЧТО ТЫ ОЛЕН
21:44:59 : (Global) Alex_Nykrov: ОЛЕГ*
21:45:47 : (Global) Alex_Nykrov: ТУТ ЕЩЕ БАБКИ
21:45:51 : (Global) Alex_Nykrov: ЗАБИРАЙ
21:46:08 : (Global) Alex_Nykrov: ВОТ Я В ЧАТ ПИШУ
21:46:12 : (Global) Alex_Nykrov: Я БЛЯТЬ ПИШУ В ЧАТ
21:46:13 : (Global) Alex_Nykrov: СУКА
22:05:28 : (Global) [OTK]TuneR: нужно вайтлист вводить
22:05:55 : (Global) Czeh: я в стиме nickyyjay
22:05:57 : (Global) [OTK]TuneR: Enter
22:07:01 : (Global) murzik: murzik
22:07:05 : (Global) Outlaw35: Это я.
