00:45:39 : (Global) Julia: Не могу я
00:45:59 : (Global) Julia: Не знаю)
00:46:23 : (Global) Julia: Да мне и одной норм)
00:46:42 : (Global) Julia: Да езжу потихоньку)
00:47:26 : (Global) Julia: Спасибо,счас меня кикнет
00:47:40 : (Global) Julia: Пока
00:54:20 : (Global) Julia: ааа
01:06:03 : (Global) AtomPlay: да
01:06:08 : (Global) AtomPlay: как в микрофон говорить?
01:50:52 : (Global) Julia: Привет(
01:51:03 : (Global) Julia: откисла блин(
01:51:21 : (Global) Julia: Да же не знаю почему(
01:51:40 : (Global) Julia: Нет
01:52:17 : (Global) Julia: просто ехала и начало здоровье пада
02:40:55 : (Global) Julia: У меня тоже нет
03:23:00 : (Global) Julia: Привет)
03:24:48 : (Global) Julia: Спасибо!
03:31:28 : (Global) BARS: я в деревне. и куплю ваши артефакты....
05:26:58 : (Global) Julia: Спасибо)
05:29:36 : (Global) Julia: Спасибо)
05:29:52 : (Global) Julia: Очень плохо тебя слышно
05:31:47 : (Global) Julia: Не получается
05:31:57 : (Global) Julia: Забагался наверное
05:35:10 : (Global) Julia: Спасибо)
05:36:32 : (Global) Julia: ава
05:36:34 : (Global) Julia: айфуцай
05:36:36 : (Global) Julia: аыуаыуа
05:36:37 : (Global) Julia: ыау
05:36:38 : (Global) Julia: ау
05:36:38 : (Global) Julia: ы
05:37:59 : (Global) Julia: Бесит
05:38:07 : (Global) Julia: Вот теперь не кикнет
05:38:40 : (Global) Julia: На днях куплю
05:39:17 : (Global) Julia: Куда едим?
05:39:34 : (Global) Julia: Есть наушники
05:40:39 : (Global) Julia: а куда едим?
05:43:39 : (Global) Julia: Машину подгони залезим
05:47:25 : (Global) Julia: Это где?)
05:47:47 : (Global) Julia: Можно)
05:50:23 : (Global) Julia: Они дешевые 
05:50:29 : (Global) Julia: Я их и набрала)
05:50:41 : (Global) Julia: Кого кого?
05:50:57 : (Global) Julia: ))))
05:51:10 : (Global) Julia: Да не,я на ней и взорвусь)
05:51:19 : (Global) Julia: Спасибо)
05:51:33 : (Global) Julia: ахаха
05:52:16 : (Global) Julia: Блин как остольное стоить
05:52:40 : (Global) Julia: Все норм)Твои как?
05:53:33 : (Global) Julia: как остольное застроить?
05:53:58 : (Global) Julia: Хотелось бы застроить и спать лечь)
05:54:15 : (Global) Julia: Палатка тоже пропадет)
05:55:14 : (Global) Julia: Ну погнали
05:57:42 : (Global) Julia: идем
05:58:09 : (Global) Julia: Щас поправит
06:00:49 : (Global) Julia: Где нормальное оружие купить?
06:01:37 : (Global) Julia: я написала)
06:01:58 : (Global) Julia: Меня вырубает
06:02:55 : (Global) Julia: Я еще часик и тоже спать
06:07:28 : (Global) Julia: Давай те я себе оружие куплю)))
06:08:16 : (Global) Julia: У меня пистолет и патрон нет
06:08:33 : (Global) Julia: Еще персонажа вырубает
06:16:31 : (Global) Julia: Спокойной ночи)
06:17:57 : (Global) Julia: ахаха я обоймы там выложила,дома)))
06:19:05 : (Global) Julia: переключила
06:20:45 : (Global) Julia: Блин я кота так плохо слышу(
06:23:14 : (Global) Julia: Спасибо)
06:30:05 : (Global) Julia: Я не вижу тебя
06:30:36 : (Global) Julia: )))
06:31:10 : (Global) Julia: Кого кого?
06:31:43 : (Global) Julia: Да я если честно тоже думаю
06:31:47 : (Global) Julia: уже отдыхать
06:32:01 : (Global) Julia: Я тут 20 часов в игре уже
06:32:05 : (Global) Julia: Поехали)
06:33:53 : (Global) Julia: Зеного я сегодня в деревни видела))
06:34:20 : (Global) Julia: ))))
06:35:02 : (Global) Julia: с топором в спине
06:35:12 : (Global) Julia: Я с ак убивала сегодня)
06:38:11 : (Global) Julia: Я автомат в машину положила
06:39:53 : (Global) Julia: Я поняла,спасибо)
06:40:19 : (Global) Julia: Ну это для меня как правило)
06:40:29 : (Global) Julia: Я ухожу и веселье начинается)
06:41:29 : (Global) Julia: Днем по пробую
06:41:52 : (Global) Julia: Счас спатки пошла,глазки закрываютс
06:42:01 : (Global) Julia: Сладких снов
06:42:10 : (Global) Julia: Приятно было познакомится)
06:42:14 : (Global) Julia: Спасибо)
11:30:49 : (Global) Julia: прости без звука была
11:30:56 : (Global) Julia: Дите спит
11:31:11 : (Global) Julia: Спасибо)
11:32:24 : (Global) [OTK]TuneR: а микрофон придется купить
11:33:10 : (Global) Julia: Я куплю,уже заказала
11:42:13 : (Global) Julia: Подскажи пожалуйста Имя Дони
11:42:32 : (Global) Julia: Спасибо)Мне аж стыдно)
21:52:22 : (Global) [OTK]TuneR: 9Х39 У сИДОРА ЕСТЬ КОРОБКАМИ
21:52:41 : (Global) [OTK]TuneR: У Сидоровича есть
21:53:34 : (Global) [OTK]TuneR: Ammunition  и ниже листай 
21:56:33 : (Global) [OTK]TuneR: у Сидора 308 тоже есть
21:57:27 : (Global) [OTK]TuneR: вы куда?
21:57:34 : (Global) [OTK]TuneR: пешим?
21:58:39 : (Global) [OTK]TuneR: есть
21:58:56 : (Global) [OTK]TuneR: Ammunition  и внизу самом 
21:59:58 : (Global) [OTK]TuneR: .308 слепой что ли?
22:00:08 : (Global) [OTK]TuneR: тебе купить?
22:01:31 : (Global) [OTK]TuneR: Ammunition  и в самый низ листай
22:01:55 : (Global) [OTK]TuneR: читай
22:02:18 : (Global) [OTK]TuneR: через 2 дня все голые будем
22:02:34 : (Global) [OTK]TuneR: тогда еще помучаемся)
22:02:49 : (Global) [OTK]TuneR: тогда гуляем!
22:03:53 : (Global) [OTK]TuneR: 3000
22:04:05 : (Global) [OTK]TuneR: да
22:05:28 : (Global) [OTK]TuneR: пешком точно не вернемся)
22:06:39 : (Global) [OTK]TuneR: если я вылечу, меня не ждите
22:08:16 : (Global) [OTK]TuneR: на 3 скорости нормально в горку ед
22:08:27 : (Global) [OTK]TuneR: едет
22:12:27 : (Global) [OTK]TuneR: в дискорде
22:18:23 : (Global) [OTK]TuneR: он вылетел
22:19:20 : (Global) [OTK]TuneR: если я вылечу, меня не ждите
22:19:33 : (Global) [OTK]TuneR: я выживу, наверно...
22:21:15 : (Global) [OTK]TuneR: щас все будет
22:21:25 : (Global) [OTK]TuneR: тряпки есть
22:25:06 : (Global) [OTK]TuneR: понаставили тут...
22:31:35 : (Global) [OTK]TuneR: есть спички
22:31:49 : (Global) [OTK]TuneR: есть спички
22:33:37 : (Global) [OTK]TuneR: тут
22:46:57 : (Global) [OTK]TuneR: угу, разминка перед делом
22:51:41 : (Global) [OTK]TuneR: ))
22:55:30 : (Global) [OTK]TuneR: опасно
22:55:45 : (Global) [OTK]TuneR: текстуры кривые
22:55:52 : (Global) [OTK]TuneR: застрять может
22:58:04 : (Global) [OTK]TuneR: зачем
22:58:23 : (Global) [OTK]TuneR: беги правее
22:59:54 : (Global) [OTK]TuneR: мотор не перегрей
23:04:26 : (Global) [OTK]TuneR: да
23:14:40 : (Global) [OTK]TuneR: был вроде
23:19:31 : (Global) [OTK]TuneR: бери доски и гвозди, гроб сколоти 
23:20:28 : (Global) [OTK]TuneR: страйк
23:20:45 : (Global) [OTK]TuneR: в море
23:21:24 : (Global) [OTK]TuneR: желтый контейнер мусорный напра
23:21:42 : (Global) [OTK]TuneR: тут
23:22:01 : (Global) [OTK]TuneR: теперь до развалин
23:22:48 : (Global) [OTK]TuneR: рано
23:23:01 : (Global) [OTK]TuneR: левее надо
23:23:18 : (Global) [OTK]TuneR: не сюда
23:25:05 : (Global) [OTK]TuneR: может повезти
23:27:55 : (Global) [OTK]TuneR: по асфальту езжай
23:40:02 : (Global) [OTK]TuneR: каробка 9х39 ложу в машину
23:41:36 : (Global) [OTK]TuneR: не туда....
23:41:57 : (Global) [OTK]TuneR: давай поведу
23:43:20 : (Global) [OTK]TuneR: на 3 скорость
23:46:48 : (Global) Kinder: Юлия, нажмите З и примите пати)
23:50:03 : (Global) Kinder: Человек шлем)
23:50:26 : (Global) Julia: АГА)Привет дорогой)
23:51:30 : (Global) Julia: долбаные кошки
23:51:46 : (Global) Kinder: Если мне память не ошибает, то восстановление не р
23:52:02 : (Global) Kinder: работает на сейф зонах
23:52:18 : (Global) Julia: Кравотечение нет)
23:53:16 : (Global) Kinder: Куда едем?
23:53:46 : (Global) Kinder: Еще одно сообщения и меня кикнет(
23:54:06 : (Global) Julia: Надо как то ко мне попасть)
23:54:14 : (Global) Julia: Счас кикнет
23:54:21 : (Global) Julia: ц
23:54:51 : (Global) Kinder: Так куда едем?)
23:55:38 : (Global) Julia: Поехали за досками?
23:55:55 : (Global) Kinder: Сейчас рестарт будет)
23:56:14 : (Global) Julia: после?)
23:56:23 : (Global) Kinder: Да, а где доски? :D
23:56:33 : (Global) Kinder: Вижу)
23:56:46 : (Global) Julia: Там))))
23:57:17 : (Global) Julia: Мне бы запорожец я бы сама все купи
23:57:22 : (Global) Julia: Купила)
23:59:53 : (Global) [OTK]TuneR: это бык
23:59:59 : (Global) [OTK]TuneR: )))
