00:18:15 : (Global) Survivor (5): —Ñ–≤
00:41:48 : (Global) Peaceduke: UJDYJ ,TP PFLFX
01:23:36 : (Global) doom: —É—á–∑–¥—â—ã—à—â—Ç
01:23:43 : (Global) doom: EXPLOSION
01:24:44 : (Global) doom: 1
01:26:33 : (Global) doom: 1
01:26:34 : (Global) doom: 1
01:26:45 : (Global) doom: 2
01:27:35 : (Global) doom: 2
01:27:46 : (Global) doom: 2
01:28:10 : (Global) Survivor (2): –Ω
03:10:35 : (Global) Nyxacy: z
12:32:40 : (Global) komissar: .........—é—é—é—é—é—é—é—é—é—é
12:54:21 : (Global) —Â„Ó: –∞–∞–∞
12:54:25 : (Global) —Â„Ó: –∫–∞–∫ –ø–∏—Å–∞—Ç—å
13:08:24 : (Global) —Â„Ó: –ê
14:09:12 : (Global) —Â„Ó: –≤—ã –≤–∏–¥–∏—Ç–µ —á—Ç–æ —è –ø–∏—à—É?
14:53:17 : (Global) komissar: taw
15:06:37 : (Global) Survivor (11): y
15:10:11 : (Global) Survivor (11): admin dai ssilku vk pls
15:10:54 : (Global) Survivor (11): tw
15:38:53 : (Global) Survivor (4): wttt waxq
16:25:05 : (Global) Survivor (20): >
17:14:39 : (Global) Survivor (17): –º–æ–ª–æ–¥–æ–π
17:20:15 : (Global) Survivor (4): Ipasich
17:44:53 : (Global) [SVOBODA] MR.Marvel: y
17:53:16 : (Global) [SVOBODA]AfoniA: –∞–ª–æ
17:53:23 : (Global) [SVOBODA]AfoniA: —á–æ –∫–æ–≥–æ —Å—É—á–∞—Ä—ã?
18:13:07 : (Global) Survivor (21): suckmyass
18:19:09 : (Global) Survivor (22): –ø—Ä–∏–≤–µ—Ç)
18:19:22 : (Global) Survivor (22): –∫–∞–∫ –¥–µ–ª–∞?
18:19:40 : (Global) Survivor (22): .
18:19:57 : (Global) Survivor (22): =))
18:21:46 : (Global) Survivor (21): YOU CAN WRITE
18:22:08 : (Global) Survivor (21): press T
18:22:17 : (Global) Survivor (21): and write to me
18:23:17 : (Global) Survivor (21): see?
18:32:38 : (Global) Survivor (14): iamdayz
18:32:42 : (Global) slava: asd
18:32:49 : (Global) slava: t
18:34:21 : (Global) slava: ta
19:30:50 : (Global) Survivor (9): –∫–∞–∫ —Å—É–∏—Ü–∏–¥–Ω—É—Ç—å—Å—è?
20:04:19 : (Global) Survivor (9): –û–®–≠ —ç—à–ª—Ç
20:05:33 : (Global) [SVOBODA] MR.Marvel: –∞
21:16:41 : (Global) Survivor (4): asdasd
22:05:36 : (Global) Nyxacy: f
22:09:26 : (Global) Survivor (11): ...–ª–ª–ª
22:09:29 : (Global) Survivor (11): –¥–∂–¥–∂–¥–∂–¥–∂
22:10:25 : (Global) Survivor (11): .
22:14:56 : (Global) Survivor (11): –∞ –∑–¥–µ—Å—å –Ω–µ –ø—Ä–æ–¥–∞–µ—Ç—Å—è?
22:53:24 : (Global) Nyxacy: —è —Ç—É—Ç
23:11:06 : (Global) Survivor (8): –¥–∞–≤–∞–π —è —É–π–¥—É —Ç—ã –Ω–µ —Ç—Ä–æ–≥–∞–π —è —Å–≤–¥ –Ω–∞—à–µ–ª
