18:23:14 : (Global) Lexs2019(¿ÎÂÍÒÂÈ): –ß—å—è –±—ç—Ö–∞ –≤–æ–∑–ª–µ –¥–µ—Ä–µ–≤–Ω–∏ –Ω–æ–≤–∏—á–∫–æ–≤?
20:46:58 : (Global) Julia: –ù–µ —Å–ª—ã—à—É –Ω–µ —á–µ–≥–æ
22:07:52 : (Global) Julia: –≠—Ç–æ –∫–∞–∫–æ–π —Ç–æ —É–∂–∞—Å
22:08:08 : (Global) Julia: –Ø —á—É—Ç—å –ø–æ –¥—Ä–æ–≥—É)
22:08:29 : (Global) Julia: –í—ã—Ö–ª–æ–ø –Ω–µ—Ç)
22:08:46 : (Global) Julia: –Ø –∫–∞–∫ –∑–Ω–∞–ª–∞ —á—Ç–æ —É–º—Ä—É)
22:09:07 : (Global) Julia: –í–°–ï –ù–£–ñ–ù–û–ï –û–°–¢–ê–í–ò–õ–ê)
22:22:50 : (Global) Julia: –±–õ–ò–ù –í–°–ï –ß–¢–û –ù–†–ê–í–ò–¢–°–Ø –°–¢–û–ò–¢ –ö–û
22:30:35 : (Global) Julia: –ù–∞ –≤—Å—è–∫–∏–π —Å–ª—É—á–∞–π)
22:31:22 : (Global) Julia: –ö–æ–Ω—Å–ø–µ—Ä–∞—Ü–∏—è)
22:31:51 : (Global) Julia: –ë–ª–∏–Ω —Ç–∞–º –≤–∏–Ω—Ç–æ–≤–∫–∞ –æ–¥–Ω–∞ –∫–∞–π—Ñ–æ–≤–∞—è
22:31:57 : (Global) Julia: –ù–æ –¥–æ—Ä–æ–≥–∞—è —Å—É—á–∫–∞)
22:32:08 : (Global) Julia: 900 —Ç—ã—Å—è—á)))
22:33:46 : (Global) Julia: –æ–æ–æ –ø–∞–ø—É–ª—è)
22:33:54 : (Global) Julia: –°–∞–º —Ç—ã –º—É–∂–∏–∫)))
22:34:12 : (Global) Julia: –¢–∞–º –±–µ—Ä—Ä–µ—Ç–∞ –µ—Å—Ç—å
22:34:15 : (Global) RUS_ARISTOKRAT: –£ –°–ò–î–û–†–û–í–ò–ß–ê –ö–ê–ñ–ï–¢–°–Ø
22:34:39 : (Global) RUS_ARISTOKRAT: —è –ø–µ—Ä–≤—ã–π —Ä–∞–∑ –Ω–∞ —Å–µ—Ä–≤–µ—Ä–µ(
22:34:47 : (Global) RUS_ARISTOKRAT: –µ—â–µ –Ω–µ –∑–Ω–∞—é –Ω–∏—á–µ–≥–æ
22:34:49 : (Global) RUS_ARISTOKRAT: –∞–≥–∞
22:34:54 : (Global) Julia: –≠—Ç–æ —è –≤–∑—è–ª–∞ –¥–ª—è —Å–æ–ª–æ)))
22:34:59 : (Global) RUS_ARISTOKRAT: –∞–≥–∞
22:35:05 : (Global) Julia: –ù—É –¥–∞)))
22:35:13 : (Global) Julia: –∞—Ö–∞—Ö–∞—Ö–∞—Ö
22:35:17 : (Global) RUS_ARISTOKRAT: –∫–∞–∫ –ø–æ–¥–Ω—è—Ç—å –±–∞–±–ª–∞?
22:36:24 : (Global) RUS_ARISTOKRAT: –∫–∞–∫ –ø–æ–¥–Ω—è—Ç—å –¥–µ–Ω–µ–≥?
22:36:39 : (Global) RUS_ARISTOKRAT: –∞ –≥–¥–µ –∏—Å–∫–∞—Ç—å?
22:37:05 : (Global) RUS_ARISTOKRAT: —Å–ø–∞—Å–∏–±–æ
22:37:50 : (Global) RUS_ARISTOKRAT: –ª—É—á—à–µ —Å–∞–º–æ–º—É
22:37:58 : (Global) RUS_ARISTOKRAT: –∑–∞—Ä–∞–±–æ—Ç–∞—Ç—å)
22:38:27 : (Global) RUS_ARISTOKRAT: –ö–æ—Å—Ç–∏ –¥–∞—Ç—å
22:41:36 : (Global) Julia: –Ø –≤–æ–æ–±—â–µ –ø–æ–ª—è–º–∏ –µ—Ö–∞–ª–∞)
22:41:52 : (Global) Julia: –ù–æ —è –Ω–µ —Ç–∞–∫ –µ—Ö–∞–ª–∞
22:45:52 : (Global) Julia: –∞—Ö–∞—Ö–∞—Ö–∞—Ö
23:13:22 : (Global) Julia: –Ω–µ —Å–ª—ã—à—É.–∑–≤—É–∫ –≤—ã–∫–ª—é—á–µ–Ω
23:13:30 : (Global) Julia: —è –Ω–∞ —Ç–µ–ª–µ—Ñ–æ–Ω–µ
