17:37:07 : (Global) Alex_Nykrov: Привет
17:37:16 : (Global) Alex_Nykrov: ы
17:37:32 : (Global) Alex_Nykrov: как поменять чат на локальный?
18:19:10 : (Global) Alex_Nykrov: как на локальный чат переключить?
18:19:20 : (Global) Alex_Nykrov: ясно
18:19:32 : (Global) Alex_Nykrov: смари
18:20:33 : (Global) Alex_Nykrov: ХОБА
18:20:38 : (Global) Alex_Nykrov: привет
18:20:40 : (Global) Alex_Nykrov: стой
18:20:55 : (Global) Alex_Nykrov: Подвезти сможешь пожалуйста?
18:21:08 : (Global) Alex_Nykrov: Подвезти сможешь?
18:21:18 : (Global) Alex_Nykrov: ща я тока быстро
18:22:23 : (Global) Alex_Nykrov: Короче мне туда где можно залутаться
18:22:36 : (Global) Alex_Nykrov: Давай
18:22:56 : (Global) Alex_Nykrov: а там есть какой-то торговец?
18:23:04 : (Global) Alex_Nykrov: да у меня даже шпалера нету
18:23:09 : (Global) Alex_Nykrov: вообще
18:23:16 : (Global) Alex_Nykrov: мне пришлось продать
18:23:22 : (Global) Alex_Nykrov: чтоб удочку собрать
18:23:34 : (Global) Alex_Nykrov: у меня 1000 есть
18:23:55 : (Global) Alex_Nykrov: слушай,а вот откуда у тебя такой лутец
18:24:16 : (Global) Alex_Nykrov: и что,часто встречаються?
18:24:40 : (Global) Alex_Nykrov: за сколько машинку брал?
18:25:26 : (Global) Alex_Nykrov: (( по нон рп,тут только обычные машины?))
18:25:28 : (Global) Alex_Nykrov: нашел
18:25:47 : (Global) Alex_Nykrov: мишку?
18:25:58 : (Global) Alex_Nykrov: что такое "мишка"?
18:26:03 : (Global) Alex_Nykrov: а
18:26:05 : (Global) Alex_Nykrov: понял
18:26:32 : (Global) Alex_Nykrov: это замок?
18:26:35 : (Global) Alex_Nykrov: вон там впереди
18:27:07 : (Global) Alex_Nykrov: возле старого есть какие-то торговцы?
18:27:12 : (Global) Alex_Nykrov: кроме кумырны
18:27:30 : (Global) Alex_Nykrov: в кумырне только тачки продают?
18:27:41 : (Global) Alex_Nykrov: а,ну тогда хорошо
18:28:07 : (Global) Alex_Nykrov: слушай,вот у меня есть глок но без патронов
18:28:13 : (Global) Alex_Nykrov: они часто встречаються?
18:28:34 : (Global) Alex_Nykrov: ого,винторез?
18:29:10 : (Global) Alex_Nykrov: ты карту хорошо знаешь?
18:30:56 : (Global) Alex_Nykrov: Сколько максималку берет?
18:31:18 : (Global) Alex_Nykrov: Благодарю
18:31:50 : (Global) Alex_Nykrov: о,спасибо
18:31:52 : (Global) Alex_Nykrov: я знаю
18:31:59 : (Global) Alex_Nykrov: спасибо 
19:04:24 : (Global) Alex_Nykrov: Привет
19:05:16 : (Global) Alex_Nykrov: Сталкер!
19:05:48 : (Global) Alex_Nykrov: Ы
19:10:29 : (Global) Alex_Nykrov: Привет,братан,у тебя лишних вещей не найдеться?
19:10:37 : (Global) Alex_Nykrov: Просто очень надо
