00:11:48 : (Global) Anatoliy: неня слышно
00:19:18 : (Global) Anatoliy: есть
00:31:30 : (Global) Dony: Вы меня не слышите?
00:31:42 : (Global) Dony: Я тут как чёрт ОРУ
00:32:06 : (Global) egor: нет
00:32:23 : (Global) Dony: Да ты не пиши))) я вас слышу
00:33:19 : (Global) Dony: блииин я не это хотел
00:33:59 : (Global) egor: ДА ВСЕ НОРМАЛЬНО
00:36:27 : (Global) Dony: У меня красок нет
00:43:06 : (Global) Dony: я спать
00:51:57 : (Global) Dony: нет
00:52:10 : (Global) Dony: он на машине
00:53:05 : (Global) Dony: дай мне
01:00:34 : (Global) Dony: Ты в меня стрелял
01:00:41 : (Global) Dony: Я не зомби
01:19:19 : (Global) Dony: мне страшно что будет на новый год
01:23:46 : (Global) Dony: ладно
01:23:58 : (Global) Dony: я пошёл АЛКАШНЯ
01:41:27 : (Global) Malinka: вижу 
11:01:09 : (Global) AlexBan: перезайти нужно
22:45:02 : (Global) Malinka: нет кровасиси 
