12:14:17 : (Global) kocony3bui62: привет
12:14:21 : (Global) kocony3bui62: норм
12:14:41 : (Global) kocony3bui62: спасибо,
12:14:55 : (Global) kocony3bui62: нету пока
12:15:12 : (Global) kocony3bui62: зомбарей полно
12:15:25 : (Global) kocony3bui62: я там скс нашел
12:16:42 : (Global) kocony3bui62: там же нашел
12:17:10 : (Global) kocony3bui62: она у чалого скарей всего
12:17:36 : (Global) kocony3bui62: в деревню
14:35:47 : (Global) kocony3bui62: дорова
16:11:03 : (Global) kocony3bui62: привет
16:11:43 : (Global) kocony3bui62: почем щас свобода скупает арты, нез
16:11:50 : (Global) kocony3bui62: незнаешь?
16:12:11 : (Global) kocony3bui62: слышу
16:12:39 : (Global) kocony3bui62: бобежим к Сахорову тогда
19:21:51 : (Global) Teamix228: связи нет
22:44:45 : (Global) TuneR: привет привет
23:00:28 : (Global) TuneR: у меня вообще 3150 было при захо
23:03:36 : (Global) TuneR: у меня изначально 3150 було
23:23:11 : (Global) TuneR: Спички в бочке, берите
23:28:48 : (Global) TuneR: а палатки тоже стерлись?
23:29:13 : (Global) TuneR: у меня там 70 к
23:31:00 : (Global) TuneR: мне б к Сахару
23:37:36 : (Global) TuneR: я тоже с вами
