03:53:18 : (Global) ALKAW: Щедро, однако
03:53:35 : (Global) Tementey: ага
14:58:20 : (Global) DearHunter: Я и был у волги
14:58:40 : (Global) DearHunter: Я походу зная кто чела завалил
14:58:49 : (Global) DearHunter: Может даже где он может быть
14:59:16 : (Global) DearHunter: Меня тоже стопнул
14:59:34 : (Global) DearHunter: Меня он узнает
14:59:41 : (Global) DearHunter: Схватим - мне оставьте
15:23:43 : (Global) DearHunter: вода есть?
15:23:56 : (Global) DearHunter: вода есть?
15:24:09 : (Global) DearHunter: благодарю
16:18:46 : (Global) DearHunter: Не немой на самом деле
16:18:54 : (Global) DearHunter: Голос...
16:19:02 : (Global) DearHunter: Горло болит
16:19:38 : (Global) DearHunter: Ну из солидного тут радиатор и масло
16:19:47 : (Global) DearHunter: военным нужно масло
16:20:06 : (Global) DearHunter: Слушай
16:23:34 : (Global) DearHunter: Меня интересует кое что: не видел ли где нибудь людей с шевроном легиона?
16:23:57 : (Global) DearHunter: Да я тоже не знаю, жаль
16:24:17 : (Global) DearHunter: Слушай, болит, так что дальше снова жестами
16:30:37 : (Global) DearHunter: Куда?
16:35:51 : (Global) DearHunter: Там тебя увидят - врятли долго церемонится будут
16:37:45 : (Global) DearHunter: ждём тут их тогда
16:47:03 : (Global) Tementey: С ГАНЗЫ?
16:47:19 : (Global) Tementey: Добро пожаловать домой
16:54:52 : (Global) DearHunter: Есть мысля дойти до людей, но не факт что будут дома
16:56:37 : (Global) Tementey: напиши в лс
16:56:42 : (Global) Tementey: я те закину 
17:27:38 : (Global) Apparens: /
17:27:54 : (Global) Apparens: продам 
17:28:34 : (Global) Apparens: /ooc продам радиатор
22:50:10 : (Global) Tementey: 1
22:50:21 : (Global) Tementey: 123
