00:16:50 : (Global) Julia: Есть вода?
00:17:17 : (Global) Julia: Нет,есть вода?счас умру
00:19:46 : (Global) Julia: Дайте водыыыыы
00:21:02 : (Global) Julia: Дайте воды пожалуйста
00:29:25 : (Global) Julia: Да блин,я просила
00:29:37 : (Global) Julia: Спасибо
00:29:55 : (Global) Julia: Я мелкую укладывала
00:30:03 : (Global) Julia: И организм высох
00:30:30 : (Global) Julia: Спасибо большое
00:31:17 : (Global) Julia: Я брала,2 колы.долго там лазила 
00:42:22 : (Global) Julia: Спасибо большое ребят
00:44:05 : (Global) Julia: Я все свои деньги на базу спустила)
00:46:11 : (Global) Julia: Я себе тоже базу отгрохала)))
00:46:17 : (Global) Julia: 80 тысяч(
00:48:36 : (Global) Julia: Поехали через меня?
00:55:15 : (Global) Julia: Не туда(
00:56:42 : (Global) Julia: Ну да(
01:00:51 : (Global) Julia: Блин свечу достать не могу)
01:03:18 : (Global) Julia: Как то так)
01:03:55 : (Global) Julia: Все по ехали
01:04:21 : (Global) Julia: Только ты за рулем)
03:00:28 : (Global) Julia: Я не чего не вижу)
03:12:58 : (Global) Julia: Ёёёмаёёёёёё
03:13:36 : (Global) Julia: Жесть
03:14:09 : (Global) Julia: Спасибо!!!!!!
03:19:37 : (Global) Julia: Погнали к чалову
04:04:18 : (Global) Julia: Я еще час полтора
04:04:29 : (Global) Julia: Потом на работу)
16:16:00 : (Global) Davis: есть кто?
