01:50:05 : (Global) Julia: У меня около 200 на ак
01:58:00 : (Global) Julia: Я тут
01:58:07 : (Global) Julia: Блин
01:58:14 : (Global) Julia: Счас выкинет
01:58:18 : (Global) Julia: Подождите
01:58:21 : (Global) Julia: 1
01:59:26 : (Global) Julia: 1
01:59:35 : (Global) Julia: а
01:59:36 : (Global) Julia: а
01:59:36 : (Global) Julia: а
01:59:37 : (Global) Julia: а
01:59:37 : (Global) Julia: а
02:00:47 : (Global) Julia: 1
02:00:48 : (Global) Julia: 1
02:00:49 : (Global) Julia: 1
02:00:49 : (Global) Julia: 1
02:00:49 : (Global) Julia: 1
02:00:50 : (Global) Julia: 1
02:02:01 : (Global) Julia: апап
02:02:03 : (Global) Julia: а
02:02:03 : (Global) Julia: п
02:02:03 : (Global) Julia: а
02:02:04 : (Global) Julia: п
02:02:04 : (Global) Julia: а
02:03:40 : (Global) Julia: Не знаю
02:03:45 : (Global) Julia: Все ровно
22:28:48 : (Global) [OTK]TuneR: вот такие ботиник почти бесшумны
22:29:55 : (Global) [OTK]TuneR: на корточках 1 деление
22:30:21 : (Global) [OTK]TuneR: да
22:30:32 : (Global) [OTK]TuneR: Барс забрал
22:34:20 : (Global) [OTK]TuneR: На скалистом был еще Air Drop,
22:34:45 : (Global) [OTK]TuneR: водка и закуска
22:36:30 : (Global) [OTK]TuneR: кикает после 5 сообщений
