14:51:20 : Lost Connection!
﻿14:51:20 : Closing socket & exiting!
﻿14:51:34 : Rcon client logging in
﻿14:51:34 : RCon admin #0 (127.0.0.1:61285) logged in
﻿14:51:35 : RCon admin #0: (Global) Initializing Bec
﻿14:56:48 : Lost Connection!
﻿14:56:48 : Closing socket & exiting!
﻿14:57:36 : Lost Connection!
﻿14:57:36 : Closing socket & exiting!
﻿14:57:50 : Lost Connection!
﻿14:57:50 : Closing socket & exiting!
﻿14:58:04 : Rcon client logging in
﻿14:58:04 : RCon admin #0 (127.0.0.1:58471) logged in
﻿14:58:05 : RCon admin #0: (Global) Initializing Bec
﻿15:01:51 : Lost Connection!
﻿15:01:51 : Closing socket & exiting!
﻿15:02:11 : Lost Connection!
﻿15:02:11 : Closing socket & exiting!
﻿15:02:38 : Lost Connection!
﻿15:02:38 : Closing socket & exiting!
﻿15:02:52 : Rcon client logging in
﻿15:02:52 : RCon admin #0 (127.0.0.1:52243) logged in
﻿15:02:53 : RCon admin #0: (Global) Initializing Bec
﻿15:08:58 : Lost Connection!
﻿15:08:58 : Closing socket & exiting!
﻿15:09:12 : Rcon client logging in
﻿15:09:12 : RCon admin #0 (127.0.0.1:59530) logged in
﻿15:09:13 : RCon admin #0: (Global) Initializing Bec
﻿15:45:00 : RCon admin #0: (Global) BEC : Рестарт произойдёт через 15 минут.
﻿15:55:00 : RCon admin #0: (Global) BEC : Рестарт произойдёт через 5 минут.
﻿15:59:00 : RCon admin #0: (Global) BEC : Рестарт произойдёт через 1 минуту.
﻿16:00:02 : Lost Connection!
﻿16:00:02 : Closing socket & exiting!
﻿16:00:26 : Lost Connection!
﻿16:00:26 : Closing socket & exiting!
﻿16:00:40 : Rcon client logging in
﻿16:00:40 : RCon admin #0 (127.0.0.1:62663) logged in
﻿16:00:41 : RCon admin #0: (Global) Initializing Bec
﻿17:02:00 : Lost Connection!
﻿17:02:00 : Closing socket & exiting!
