00:00:01 : Player #6 CKOPOCTb disconnected
﻿00:00:04 : Lost Connection!
﻿00:00:04 : Closing socket & exiting!
﻿00:01:29 : Lost Connection!
﻿00:01:29 : Closing socket & exiting!
﻿00:01:43 : Rcon client logging in
﻿00:03:07 : No Valid response. Trying to reconnect.!
﻿00:03:07 : Rcon client logging in
﻿00:03:07 : RCon admin #1 (127.0.0.1:58611) logged in
﻿00:19:31 : Rcon client logging in
﻿00:20:11 : RCon admin #0 (127.0.0.1:54765) logged in
﻿00:20:12 : RCon admin #0: (Global) Initializing Bec
﻿00:20:12 : RCon admin #1 (217.19.216.226:39700) logged in
﻿00:23:40 : Player #0 CKOPOCTb (178.205.130.191:2304) connected
﻿00:23:40 : Player #0 CKOPOCTb - BE GUID: 733a559c2137196c2ee59f207a6e2720
﻿00:23:41 : Verified GUID (733a559c2137196c2ee59f207a6e2720) of player #0 CKOPOCTb
﻿00:23:47 : Player #1 Eger,Lesnik (95.158.42.3:37381) connected
﻿00:23:48 : Player #1 Eger,Lesnik - BE GUID: e411dc12537d789005281f48010b2371
﻿00:23:49 : Verified GUID (e411dc12537d789005281f48010b2371) of player #1 Eger,Lesnik
﻿00:26:53 : Player #2 Kant (31.131.214.41:21743) connected
﻿00:44:15 : Lost Connection!
﻿00:44:15 : Closing socket & exiting!
﻿00:49:06 : Rcon client logging in
﻿00:49:46 : RCon admin #0 (127.0.0.1:51422) logged in
﻿00:49:46 : RCon admin #0: (Global) Initializing Bec
﻿00:49:47 : RCon admin #1 (217.19.216.226:1093) logged in
﻿00:50:37 : Player #0 Eger,Lesnik (95.158.42.3:21668) connected
﻿00:50:38 : Player #1 Kant (31.131.214.41:21743) connected
﻿00:50:38 : Player #0 Eger,Lesnik - BE GUID: e411dc12537d789005281f48010b2371
﻿00:50:38 : Verified GUID (e411dc12537d789005281f48010b2371) of player #0 Eger,Lesnik
﻿00:50:39 : Player #1 Kant - BE GUID: 61c1da3ac6ad84776bf8448e426eb4f1
﻿00:50:40 : Verified GUID (61c1da3ac6ad84776bf8448e426eb4f1) of player #1 Kant
﻿00:51:47 : Player #2 CKOPOCTb (178.205.130.191:2304) connected
﻿00:51:47 : Player #2 CKOPOCTb - BE GUID: 733a559c2137196c2ee59f207a6e2720
﻿00:51:47 : Verified GUID (733a559c2137196c2ee59f207a6e2720) of player #2 CKOPOCTb
﻿01:17:00 : Player #1 Kant disconnected
﻿04:59:11 : Lost Connection!
﻿04:59:11 : Closing socket & exiting!
﻿05:07:16 : Failed to login. Trying to reconnect.!
﻿05:07:26 : Failed to login. Trying to reconnect.!
﻿05:14:50 : Failed to login. Trying to reconnect.!
﻿05:15:00 : Failed to login. Trying to reconnect.!
﻿05:15:10 : Failed to login. Trying to reconnect.!
﻿05:15:20 : Failed to login. Trying to reconnect.!
﻿05:15:30 : Failed to login. Trying to reconnect.!
﻿05:15:40 : Failed to login. Trying to reconnect.!
﻿05:31:44 : Lost Connection!
﻿05:31:44 : Closing socket & exiting!
﻿05:31:57 : Lost Connection!
﻿05:31:57 : Closing socket & exiting!
﻿05:32:11 : Lost Connection!
﻿05:32:11 : Closing socket & exiting!
﻿05:32:25 : Lost Connection!
﻿05:32:25 : Closing socket & exiting!
﻿05:32:38 : Lost Connection!
﻿05:32:38 : Closing socket & exiting!
﻿05:32:52 : Lost Connection!
﻿05:32:52 : Closing socket & exiting!
﻿05:33:06 : Lost Connection!
﻿05:33:06 : Closing socket & exiting!
﻿05:33:20 : Lost Connection!
﻿05:33:20 : Closing socket & exiting!
﻿05:34:06 : Lost Connection!
﻿05:34:06 : Closing socket & exiting!
﻿05:34:20 : Rcon client logging in
﻿05:34:54 : RCon admin #0 (127.0.0.1:49328) logged in
﻿05:34:55 : RCon admin #0: (Global) Initializing Bec
﻿05:35:47 : No Valid response. Trying to reconnect.!
﻿05:39:10 : Rcon client logging in
﻿05:40:34 : No Valid response. Trying to reconnect.!
﻿05:42:02 : Lost Connection!
﻿05:42:02 : Closing socket & exiting!
﻿05:42:16 : Rcon client logging in
﻿05:43:33 : No Valid response. Trying to reconnect.!
﻿05:44:12 : Failed to login. Trying to reconnect.!
﻿05:44:22 : Failed to login. Trying to reconnect.!
﻿05:44:32 : Failed to login. Trying to reconnect.!
﻿05:44:42 : Failed to login. Trying to reconnect.!
﻿05:45:18 : Rcon client logging in
﻿05:45:57 : RCon admin #0 (127.0.0.1:65251) logged in
﻿05:45:58 : RCon admin #0: (Global) Initializing Bec
﻿05:46:48 : No Valid response. Trying to reconnect.!
﻿05:50:29 : Lost Connection!
﻿05:50:29 : Closing socket & exiting!
﻿05:50:43 : Rcon client logging in
﻿05:51:17 : RCon admin #0 (127.0.0.1:63334) logged in
﻿05:51:18 : RCon admin #0: (Global) Initializing Bec
﻿05:52:10 : No Valid response. Trying to reconnect.!
﻿05:52:55 : No Valid response. Trying to reconnect.!
﻿05:53:40 : No Valid response. Trying to reconnect.!
﻿05:54:18 : Failed to login. Trying to reconnect.!
﻿05:54:28 : Failed to login. Trying to reconnect.!
﻿05:54:38 : Failed to login. Trying to reconnect.!
﻿05:55:13 : Rcon client logging in
﻿05:55:53 : RCon admin #0 (127.0.0.1:61362) logged in
﻿05:55:53 : RCon admin #0: (Global) Initializing Bec
﻿05:59:34 : Player #0 DeD_caxa_H (79.136.232.5:30659) connected
﻿05:59:34 : Player #0 DeD_caxa_H - BE GUID: 119a2af9a8242c9387e00cc672f64464
﻿05:59:34 : Verified GUID (119a2af9a8242c9387e00cc672f64464) of player #0 DeD_caxa_H
﻿06:01:04 : Player #0 DeD_caxa_H disconnected
﻿06:01:18 : Failed to login. Trying to reconnect.!
﻿06:01:48 : Lost Connection!
﻿06:01:48 : Closing socket & exiting!
﻿06:02:02 : Rcon client logging in
﻿06:02:34 : RCon admin #0 (127.0.0.1:50613) logged in
﻿06:02:35 : RCon admin #0: (Global) Initializing Bec
﻿06:06:46 : Player #0 DeD_caxa_H (79.136.232.5:30212) connected
﻿06:06:46 : Player #0 DeD_caxa_H - BE GUID: 119a2af9a8242c9387e00cc672f64464
﻿06:06:47 : Verified GUID (119a2af9a8242c9387e00cc672f64464) of player #0 DeD_caxa_H
﻿06:56:35 : RCon admin #1 (217.19.216.226:1027) logged in
﻿07:17:23 : Player #1 Dony (217.19.216.226:2304) connected
﻿07:17:23 : Player #1 Dony - BE GUID: 8e71eebdeb37718c4c2c169aa3c680a2
﻿07:17:24 : Verified GUID (8e71eebdeb37718c4c2c169aa3c680a2) of player #1 Dony
﻿07:23:47 : Player #1 Dony disconnected
﻿07:39:25 : Player #1 Andrei1664 (78.24.45.235:62997) connected
﻿07:39:25 : Player #1 Andrei1664 - BE GUID: b33a052e66fd72e4a6f66a2baf60aa3d
﻿07:39:26 : Verified GUID (b33a052e66fd72e4a6f66a2baf60aa3d) of player #1 Andrei1664
﻿07:45:00 : RCon admin #0: (Global) BEC : Рестарт произойдёт через 15 минут.
﻿07:45:53 : No Valid response. Trying to reconnect.!
﻿07:45:53 : Rcon client logging in
﻿07:45:53 : RCon admin #0 (127.0.0.1:50613) logged in
﻿07:55:00 : RCon admin #0: (Global) BEC : Рестарт произойдёт через 5 минут.
﻿07:59:00 : RCon admin #0: (Global) BEC : Рестарт произойдёт через 1 минуту.
﻿07:59:29 : Player #0 DeD_caxa_H disconnected
﻿07:59:39 : Player #1 Andrei1664 disconnected
﻿08:00:45 : No Valid response. Trying to reconnect.!
﻿08:01:31 : No Valid response. Trying to reconnect.!
﻿08:02:16 : No Valid response. Trying to reconnect.!
﻿08:03:01 : Lost Connection!
﻿08:03:01 : Closing socket & exiting!
﻿08:03:08 : Failed to login. Trying to reconnect.!
﻿08:03:18 : Failed to login. Trying to reconnect.!
﻿08:03:28 : Failed to login. Trying to reconnect.!
﻿08:03:38 : Failed to login. Trying to reconnect.!
﻿08:03:48 : Failed to login. Trying to reconnect.!
﻿08:03:58 : Failed to login. Trying to reconnect.!
﻿08:04:08 : Problems logging in to the server.!
﻿08:04:08 : Lost Connection!
﻿08:04:08 : Closing socket & exiting!
﻿08:04:17 : Failed to login. Trying to reconnect.!
﻿08:04:27 : Failed to login. Trying to reconnect.!
﻿08:04:37 : Failed to login. Trying to reconnect.!
﻿08:04:47 : Failed to login. Trying to reconnect.!
﻿08:04:57 : Failed to login. Trying to reconnect.!
﻿08:05:07 : Failed to login. Trying to reconnect.!
﻿08:05:17 : Problems logging in to the server.!
﻿08:05:17 : Lost Connection!
﻿08:05:17 : Closing socket & exiting!
﻿08:05:26 : Failed to login. Trying to reconnect.!
﻿08:05:42 : Failed to login. Trying to reconnect.!
﻿08:09:16 : Lost Connection!
﻿08:09:16 : Closing socket & exiting!
﻿08:09:30 : Rcon client logging in
﻿08:10:07 : RCon admin #0 (127.0.0.1:61837) logged in
﻿08:10:07 : RCon admin #0: (Global) Initializing Bec
﻿08:11:14 : Player #0 Dony (217.19.216.226:2304) connected
﻿08:11:14 : Player #0 Dony - BE GUID: 8e71eebdeb37718c4c2c169aa3c680a2
﻿08:11:14 : Verified GUID (8e71eebdeb37718c4c2c169aa3c680a2) of player #0 Dony
﻿08:13:52 : Player #1 DeD_caxa_H (79.136.232.5:32888) connected
﻿08:13:53 : Player #1 DeD_caxa_H - BE GUID: 119a2af9a8242c9387e00cc672f64464
﻿08:13:53 : Verified GUID (119a2af9a8242c9387e00cc672f64464) of player #1 DeD_caxa_H
﻿08:30:28 : No Valid response. Trying to reconnect.!
﻿08:30:28 : Rcon client logging in
﻿08:30:28 : RCon admin #0 (127.0.0.1:61837) logged in
﻿08:33:33 : RCon admin #1 (217.19.216.226:1035) logged in
﻿08:33:56 : RCon admin #1: (Global) [Сидорович] Помни сталкер, зона дала, зона заберёт!
﻿08:37:02 : Player #0 Dony disconnected
﻿08:41:50 : Player #2 Stas49rus (37.29.88.114:51402) connected
﻿08:41:51 : Player #2 Stas49rus - BE GUID: 3cab06d7656940cf27e8137850c67dde
﻿08:41:51 : Verified GUID (3cab06d7656940cf27e8137850c67dde) of player #2 Stas49rus
﻿08:43:40 : RCon admin #1 (217.19.216.226:1031) logged in
﻿08:58:59 : Player #3 Andrei1664 (78.24.45.235:1363) connected
﻿08:59:00 : Player #3 Andrei1664 - BE GUID: b33a052e66fd72e4a6f66a2baf60aa3d
﻿08:59:00 : Verified GUID (b33a052e66fd72e4a6f66a2baf60aa3d) of player #3 Andrei1664
﻿09:10:22 : Player #4 Stalin (94.25.168.139:60017) connected
﻿09:10:22 : Player #4 Stalin - BE GUID: 2393371720dea4879fcbc1df2c9cbc90
﻿09:10:23 : Verified GUID (2393371720dea4879fcbc1df2c9cbc90) of player #4 Stalin
﻿09:21:10 : RCon admin #1 (217.19.216.226:13829) logged in
﻿09:25:04 : Player #4 Stalin disconnected
﻿09:46:05 : Player #4 Evil (91.78.83.131:2304) connected
﻿09:46:05 : Player #4 Evil - BE GUID: b318b88737fcbbfdf0f49cd792caf6fe
﻿09:46:05 : Verified GUID (b318b88737fcbbfdf0f49cd792caf6fe) of player #4 Evil
﻿09:46:32 : Player #4 Evil disconnected
﻿09:50:52 : Player #4 Evil (91.78.83.131:2304) connected
﻿09:50:53 : Player #4 Evil - BE GUID: b318b88737fcbbfdf0f49cd792caf6fe
﻿09:50:53 : Verified GUID (b318b88737fcbbfdf0f49cd792caf6fe) of player #4 Evil
﻿09:53:31 : RCon admin #1 (217.19.216.226:32286) logged in
﻿10:06:00 : Player #2 Stas49rus disconnected
﻿10:08:08 : Player #3 Andrei1664 disconnected
﻿10:11:23 : Player #5 Kinder (185.61.95.23:1219) connected
﻿10:11:24 : Player #5 Kinder - BE GUID: 4161790676678988cf4f6beb5ec0f552
﻿10:11:24 : Verified GUID (4161790676678988cf4f6beb5ec0f552) of player #5 Kinder
﻿10:40:37 : Player #1 DeD_caxa_H disconnected
﻿10:43:21 : Player #5 Kinder disconnected
﻿10:46:19 : Player #5 Eger,Lesnik (91.196.102.2:2304) connected
﻿10:46:20 : Player #5 Eger,Lesnik - BE GUID: e411dc12537d789005281f48010b2371
﻿10:46:20 : Verified GUID (e411dc12537d789005281f48010b2371) of player #5 Eger,Lesnik
﻿11:09:31 : Player #6 Kinder (185.61.95.23:1328) connected
﻿11:09:32 : Player #6 Kinder - BE GUID: 4161790676678988cf4f6beb5ec0f552
﻿11:09:32 : Verified GUID (4161790676678988cf4f6beb5ec0f552) of player #6 Kinder
﻿11:29:02 : Player #6 Kinder disconnected
﻿11:45:00 : RCon admin #0: (Global) BEC : Рестарт произойдёт через 15 минут.
﻿11:49:52 : Player #5 Eger,Lesnik disconnected
﻿11:49:56 : Player #5 molodoi (46.187.28.8:2304) connected
﻿11:49:58 : Player #5 molodoi - BE GUID: ba3b6c3e9318f74e7c9dd841d189bfea
﻿11:49:58 : Verified GUID (ba3b6c3e9318f74e7c9dd841d189bfea) of player #5 molodoi
﻿11:50:25 : Player #6 otshelnik (145.255.21.235:2304) connected
﻿11:50:26 : Player #6 otshelnik - BE GUID: 5fd526ffa930212bbecc9517f062fa69
﻿11:50:27 : Verified GUID (5fd526ffa930212bbecc9517f062fa69) of player #6 otshelnik
﻿11:55:00 : RCon admin #0: (Global) BEC : Рестарт произойдёт через 5 минут.
﻿11:57:45 : Player #5 molodoi disconnected
﻿11:59:00 : RCon admin #0: (Global) BEC : Рестарт произойдёт через 1 минуту.
﻿12:00:01 : Player #6 otshelnik disconnected
﻿12:00:46 : No Valid response. Trying to reconnect.!
﻿12:01:31 : No Valid response. Trying to reconnect.!
﻿12:02:16 : No Valid response. Trying to reconnect.!
﻿12:03:01 : Lost Connection!
﻿12:03:01 : Closing socket & exiting!
﻿12:03:10 : Failed to login. Trying to reconnect.!
﻿12:03:20 : Failed to login. Trying to reconnect.!
﻿12:03:30 : Failed to login. Trying to reconnect.!
﻿12:03:40 : Failed to login. Trying to reconnect.!
﻿12:03:50 : Failed to login. Trying to reconnect.!
﻿12:04:00 : Failed to login. Trying to reconnect.!
﻿12:04:10 : Problems logging in to the server.!
﻿12:04:10 : Lost Connection!
﻿12:04:10 : Closing socket & exiting!
﻿12:04:19 : Failed to login. Trying to reconnect.!
﻿12:04:29 : Failed to login. Trying to reconnect.!
﻿12:04:39 : Failed to login. Trying to reconnect.!
﻿12:04:49 : Failed to login. Trying to reconnect.!
﻿12:04:59 : Failed to login. Trying to reconnect.!
﻿12:05:09 : Failed to login. Trying to reconnect.!
﻿12:05:19 : Problems logging in to the server.!
﻿12:05:19 : Lost Connection!
﻿12:05:19 : Closing socket & exiting!
﻿12:05:28 : Failed to login. Trying to reconnect.!
﻿12:05:38 : Failed to login. Trying to reconnect.!
﻿12:05:48 : Failed to login. Trying to reconnect.!
﻿12:05:58 : Failed to login. Trying to reconnect.!
﻿12:06:08 : Failed to login. Trying to reconnect.!
﻿12:06:18 : Failed to login. Trying to reconnect.!
﻿12:06:28 : Problems logging in to the server.!
﻿12:06:28 : Lost Connection!
﻿12:06:28 : Closing socket & exiting!
﻿12:06:37 : Failed to login. Trying to reconnect.!
﻿12:06:47 : Failed to login. Trying to reconnect.!
﻿12:06:57 : Failed to login. Trying to reconnect.!
﻿12:07:07 : Failed to login. Trying to reconnect.!
﻿12:07:17 : Failed to login. Trying to reconnect.!
﻿12:07:27 : Failed to login. Trying to reconnect.!
﻿12:07:37 : Problems logging in to the server.!
﻿12:07:37 : Lost Connection!
﻿12:07:37 : Closing socket & exiting!
﻿12:07:46 : Failed to login. Trying to reconnect.!
﻿12:07:56 : Failed to login. Trying to reconnect.!
﻿12:08:06 : Failed to login. Trying to reconnect.!
﻿12:08:16 : Failed to login. Trying to reconnect.!
﻿12:08:26 : Failed to login. Trying to reconnect.!
﻿12:08:36 : Failed to login. Trying to reconnect.!
﻿12:08:46 : Problems logging in to the server.!
﻿12:08:46 : Lost Connection!
﻿12:08:46 : Closing socket & exiting!
﻿12:08:55 : Failed to login. Trying to reconnect.!
﻿12:09:05 : Failed to login. Trying to reconnect.!
﻿12:09:15 : Failed to login. Trying to reconnect.!
﻿12:09:25 : Failed to login. Trying to reconnect.!
﻿12:09:35 : Failed to login. Trying to reconnect.!
﻿12:09:45 : Failed to login. Trying to reconnect.!
﻿12:09:55 : Problems logging in to the server.!
﻿12:09:55 : Lost Connection!
﻿12:09:55 : Closing socket & exiting!
﻿12:10:04 : Failed to login. Trying to reconnect.!
﻿12:10:14 : Failed to login. Trying to reconnect.!
﻿12:10:24 : Failed to login. Trying to reconnect.!
﻿12:10:34 : Failed to login. Trying to reconnect.!
﻿12:10:44 : Failed to login. Trying to reconnect.!
﻿12:10:54 : Failed to login. Trying to reconnect.!
﻿12:11:04 : Problems logging in to the server.!
﻿12:11:04 : Lost Connection!
﻿12:11:04 : Closing socket & exiting!
﻿12:11:13 : Failed to login. Trying to reconnect.!
﻿12:11:23 : Failed to login. Trying to reconnect.!
﻿12:11:33 : Failed to login. Trying to reconnect.!
﻿12:11:43 : Failed to login. Trying to reconnect.!
﻿12:11:53 : Failed to login. Trying to reconnect.!
﻿12:12:03 : Failed to login. Trying to reconnect.!
﻿12:12:13 : Problems logging in to the server.!
﻿12:12:13 : Lost Connection!
﻿12:12:13 : Closing socket & exiting!
﻿12:12:22 : Failed to login. Trying to reconnect.!
﻿12:12:32 : Failed to login. Trying to reconnect.!
﻿12:12:42 : Failed to login. Trying to reconnect.!
﻿12:12:52 : Failed to login. Trying to reconnect.!
﻿12:13:02 : Failed to login. Trying to reconnect.!
﻿12:13:12 : Failed to login. Trying to reconnect.!
﻿12:13:22 : Problems logging in to the server.!
﻿12:13:22 : Lost Connection!
﻿12:13:22 : Closing socket & exiting!
﻿12:13:31 : Failed to login. Trying to reconnect.!
﻿12:13:41 : Failed to login. Trying to reconnect.!
﻿12:13:51 : Failed to login. Trying to reconnect.!
﻿12:14:01 : Failed to login. Trying to reconnect.!
﻿12:14:11 : Failed to login. Trying to reconnect.!
﻿12:14:21 : Failed to login. Trying to reconnect.!
﻿12:14:31 : Problems logging in to the server.!
﻿12:14:31 : Lost Connection!
﻿12:14:31 : Closing socket & exiting!
﻿12:14:40 : Failed to login. Trying to reconnect.!
﻿12:14:50 : Failed to login. Trying to reconnect.!
﻿12:15:00 : Failed to login. Trying to reconnect.!
﻿12:15:10 : Failed to login. Trying to reconnect.!
﻿12:15:20 : Failed to login. Trying to reconnect.!
﻿12:15:30 : Failed to login. Trying to reconnect.!
﻿12:15:40 : Problems logging in to the server.!
﻿12:15:40 : Lost Connection!
﻿12:15:40 : Closing socket & exiting!
﻿12:15:49 : Failed to login. Trying to reconnect.!
﻿12:15:59 : Failed to login. Trying to reconnect.!
﻿12:16:09 : Failed to login. Trying to reconnect.!
﻿12:16:19 : Failed to login. Trying to reconnect.!
﻿12:16:29 : Failed to login. Trying to reconnect.!
﻿12:16:39 : Failed to login. Trying to reconnect.!
﻿12:16:49 : Problems logging in to the server.!
﻿12:16:49 : Lost Connection!
﻿12:16:49 : Closing socket & exiting!
﻿12:16:58 : Failed to login. Trying to reconnect.!
﻿12:17:08 : Failed to login. Trying to reconnect.!
﻿12:17:18 : Failed to login. Trying to reconnect.!
﻿12:17:28 : Failed to login. Trying to reconnect.!
﻿12:17:38 : Failed to login. Trying to reconnect.!
﻿12:17:48 : Failed to login. Trying to reconnect.!
﻿12:17:58 : Problems logging in to the server.!
﻿12:17:58 : Lost Connection!
﻿12:17:58 : Closing socket & exiting!
﻿12:18:07 : Failed to login. Trying to reconnect.!
﻿12:18:17 : Failed to login. Trying to reconnect.!
﻿12:18:27 : Failed to login. Trying to reconnect.!
﻿12:18:37 : Failed to login. Trying to reconnect.!
﻿12:18:47 : Failed to login. Trying to reconnect.!
﻿12:18:57 : Failed to login. Trying to reconnect.!
﻿12:19:07 : Problems logging in to the server.!
﻿12:19:07 : Lost Connection!
﻿12:19:07 : Closing socket & exiting!
﻿12:19:16 : Failed to login. Trying to reconnect.!
﻿12:19:26 : Failed to login. Trying to reconnect.!
﻿12:19:36 : Failed to login. Trying to reconnect.!
﻿12:19:46 : Failed to login. Trying to reconnect.!
﻿12:19:56 : Failed to login. Trying to reconnect.!
﻿12:20:06 : Failed to login. Trying to reconnect.!
﻿12:20:16 : Problems logging in to the server.!
﻿12:20:16 : Lost Connection!
﻿12:20:16 : Closing socket & exiting!
﻿12:20:25 : Failed to login. Trying to reconnect.!
﻿12:20:35 : Failed to login. Trying to reconnect.!
﻿12:20:45 : Failed to login. Trying to reconnect.!
﻿12:20:55 : Failed to login. Trying to reconnect.!
﻿12:21:05 : Failed to login. Trying to reconnect.!
﻿12:21:15 : Failed to login. Trying to reconnect.!
﻿12:21:25 : Problems logging in to the server.!
﻿12:21:25 : Lost Connection!
﻿12:21:25 : Closing socket & exiting!
﻿12:21:34 : Failed to login. Trying to reconnect.!
﻿12:21:44 : Failed to login. Trying to reconnect.!
﻿12:21:54 : Failed to login. Trying to reconnect.!
﻿12:22:04 : Failed to login. Trying to reconnect.!
﻿12:22:14 : Failed to login. Trying to reconnect.!
﻿12:22:24 : Failed to login. Trying to reconnect.!
﻿12:22:34 : Problems logging in to the server.!
﻿12:22:34 : Lost Connection!
﻿12:22:34 : Closing socket & exiting!
﻿12:22:43 : Failed to login. Trying to reconnect.!
﻿12:22:53 : Failed to login. Trying to reconnect.!
﻿12:23:03 : Failed to login. Trying to reconnect.!
﻿12:23:13 : Failed to login. Trying to reconnect.!
﻿12:23:23 : Failed to login. Trying to reconnect.!
﻿12:23:33 : Failed to login. Trying to reconnect.!
﻿12:23:43 : Problems logging in to the server.!
﻿12:23:43 : Lost Connection!
﻿12:23:43 : Closing socket & exiting!
﻿12:23:52 : Failed to login. Trying to reconnect.!
﻿12:24:02 : Failed to login. Trying to reconnect.!
﻿12:24:12 : Failed to login. Trying to reconnect.!
﻿12:24:22 : Failed to login. Trying to reconnect.!
﻿12:24:32 : Failed to login. Trying to reconnect.!
﻿12:24:42 : Failed to login. Trying to reconnect.!
﻿12:24:52 : Problems logging in to the server.!
﻿12:24:52 : Lost Connection!
﻿12:24:52 : Closing socket & exiting!
﻿12:25:01 : Failed to login. Trying to reconnect.!
﻿12:25:11 : Failed to login. Trying to reconnect.!
﻿12:25:21 : Failed to login. Trying to reconnect.!
﻿12:25:31 : Failed to login. Trying to reconnect.!
﻿12:25:41 : Failed to login. Trying to reconnect.!
﻿12:25:51 : Failed to login. Trying to reconnect.!
﻿12:26:01 : Problems logging in to the server.!
﻿12:26:01 : Lost Connection!
﻿12:26:01 : Closing socket & exiting!
﻿12:26:10 : Failed to login. Trying to reconnect.!
﻿12:26:20 : Failed to login. Trying to reconnect.!
﻿12:26:30 : Failed to login. Trying to reconnect.!
﻿12:26:40 : Failed to login. Trying to reconnect.!
﻿12:26:50 : Failed to login. Trying to reconnect.!
﻿12:27:00 : Failed to login. Trying to reconnect.!
﻿12:27:10 : Problems logging in to the server.!
﻿12:27:10 : Lost Connection!
﻿12:27:10 : Closing socket & exiting!
﻿12:27:19 : Failed to login. Trying to reconnect.!
﻿12:27:29 : Failed to login. Trying to reconnect.!
﻿12:27:39 : Failed to login. Trying to reconnect.!
﻿12:27:49 : Failed to login. Trying to reconnect.!
﻿12:27:59 : Failed to login. Trying to reconnect.!
﻿12:28:09 : Failed to login. Trying to reconnect.!
﻿12:28:19 : Problems logging in to the server.!
﻿12:28:19 : Lost Connection!
﻿12:28:19 : Closing socket & exiting!
﻿12:28:28 : Failed to login. Trying to reconnect.!
﻿12:28:38 : Failed to login. Trying to reconnect.!
﻿12:28:48 : Failed to login. Trying to reconnect.!
﻿12:28:58 : Failed to login. Trying to reconnect.!
﻿12:29:08 : Failed to login. Trying to reconnect.!
﻿12:29:18 : Failed to login. Trying to reconnect.!
﻿12:29:28 : Problems logging in to the server.!
﻿12:29:28 : Lost Connection!
﻿12:29:28 : Closing socket & exiting!
﻿12:29:37 : Failed to login. Trying to reconnect.!
﻿12:29:47 : Failed to login. Trying to reconnect.!
﻿12:29:57 : Failed to login. Trying to reconnect.!
﻿12:30:07 : Failed to login. Trying to reconnect.!
﻿12:30:17 : Failed to login. Trying to reconnect.!
﻿12:30:27 : Failed to login. Trying to reconnect.!
﻿12:30:37 : Problems logging in to the server.!
﻿12:30:37 : Lost Connection!
﻿12:30:37 : Closing socket & exiting!
﻿12:30:46 : Failed to login. Trying to reconnect.!
﻿12:30:56 : Failed to login. Trying to reconnect.!
﻿12:31:06 : Failed to login. Trying to reconnect.!
﻿12:31:16 : Failed to login. Trying to reconnect.!
﻿12:31:26 : Failed to login. Trying to reconnect.!
﻿12:31:36 : Failed to login. Trying to reconnect.!
﻿12:31:46 : Problems logging in to the server.!
﻿12:31:46 : Lost Connection!
﻿12:31:46 : Closing socket & exiting!
﻿12:31:55 : Failed to login. Trying to reconnect.!
﻿12:32:05 : Failed to login. Trying to reconnect.!
﻿12:32:15 : Failed to login. Trying to reconnect.!
﻿12:32:25 : Failed to login. Trying to reconnect.!
﻿12:32:35 : Failed to login. Trying to reconnect.!
﻿12:32:45 : Failed to login. Trying to reconnect.!
﻿12:32:55 : Problems logging in to the server.!
﻿12:32:55 : Lost Connection!
﻿12:32:55 : Closing socket & exiting!
﻿12:33:04 : Failed to login. Trying to reconnect.!
﻿12:33:14 : Failed to login. Trying to reconnect.!
﻿12:33:24 : Failed to login. Trying to reconnect.!
﻿12:33:34 : Failed to login. Trying to reconnect.!
﻿12:33:44 : Failed to login. Trying to reconnect.!
﻿12:33:54 : Failed to login. Trying to reconnect.!
﻿12:34:04 : Problems logging in to the server.!
﻿12:34:04 : Lost Connection!
﻿12:34:04 : Closing socket & exiting!
﻿12:34:13 : Failed to login. Trying to reconnect.!
﻿12:34:23 : Failed to login. Trying to reconnect.!
﻿12:34:33 : Failed to login. Trying to reconnect.!
﻿12:34:43 : Failed to login. Trying to reconnect.!
﻿12:34:53 : Failed to login. Trying to reconnect.!
﻿12:35:03 : Failed to login. Trying to reconnect.!
﻿12:35:13 : Problems logging in to the server.!
﻿12:35:13 : Lost Connection!
﻿12:35:13 : Closing socket & exiting!
﻿12:35:22 : Failed to login. Trying to reconnect.!
﻿12:35:32 : Failed to login. Trying to reconnect.!
﻿12:35:42 : Failed to login. Trying to reconnect.!
﻿12:35:52 : Failed to login. Trying to reconnect.!
﻿12:36:02 : Failed to login. Trying to reconnect.!
﻿12:36:12 : Failed to login. Trying to reconnect.!
﻿12:36:22 : Problems logging in to the server.!
﻿12:36:22 : Lost Connection!
﻿12:36:22 : Closing socket & exiting!
﻿12:36:31 : Failed to login. Trying to reconnect.!
﻿12:36:41 : Failed to login. Trying to reconnect.!
﻿12:36:51 : Failed to login. Trying to reconnect.!
﻿12:37:01 : Failed to login. Trying to reconnect.!
﻿12:37:11 : Failed to login. Trying to reconnect.!
﻿12:37:21 : Failed to login. Trying to reconnect.!
﻿12:37:31 : Problems logging in to the server.!
﻿12:37:31 : Lost Connection!
﻿12:37:31 : Closing socket & exiting!
﻿12:37:40 : Failed to login. Trying to reconnect.!
﻿12:37:50 : Failed to login. Trying to reconnect.!
﻿12:38:00 : Failed to login. Trying to reconnect.!
﻿12:38:10 : Failed to login. Trying to reconnect.!
﻿12:38:20 : Failed to login. Trying to reconnect.!
﻿12:38:30 : Failed to login. Trying to reconnect.!
﻿12:38:40 : Problems logging in to the server.!
﻿12:38:40 : Lost Connection!
﻿12:38:40 : Closing socket & exiting!
﻿12:38:49 : Failed to login. Trying to reconnect.!
﻿12:38:59 : Failed to login. Trying to reconnect.!
﻿12:39:09 : Failed to login. Trying to reconnect.!
﻿12:39:19 : Failed to login. Trying to reconnect.!
﻿12:39:29 : Failed to login. Trying to reconnect.!
﻿12:39:39 : Failed to login. Trying to reconnect.!
﻿12:39:49 : Problems logging in to the server.!
﻿12:39:49 : Lost Connection!
﻿12:39:49 : Closing socket & exiting!
﻿12:39:58 : Failed to login. Trying to reconnect.!
﻿12:40:08 : Failed to login. Trying to reconnect.!
﻿12:40:18 : Failed to login. Trying to reconnect.!
﻿12:40:28 : Failed to login. Trying to reconnect.!
﻿12:40:38 : Failed to login. Trying to reconnect.!
﻿12:40:48 : Failed to login. Trying to reconnect.!
﻿12:40:58 : Problems logging in to the server.!
﻿12:40:58 : Lost Connection!
﻿12:40:58 : Closing socket & exiting!
﻿12:41:07 : Failed to login. Trying to reconnect.!
﻿12:41:17 : Failed to login. Trying to reconnect.!
﻿12:41:27 : Failed to login. Trying to reconnect.!
﻿12:41:37 : Failed to login. Trying to reconnect.!
﻿12:41:47 : Failed to login. Trying to reconnect.!
﻿12:41:57 : Failed to login. Trying to reconnect.!
﻿12:42:07 : Problems logging in to the server.!
﻿12:42:07 : Lost Connection!
﻿12:42:07 : Closing socket & exiting!
﻿12:42:16 : Failed to login. Trying to reconnect.!
﻿12:42:26 : Failed to login. Trying to reconnect.!
﻿12:42:36 : Failed to login. Trying to reconnect.!
﻿12:42:46 : Failed to login. Trying to reconnect.!
﻿12:42:56 : Failed to login. Trying to reconnect.!
﻿12:43:06 : Failed to login. Trying to reconnect.!
﻿12:43:16 : Problems logging in to the server.!
﻿12:43:16 : Lost Connection!
﻿12:43:16 : Closing socket & exiting!
﻿12:43:25 : Failed to login. Trying to reconnect.!
﻿12:43:35 : Failed to login. Trying to reconnect.!
﻿12:43:45 : Failed to login. Trying to reconnect.!
﻿12:43:55 : Failed to login. Trying to reconnect.!
﻿12:44:05 : Failed to login. Trying to reconnect.!
﻿12:44:15 : Failed to login. Trying to reconnect.!
﻿12:44:25 : Problems logging in to the server.!
﻿12:44:25 : Lost Connection!
﻿12:44:25 : Closing socket & exiting!
﻿12:44:34 : Failed to login. Trying to reconnect.!
﻿12:44:44 : Failed to login. Trying to reconnect.!
﻿12:44:54 : Failed to login. Trying to reconnect.!
﻿12:45:04 : Failed to login. Trying to reconnect.!
﻿12:45:14 : Failed to login. Trying to reconnect.!
﻿12:45:24 : Failed to login. Trying to reconnect.!
﻿12:45:34 : Problems logging in to the server.!
﻿12:45:34 : Lost Connection!
﻿12:45:34 : Closing socket & exiting!
﻿12:45:43 : Failed to login. Trying to reconnect.!
﻿12:45:53 : Failed to login. Trying to reconnect.!
﻿12:46:03 : Failed to login. Trying to reconnect.!
﻿12:46:13 : Failed to login. Trying to reconnect.!
﻿12:46:23 : Failed to login. Trying to reconnect.!
﻿12:46:33 : Failed to login. Trying to reconnect.!
﻿12:46:43 : Problems logging in to the server.!
﻿12:46:43 : Lost Connection!
﻿12:46:43 : Closing socket & exiting!
﻿12:46:52 : Failed to login. Trying to reconnect.!
﻿12:47:02 : Failed to login. Trying to reconnect.!
﻿12:47:12 : Failed to login. Trying to reconnect.!
﻿12:47:22 : Failed to login. Trying to reconnect.!
﻿12:47:32 : Failed to login. Trying to reconnect.!
﻿12:47:42 : Failed to login. Trying to reconnect.!
﻿12:47:52 : Problems logging in to the server.!
﻿12:47:52 : Lost Connection!
﻿12:47:52 : Closing socket & exiting!
﻿12:48:01 : Failed to login. Trying to reconnect.!
﻿12:48:11 : Failed to login. Trying to reconnect.!
﻿12:48:21 : Failed to login. Trying to reconnect.!
﻿12:48:31 : Failed to login. Trying to reconnect.!
﻿12:48:41 : Failed to login. Trying to reconnect.!
﻿12:48:51 : Failed to login. Trying to reconnect.!
﻿12:49:01 : Problems logging in to the server.!
﻿12:49:01 : Lost Connection!
﻿12:49:01 : Closing socket & exiting!
﻿12:49:10 : Failed to login. Trying to reconnect.!
﻿12:49:20 : Failed to login. Trying to reconnect.!
﻿12:49:30 : Failed to login. Trying to reconnect.!
﻿12:49:40 : Failed to login. Trying to reconnect.!
﻿12:49:50 : Failed to login. Trying to reconnect.!
﻿12:50:00 : Failed to login. Trying to reconnect.!
﻿12:50:10 : Problems logging in to the server.!
﻿12:50:10 : Lost Connection!
﻿12:50:10 : Closing socket & exiting!
﻿12:50:19 : Failed to login. Trying to reconnect.!
﻿12:50:29 : Failed to login. Trying to reconnect.!
﻿12:50:39 : Failed to login. Trying to reconnect.!
﻿12:50:49 : Failed to login. Trying to reconnect.!
﻿12:50:59 : Failed to login. Trying to reconnect.!
﻿12:51:09 : Failed to login. Trying to reconnect.!
﻿12:51:19 : Problems logging in to the server.!
﻿12:51:19 : Lost Connection!
﻿12:51:19 : Closing socket & exiting!
﻿12:51:28 : Failed to login. Trying to reconnect.!
﻿12:51:38 : Failed to login. Trying to reconnect.!
﻿12:51:48 : Failed to login. Trying to reconnect.!
﻿12:51:58 : Failed to login. Trying to reconnect.!
﻿12:52:08 : Failed to login. Trying to reconnect.!
﻿12:52:18 : Failed to login. Trying to reconnect.!
﻿12:52:28 : Problems logging in to the server.!
﻿12:52:28 : Lost Connection!
﻿12:52:28 : Closing socket & exiting!
﻿12:52:37 : Failed to login. Trying to reconnect.!
﻿12:52:47 : Failed to login. Trying to reconnect.!
﻿12:52:57 : Failed to login. Trying to reconnect.!
﻿12:53:07 : Failed to login. Trying to reconnect.!
﻿12:53:17 : Failed to login. Trying to reconnect.!
﻿12:53:27 : Failed to login. Trying to reconnect.!
﻿12:53:37 : Problems logging in to the server.!
﻿12:53:37 : Lost Connection!
﻿12:53:37 : Closing socket & exiting!
﻿12:53:46 : Failed to login. Trying to reconnect.!
﻿12:53:56 : Failed to login. Trying to reconnect.!
﻿12:54:06 : Failed to login. Trying to reconnect.!
﻿12:54:16 : Failed to login. Trying to reconnect.!
﻿12:54:26 : Failed to login. Trying to reconnect.!
﻿12:54:36 : Failed to login. Trying to reconnect.!
﻿12:54:46 : Problems logging in to the server.!
﻿12:54:46 : Lost Connection!
﻿12:54:46 : Closing socket & exiting!
﻿12:54:55 : Failed to login. Trying to reconnect.!
﻿12:55:05 : Failed to login. Trying to reconnect.!
﻿12:55:15 : Failed to login. Trying to reconnect.!
﻿12:55:25 : Failed to login. Trying to reconnect.!
﻿12:55:35 : Failed to login. Trying to reconnect.!
﻿12:55:45 : Failed to login. Trying to reconnect.!
﻿12:55:55 : Problems logging in to the server.!
﻿12:55:55 : Lost Connection!
﻿12:55:55 : Closing socket & exiting!
﻿12:56:04 : Failed to login. Trying to reconnect.!
﻿12:56:14 : Failed to login. Trying to reconnect.!
﻿12:56:24 : Failed to login. Trying to reconnect.!
﻿12:56:34 : Failed to login. Trying to reconnect.!
﻿12:56:44 : Failed to login. Trying to reconnect.!
﻿12:56:54 : Failed to login. Trying to reconnect.!
﻿12:57:04 : Problems logging in to the server.!
﻿12:57:04 : Lost Connection!
﻿12:57:04 : Closing socket & exiting!
﻿12:57:13 : Failed to login. Trying to reconnect.!
﻿12:57:23 : Failed to login. Trying to reconnect.!
﻿12:57:33 : Failed to login. Trying to reconnect.!
﻿12:57:43 : Failed to login. Trying to reconnect.!
﻿12:57:53 : Failed to login. Trying to reconnect.!
﻿12:58:03 : Failed to login. Trying to reconnect.!
﻿12:58:13 : Problems logging in to the server.!
﻿12:58:13 : Lost Connection!
﻿12:58:13 : Closing socket & exiting!
﻿12:58:22 : Failed to login. Trying to reconnect.!
﻿12:58:32 : Failed to login. Trying to reconnect.!
﻿12:58:42 : Failed to login. Trying to reconnect.!
﻿12:58:52 : Failed to login. Trying to reconnect.!
﻿12:59:02 : Failed to login. Trying to reconnect.!
﻿12:59:12 : Failed to login. Trying to reconnect.!
﻿12:59:22 : Problems logging in to the server.!
﻿12:59:22 : Lost Connection!
﻿12:59:22 : Closing socket & exiting!
﻿12:59:31 : Failed to login. Trying to reconnect.!
﻿12:59:41 : Failed to login. Trying to reconnect.!
﻿12:59:51 : Failed to login. Trying to reconnect.!
﻿13:00:01 : Failed to login. Trying to reconnect.!
﻿13:00:11 : Failed to login. Trying to reconnect.!
﻿13:00:21 : Failed to login. Trying to reconnect.!
﻿13:00:31 : Problems logging in to the server.!
﻿13:00:31 : Lost Connection!
﻿13:00:31 : Closing socket & exiting!
﻿13:00:40 : Failed to login. Trying to reconnect.!
﻿13:00:50 : Failed to login. Trying to reconnect.!
﻿13:01:00 : Failed to login. Trying to reconnect.!
﻿13:01:10 : Failed to login. Trying to reconnect.!
﻿13:01:20 : Failed to login. Trying to reconnect.!
﻿13:01:30 : Failed to login. Trying to reconnect.!
﻿13:01:40 : Problems logging in to the server.!
﻿13:01:40 : Lost Connection!
﻿13:01:40 : Closing socket & exiting!
﻿13:01:49 : Failed to login. Trying to reconnect.!
﻿13:01:59 : Failed to login. Trying to reconnect.!
﻿13:02:09 : Failed to login. Trying to reconnect.!
﻿13:02:19 : Failed to login. Trying to reconnect.!
﻿13:02:29 : Failed to login. Trying to reconnect.!
﻿13:02:39 : Failed to login. Trying to reconnect.!
﻿13:02:49 : Problems logging in to the server.!
﻿13:02:49 : Lost Connection!
﻿13:02:49 : Closing socket & exiting!
﻿13:02:58 : Failed to login. Trying to reconnect.!
﻿13:03:08 : Failed to login. Trying to reconnect.!
﻿13:03:18 : Failed to login. Trying to reconnect.!
﻿13:03:28 : Failed to login. Trying to reconnect.!
﻿13:03:38 : Failed to login. Trying to reconnect.!
﻿13:03:48 : Failed to login. Trying to reconnect.!
﻿13:03:58 : Problems logging in to the server.!
﻿13:03:58 : Lost Connection!
﻿13:03:58 : Closing socket & exiting!
﻿13:04:07 : Failed to login. Trying to reconnect.!
﻿13:04:17 : Failed to login. Trying to reconnect.!
﻿13:04:27 : Failed to login. Trying to reconnect.!
﻿13:04:37 : Failed to login. Trying to reconnect.!
﻿13:04:47 : Failed to login. Trying to reconnect.!
﻿13:04:57 : Failed to login. Trying to reconnect.!
﻿13:05:07 : Problems logging in to the server.!
﻿13:05:07 : Lost Connection!
﻿13:05:07 : Closing socket & exiting!
﻿13:05:16 : Failed to login. Trying to reconnect.!
﻿13:05:26 : Failed to login. Trying to reconnect.!
﻿13:05:36 : Failed to login. Trying to reconnect.!
﻿13:05:46 : Failed to login. Trying to reconnect.!
﻿13:05:56 : Failed to login. Trying to reconnect.!
﻿13:06:06 : Failed to login. Trying to reconnect.!
﻿13:06:16 : Problems logging in to the server.!
﻿13:06:16 : Lost Connection!
﻿13:06:16 : Closing socket & exiting!
﻿13:06:25 : Failed to login. Trying to reconnect.!
﻿13:06:35 : Failed to login. Trying to reconnect.!
﻿13:06:45 : Failed to login. Trying to reconnect.!
﻿13:06:55 : Failed to login. Trying to reconnect.!
﻿13:07:05 : Failed to login. Trying to reconnect.!
﻿13:07:15 : Failed to login. Trying to reconnect.!
﻿13:07:25 : Problems logging in to the server.!
﻿13:07:25 : Lost Connection!
﻿13:07:25 : Closing socket & exiting!
﻿13:07:34 : Failed to login. Trying to reconnect.!
﻿13:07:44 : Failed to login. Trying to reconnect.!
﻿13:07:54 : Failed to login. Trying to reconnect.!
﻿13:08:04 : Failed to login. Trying to reconnect.!
﻿13:08:14 : Failed to login. Trying to reconnect.!
﻿13:08:24 : Failed to login. Trying to reconnect.!
﻿13:08:34 : Problems logging in to the server.!
﻿13:08:34 : Lost Connection!
﻿13:08:34 : Closing socket & exiting!
﻿13:08:43 : Failed to login. Trying to reconnect.!
﻿13:08:53 : Failed to login. Trying to reconnect.!
﻿13:09:03 : Failed to login. Trying to reconnect.!
﻿13:09:13 : Failed to login. Trying to reconnect.!
﻿13:09:23 : Failed to login. Trying to reconnect.!
﻿13:09:33 : Failed to login. Trying to reconnect.!
﻿13:09:43 : Problems logging in to the server.!
﻿13:09:43 : Lost Connection!
﻿13:09:43 : Closing socket & exiting!
﻿13:09:52 : Failed to login. Trying to reconnect.!
﻿13:10:02 : Failed to login. Trying to reconnect.!
﻿13:10:12 : Failed to login. Trying to reconnect.!
﻿13:10:22 : Failed to login. Trying to reconnect.!
﻿13:10:32 : Failed to login. Trying to reconnect.!
﻿13:10:42 : Failed to login. Trying to reconnect.!
﻿13:10:52 : Problems logging in to the server.!
﻿13:10:52 : Lost Connection!
﻿13:10:52 : Closing socket & exiting!
﻿13:11:01 : Failed to login. Trying to reconnect.!
﻿13:11:11 : Failed to login. Trying to reconnect.!
﻿13:11:21 : Failed to login. Trying to reconnect.!
﻿13:11:31 : Failed to login. Trying to reconnect.!
﻿13:11:41 : Failed to login. Trying to reconnect.!
﻿13:11:51 : Failed to login. Trying to reconnect.!
﻿13:12:01 : Problems logging in to the server.!
﻿13:12:01 : Lost Connection!
﻿13:12:01 : Closing socket & exiting!
﻿13:12:10 : Failed to login. Trying to reconnect.!
﻿13:12:20 : Failed to login. Trying to reconnect.!
﻿13:12:30 : Failed to login. Trying to reconnect.!
﻿13:12:40 : Failed to login. Trying to reconnect.!
﻿13:12:50 : Failed to login. Trying to reconnect.!
﻿13:13:00 : Failed to login. Trying to reconnect.!
﻿13:13:10 : Problems logging in to the server.!
﻿13:13:10 : Lost Connection!
﻿13:13:10 : Closing socket & exiting!
﻿13:13:19 : Failed to login. Trying to reconnect.!
﻿13:13:29 : Failed to login. Trying to reconnect.!
﻿13:13:39 : Failed to login. Trying to reconnect.!
﻿13:13:49 : Failed to login. Trying to reconnect.!
﻿13:13:59 : Failed to login. Trying to reconnect.!
﻿13:14:09 : Failed to login. Trying to reconnect.!
﻿13:14:19 : Problems logging in to the server.!
﻿13:14:19 : Lost Connection!
﻿13:14:19 : Closing socket & exiting!
﻿13:14:28 : Failed to login. Trying to reconnect.!
﻿13:14:38 : Failed to login. Trying to reconnect.!
﻿13:14:48 : Failed to login. Trying to reconnect.!
﻿13:14:58 : Failed to login. Trying to reconnect.!
﻿13:15:08 : Failed to login. Trying to reconnect.!
﻿13:15:18 : Failed to login. Trying to reconnect.!
﻿13:15:28 : Problems logging in to the server.!
﻿13:15:28 : Lost Connection!
﻿13:15:28 : Closing socket & exiting!
﻿13:15:37 : Failed to login. Trying to reconnect.!
﻿13:15:47 : Failed to login. Trying to reconnect.!
﻿13:15:57 : Failed to login. Trying to reconnect.!
﻿13:16:07 : Failed to login. Trying to reconnect.!
﻿13:16:17 : Failed to login. Trying to reconnect.!
﻿13:16:27 : Failed to login. Trying to reconnect.!
﻿13:16:37 : Problems logging in to the server.!
﻿13:16:37 : Lost Connection!
﻿13:16:37 : Closing socket & exiting!
﻿13:16:46 : Failed to login. Trying to reconnect.!
﻿13:16:56 : Failed to login. Trying to reconnect.!
﻿13:17:06 : Failed to login. Trying to reconnect.!
﻿13:17:16 : Failed to login. Trying to reconnect.!
﻿13:17:26 : Failed to login. Trying to reconnect.!
﻿13:17:36 : Failed to login. Trying to reconnect.!
﻿13:17:46 : Problems logging in to the server.!
﻿13:17:46 : Lost Connection!
﻿13:17:46 : Closing socket & exiting!
﻿13:17:55 : Failed to login. Trying to reconnect.!
﻿13:18:05 : Failed to login. Trying to reconnect.!
﻿13:18:15 : Failed to login. Trying to reconnect.!
﻿13:18:25 : Failed to login. Trying to reconnect.!
﻿13:18:35 : Failed to login. Trying to reconnect.!
﻿13:18:45 : Failed to login. Trying to reconnect.!
﻿13:18:55 : Problems logging in to the server.!
﻿13:18:55 : Lost Connection!
﻿13:18:55 : Closing socket & exiting!
﻿13:19:04 : Failed to login. Trying to reconnect.!
﻿13:19:14 : Failed to login. Trying to reconnect.!
﻿13:19:24 : Failed to login. Trying to reconnect.!
﻿13:19:34 : Failed to login. Trying to reconnect.!
﻿13:19:44 : Failed to login. Trying to reconnect.!
﻿13:19:54 : Failed to login. Trying to reconnect.!
﻿13:20:04 : Problems logging in to the server.!
﻿13:20:04 : Lost Connection!
﻿13:20:04 : Closing socket & exiting!
﻿13:20:13 : Failed to login. Trying to reconnect.!
﻿13:20:23 : Failed to login. Trying to reconnect.!
﻿13:20:33 : Failed to login. Trying to reconnect.!
﻿13:20:43 : Failed to login. Trying to reconnect.!
﻿13:20:53 : Failed to login. Trying to reconnect.!
﻿13:21:03 : Failed to login. Trying to reconnect.!
﻿13:21:13 : Problems logging in to the server.!
﻿13:21:13 : Lost Connection!
﻿13:21:13 : Closing socket & exiting!
﻿13:21:22 : Failed to login. Trying to reconnect.!
﻿13:21:32 : Failed to login. Trying to reconnect.!
﻿13:21:42 : Failed to login. Trying to reconnect.!
﻿13:21:52 : Failed to login. Trying to reconnect.!
﻿13:22:02 : Failed to login. Trying to reconnect.!
﻿13:22:12 : Failed to login. Trying to reconnect.!
﻿13:22:22 : Problems logging in to the server.!
﻿13:22:22 : Lost Connection!
﻿13:22:22 : Closing socket & exiting!
﻿13:22:31 : Failed to login. Trying to reconnect.!
﻿13:22:41 : Failed to login. Trying to reconnect.!
﻿13:22:51 : Failed to login. Trying to reconnect.!
﻿13:23:01 : Failed to login. Trying to reconnect.!
﻿13:23:11 : Failed to login. Trying to reconnect.!
﻿13:23:21 : Failed to login. Trying to reconnect.!
﻿13:23:31 : Problems logging in to the server.!
﻿13:23:31 : Lost Connection!
﻿13:23:31 : Closing socket & exiting!
﻿13:23:40 : Failed to login. Trying to reconnect.!
﻿13:23:50 : Failed to login. Trying to reconnect.!
﻿13:24:00 : Failed to login. Trying to reconnect.!
﻿13:24:10 : Failed to login. Trying to reconnect.!
﻿13:24:20 : Failed to login. Trying to reconnect.!
﻿13:24:30 : Failed to login. Trying to reconnect.!
﻿13:24:40 : Problems logging in to the server.!
﻿13:24:40 : Lost Connection!
﻿13:24:40 : Closing socket & exiting!
﻿13:24:49 : Failed to login. Trying to reconnect.!
﻿13:24:59 : Failed to login. Trying to reconnect.!
﻿13:25:09 : Failed to login. Trying to reconnect.!
﻿13:25:19 : Failed to login. Trying to reconnect.!
﻿13:25:29 : Failed to login. Trying to reconnect.!
﻿13:25:39 : Failed to login. Trying to reconnect.!
﻿13:25:49 : Problems logging in to the server.!
﻿13:25:49 : Lost Connection!
﻿13:25:49 : Closing socket & exiting!
﻿13:25:58 : Failed to login. Trying to reconnect.!
﻿13:26:08 : Failed to login. Trying to reconnect.!
﻿13:26:18 : Failed to login. Trying to reconnect.!
﻿13:26:28 : Failed to login. Trying to reconnect.!
﻿13:26:38 : Failed to login. Trying to reconnect.!
﻿13:26:48 : Failed to login. Trying to reconnect.!
﻿13:26:58 : Problems logging in to the server.!
﻿13:26:58 : Lost Connection!
﻿13:26:58 : Closing socket & exiting!
﻿13:27:07 : Failed to login. Trying to reconnect.!
﻿13:27:17 : Failed to login. Trying to reconnect.!
﻿13:27:27 : Failed to login. Trying to reconnect.!
﻿13:27:37 : Failed to login. Trying to reconnect.!
﻿13:27:47 : Failed to login. Trying to reconnect.!
﻿13:27:57 : Failed to login. Trying to reconnect.!
﻿13:28:07 : Problems logging in to the server.!
﻿13:28:07 : Lost Connection!
﻿13:28:07 : Closing socket & exiting!
﻿13:28:16 : Failed to login. Trying to reconnect.!
﻿13:28:26 : Failed to login. Trying to reconnect.!
﻿13:28:36 : Failed to login. Trying to reconnect.!
﻿13:28:46 : Failed to login. Trying to reconnect.!
﻿13:28:56 : Failed to login. Trying to reconnect.!
﻿13:29:06 : Failed to login. Trying to reconnect.!
﻿13:29:16 : Problems logging in to the server.!
﻿13:29:16 : Lost Connection!
﻿13:29:16 : Closing socket & exiting!
﻿13:29:25 : Failed to login. Trying to reconnect.!
﻿13:29:35 : Failed to login. Trying to reconnect.!
﻿13:29:45 : Failed to login. Trying to reconnect.!
﻿13:29:55 : Failed to login. Trying to reconnect.!
﻿13:30:05 : Failed to login. Trying to reconnect.!
﻿13:30:15 : Failed to login. Trying to reconnect.!
﻿13:30:25 : Problems logging in to the server.!
﻿13:30:25 : Lost Connection!
﻿13:30:25 : Closing socket & exiting!
﻿13:30:34 : Failed to login. Trying to reconnect.!
﻿13:30:44 : Failed to login. Trying to reconnect.!
﻿13:30:54 : Failed to login. Trying to reconnect.!
﻿13:31:04 : Failed to login. Trying to reconnect.!
﻿13:31:14 : Failed to login. Trying to reconnect.!
﻿13:31:24 : Failed to login. Trying to reconnect.!
﻿13:31:34 : Problems logging in to the server.!
﻿13:31:34 : Lost Connection!
﻿13:31:34 : Closing socket & exiting!
﻿13:31:43 : Failed to login. Trying to reconnect.!
﻿13:31:53 : Failed to login. Trying to reconnect.!
﻿13:32:03 : Failed to login. Trying to reconnect.!
﻿13:32:13 : Failed to login. Trying to reconnect.!
﻿13:32:23 : Failed to login. Trying to reconnect.!
﻿13:32:33 : Failed to login. Trying to reconnect.!
﻿13:32:43 : Problems logging in to the server.!
﻿13:32:43 : Lost Connection!
﻿13:32:43 : Closing socket & exiting!
﻿13:32:52 : Failed to login. Trying to reconnect.!
﻿13:33:02 : Failed to login. Trying to reconnect.!
﻿13:33:12 : Failed to login. Trying to reconnect.!
﻿13:33:22 : Failed to login. Trying to reconnect.!
﻿13:33:32 : Failed to login. Trying to reconnect.!
﻿13:33:42 : Failed to login. Trying to reconnect.!
﻿13:33:52 : Problems logging in to the server.!
﻿13:33:52 : Lost Connection!
﻿13:33:52 : Closing socket & exiting!
﻿13:34:01 : Failed to login. Trying to reconnect.!
﻿13:34:11 : Failed to login. Trying to reconnect.!
﻿13:34:21 : Failed to login. Trying to reconnect.!
﻿13:34:31 : Failed to login. Trying to reconnect.!
﻿13:34:41 : Failed to login. Trying to reconnect.!
﻿13:34:51 : Failed to login. Trying to reconnect.!
﻿13:35:01 : Problems logging in to the server.!
﻿13:35:01 : Lost Connection!
﻿13:35:01 : Closing socket & exiting!
﻿13:35:10 : Failed to login. Trying to reconnect.!
﻿13:35:20 : Failed to login. Trying to reconnect.!
﻿13:35:30 : Failed to login. Trying to reconnect.!
﻿13:35:40 : Failed to login. Trying to reconnect.!
﻿13:35:50 : Failed to login. Trying to reconnect.!
﻿13:36:00 : Failed to login. Trying to reconnect.!
﻿13:36:10 : Problems logging in to the server.!
﻿13:36:10 : Lost Connection!
﻿13:36:10 : Closing socket & exiting!
﻿13:36:19 : Failed to login. Trying to reconnect.!
﻿13:36:29 : Failed to login. Trying to reconnect.!
﻿13:36:39 : Failed to login. Trying to reconnect.!
﻿13:36:49 : Failed to login. Trying to reconnect.!
﻿13:36:59 : Failed to login. Trying to reconnect.!
﻿13:37:09 : Failed to login. Trying to reconnect.!
﻿13:37:19 : Problems logging in to the server.!
﻿13:37:19 : Lost Connection!
﻿13:37:19 : Closing socket & exiting!
﻿13:37:28 : Failed to login. Trying to reconnect.!
﻿13:37:38 : Failed to login. Trying to reconnect.!
﻿13:37:48 : Failed to login. Trying to reconnect.!
﻿13:37:58 : Failed to login. Trying to reconnect.!
﻿13:38:08 : Failed to login. Trying to reconnect.!
﻿13:38:18 : Failed to login. Trying to reconnect.!
﻿13:38:28 : Problems logging in to the server.!
﻿13:38:28 : Lost Connection!
﻿13:38:28 : Closing socket & exiting!
﻿13:38:37 : Failed to login. Trying to reconnect.!
﻿13:38:47 : Failed to login. Trying to reconnect.!
﻿13:38:57 : Failed to login. Trying to reconnect.!
﻿13:39:07 : Failed to login. Trying to reconnect.!
﻿13:39:17 : Failed to login. Trying to reconnect.!
﻿13:39:27 : Failed to login. Trying to reconnect.!
﻿13:39:37 : Problems logging in to the server.!
﻿13:39:37 : Lost Connection!
﻿13:39:37 : Closing socket & exiting!
﻿13:39:46 : Failed to login. Trying to reconnect.!
﻿13:39:56 : Failed to login. Trying to reconnect.!
﻿13:40:06 : Failed to login. Trying to reconnect.!
﻿13:40:16 : Failed to login. Trying to reconnect.!
﻿13:40:26 : Failed to login. Trying to reconnect.!
﻿13:40:36 : Failed to login. Trying to reconnect.!
﻿13:40:46 : Problems logging in to the server.!
﻿13:40:46 : Lost Connection!
﻿13:40:46 : Closing socket & exiting!
﻿13:40:55 : Failed to login. Trying to reconnect.!
﻿13:41:05 : Failed to login. Trying to reconnect.!
﻿13:41:15 : Failed to login. Trying to reconnect.!
﻿13:41:25 : Failed to login. Trying to reconnect.!
﻿13:41:35 : Failed to login. Trying to reconnect.!
﻿13:41:45 : Failed to login. Trying to reconnect.!
﻿13:41:55 : Problems logging in to the server.!
﻿13:41:55 : Lost Connection!
﻿13:41:55 : Closing socket & exiting!
﻿13:42:04 : Failed to login. Trying to reconnect.!
﻿13:42:14 : Failed to login. Trying to reconnect.!
﻿13:42:24 : Failed to login. Trying to reconnect.!
﻿13:42:34 : Failed to login. Trying to reconnect.!
﻿13:42:44 : Failed to login. Trying to reconnect.!
﻿13:42:54 : Failed to login. Trying to reconnect.!
﻿13:43:04 : Problems logging in to the server.!
﻿13:43:04 : Lost Connection!
﻿13:43:04 : Closing socket & exiting!
﻿13:43:13 : Failed to login. Trying to reconnect.!
﻿13:43:23 : Failed to login. Trying to reconnect.!
﻿13:43:33 : Failed to login. Trying to reconnect.!
﻿13:43:43 : Failed to login. Trying to reconnect.!
﻿13:43:53 : Failed to login. Trying to reconnect.!
﻿13:44:03 : Failed to login. Trying to reconnect.!
﻿13:44:13 : Problems logging in to the server.!
﻿13:44:13 : Lost Connection!
﻿13:44:13 : Closing socket & exiting!
﻿13:44:22 : Failed to login. Trying to reconnect.!
﻿13:44:32 : Failed to login. Trying to reconnect.!
﻿13:44:42 : Failed to login. Trying to reconnect.!
﻿13:44:52 : Failed to login. Trying to reconnect.!
﻿13:45:02 : Failed to login. Trying to reconnect.!
﻿13:45:12 : Failed to login. Trying to reconnect.!
﻿13:45:22 : Problems logging in to the server.!
﻿13:45:22 : Lost Connection!
﻿13:45:22 : Closing socket & exiting!
﻿13:45:31 : Failed to login. Trying to reconnect.!
﻿13:45:41 : Failed to login. Trying to reconnect.!
﻿13:45:51 : Failed to login. Trying to reconnect.!
﻿13:46:01 : Failed to login. Trying to reconnect.!
﻿13:46:11 : Failed to login. Trying to reconnect.!
﻿13:46:21 : Failed to login. Trying to reconnect.!
﻿13:46:31 : Problems logging in to the server.!
﻿13:46:31 : Lost Connection!
﻿13:46:31 : Closing socket & exiting!
﻿13:46:40 : Failed to login. Trying to reconnect.!
﻿13:46:50 : Failed to login. Trying to reconnect.!
﻿13:47:00 : Failed to login. Trying to reconnect.!
﻿13:47:10 : Failed to login. Trying to reconnect.!
﻿13:47:20 : Failed to login. Trying to reconnect.!
﻿13:47:30 : Failed to login. Trying to reconnect.!
﻿13:47:40 : Problems logging in to the server.!
﻿13:47:40 : Lost Connection!
﻿13:47:40 : Closing socket & exiting!
﻿13:47:49 : Failed to login. Trying to reconnect.!
﻿13:47:59 : Failed to login. Trying to reconnect.!
﻿13:48:09 : Failed to login. Trying to reconnect.!
﻿13:48:19 : Failed to login. Trying to reconnect.!
﻿13:48:29 : Failed to login. Trying to reconnect.!
﻿13:48:39 : Failed to login. Trying to reconnect.!
﻿13:48:49 : Problems logging in to the server.!
﻿13:48:49 : Lost Connection!
﻿13:48:49 : Closing socket & exiting!
﻿13:48:58 : Failed to login. Trying to reconnect.!
﻿13:49:08 : Failed to login. Trying to reconnect.!
﻿13:49:18 : Failed to login. Trying to reconnect.!
﻿13:49:28 : Failed to login. Trying to reconnect.!
﻿13:49:38 : Failed to login. Trying to reconnect.!
﻿13:49:48 : Failed to login. Trying to reconnect.!
﻿13:49:58 : Problems logging in to the server.!
﻿13:49:58 : Lost Connection!
﻿13:49:58 : Closing socket & exiting!
﻿13:50:07 : Failed to login. Trying to reconnect.!
﻿13:50:17 : Failed to login. Trying to reconnect.!
﻿13:50:27 : Failed to login. Trying to reconnect.!
﻿13:50:37 : Failed to login. Trying to reconnect.!
﻿13:50:47 : Failed to login. Trying to reconnect.!
﻿13:50:57 : Failed to login. Trying to reconnect.!
﻿13:51:07 : Problems logging in to the server.!
﻿13:51:07 : Lost Connection!
﻿13:51:07 : Closing socket & exiting!
﻿13:51:16 : Failed to login. Trying to reconnect.!
﻿13:51:26 : Failed to login. Trying to reconnect.!
﻿13:51:36 : Failed to login. Trying to reconnect.!
﻿13:51:46 : Failed to login. Trying to reconnect.!
﻿13:51:56 : Failed to login. Trying to reconnect.!
﻿13:52:06 : Failed to login. Trying to reconnect.!
﻿13:52:16 : Problems logging in to the server.!
﻿13:52:16 : Lost Connection!
﻿13:52:16 : Closing socket & exiting!
﻿13:52:25 : Failed to login. Trying to reconnect.!
﻿13:52:35 : Failed to login. Trying to reconnect.!
﻿13:52:45 : Failed to login. Trying to reconnect.!
﻿13:52:55 : Failed to login. Trying to reconnect.!
﻿13:53:05 : Failed to login. Trying to reconnect.!
﻿13:53:15 : Failed to login. Trying to reconnect.!
﻿13:53:25 : Problems logging in to the server.!
﻿13:53:25 : Lost Connection!
﻿13:53:25 : Closing socket & exiting!
﻿13:53:34 : Failed to login. Trying to reconnect.!
﻿13:53:44 : Failed to login. Trying to reconnect.!
﻿13:53:54 : Failed to login. Trying to reconnect.!
﻿13:54:04 : Failed to login. Trying to reconnect.!
﻿13:54:14 : Failed to login. Trying to reconnect.!
﻿13:54:24 : Failed to login. Trying to reconnect.!
﻿13:54:34 : Problems logging in to the server.!
﻿13:54:34 : Lost Connection!
﻿13:54:34 : Closing socket & exiting!
﻿13:54:43 : Failed to login. Trying to reconnect.!
﻿13:54:53 : Failed to login. Trying to reconnect.!
﻿13:55:03 : Failed to login. Trying to reconnect.!
﻿13:55:13 : Failed to login. Trying to reconnect.!
﻿13:55:23 : Failed to login. Trying to reconnect.!
﻿13:55:33 : Failed to login. Trying to reconnect.!
﻿13:55:43 : Problems logging in to the server.!
﻿13:55:43 : Lost Connection!
﻿13:55:43 : Closing socket & exiting!
﻿13:55:52 : Failed to login. Trying to reconnect.!
﻿13:56:02 : Failed to login. Trying to reconnect.!
﻿13:56:12 : Failed to login. Trying to reconnect.!
﻿13:56:22 : Failed to login. Trying to reconnect.!
﻿13:56:32 : Failed to login. Trying to reconnect.!
﻿13:56:42 : Failed to login. Trying to reconnect.!
﻿13:56:52 : Problems logging in to the server.!
﻿13:56:52 : Lost Connection!
﻿13:56:52 : Closing socket & exiting!
﻿13:57:01 : Failed to login. Trying to reconnect.!
﻿13:57:11 : Failed to login. Trying to reconnect.!
﻿13:57:21 : Failed to login. Trying to reconnect.!
﻿13:57:31 : Failed to login. Trying to reconnect.!
﻿13:57:41 : Failed to login. Trying to reconnect.!
﻿13:57:51 : Failed to login. Trying to reconnect.!
﻿13:58:01 : Problems logging in to the server.!
﻿13:58:01 : Lost Connection!
﻿13:58:01 : Closing socket & exiting!
﻿13:58:10 : Failed to login. Trying to reconnect.!
﻿13:58:20 : Failed to login. Trying to reconnect.!
﻿13:58:30 : Failed to login. Trying to reconnect.!
﻿13:58:40 : Failed to login. Trying to reconnect.!
﻿13:58:50 : Failed to login. Trying to reconnect.!
﻿13:59:00 : Failed to login. Trying to reconnect.!
﻿13:59:10 : Problems logging in to the server.!
﻿13:59:10 : Lost Connection!
﻿13:59:10 : Closing socket & exiting!
﻿13:59:19 : Failed to login. Trying to reconnect.!
﻿13:59:29 : Failed to login. Trying to reconnect.!
﻿13:59:39 : Failed to login. Trying to reconnect.!
﻿13:59:49 : Failed to login. Trying to reconnect.!
﻿13:59:59 : Failed to login. Trying to reconnect.!
﻿14:00:09 : Failed to login. Trying to reconnect.!
﻿14:00:19 : Problems logging in to the server.!
﻿14:00:19 : Lost Connection!
﻿14:00:19 : Closing socket & exiting!
﻿14:00:28 : Failed to login. Trying to reconnect.!
﻿14:00:38 : Failed to login. Trying to reconnect.!
﻿14:00:48 : Failed to login. Trying to reconnect.!
﻿14:00:58 : Failed to login. Trying to reconnect.!
﻿14:01:08 : Failed to login. Trying to reconnect.!
﻿14:01:18 : Failed to login. Trying to reconnect.!
﻿14:01:28 : Problems logging in to the server.!
﻿14:01:28 : Lost Connection!
﻿14:01:28 : Closing socket & exiting!
﻿14:01:37 : Failed to login. Trying to reconnect.!
﻿14:01:47 : Failed to login. Trying to reconnect.!
﻿14:01:57 : Failed to login. Trying to reconnect.!
﻿14:02:07 : Failed to login. Trying to reconnect.!
﻿14:02:17 : Failed to login. Trying to reconnect.!
﻿14:02:27 : Failed to login. Trying to reconnect.!
﻿14:02:37 : Problems logging in to the server.!
﻿14:02:37 : Lost Connection!
﻿14:02:37 : Closing socket & exiting!
﻿14:02:46 : Failed to login. Trying to reconnect.!
﻿14:02:56 : Failed to login. Trying to reconnect.!
﻿14:03:06 : Failed to login. Trying to reconnect.!
﻿14:03:16 : Failed to login. Trying to reconnect.!
﻿14:03:26 : Failed to login. Trying to reconnect.!
﻿14:03:36 : Failed to login. Trying to reconnect.!
﻿14:03:46 : Problems logging in to the server.!
﻿14:03:46 : Lost Connection!
﻿14:03:46 : Closing socket & exiting!
﻿14:03:55 : Failed to login. Trying to reconnect.!
﻿14:04:05 : Failed to login. Trying to reconnect.!
﻿14:04:15 : Failed to login. Trying to reconnect.!
﻿14:04:25 : Failed to login. Trying to reconnect.!
﻿14:04:35 : Failed to login. Trying to reconnect.!
﻿14:04:45 : Failed to login. Trying to reconnect.!
﻿14:04:55 : Problems logging in to the server.!
﻿14:04:55 : Lost Connection!
﻿14:04:55 : Closing socket & exiting!
﻿14:05:04 : Failed to login. Trying to reconnect.!
﻿14:05:14 : Failed to login. Trying to reconnect.!
﻿14:05:24 : Failed to login. Trying to reconnect.!
﻿14:05:34 : Failed to login. Trying to reconnect.!
﻿14:05:44 : Failed to login. Trying to reconnect.!
﻿14:05:54 : Failed to login. Trying to reconnect.!
﻿14:06:04 : Problems logging in to the server.!
﻿14:06:04 : Lost Connection!
﻿14:06:04 : Closing socket & exiting!
﻿14:06:13 : Failed to login. Trying to reconnect.!
﻿14:06:23 : Failed to login. Trying to reconnect.!
﻿14:06:33 : Failed to login. Trying to reconnect.!
﻿14:06:43 : Failed to login. Trying to reconnect.!
﻿14:06:53 : Failed to login. Trying to reconnect.!
﻿14:07:03 : Failed to login. Trying to reconnect.!
﻿14:07:13 : Problems logging in to the server.!
﻿14:07:13 : Lost Connection!
﻿14:07:13 : Closing socket & exiting!
﻿14:07:22 : Failed to login. Trying to reconnect.!
﻿14:07:50 : Failed to login. Trying to reconnect.!
﻿14:14:49 : Lost Connection!
﻿14:14:49 : Closing socket & exiting!
﻿14:15:03 : Rcon client logging in
﻿14:16:24 : No Valid response. Trying to reconnect.!
﻿14:17:09 : No Valid response. Trying to reconnect.!
﻿14:17:54 : Rcon client logging in
﻿14:18:34 : RCon admin #0 (127.0.0.1:55255) logged in
﻿14:18:35 : RCon admin #0: (Global) Initializing Bec
﻿14:18:38 : RCon admin #1 (217.19.216.226:1034) logged in
﻿14:23:21 : Player #0 Eger,Lesnik (91.196.102.2:2304) connected
﻿14:23:21 : Player #0 Eger,Lesnik - BE GUID: e411dc12537d789005281f48010b2371
﻿14:23:21 : Verified GUID (e411dc12537d789005281f48010b2371) of player #0 Eger,Lesnik
﻿14:45:06 : Player #1 Andrei1664 (46.226.69.155:11780) connected
﻿14:45:06 : Player #1 Andrei1664 - BE GUID: b33a052e66fd72e4a6f66a2baf60aa3d
﻿14:45:07 : Verified GUID (b33a052e66fd72e4a6f66a2baf60aa3d) of player #1 Andrei1664
﻿14:50:15 : Player #0 Eger,Lesnik disconnected
﻿14:55:31 : Player #2 Sahyz (84.52.55.102:2304) connected
﻿14:55:31 : Player #2 Sahyz - BE GUID: 8180db92d81e55240579056b217a7ffa
﻿14:55:31 : Verified GUID (8180db92d81e55240579056b217a7ffa) of player #2 Sahyz
﻿14:56:38 : Player #3 Ejuk (178.64.112.95:2304) connected
﻿14:56:40 : Player #3 Ejuk - BE GUID: 31c83f2b1b2b7e18d2c7328280da2c11
﻿14:56:40 : Verified GUID (31c83f2b1b2b7e18d2c7328280da2c11) of player #3 Ejuk
﻿15:00:45 : Player #4 otshelnik (145.255.21.235:2304) connected
﻿15:00:45 : Player #4 otshelnik - BE GUID: 5fd526ffa930212bbecc9517f062fa69
﻿15:00:46 : Verified GUID (5fd526ffa930212bbecc9517f062fa69) of player #4 otshelnik
﻿15:06:24 : Player #5 Eger,Lesnik (91.196.102.2:2304) connected
﻿15:06:24 : Player #5 Eger,Lesnik - BE GUID: e411dc12537d789005281f48010b2371
﻿15:06:25 : Verified GUID (e411dc12537d789005281f48010b2371) of player #5 Eger,Lesnik
﻿15:09:21 : Player #2 Sahyz disconnected
﻿15:15:25 : Player #6 SegaP (46.165.62.196:2304) connected
﻿15:15:25 : Player #6 SegaP - BE GUID: 20e3b88e99b36946763c571dac7105ac
﻿15:15:25 : Verified GUID (20e3b88e99b36946763c571dac7105ac) of player #6 SegaP
﻿15:16:35 : Player #7 Stas49rus (37.29.88.56:27226) connected
﻿15:16:36 : Player #7 Stas49rus - BE GUID: 3cab06d7656940cf27e8137850c67dde
﻿15:16:36 : Verified GUID (3cab06d7656940cf27e8137850c67dde) of player #7 Stas49rus
﻿15:18:09 : Player #3 Ejuk disconnected
﻿15:25:38 : Player #8 Keksfm (188.134.71.211:2304) connected
﻿15:25:38 : Player #8 Keksfm - BE GUID: a7ca1dd7b314eea544f10fb596c7b604
﻿15:25:39 : Verified GUID (a7ca1dd7b314eea544f10fb596c7b604) of player #8 Keksfm
﻿15:26:57 : Player #6 SegaP disconnected
﻿15:26:57 : Player #9 SegaP (46.165.62.196:2304) connected
﻿15:26:57 : Player #9 SegaP - BE GUID: 20e3b88e99b36946763c571dac7105ac
﻿15:26:58 : Verified GUID (20e3b88e99b36946763c571dac7105ac) of player #9 SegaP
﻿15:27:00 : Player #9 SegaP disconnected
﻿15:27:03 : Player #9 SegaP (46.165.62.196:2304) connected
﻿15:27:03 : Player #9 SegaP - BE GUID: 20e3b88e99b36946763c571dac7105ac
﻿15:27:04 : Verified GUID (20e3b88e99b36946763c571dac7105ac) of player #9 SegaP
﻿15:33:55 : Player #10 molodoi (46.187.28.8:2304) connected
﻿15:33:57 : Player #10 molodoi - BE GUID: ba3b6c3e9318f74e7c9dd841d189bfea
﻿15:33:57 : Verified GUID (ba3b6c3e9318f74e7c9dd841d189bfea) of player #10 molodoi
﻿15:34:49 : Player #9 SegaP disconnected
﻿15:41:52 : Player #11 [MC4]DimonA22 (90.151.93.161:2992) connected
﻿15:41:52 : Player #11 [MC4]DimonA22 - BE GUID: 83bfe6d38be9c904408abdcf0a30f3a5
﻿15:41:52 : Verified GUID (83bfe6d38be9c904408abdcf0a30f3a5) of player #11 [MC4]DimonA22
﻿15:42:29 : Player #8 Keksfm disconnected
﻿15:45:00 : RCon admin #0: (Global) BEC : Рестарт произойдёт через 15 минут.
﻿15:47:36 : Player #5 Eger,Lesnik disconnected
﻿15:55:00 : RCon admin #0: (Global) BEC : Рестарт произойдёт через 5 минут.
﻿15:57:15 : Player #12 CKOPOCTb (178.205.130.191:2304) connected
﻿15:57:16 : Player #12 CKOPOCTb - BE GUID: 733a559c2137196c2ee59f207a6e2720
﻿15:57:16 : Verified GUID (733a559c2137196c2ee59f207a6e2720) of player #12 CKOPOCTb
﻿15:59:00 : RCon admin #0: (Global) BEC : Рестарт произойдёт через 1 минуту.
﻿15:59:20 : Player #1 Andrei1664 disconnected
﻿15:59:49 : Player #12 CKOPOCTb disconnected
﻿16:00:01 : Player #4 otshelnik disconnected
﻿16:00:46 : No Valid response. Trying to reconnect.!
﻿16:01:31 : No Valid response. Trying to reconnect.!
﻿16:02:16 : No Valid response. Trying to reconnect.!
﻿16:03:02 : Lost Connection!
﻿16:03:02 : Closing socket & exiting!
﻿16:03:14 : Failed to login. Trying to reconnect.!
﻿16:03:24 : Failed to login. Trying to reconnect.!
﻿16:03:34 : Failed to login. Trying to reconnect.!
﻿16:03:44 : Failed to login. Trying to reconnect.!
﻿16:03:54 : Failed to login. Trying to reconnect.!
﻿16:04:04 : Failed to login. Trying to reconnect.!
﻿16:04:14 : Problems logging in to the server.!
﻿16:04:14 : Lost Connection!
﻿16:04:14 : Closing socket & exiting!
﻿16:04:23 : Failed to login. Trying to reconnect.!
﻿16:04:33 : Failed to login. Trying to reconnect.!
﻿16:04:43 : Failed to login. Trying to reconnect.!
﻿16:04:53 : Failed to login. Trying to reconnect.!
﻿16:05:03 : Failed to login. Trying to reconnect.!
﻿16:05:13 : Failed to login. Trying to reconnect.!
﻿16:05:23 : Problems logging in to the server.!
﻿16:05:23 : Lost Connection!
﻿16:05:23 : Closing socket & exiting!
﻿16:05:32 : Failed to login. Trying to reconnect.!
﻿16:05:42 : Failed to login. Trying to reconnect.!
﻿16:06:12 : Lost Connection!
﻿16:06:12 : Closing socket & exiting!
﻿16:06:26 : Rcon client logging in
﻿16:06:59 : RCon admin #0 (127.0.0.1:60373) logged in
﻿16:06:59 : RCon admin #0: (Global) Initializing Bec
﻿16:06:59 : RCon admin #1 (217.19.216.226:1030) logged in
﻿16:06:59 : Player #0 Andrei1664 (46.226.69.155:16832) connected
﻿16:06:59 : Player #1 otshelnik (145.255.21.235:2304) connected
﻿16:07:00 : Player #0 Andrei1664 - BE GUID: b33a052e66fd72e4a6f66a2baf60aa3d
﻿16:07:00 : Player #1 otshelnik - BE GUID: 5fd526ffa930212bbecc9517f062fa69
﻿16:07:00 : Verified GUID (b33a052e66fd72e4a6f66a2baf60aa3d) of player #0 Andrei1664
﻿16:07:00 : Verified GUID (5fd526ffa930212bbecc9517f062fa69) of player #1 otshelnik
﻿16:07:26 : Player #2 [MC4]DimonA22 (90.151.93.161:2992) connected
﻿16:07:26 : Player #2 [MC4]DimonA22 - BE GUID: 83bfe6d38be9c904408abdcf0a30f3a5
﻿16:07:27 : Verified GUID (83bfe6d38be9c904408abdcf0a30f3a5) of player #2 [MC4]DimonA22
﻿16:07:45 : Player #3 molodoi (46.187.28.8:2304) connected
﻿16:07:45 : Player #3 molodoi - BE GUID: ba3b6c3e9318f74e7c9dd841d189bfea
﻿16:07:45 : Verified GUID (ba3b6c3e9318f74e7c9dd841d189bfea) of player #3 molodoi
﻿16:17:00 : Player #4 Stas49rus (37.29.88.56:22578) connected
﻿16:17:00 : Player #4 Stas49rus - BE GUID: 3cab06d7656940cf27e8137850c67dde
﻿16:17:01 : Verified GUID (3cab06d7656940cf27e8137850c67dde) of player #4 Stas49rus
﻿16:37:49 : Player #5 Eger,Lesnik (91.196.102.2:2304) connected
﻿16:37:50 : Player #5 Eger,Lesnik - BE GUID: e411dc12537d789005281f48010b2371
﻿16:37:50 : Verified GUID (e411dc12537d789005281f48010b2371) of player #5 Eger,Lesnik
﻿16:51:59 : Player #0 Andrei1664 disconnected
﻿17:07:21 : Player #4 Stas49rus disconnected
﻿17:08:35 : Player #6 Stas49rus (37.29.88.56:22578) connected
﻿17:08:36 : Player #6 Stas49rus - BE GUID: 3cab06d7656940cf27e8137850c67dde
﻿17:08:36 : Verified GUID (3cab06d7656940cf27e8137850c67dde) of player #6 Stas49rus
﻿17:10:33 : Player #7 Andrei1664 (46.226.69.155:21155) connected
﻿17:10:33 : Player #7 Andrei1664 - BE GUID: b33a052e66fd72e4a6f66a2baf60aa3d
﻿17:10:34 : Verified GUID (b33a052e66fd72e4a6f66a2baf60aa3d) of player #7 Andrei1664
﻿17:21:14 : Player #1 otshelnik disconnected
﻿17:23:20 : Player #8 otshelnik (145.255.21.235:2304) connected
﻿17:23:20 : Player #8 otshelnik - BE GUID: 5fd526ffa930212bbecc9517f062fa69
﻿17:23:21 : Verified GUID (5fd526ffa930212bbecc9517f062fa69) of player #8 otshelnik
﻿17:29:17 : Player #2 [MC4]DimonA22 disconnected
﻿17:30:05 : Player #9 [MC4]DimonA22 (90.151.93.161:2992) connected
﻿17:30:05 : Player #9 [MC4]DimonA22 - BE GUID: 83bfe6d38be9c904408abdcf0a30f3a5
﻿17:30:06 : Verified GUID (83bfe6d38be9c904408abdcf0a30f3a5) of player #9 [MC4]DimonA22
﻿17:39:06 : Player #10 Stalin (94.25.168.139:64726) connected
﻿17:39:06 : Player #10 Stalin - BE GUID: 2393371720dea4879fcbc1df2c9cbc90
﻿17:39:07 : Verified GUID (2393371720dea4879fcbc1df2c9cbc90) of player #10 Stalin
﻿17:49:15 : Player #11 Kant (37.112.146.235:38287) connected
﻿17:49:17 : Player #11 Kant - BE GUID: 61c1da3ac6ad84776bf8448e426eb4f1
﻿17:49:17 : Verified GUID (61c1da3ac6ad84776bf8448e426eb4f1) of player #11 Kant
﻿17:49:18 : Player #12 CKOPOCTb (178.205.130.191:2304) connected
﻿17:49:19 : Player #12 CKOPOCTb - BE GUID: 733a559c2137196c2ee59f207a6e2720
﻿17:49:19 : Verified GUID (733a559c2137196c2ee59f207a6e2720) of player #12 CKOPOCTb
﻿17:50:17 : Player #7 Andrei1664 disconnected
﻿17:51:31 : Player #13 Andrei1664 (46.226.69.155:21155) connected
﻿17:51:31 : Player #13 Andrei1664 - BE GUID: b33a052e66fd72e4a6f66a2baf60aa3d
﻿17:51:31 : Verified GUID (b33a052e66fd72e4a6f66a2baf60aa3d) of player #13 Andrei1664
﻿17:52:40 : Player #13 Andrei1664 disconnected
﻿17:53:00 : Player #13 Andrei1664 (46.226.69.155:21155) connected
﻿17:53:00 : Player #13 Andrei1664 - BE GUID: b33a052e66fd72e4a6f66a2baf60aa3d
﻿17:53:01 : Verified GUID (b33a052e66fd72e4a6f66a2baf60aa3d) of player #13 Andrei1664
﻿18:00:26 : Player #9 [MC4]DimonA22 disconnected
﻿18:03:19 : Player #5 Eger,Lesnik disconnected
﻿18:14:23 : Player #6 Stas49rus disconnected
﻿18:14:26 : Player #14 Stas49rus (37.29.88.56:22578) connected
﻿18:14:27 : Player #14 Stas49rus - BE GUID: 3cab06d7656940cf27e8137850c67dde
﻿18:14:27 : Verified GUID (3cab06d7656940cf27e8137850c67dde) of player #14 Stas49rus
﻿18:18:22 : RCon admin #1: (Global) [Сидорович] Сталкерня, ВЫБРОС!
﻿18:18:44 : Player #10 Stalin disconnected
﻿18:18:50 : Player #12 CKOPOCTb disconnected
﻿18:18:51 : Player #3 molodoi disconnected
﻿18:19:36 : No Valid response. Trying to reconnect.!
﻿18:20:21 : No Valid response. Trying to reconnect.!
﻿18:21:06 : No Valid response. Trying to reconnect.!
﻿18:22:06 : Lost Connection!
﻿18:22:06 : Closing socket & exiting!
﻿18:22:20 : Rcon client logging in
﻿18:22:54 : RCon admin #0 (217.19.216.226:1033) logged in
﻿18:22:54 : RCon admin #1 (127.0.0.1:58653) logged in
﻿18:22:54 : RCon admin #1: (Global) Initializing Bec
﻿18:22:54 : Player #0 Stas49rus (37.29.88.56:22578) connected
﻿18:22:54 : Player #1 molodoi (46.187.28.8:2304) connected
﻿18:22:55 : Player #1 molodoi - BE GUID: ba3b6c3e9318f74e7c9dd841d189bfea
﻿18:22:55 : Player #0 Stas49rus - BE GUID: 3cab06d7656940cf27e8137850c67dde
﻿18:22:55 : Verified GUID (ba3b6c3e9318f74e7c9dd841d189bfea) of player #1 molodoi
﻿18:22:55 : Verified GUID (3cab06d7656940cf27e8137850c67dde) of player #0 Stas49rus
﻿18:22:58 : Player #2 Kant (37.112.146.235:38287) connected
﻿18:22:58 : Player #2 Kant - BE GUID: 61c1da3ac6ad84776bf8448e426eb4f1
﻿18:22:59 : Verified GUID (61c1da3ac6ad84776bf8448e426eb4f1) of player #2 Kant
﻿18:23:02 : Player #3 Andrei1664 (46.226.69.155:31261) connected
﻿18:23:02 : Player #3 Andrei1664 - BE GUID: b33a052e66fd72e4a6f66a2baf60aa3d
﻿18:23:02 : Verified GUID (b33a052e66fd72e4a6f66a2baf60aa3d) of player #3 Andrei1664
﻿18:30:06 : Player #4 CKOPOCTb (178.205.130.191:2304) connected
﻿18:30:07 : Player #4 CKOPOCTb - BE GUID: 733a559c2137196c2ee59f207a6e2720
﻿18:30:07 : Verified GUID (733a559c2137196c2ee59f207a6e2720) of player #4 CKOPOCTb
﻿18:30:14 : Player #2 Kant disconnected
﻿18:30:45 : Player #5 Kant (37.112.146.235:38287) connected
﻿18:30:46 : Player #5 Kant - BE GUID: 61c1da3ac6ad84776bf8448e426eb4f1
﻿18:30:47 : Verified GUID (61c1da3ac6ad84776bf8448e426eb4f1) of player #5 Kant
﻿18:31:23 : Player #6 otshelnik (145.255.21.235:2304) connected
﻿18:31:25 : Player #6 otshelnik - BE GUID: 5fd526ffa930212bbecc9517f062fa69
﻿18:31:25 : Verified GUID (5fd526ffa930212bbecc9517f062fa69) of player #6 otshelnik
﻿18:31:28 : Player #7 Dony (217.19.216.226:2304) connected
﻿18:31:28 : Player #7 Dony - BE GUID: 8e71eebdeb37718c4c2c169aa3c680a2
﻿18:31:28 : Verified GUID (8e71eebdeb37718c4c2c169aa3c680a2) of player #7 Dony
﻿18:32:02 : Player #4 CKOPOCTb disconnected
﻿18:33:08 : Player #8 CKOPOCTb (178.205.130.191:2304) connected
﻿18:33:08 : Player #8 CKOPOCTb - BE GUID: 733a559c2137196c2ee59f207a6e2720
﻿18:33:09 : Verified GUID (733a559c2137196c2ee59f207a6e2720) of player #8 CKOPOCTb
﻿18:33:32 : Player #9 Stalin (94.25.168.139:23292) connected
﻿18:33:32 : Player #9 Stalin - BE GUID: 2393371720dea4879fcbc1df2c9cbc90
﻿18:33:33 : Verified GUID (2393371720dea4879fcbc1df2c9cbc90) of player #9 Stalin
﻿18:34:34 : Player #9 Stalin (2393371720dea4879fcbc1df2c9cbc90) has been kicked by BattlEye: Client not responding
﻿18:37:25 : Player #9 Stalin (94.25.168.139:23292) connected
﻿18:37:25 : Player #9 Stalin - BE GUID: 2393371720dea4879fcbc1df2c9cbc90
﻿18:37:25 : Verified GUID (2393371720dea4879fcbc1df2c9cbc90) of player #9 Stalin
﻿18:37:27 : Player #9 Stalin (2393371720dea4879fcbc1df2c9cbc90) has been kicked by BattlEye: Bad Packet
﻿18:39:50 : Player #9 Stalin (94.25.168.139:23292) connected
﻿18:39:50 : Player #9 Stalin - BE GUID: 2393371720dea4879fcbc1df2c9cbc90
﻿18:39:51 : Verified GUID (2393371720dea4879fcbc1df2c9cbc90) of player #9 Stalin
﻿19:10:53 : Player #9 Stalin disconnected
﻿19:16:24 : Player #9 Stalin (94.25.168.139:49966) connected
﻿19:16:25 : Player #9 Stalin - BE GUID: 2393371720dea4879fcbc1df2c9cbc90
﻿19:16:25 : Verified GUID (2393371720dea4879fcbc1df2c9cbc90) of player #9 Stalin
﻿19:21:42 : Player #10 Ejuk (178.64.112.95:2304) connected
﻿19:21:43 : Player #10 Ejuk - BE GUID: 31c83f2b1b2b7e18d2c7328280da2c11
﻿19:21:43 : Verified GUID (31c83f2b1b2b7e18d2c7328280da2c11) of player #10 Ejuk
﻿19:37:53 : Player #10 Ejuk disconnected
﻿19:39:13 : Player #6 otshelnik disconnected
﻿19:39:30 : Player #10 Ejuk (178.64.112.95:2304) connected
﻿19:39:31 : Player #10 Ejuk - BE GUID: 31c83f2b1b2b7e18d2c7328280da2c11
﻿19:39:31 : Verified GUID (31c83f2b1b2b7e18d2c7328280da2c11) of player #10 Ejuk
﻿19:42:53 : Player #11 otshelnik (145.255.21.235:2304) connected
﻿19:42:54 : Player #11 otshelnik - BE GUID: 5fd526ffa930212bbecc9517f062fa69
﻿19:42:54 : Verified GUID (5fd526ffa930212bbecc9517f062fa69) of player #11 otshelnik
﻿19:45:00 : RCon admin #1: (Global) BEC : Рестарт произойдёт через 15 минут.
﻿19:52:59 : Player #9 Stalin disconnected
﻿19:55:00 : RCon admin #1: (Global) BEC : Рестарт произойдёт через 5 минут.
﻿19:55:25 : Player #8 CKOPOCTb disconnected
﻿19:57:45 : Player #3 Andrei1664 disconnected
﻿19:59:00 : RCon admin #1: (Global) BEC : Рестарт произойдёт через 1 минуту.
﻿19:59:20 : Player #11 otshelnik disconnected
﻿20:00:01 : Player #1 molodoi disconnected
﻿20:00:27 : Failed to login. Trying to reconnect.!
﻿20:01:00 : Lost Connection!
﻿20:01:00 : Closing socket & exiting!
﻿20:01:14 : Rcon client logging in
﻿20:01:46 : RCon admin #0 (127.0.0.1:58895) logged in
﻿20:01:46 : RCon admin #0: (Global) Initializing Bec
﻿20:01:54 : Player #0 Ejuk (178.64.112.95:2304) connected
﻿20:01:55 : Player #0 Ejuk - BE GUID: 31c83f2b1b2b7e18d2c7328280da2c11
﻿20:01:55 : Verified GUID (31c83f2b1b2b7e18d2c7328280da2c11) of player #0 Ejuk
﻿20:02:05 : Player #1 Player (5.189.77.168:52367) connected
﻿20:02:05 : Player #1 Player - BE GUID: 49c93f39faf270e8c475246b4700376d
﻿20:02:05 : Verified GUID (49c93f39faf270e8c475246b4700376d) of player #1 Player
﻿20:02:16 : Player #2 Dony (217.19.216.226:2304) connected
﻿20:02:17 : Player #2 Dony - BE GUID: 8e71eebdeb37718c4c2c169aa3c680a2
﻿20:02:17 : Verified GUID (8e71eebdeb37718c4c2c169aa3c680a2) of player #2 Dony
﻿20:02:30 : Player #3 Andrei1664 (46.226.69.155:47839) connected
﻿20:02:30 : Player #3 Andrei1664 - BE GUID: b33a052e66fd72e4a6f66a2baf60aa3d
﻿20:02:31 : Verified GUID (b33a052e66fd72e4a6f66a2baf60aa3d) of player #3 Andrei1664
﻿20:02:45 : Player #4 Stas49rus (37.29.88.56:22578) connected
﻿20:02:46 : Player #4 Stas49rus - BE GUID: 3cab06d7656940cf27e8137850c67dde
﻿20:02:46 : Verified GUID (3cab06d7656940cf27e8137850c67dde) of player #4 Stas49rus
﻿20:03:15 : Player #5 otshelnik (145.255.21.235:2304) connected
﻿20:03:15 : Player #5 otshelnik - BE GUID: 5fd526ffa930212bbecc9517f062fa69
﻿20:03:15 : Verified GUID (5fd526ffa930212bbecc9517f062fa69) of player #5 otshelnik
﻿20:03:27 : Player #6 molodoi (46.187.28.8:2304) connected
﻿20:03:27 : Player #6 molodoi - BE GUID: ba3b6c3e9318f74e7c9dd841d189bfea
﻿20:03:28 : Verified GUID (ba3b6c3e9318f74e7c9dd841d189bfea) of player #6 molodoi
﻿20:03:49 : Player #4 Stas49rus disconnected
﻿20:03:59 : Player #7 ARHITEKTOR (90.189.240.152:2304) connected
﻿20:03:59 : Player #7 ARHITEKTOR - BE GUID: c266cc729dc964ee3f0e4ee66510537b
﻿20:04:00 : Verified GUID (c266cc729dc964ee3f0e4ee66510537b) of player #7 ARHITEKTOR
﻿20:05:34 : Player #8 CKOPOCTb (178.205.130.191:2304) connected
﻿20:05:34 : Player #8 CKOPOCTb - BE GUID: 733a559c2137196c2ee59f207a6e2720
﻿20:05:34 : Verified GUID (733a559c2137196c2ee59f207a6e2720) of player #8 CKOPOCTb
﻿20:22:05 : Player #3 Andrei1664 disconnected
﻿20:22:10 : Player #9 Andrei1664 (46.226.69.155:47839) connected
﻿20:22:10 : Player #9 Andrei1664 - BE GUID: b33a052e66fd72e4a6f66a2baf60aa3d
﻿20:22:10 : Verified GUID (b33a052e66fd72e4a6f66a2baf60aa3d) of player #9 Andrei1664
﻿20:27:30 : Player #10 NoSleep (37.29.88.56:18958) connected
﻿20:27:30 : Player #10 NoSleep - BE GUID: 3cab06d7656940cf27e8137850c67dde
﻿20:27:31 : Verified GUID (3cab06d7656940cf27e8137850c67dde) of player #10 NoSleep
﻿20:28:05 : Player #11 Ioann (185.50.11.54:2304) connected
﻿20:28:05 : Player #11 Ioann - BE GUID: a7bf0d067d0ccb89e190eab17395475d
﻿20:28:06 : Verified GUID (a7bf0d067d0ccb89e190eab17395475d) of player #11 Ioann
﻿20:30:32 : Player #11 Ioann disconnected
﻿20:30:49 : Player #11 Ioann (185.50.11.54:2304) connected
﻿20:30:49 : Player #11 Ioann - BE GUID: a7bf0d067d0ccb89e190eab17395475d
﻿20:30:49 : Verified GUID (a7bf0d067d0ccb89e190eab17395475d) of player #11 Ioann
﻿20:31:13 : Player #12 CTAPOBEP (37.146.90.31:2304) connected
﻿20:31:14 : Player #12 CTAPOBEP - BE GUID: 3b50b390fcbd892b8b43fe82139c0e95
﻿20:31:14 : Verified GUID (3b50b390fcbd892b8b43fe82139c0e95) of player #12 CTAPOBEP
﻿20:32:18 : Player #12 CTAPOBEP disconnected
﻿20:34:51 : Player #12 Gromof (91.232.205.202:2304) connected
﻿20:34:52 : Player #12 Gromof - BE GUID: 9f3dd8013eb9bd61cdf7c74958829627
﻿20:34:52 : Verified GUID (9f3dd8013eb9bd61cdf7c74958829627) of player #12 Gromof
﻿20:41:18 : Player #13 CTAPOBEP (37.146.90.31:2304) connected
﻿20:41:18 : Player #13 CTAPOBEP - BE GUID: 3b50b390fcbd892b8b43fe82139c0e95
﻿20:41:19 : Verified GUID (3b50b390fcbd892b8b43fe82139c0e95) of player #13 CTAPOBEP
﻿20:41:35 : Player #5 otshelnik (5fd526ffa930212bbecc9517f062fa69) has been kicked by BattlEye: Query Timeout
﻿20:41:45 : Player #14 otshelnik (145.255.21.235:2304) connected
﻿20:41:45 : Player #14 otshelnik - BE GUID: 5fd526ffa930212bbecc9517f062fa69
﻿20:41:46 : Verified GUID (5fd526ffa930212bbecc9517f062fa69) of player #14 otshelnik
﻿20:42:42 : Player #14 otshelnik disconnected
﻿20:44:43 : Player #14 otshelnik (145.255.21.235:2304) connected
﻿20:44:44 : Player #14 otshelnik - BE GUID: 5fd526ffa930212bbecc9517f062fa69
﻿20:44:45 : Verified GUID (5fd526ffa930212bbecc9517f062fa69) of player #14 otshelnik
﻿20:45:38 : Player #1 Player disconnected
﻿20:45:39 : Player #15 Player (5.189.77.168:52367) connected
﻿20:45:39 : Player #15 Player - BE GUID: 49c93f39faf270e8c475246b4700376d
﻿20:45:39 : Verified GUID (49c93f39faf270e8c475246b4700376d) of player #15 Player
﻿20:47:36 : Player #15 Player disconnected
﻿20:49:20 : Player #15 Player (5.189.77.168:52367) connected
﻿20:49:21 : Player #15 Player - BE GUID: 49c93f39faf270e8c475246b4700376d
﻿20:49:21 : Verified GUID (49c93f39faf270e8c475246b4700376d) of player #15 Player
﻿20:49:41 : Player #16 Arted (145.255.11.128:2304) connected
﻿20:49:41 : Player #16 Arted - BE GUID: 67ab2826a2555c2d1a445280c6d2615c
﻿20:49:42 : Verified GUID (67ab2826a2555c2d1a445280c6d2615c) of player #16 Arted
﻿20:49:59 : Player #6 molodoi disconnected
﻿20:54:20 : Player #7 ARHITEKTOR disconnected
﻿20:55:55 : Player #8 CKOPOCTb disconnected
﻿20:56:04 : Player #17 CKOPOCTb (178.205.130.191:2304) connected
﻿20:56:04 : Player #17 CKOPOCTb - BE GUID: 733a559c2137196c2ee59f207a6e2720
﻿20:56:04 : Verified GUID (733a559c2137196c2ee59f207a6e2720) of player #17 CKOPOCTb
﻿21:01:26 : Player #0 Ejuk disconnected
﻿21:04:56 : Player #9 Andrei1664 disconnected
﻿21:05:15 : Player #18 molodoi (46.187.28.8:2304) connected
﻿21:05:18 : Player #18 molodoi - BE GUID: ba3b6c3e9318f74e7c9dd841d189bfea
﻿21:05:18 : Verified GUID (ba3b6c3e9318f74e7c9dd841d189bfea) of player #18 molodoi
﻿21:10:43 : Player #19 Ejuk (178.64.112.95:2304) connected
﻿21:10:44 : Player #19 Ejuk - BE GUID: 31c83f2b1b2b7e18d2c7328280da2c11
﻿21:10:45 : Verified GUID (31c83f2b1b2b7e18d2c7328280da2c11) of player #19 Ejuk
﻿21:18:45 : Player #20 ARHITEKTOR (90.189.240.152:2304) connected
﻿21:18:46 : Player #20 ARHITEKTOR - BE GUID: c266cc729dc964ee3f0e4ee66510537b
﻿21:18:46 : Verified GUID (c266cc729dc964ee3f0e4ee66510537b) of player #20 ARHITEKTOR
﻿21:24:56 : Player #14 otshelnik disconnected
﻿21:24:57 : Player #21 otshelnik (145.255.21.235:2304) connected
﻿21:24:58 : Player #21 otshelnik - BE GUID: 5fd526ffa930212bbecc9517f062fa69
﻿21:24:58 : Verified GUID (5fd526ffa930212bbecc9517f062fa69) of player #21 otshelnik
﻿21:25:02 : Player #21 otshelnik disconnected
﻿21:25:31 : Player #21 otshelnik (145.255.21.235:2304) connected
﻿21:25:31 : Player #21 otshelnik - BE GUID: 5fd526ffa930212bbecc9517f062fa69
﻿21:25:32 : Verified GUID (5fd526ffa930212bbecc9517f062fa69) of player #21 otshelnik
﻿21:28:35 : Player #17 CKOPOCTb disconnected
﻿21:28:37 : Player #22 }I{EHbKA (93.100.203.172:2304) connected
﻿21:28:38 : Player #22 }I{EHbKA - BE GUID: 2415384246c569c997ed51f9c805ea70
﻿21:28:38 : Verified GUID (2415384246c569c997ed51f9c805ea70) of player #22 }I{EHbKA
﻿21:29:40 : Player #23 CKOPOCTb (178.205.130.191:2304) connected
﻿21:29:40 : Player #23 CKOPOCTb - BE GUID: 733a559c2137196c2ee59f207a6e2720
﻿21:29:41 : Verified GUID (733a559c2137196c2ee59f207a6e2720) of player #23 CKOPOCTb
﻿21:32:27 : Player #24 Stalin (94.25.168.139:21109) connected
﻿21:32:28 : Player #24 Stalin - BE GUID: 2393371720dea4879fcbc1df2c9cbc90
﻿21:32:28 : Verified GUID (2393371720dea4879fcbc1df2c9cbc90) of player #24 Stalin
﻿21:40:56 : Player #22 }I{EHbKA disconnected
﻿21:42:18 : Player #21 otshelnik (5fd526ffa930212bbecc9517f062fa69) has been kicked by BattlEye: Query Timeout
﻿21:42:30 : Player #25 otshelnik (145.255.21.235:2304) connected
﻿21:42:30 : Player #25 otshelnik - BE GUID: 5fd526ffa930212bbecc9517f062fa69
﻿21:42:31 : Verified GUID (5fd526ffa930212bbecc9517f062fa69) of player #25 otshelnik
﻿21:42:35 : Player #25 otshelnik disconnected
﻿21:45:28 : Player #25 otshelnik (145.255.21.235:2304) connected
﻿21:45:28 : Player #25 otshelnik - BE GUID: 5fd526ffa930212bbecc9517f062fa69
﻿21:45:29 : Verified GUID (5fd526ffa930212bbecc9517f062fa69) of player #25 otshelnik
﻿21:52:42 : Player #26 }I{EHbKA (93.100.203.172:2304) connected
﻿21:52:42 : Player #26 }I{EHbKA - BE GUID: 2415384246c569c997ed51f9c805ea70
﻿21:52:43 : Verified GUID (2415384246c569c997ed51f9c805ea70) of player #26 }I{EHbKA
﻿21:55:20 : Player #11 Ioann disconnected
﻿21:55:37 : Player #27 Ioann (185.50.11.54:2304) connected
﻿21:55:37 : Player #27 Ioann - BE GUID: a7bf0d067d0ccb89e190eab17395475d
﻿21:55:38 : Verified GUID (a7bf0d067d0ccb89e190eab17395475d) of player #27 Ioann
﻿21:55:48 : Player #27 Ioann disconnected
﻿22:00:21 : Player #27 LIJAX (176.51.237.8:2304) connected
﻿22:00:22 : Player #27 LIJAX - BE GUID: ecc7c1e0752748275902d928e44f9e16
﻿22:00:22 : Verified GUID (ecc7c1e0752748275902d928e44f9e16) of player #27 LIJAX
﻿22:01:17 : Player #13 CTAPOBEP disconnected
﻿22:08:52 : Player #28 Ioann (185.50.11.54:2304) connected
﻿22:08:53 : Player #28 Ioann - BE GUID: a7bf0d067d0ccb89e190eab17395475d
﻿22:08:53 : Verified GUID (a7bf0d067d0ccb89e190eab17395475d) of player #28 Ioann
﻿22:09:48 : Player #28 Ioann disconnected
﻿22:10:04 : Player #28 Ioann (185.50.11.54:2304) connected
﻿22:10:04 : Player #28 Ioann - BE GUID: a7bf0d067d0ccb89e190eab17395475d
﻿22:10:05 : Verified GUID (a7bf0d067d0ccb89e190eab17395475d) of player #28 Ioann
﻿22:12:57 : Player #28 Ioann disconnected
﻿22:13:24 : Player #24 Stalin disconnected
﻿22:16:20 : Player #28 Ioann (185.50.11.54:2304) connected
﻿22:16:20 : Player #28 Ioann - BE GUID: a7bf0d067d0ccb89e190eab17395475d
﻿22:16:20 : Verified GUID (a7bf0d067d0ccb89e190eab17395475d) of player #28 Ioann
﻿22:16:57 : Player #26 }I{EHbKA disconnected
﻿22:21:38 : Player #27 LIJAX disconnected
﻿22:24:45 : Player #18 molodoi disconnected
﻿22:37:46 : Player #25 otshelnik (5fd526ffa930212bbecc9517f062fa69) has been kicked by BattlEye: Query Timeout
﻿22:38:06 : Player #29 otshelnik (145.255.21.235:2304) connected
﻿22:38:06 : Player #29 otshelnik - BE GUID: 5fd526ffa930212bbecc9517f062fa69
﻿22:38:07 : Verified GUID (5fd526ffa930212bbecc9517f062fa69) of player #29 otshelnik
﻿22:46:24 : Player #29 otshelnik (5fd526ffa930212bbecc9517f062fa69) has been kicked by BattlEye: Bad Packet
﻿22:48:01 : Player #2 Dony disconnected
﻿22:48:14 : Player #29 otshelnik (145.255.21.235:2304) connected
﻿22:48:15 : Player #29 otshelnik - BE GUID: 5fd526ffa930212bbecc9517f062fa69
﻿22:48:15 : Verified GUID (5fd526ffa930212bbecc9517f062fa69) of player #29 otshelnik
﻿22:52:39 : RCon admin #1 (217.19.216.226:13071) logged in
﻿23:00:21 : Player #19 Ejuk disconnected
﻿23:02:06 : Player #30 [MC4]DimonA22 (90.151.93.161:2965) connected
﻿23:02:06 : Player #30 [MC4]DimonA22 - BE GUID: 83bfe6d38be9c904408abdcf0a30f3a5
﻿23:02:07 : Verified GUID (83bfe6d38be9c904408abdcf0a30f3a5) of player #30 [MC4]DimonA22
﻿23:02:53 : Player #16 Arted disconnected
﻿23:02:55 : Player #15 Player disconnected
﻿23:04:30 : Player #31 Arted (145.255.11.128:2304) connected
﻿23:04:31 : Player #29 otshelnik disconnected
﻿23:04:31 : Player #31 Arted - BE GUID: 67ab2826a2555c2d1a445280c6d2615c
﻿23:04:31 : Verified GUID (67ab2826a2555c2d1a445280c6d2615c) of player #31 Arted
﻿23:06:17 : Player #32 Gromozeka61 (185.218.109.71:42410) connected
﻿23:06:17 : Player #32 Gromozeka61 - BE GUID: 55ed0551a2166800bd322471c17d5a1b
﻿23:06:18 : Verified GUID (55ed0551a2166800bd322471c17d5a1b) of player #32 Gromozeka61
﻿23:06:58 : Player #31 Arted disconnected
﻿23:07:14 : Player #33 Arted (145.255.11.128:2304) connected
﻿23:07:14 : Player #33 Arted - BE GUID: 67ab2826a2555c2d1a445280c6d2615c
﻿23:07:15 : Verified GUID (67ab2826a2555c2d1a445280c6d2615c) of player #33 Arted
﻿23:08:07 : Player #33 Arted disconnected
﻿23:09:03 : RCon admin #1 (217.19.216.226:16619) logged in
﻿23:10:51 : Player #33 otshelnik (145.255.21.235:2304) connected
﻿23:10:51 : Player #33 otshelnik - BE GUID: 5fd526ffa930212bbecc9517f062fa69
﻿23:10:52 : Verified GUID (5fd526ffa930212bbecc9517f062fa69) of player #33 otshelnik
﻿23:12:11 : Player #12 Gromof disconnected
﻿23:12:46 : Player #10 NoSleep disconnected
﻿23:14:56 : Player #34 Arted (145.255.11.128:2304) connected
﻿23:14:57 : Player #34 Arted - BE GUID: 67ab2826a2555c2d1a445280c6d2615c
﻿23:14:57 : Verified GUID (67ab2826a2555c2d1a445280c6d2615c) of player #34 Arted
﻿23:20:40 : RCon admin #1 (217.19.216.226:9401) logged in
﻿23:37:37 : RCon admin #1 (217.19.216.226:1499) logged in
﻿23:40:34 : Player #34 Arted disconnected
﻿23:45:00 : RCon admin #0: (Global) BEC : Рестарт произойдёт через 15 минут.
﻿23:49:21 : Player #20 ARHITEKTOR disconnected
﻿23:49:48 : Player #32 Gromozeka61 disconnected
﻿23:55:00 : RCon admin #0: (Global) BEC : Рестарт произойдёт через 5 минут.
﻿23:56:43 : RCon admin #1 (217.19.216.226:17219) logged in
﻿23:56:57 : RCon admin #2 (217.19.216.226:20747) logged in
﻿23:57:11 : Player #34 ARHITEKTOR (90.189.240.152:2304) connected
﻿23:57:11 : Player #34 ARHITEKTOR - BE GUID: c266cc729dc964ee3f0e4ee66510537b
﻿23:57:12 : Verified GUID (c266cc729dc964ee3f0e4ee66510537b) of player #34 ARHITEKTOR
﻿23:57:13 : RCon admin #2: (Global) [Сидорович] Сталкерня, скоро выброс!
﻿23:57:38 : Player #28 Ioann disconnected
﻿23:58:09 : Player #34 ARHITEKTOR disconnected
﻿23:59:00 : RCon admin #0: (Global) BEC : Рестарт произойдёт через 1 минуту.
﻿23:59:20 : Player #33 otshelnik disconnected
﻿23:59:27 : Player #23 CKOPOCTb disconnected
