13:12:02 : Rcon client logging in
﻿13:12:12 : RCon admin #0 (127.0.0.1:60551) logged in
﻿13:12:12 : RCon admin #0: (Global) Initializing Bec
﻿13:31:31 : Player #0 Tementey (88.210.58.165:2316) connected
﻿13:31:31 : Player #0 Tementey - BE GUID: af394bf8bd222e343748b33579ffb172
﻿13:31:32 : Verified GUID (af394bf8bd222e343748b33579ffb172) of player #0 Tementey
﻿14:18:52 : Player #0 Tementey disconnected
﻿14:19:01 : Lost Connection!
﻿14:19:01 : Closing socket & exiting!
﻿17:16:53 : Rcon client logging in
﻿17:17:03 : RCon admin #0 (127.0.0.1:53301) logged in
﻿17:17:03 : RCon admin #0: (Global) Initializing Bec
﻿17:19:10 : Rcon client logging in
﻿17:19:20 : RCon admin #0 (127.0.0.1:59640) logged in
﻿17:19:20 : RCon admin #0: (Global) Initializing Bec
﻿17:20:24 : Rcon client logging in
﻿17:20:32 : RCon admin #0 (127.0.0.1:52532) logged in
﻿17:20:32 : RCon admin #0: (Global) Initializing Bec
﻿17:21:57 : Player #0 Tementey (88.210.58.165:2316) connected
﻿17:21:58 : Player #0 Tementey - BE GUID: af394bf8bd222e343748b33579ffb172
﻿17:21:58 : Verified GUID (af394bf8bd222e343748b33579ffb172) of player #0 Tementey
﻿17:53:12 : RCon admin #0: (To Tementey) Do not use Global chat. Warnings left:4
﻿17:59:43 : Player #0 Tementey disconnected
﻿17:59:46 : Lost Connection!
﻿17:59:46 : Closing socket & exiting!
﻿18:00:08 : Rcon client logging in
﻿18:34:32 : Rcon client logging in
﻿18:34:40 : RCon admin #0 (127.0.0.1:58725) logged in
﻿18:34:40 : RCon admin #0: (Global) Initializing Bec
﻿18:35:24 : Player #0 Tementey (88.210.58.165:2316) connected
﻿18:35:24 : Player #0 Tementey - BE GUID: af394bf8bd222e343748b33579ffb172
﻿18:35:24 : Verified GUID (af394bf8bd222e343748b33579ffb172) of player #0 Tementey
﻿18:38:38 : Player #0 Tementey disconnected
﻿18:38:42 : Lost Connection!
﻿18:38:42 : Closing socket & exiting!
﻿18:39:01 : Rcon client logging in
﻿18:39:09 : RCon admin #0 (127.0.0.1:63239) logged in
﻿18:39:09 : RCon admin #0: (Global) Initializing Bec
﻿18:41:03 : Player #0 Tementey (88.210.58.165:2316) connected
﻿18:41:04 : Player #0 Tementey - BE GUID: af394bf8bd222e343748b33579ffb172
﻿18:41:04 : Verified GUID (af394bf8bd222e343748b33579ffb172) of player #0 Tementey
﻿18:54:06 : Player #0 Tementey disconnected
﻿18:55:00 : Lost Connection!
﻿18:55:00 : Closing socket & exiting!
﻿18:55:14 : Rcon client logging in
﻿18:55:20 : RCon admin #0 (127.0.0.1:53577) logged in
﻿18:55:20 : RCon admin #0: (Global) Initializing Bec
﻿18:56:23 : Player #0 Tementey (88.210.58.165:2316) connected
﻿18:56:24 : Player #0 Tementey - BE GUID: af394bf8bd222e343748b33579ffb172
﻿18:56:24 : Verified GUID (af394bf8bd222e343748b33579ffb172) of player #0 Tementey
﻿19:28:41 : Player #0 Tementey disconnected
﻿19:28:44 : Lost Connection!
﻿19:28:44 : Closing socket & exiting!
﻿19:29:06 : Lost Connection!
﻿19:29:06 : Closing socket & exiting!
﻿19:29:20 : Rcon client logging in
﻿19:29:26 : RCon admin #0 (127.0.0.1:52625) logged in
﻿19:29:26 : RCon admin #0: (Global) Initializing Bec
﻿19:32:15 : Player #0 Tementey (88.210.58.165:2316) connected
﻿19:32:15 : Player #0 Tementey - BE GUID: af394bf8bd222e343748b33579ffb172
﻿19:32:15 : Verified GUID (af394bf8bd222e343748b33579ffb172) of player #0 Tementey
﻿19:41:17 : Player #0 Tementey disconnected
﻿19:41:20 : Lost Connection!
﻿19:41:20 : Closing socket & exiting!
﻿19:41:45 : Rcon client logging in
﻿19:42:30 : No Valid response. Trying to reconnect.!
﻿19:42:30 : Rcon client logging in
﻿19:42:30 : RCon admin #0 (127.0.0.1:59239) logged in
﻿19:45:00 : RCon admin #0: (Global) BEC : Рестарт произойдёт через 15 минут.
﻿19:45:43 : Player #0 Tementey (88.210.58.165:2316) connected
﻿19:45:43 : Player #0 Tementey - BE GUID: af394bf8bd222e343748b33579ffb172
﻿19:45:44 : Verified GUID (af394bf8bd222e343748b33579ffb172) of player #0 Tementey
﻿19:50:37 : Player #0 Tementey disconnected
﻿19:50:42 : Lost Connection!
﻿19:50:42 : Closing socket & exiting!
﻿19:51:03 : Lost Connection!
﻿19:51:03 : Closing socket & exiting!
﻿19:51:17 : Rcon client logging in
﻿19:51:22 : RCon admin #0 (127.0.0.1:60644) logged in
﻿19:51:22 : RCon admin #0: (Global) Initializing Bec
﻿19:51:32 : Player #0 Tementey (88.210.58.165:2316) connected
﻿19:51:32 : Player #0 Tementey - BE GUID: af394bf8bd222e343748b33579ffb172
﻿19:51:33 : Verified GUID (af394bf8bd222e343748b33579ffb172) of player #0 Tementey
﻿19:55:00 : RCon admin #0: (Global) BEC : Рестарт произойдёт через 5 минут.
﻿19:56:35 : Player #0 Tementey disconnected
﻿19:56:40 : Lost Connection!
﻿19:56:40 : Closing socket & exiting!
﻿19:57:03 : Rcon client logging in
﻿19:57:48 : No Valid response. Trying to reconnect.!
﻿19:57:48 : Rcon client logging in
﻿19:57:48 : RCon admin #0 (127.0.0.1:63306) logged in
﻿19:58:14 : Player #0 Tementey (88.210.58.165:2316) connected
﻿19:58:14 : Player #0 Tementey - BE GUID: af394bf8bd222e343748b33579ffb172
﻿19:58:14 : Verified GUID (af394bf8bd222e343748b33579ffb172) of player #0 Tementey
﻿19:59:00 : RCon admin #0: (Global) BEC : Рестарт произойдёт через 1 минуту.
﻿20:00:01 : Player #0 Tementey disconnected
﻿20:00:05 : Lost Connection!
﻿20:00:05 : Closing socket & exiting!
﻿20:00:26 : Lost Connection!
﻿20:00:26 : Closing socket & exiting!
﻿20:00:40 : Rcon client logging in
﻿20:00:45 : RCon admin #0 (127.0.0.1:63267) logged in
﻿20:00:45 : RCon admin #0: (Global) Initializing Bec
﻿20:01:40 : Player #0 Tementey (88.210.58.165:2316) connected
﻿20:01:40 : Player #0 Tementey - BE GUID: af394bf8bd222e343748b33579ffb172
﻿20:01:40 : Verified GUID (af394bf8bd222e343748b33579ffb172) of player #0 Tementey
﻿20:16:42 : Player #0 Tementey disconnected
﻿20:16:46 : Lost Connection!
﻿20:16:46 : Closing socket & exiting!
﻿20:16:51 : Lost Connection!
﻿20:16:51 : Closing socket & exiting!
﻿20:17:18 : Lost Connection!
﻿20:17:18 : Closing socket & exiting!
﻿20:17:32 : Rcon client logging in
﻿20:17:38 : RCon admin #0 (127.0.0.1:53569) logged in
﻿20:17:38 : RCon admin #0: (Global) Initializing Bec
﻿20:18:04 : Player #0 Tementey (88.210.58.165:2316) connected
﻿20:18:04 : Player #0 Tementey - BE GUID: af394bf8bd222e343748b33579ffb172
﻿20:18:05 : Verified GUID (af394bf8bd222e343748b33579ffb172) of player #0 Tementey
﻿20:31:02 : Player #0 Tementey disconnected
﻿20:31:05 : Lost Connection!
﻿20:31:05 : Closing socket & exiting!
﻿20:31:09 : Lost Connection!
﻿20:31:09 : Closing socket & exiting!
﻿20:31:36 : Lost Connection!
﻿20:31:36 : Closing socket & exiting!
﻿20:31:50 : Rcon client logging in
﻿20:31:55 : RCon admin #0 (127.0.0.1:59519) logged in
﻿20:31:55 : RCon admin #0: (Global) Initializing Bec
﻿20:32:59 : Player #0 Tementey (88.210.58.165:2316) connected
﻿20:32:59 : Player #0 Tementey - BE GUID: af394bf8bd222e343748b33579ffb172
﻿20:33:00 : Verified GUID (af394bf8bd222e343748b33579ffb172) of player #0 Tementey
﻿20:37:07 : Player #0 Tementey disconnected
﻿20:37:10 : Lost Connection!
﻿20:37:10 : Closing socket & exiting!
﻿20:37:36 : Lost Connection!
﻿20:37:36 : Closing socket & exiting!
﻿20:37:50 : Rcon client logging in
﻿20:37:55 : RCon admin #0 (127.0.0.1:63590) logged in
﻿20:37:55 : RCon admin #0: (Global) Initializing Bec
﻿20:38:49 : Player #0 Tementey (88.210.58.165:2316) connected
﻿20:38:50 : Player #0 Tementey - BE GUID: af394bf8bd222e343748b33579ffb172
﻿20:38:50 : Verified GUID (af394bf8bd222e343748b33579ffb172) of player #0 Tementey
﻿20:45:01 : Player #0 Tementey disconnected
﻿20:45:05 : Lost Connection!
﻿20:45:05 : Closing socket & exiting!
﻿20:49:17 : Lost Connection!
﻿20:49:17 : Closing socket & exiting!
﻿20:49:31 : Rcon client logging in
﻿20:49:37 : RCon admin #0 (127.0.0.1:59767) logged in
﻿20:49:37 : RCon admin #0: (Global) Initializing Bec
﻿20:50:48 : Player #0 Tementey (88.210.58.165:2316) connected
﻿20:50:48 : Player #0 Tementey - BE GUID: af394bf8bd222e343748b33579ffb172
﻿20:50:49 : Verified GUID (af394bf8bd222e343748b33579ffb172) of player #0 Tementey
﻿20:52:53 : Player #0 Tementey disconnected
﻿20:52:56 : Lost Connection!
﻿20:52:56 : Closing socket & exiting!
﻿20:53:03 : Lost Connection!
﻿20:53:03 : Closing socket & exiting!
﻿20:53:30 : Lost Connection!
﻿20:53:30 : Closing socket & exiting!
﻿20:53:44 : Rcon client logging in
﻿20:53:50 : RCon admin #0 (127.0.0.1:56469) logged in
﻿20:53:50 : RCon admin #0: (Global) Initializing Bec
﻿20:55:48 : Player #0 Tementey (88.210.58.165:2316) connected
﻿20:55:48 : Player #0 Tementey - BE GUID: af394bf8bd222e343748b33579ffb172
﻿20:55:48 : Verified GUID (af394bf8bd222e343748b33579ffb172) of player #0 Tementey
﻿20:59:17 : Player #0 Tementey disconnected
﻿20:59:20 : Lost Connection!
﻿20:59:20 : Closing socket & exiting!
﻿22:09:53 : Lost Connection!
﻿22:09:53 : Closing socket & exiting!
﻿22:10:07 : Rcon client logging in
﻿22:11:31 : No Valid response. Trying to reconnect.!
﻿22:11:31 : Rcon client logging in
﻿22:11:31 : RCon admin #0 (127.0.0.1:59036) logged in
﻿22:11:33 : Player #0 Tementey (88.210.58.165:2316) connected
﻿22:11:34 : Player #0 Tementey - BE GUID: af394bf8bd222e343748b33579ffb172
﻿22:11:34 : Verified GUID (af394bf8bd222e343748b33579ffb172) of player #0 Tementey
﻿22:35:51 : Lost Connection!
﻿22:35:51 : Closing socket & exiting!
﻿22:36:05 : Rcon client logging in
﻿22:36:10 : RCon admin #0 (127.0.0.1:64554) logged in
﻿22:36:10 : RCon admin #0: (Global) Initializing Bec
﻿22:37:47 : Lost Connection!
﻿22:37:47 : Closing socket & exiting!
﻿22:38:11 : Lost Connection!
﻿22:38:11 : Closing socket & exiting!
﻿22:38:25 : Rcon client logging in
﻿22:38:30 : RCon admin #0 (127.0.0.1:58352) logged in
﻿22:38:30 : RCon admin #0: (Global) Initializing Bec
﻿22:40:00 : Player #0 Tementey (88.210.58.165:2316) connected
﻿22:40:00 : Player #0 Tementey - BE GUID: af394bf8bd222e343748b33579ffb172
﻿22:40:01 : Verified GUID (af394bf8bd222e343748b33579ffb172) of player #0 Tementey
﻿22:47:15 : Player #0 Tementey disconnected
﻿22:50:44 : Rcon client logging in
﻿22:51:29 : No Valid response. Trying to reconnect.!
﻿22:51:29 : Rcon client logging in
﻿22:51:29 : RCon admin #0 (127.0.0.1:59098) logged in
﻿22:51:30 : Player #0 Tementey (88.210.58.165:2316) connected
﻿22:51:30 : Player #0 Tementey - BE GUID: af394bf8bd222e343748b33579ffb172
﻿22:51:30 : Verified GUID (af394bf8bd222e343748b33579ffb172) of player #0 Tementey
﻿22:52:26 : Player #0 Tementey disconnected
﻿22:52:49 : Lost Connection!
﻿22:52:49 : Closing socket & exiting!
﻿22:53:12 : Lost Connection!
﻿22:53:12 : Closing socket & exiting!
﻿22:53:26 : Rcon client logging in
﻿22:53:31 : RCon admin #0 (127.0.0.1:53385) logged in
﻿22:53:31 : RCon admin #0: (Global) Initializing Bec
﻿22:53:44 : Player #0 Tementey (88.210.58.165:2316) connected
﻿22:53:44 : Player #0 Tementey - BE GUID: af394bf8bd222e343748b33579ffb172
﻿22:53:45 : Verified GUID (af394bf8bd222e343748b33579ffb172) of player #0 Tementey
﻿22:55:58 : Player #0 Tementey disconnected
﻿22:56:03 : Lost Connection!
﻿22:56:03 : Closing socket & exiting!
﻿22:56:27 : Lost Connection!
﻿22:56:27 : Closing socket & exiting!
﻿22:56:41 : Rcon client logging in
﻿22:56:46 : RCon admin #0 (127.0.0.1:56298) logged in
﻿22:56:46 : RCon admin #0: (Global) Initializing Bec
﻿22:58:25 : Player #0 Tementey (88.210.58.165:2316) connected
﻿22:58:25 : Player #0 Tementey - BE GUID: af394bf8bd222e343748b33579ffb172
﻿22:58:26 : Verified GUID (af394bf8bd222e343748b33579ffb172) of player #0 Tementey
﻿23:02:06 : Player #0 Tementey disconnected
﻿23:02:11 : Lost Connection!
﻿23:02:11 : Closing socket & exiting!
﻿23:02:42 : Lost Connection!
﻿23:02:42 : Closing socket & exiting!
﻿23:02:56 : Rcon client logging in
﻿23:03:01 : RCon admin #0 (127.0.0.1:60247) logged in
﻿23:03:01 : RCon admin #0: (Global) Initializing Bec
﻿23:03:34 : Player #0 Tementey (88.210.58.165:2316) connected
﻿23:03:34 : Player #0 Tementey - BE GUID: af394bf8bd222e343748b33579ffb172
﻿23:03:34 : Verified GUID (af394bf8bd222e343748b33579ffb172) of player #0 Tementey
﻿23:42:29 : Player #0 Tementey disconnected
﻿23:42:31 : Lost Connection!
﻿23:42:31 : Closing socket & exiting!
﻿23:42:35 : Lost Connection!
﻿23:42:35 : Closing socket & exiting!
﻿23:43:02 : Rcon client logging in
﻿23:43:47 : No Valid response. Trying to reconnect.!
﻿23:43:47 : Rcon client logging in
﻿23:43:47 : RCon admin #0 (127.0.0.1:59269) logged in
﻿23:45:00 : RCon admin #0: (Global) BEC : Рестарт произойдёт через 15 минут.
﻿23:47:53 : Player #0 Tementey (88.210.58.165:2316) connected
﻿23:47:53 : Player #0 Tementey - BE GUID: af394bf8bd222e343748b33579ffb172
﻿23:47:54 : Verified GUID (af394bf8bd222e343748b33579ffb172) of player #0 Tementey
﻿23:53:37 : Player #0 Tementey disconnected
