00:00:01 : Player #5 Merciful disconnected
﻿00:00:03 : Lost Connection!
﻿00:00:03 : Closing socket & exiting!
﻿00:00:29 : Lost Connection!
﻿00:00:29 : Closing socket & exiting!
﻿00:00:43 : Rcon client logging in
﻿00:02:03 : No Valid response. Trying to reconnect.!
﻿00:02:03 : Rcon client logging in
﻿00:02:03 : RCon admin #1 (127.0.0.1:55776) logged in
﻿00:03:04 : Player #3 sniper (178.121.79.215:17156) connected
﻿00:03:04 : Player #3 sniper - BE GUID: 9567b09448b4d7464fc924fa5f2a3bdc
﻿00:03:05 : Verified GUID (9567b09448b4d7464fc924fa5f2a3bdc) of player #3 sniper
﻿00:03:21 : Player #4 leva (95.46.40.22:2304) connected
﻿00:03:22 : Player #4 leva - BE GUID: 0f7f533a15fd861fc914d8decf016ae1
﻿00:03:22 : Verified GUID (0f7f533a15fd861fc914d8decf016ae1) of player #4 leva
﻿00:05:22 : Player #5 Flakon (91.205.160.247:10457) connected
﻿00:05:23 : Player #5 Flakon - BE GUID: bb08e3a70da521859d2552c2f5bb0b54
﻿00:05:23 : Verified GUID (bb08e3a70da521859d2552c2f5bb0b54) of player #5 Flakon
﻿00:33:22 : Player #2 Ioann disconnected
﻿00:54:57 : Player #1 84DmitriyZ84 disconnected
﻿00:59:53 : Player #6 Arted (145.255.9.230:2304) connected
﻿00:59:54 : Player #6 Arted - BE GUID: 67ab2826a2555c2d1a445280c6d2615c
﻿00:59:54 : Verified GUID (67ab2826a2555c2d1a445280c6d2615c) of player #6 Arted
﻿01:06:05 : Player #6 Arted disconnected
﻿01:15:50 : Player #4 leva disconnected
﻿01:44:09 : Player #3 sniper disconnected
﻿02:05:51 : Player #6 Arted (145.255.9.230:2304) connected
﻿02:05:51 : Player #6 Arted - BE GUID: 67ab2826a2555c2d1a445280c6d2615c
﻿02:05:52 : Verified GUID (67ab2826a2555c2d1a445280c6d2615c) of player #6 Arted
﻿02:13:40 : Player #5 Flakon disconnected
﻿02:26:34 : Player #0 Merciful disconnected
﻿03:38:14 : Player #7 Sibiryak (62.33.99.148:2304) connected
﻿03:38:14 : Player #7 Sibiryak - BE GUID: 3c69c6d7f246d9e28b27fd4a4847c1e3
﻿03:38:15 : Verified GUID (3c69c6d7f246d9e28b27fd4a4847c1e3) of player #7 Sibiryak
﻿03:45:00 : RCon admin #1: (Global) BEC : Выброс произойдёт через 15 минут.
﻿03:55:00 : RCon admin #1: (Global) BEC : Выброс произойдёт через 5 минут.
﻿03:59:00 : RCon admin #1: (Global) BEC : Выброс произойдёт через 1 минуту.
﻿03:59:26 : Player #6 Arted disconnected
﻿04:00:01 : Player #7 Sibiryak disconnected
﻿04:00:04 : Lost Connection!
﻿04:00:04 : Closing socket & exiting!
﻿04:00:28 : Lost Connection!
﻿04:00:28 : Closing socket & exiting!
﻿04:00:42 : Rcon client logging in
﻿04:02:06 : No Valid response. Trying to reconnect.!
﻿04:02:06 : Rcon client logging in
﻿04:02:06 : RCon admin #0 (127.0.0.1:63101) logged in
﻿04:02:37 : Player #0 Sibiryak (62.33.99.148:2304) connected
﻿04:02:38 : Player #0 Sibiryak - BE GUID: 3c69c6d7f246d9e28b27fd4a4847c1e3
﻿04:02:38 : Verified GUID (3c69c6d7f246d9e28b27fd4a4847c1e3) of player #0 Sibiryak
﻿05:36:39 : RCon admin #1 (217.19.216.236:17667) logged in
﻿06:23:23 : Player #1 PartizanRT (31.185.13.199:35716) connected
﻿06:23:24 : Player #1 PartizanRT - BE GUID: 0493486898fb1b1397f2aa3e3b038ad1
﻿06:23:24 : Verified GUID (0493486898fb1b1397f2aa3e3b038ad1) of player #1 PartizanRT
﻿06:33:47 : Player #1 PartizanRT disconnected
﻿06:36:32 : Player #1 PartizanRT (31.185.13.199:35712) connected
﻿06:36:32 : Player #1 PartizanRT - BE GUID: 0493486898fb1b1397f2aa3e3b038ad1
﻿06:36:32 : Verified GUID (0493486898fb1b1397f2aa3e3b038ad1) of player #1 PartizanRT
﻿06:42:28 : No Valid response. Trying to reconnect.!
﻿06:42:28 : Rcon client logging in
﻿06:42:28 : RCon admin #0 (127.0.0.1:63101) logged in
﻿06:57:40 : Player #1 PartizanRT disconnected
﻿06:57:41 : Player #1 PartizanRT (31.185.13.199:35712) connected
﻿06:57:41 : Player #1 PartizanRT - BE GUID: 0493486898fb1b1397f2aa3e3b038ad1
﻿06:57:42 : Verified GUID (0493486898fb1b1397f2aa3e3b038ad1) of player #1 PartizanRT
﻿07:13:30 : Player #2 Vanya Pupkin (217.118.64.122:54929) connected
﻿07:13:31 : Player #2 Vanya Pupkin - BE GUID: c8093aaf00c03c93d635b9650cbffa05
﻿07:13:31 : Verified GUID (c8093aaf00c03c93d635b9650cbffa05) of player #2 Vanya Pupkin
﻿07:22:53 : Player #3 Flakon (91.205.160.247:9922) connected
﻿07:22:53 : Player #3 Flakon - BE GUID: bb08e3a70da521859d2552c2f5bb0b54
﻿07:22:53 : Verified GUID (bb08e3a70da521859d2552c2f5bb0b54) of player #3 Flakon
﻿07:32:08 : Player #1 PartizanRT disconnected
﻿07:32:29 : Player #4 Strijven (78.106.48.60:2304) connected
﻿07:32:29 : Player #4 Strijven - BE GUID: 2e4b44e31247fa1120595bde3ace17c7
﻿07:32:29 : Verified GUID (2e4b44e31247fa1120595bde3ace17c7) of player #4 Strijven
﻿07:45:00 : RCon admin #0: (Global) BEC : Выброс произойдёт через 15 минут.
﻿07:55:00 : RCon admin #0: (Global) BEC : Выброс произойдёт через 5 минут.
﻿07:58:41 : Player #3 Flakon disconnected
﻿07:59:00 : RCon admin #0: (Global) BEC : Выброс произойдёт через 1 минуту.
﻿07:59:35 : Player #0 Sibiryak disconnected
﻿07:59:46 : Player #4 Strijven disconnected
﻿08:00:01 : Player #2 Vanya Pupkin disconnected
﻿08:00:03 : Lost Connection!
﻿08:00:03 : Closing socket & exiting!
﻿08:00:27 : Lost Connection!
﻿08:00:27 : Closing socket & exiting!
﻿08:00:41 : Rcon client logging in
﻿08:02:02 : No Valid response. Trying to reconnect.!
﻿08:02:02 : Rcon client logging in
﻿08:02:02 : RCon admin #0 (127.0.0.1:50550) logged in
﻿08:04:24 : Player #2 Strijven (78.106.48.60:2304) connected
﻿08:04:24 : Player #2 Strijven - BE GUID: 2e4b44e31247fa1120595bde3ace17c7
﻿08:04:24 : Verified GUID (2e4b44e31247fa1120595bde3ace17c7) of player #2 Strijven
﻿08:23:53 : Player #3 Dzho (188.0.175.241:10498) connected
﻿08:23:54 : Player #3 Dzho - BE GUID: 28540928434130893fbe9ec11e161b68
﻿08:23:54 : Verified GUID (28540928434130893fbe9ec11e161b68) of player #3 Dzho
﻿08:39:11 : Player #2 Strijven disconnected
﻿08:43:33 : Player #1 Vanya Pupkin disconnected
﻿08:47:13 : Player #4 Vanya Pupkin (217.118.64.122:55122) connected
﻿08:47:13 : Player #4 Vanya Pupkin - BE GUID: c8093aaf00c03c93d635b9650cbffa05
﻿08:47:14 : Verified GUID (c8093aaf00c03c93d635b9650cbffa05) of player #4 Vanya Pupkin
﻿08:52:40 : Player #5 Merciful (85.192.51.180:2304) connected
﻿08:52:41 : Player #5 Merciful - BE GUID: 9a4fb414ba0652580b08f99bdb54f38b
﻿08:52:41 : Verified GUID (9a4fb414ba0652580b08f99bdb54f38b) of player #5 Merciful
﻿08:59:51 : Player #4 Vanya Pupkin disconnected
﻿09:06:25 : Player #6 Vanya Pupkin (217.118.64.122:55126) connected
﻿09:06:26 : Player #6 Vanya Pupkin - BE GUID: c8093aaf00c03c93d635b9650cbffa05
﻿09:06:26 : Verified GUID (c8093aaf00c03c93d635b9650cbffa05) of player #6 Vanya Pupkin
﻿09:40:10 : RCon admin #1 (217.19.216.236:1032) logged in
﻿09:42:26 : Player #6 Vanya Pupkin disconnected
﻿09:45:32 : RCon admin #2 (217.19.216.236:19423) logged in
﻿09:54:26 : Player #0 Sibiryak disconnected
﻿10:06:37 : Player #6 MadFrol (46.0.168.23:49196) connected
﻿10:06:37 : Player #6 MadFrol - BE GUID: 1de1dbde200d1079b48ec97ed8bfbaab
﻿10:06:38 : Verified GUID (1de1dbde200d1079b48ec97ed8bfbaab) of player #6 MadFrol
﻿10:24:22 : No Valid response. Trying to reconnect.!
﻿10:24:22 : Rcon client logging in
﻿10:24:22 : RCon admin #0 (127.0.0.1:50550) logged in
﻿10:28:28 : RCon admin #1 (217.19.216.236:1059) logged in
﻿10:37:38 : Player #6 MadFrol disconnected
﻿10:37:38 : Player #3 Dzho disconnected
﻿10:37:38 : Player #5 Merciful disconnected
﻿11:45:00 : RCon admin #0: (Global) BEC : Выброс произойдёт через 15 минут.
﻿11:55:00 : RCon admin #0: (Global) BEC : Выброс произойдёт через 5 минут.
﻿11:59:00 : RCon admin #0: (Global) BEC : Выброс произойдёт через 1 минуту.
﻿12:00:02 : Lost Connection!
﻿12:00:02 : Closing socket & exiting!
﻿12:00:10 : Lost Connection!
﻿12:00:10 : Closing socket & exiting!
﻿12:00:24 : Lost Connection!
﻿12:00:24 : Closing socket & exiting!
﻿12:00:39 : Lost Connection!
﻿12:00:39 : Closing socket & exiting!
﻿12:00:53 : Lost Connection!
﻿12:00:53 : Closing socket & exiting!
﻿12:01:07 : Lost Connection!
﻿12:01:07 : Closing socket & exiting!
﻿12:01:22 : Lost Connection!
﻿12:01:22 : Closing socket & exiting!
﻿12:01:35 : Lost Connection!
﻿12:01:36 : Closing socket & exiting!
﻿12:02:02 : Lost Connection!
﻿12:02:02 : Closing socket & exiting!
﻿12:02:16 : Rcon client logging in
﻿12:03:46 : No Valid response. Trying to reconnect.!
﻿12:03:46 : Rcon client logging in
﻿12:03:46 : RCon admin #0 (127.0.0.1:58525) logged in
﻿15:45:00 : RCon admin #0: (Global) BEC : Выброс произойдёт через 15 минут.
﻿15:55:00 : RCon admin #0: (Global) BEC : Выброс произойдёт через 5 минут.
﻿15:59:00 : RCon admin #0: (Global) BEC : Выброс произойдёт через 1 минуту.
﻿16:00:02 : Lost Connection!
﻿16:00:02 : Closing socket & exiting!
﻿16:00:07 : Lost Connection!
﻿16:00:07 : Closing socket & exiting!
﻿16:00:33 : Lost Connection!
﻿16:00:33 : Closing socket & exiting!
﻿16:00:47 : Rcon client logging in
﻿16:02:11 : No Valid response. Trying to reconnect.!
﻿16:02:11 : Rcon client logging in
﻿16:02:11 : RCon admin #0 (127.0.0.1:50571) logged in
﻿19:45:00 : RCon admin #0: (Global) BEC : Выброс произойдёт через 15 минут.
﻿19:55:00 : RCon admin #0: (Global) BEC : Выброс произойдёт через 5 минут.
﻿19:59:00 : RCon admin #0: (Global) BEC : Выброс произойдёт через 1 минуту.
﻿20:00:02 : Lost Connection!
﻿20:00:02 : Closing socket & exiting!
﻿20:00:29 : Lost Connection!
﻿20:00:29 : Closing socket & exiting!
﻿20:00:43 : Rcon client logging in
﻿20:02:07 : No Valid response. Trying to reconnect.!
﻿20:02:07 : Rcon client logging in
﻿20:02:07 : RCon admin #0 (127.0.0.1:50623) logged in
﻿23:45:00 : RCon admin #0: (Global) BEC : Выброс произойдёт через 15 минут.
﻿23:55:00 : RCon admin #0: (Global) BEC : Выброс произойдёт через 5 минут.
﻿23:59:00 : RCon admin #0: (Global) BEC : Выброс произойдёт через 1 минуту.
