00:00:01 : Player #0 Tementey disconnected
﻿00:02:12 : Lost Connection!
﻿00:02:12 : Closing socket & exiting!
﻿00:02:26 : Rcon client logging in
﻿00:02:31 : RCon admin #0 (127.0.0.1:60544) logged in
﻿00:02:31 : RCon admin #0: (Global) Initializing Bec
﻿00:02:50 : Player #0 Tementey (37.75.7.102:2316) connected
﻿00:02:50 : Player #0 Tementey - BE GUID: af394bf8bd222e343748b33579ffb172
﻿00:02:51 : Verified GUID (af394bf8bd222e343748b33579ffb172) of player #0 Tementey
﻿00:25:48 : Player #0 Tementey disconnected
﻿00:25:51 : Lost Connection!
﻿00:25:51 : Closing socket & exiting!
﻿00:25:57 : Lost Connection!
﻿00:25:57 : Closing socket & exiting!
﻿00:26:24 : Lost Connection!
﻿00:26:24 : Closing socket & exiting!
﻿00:26:38 : Rcon client logging in
﻿00:26:44 : RCon admin #0 (127.0.0.1:51344) logged in
﻿00:26:44 : RCon admin #0: (Global) Initializing Bec
﻿00:31:59 : Player #0 Tementey (37.75.7.102:2316) connected
﻿00:31:59 : Player #0 Tementey - BE GUID: af394bf8bd222e343748b33579ffb172
﻿00:31:59 : Verified GUID (af394bf8bd222e343748b33579ffb172) of player #0 Tementey
﻿00:39:35 : Player #0 Tementey disconnected
﻿17:57:13 : Lost Connection!
﻿17:57:13 : Closing socket & exiting!
﻿17:57:27 : Rcon client logging in
﻿17:58:54 : No Valid response. Trying to reconnect.!
﻿17:58:54 : Rcon client logging in
﻿17:58:54 : RCon admin #0 (127.0.0.1:56045) logged in
﻿17:58:54 : Verified GUID (af394bf8bd222e343748b33579ffb172) of player #0 Tementey
﻿17:59:03 : Player #0 Tementey disconnected
﻿18:00:53 : Player #0 Tementey (109.69.29.0:2316) connected
﻿18:00:54 : Player #0 Tementey - BE GUID: af394bf8bd222e343748b33579ffb172
﻿18:00:54 : Verified GUID (af394bf8bd222e343748b33579ffb172) of player #0 Tementey
﻿18:00:55 : Player #0 Tementey disconnected
﻿18:01:49 : Lost Connection!
﻿18:01:49 : Closing socket & exiting!
﻿18:01:54 : Lost Connection!
﻿18:01:54 : Closing socket & exiting!
﻿18:02:21 : Lost Connection!
﻿18:02:21 : Closing socket & exiting!
﻿18:02:35 : Rcon client logging in
﻿18:02:44 : RCon admin #0 (127.0.0.1:53080) logged in
﻿18:02:44 : RCon admin #0: (Global) Initializing Bec
﻿18:03:31 : Player #0 Tementey (109.69.29.0:2316) connected
﻿18:03:31 : Player #0 Tementey - BE GUID: af394bf8bd222e343748b33579ffb172
﻿18:03:32 : Verified GUID (af394bf8bd222e343748b33579ffb172) of player #0 Tementey
﻿18:03:32 : Player #0 Tementey disconnected
﻿18:03:42 : Lost Connection!
﻿18:03:42 : Closing socket & exiting!
