00:00:01 : Lost Connection!
﻿00:00:01 : Closing socket & exiting!
﻿00:00:28 : Lost Connection!
﻿00:00:28 : Closing socket & exiting!
﻿00:00:42 : Rcon client logging in
﻿00:02:03 : No Valid response. Trying to reconnect.!
﻿00:02:03 : Rcon client logging in
﻿00:02:03 : RCon admin #0 (127.0.0.1:50674) logged in
﻿03:45:00 : RCon admin #0: (Global) BEC : Выброс произойдёт через 15 минут.
﻿03:55:00 : RCon admin #0: (Global) BEC : Выброс произойдёт через 5 минут.
﻿03:59:00 : RCon admin #0: (Global) BEC : Выброс произойдёт через 1 минуту.
﻿04:00:03 : Lost Connection!
﻿04:00:03 : Closing socket & exiting!
﻿04:00:24 : Lost Connection!
﻿04:00:24 : Closing socket & exiting!
﻿04:00:38 : Rcon client logging in
﻿04:01:58 : No Valid response. Trying to reconnect.!
﻿04:01:58 : Rcon client logging in
﻿04:01:58 : RCon admin #0 (127.0.0.1:50725) logged in
﻿07:45:00 : RCon admin #0: (Global) BEC : Выброс произойдёт через 15 минут.
﻿07:55:00 : RCon admin #0: (Global) BEC : Выброс произойдёт через 5 минут.
﻿07:59:00 : RCon admin #0: (Global) BEC : Выброс произойдёт через 1 минуту.
﻿08:00:03 : Lost Connection!
﻿08:00:03 : Closing socket & exiting!
﻿08:00:07 : Lost Connection!
﻿08:00:07 : Closing socket & exiting!
﻿08:00:34 : Lost Connection!
﻿08:00:34 : Closing socket & exiting!
﻿08:00:48 : Rcon client logging in
﻿08:02:12 : No Valid response. Trying to reconnect.!
﻿08:02:12 : Rcon client logging in
﻿08:02:12 : RCon admin #0 (127.0.0.1:50777) logged in
﻿11:45:00 : RCon admin #0: (Global) BEC : Выброс произойдёт через 15 минут.
﻿11:55:00 : RCon admin #0: (Global) BEC : Выброс произойдёт через 5 минут.
﻿11:59:00 : RCon admin #0: (Global) BEC : Выброс произойдёт через 1 минуту.
﻿12:00:03 : Lost Connection!
﻿12:00:03 : Closing socket & exiting!
﻿12:00:30 : Lost Connection!
﻿12:00:30 : Closing socket & exiting!
﻿12:00:44 : Rcon client logging in
﻿12:02:08 : No Valid response. Trying to reconnect.!
﻿12:02:08 : Rcon client logging in
﻿12:02:08 : RCon admin #0 (127.0.0.1:50884) logged in
﻿15:45:00 : RCon admin #0: (Global) BEC : Выброс произойдёт через 15 минут.
﻿15:55:00 : RCon admin #0: (Global) BEC : Выброс произойдёт через 5 минут.
﻿15:59:00 : RCon admin #0: (Global) BEC : Выброс произойдёт через 1 минуту.
﻿16:00:02 : Lost Connection!
﻿16:00:02 : Closing socket & exiting!
﻿16:00:27 : Lost Connection!
﻿16:00:27 : Closing socket & exiting!
﻿16:00:40 : Rcon client logging in
﻿16:02:13 : No Valid response. Trying to reconnect.!
﻿16:02:13 : Rcon client logging in
﻿16:02:13 : RCon admin #0 (127.0.0.1:50935) logged in
﻿19:45:00 : RCon admin #0: (Global) BEC : Выброс произойдёт через 15 минут.
﻿19:55:00 : RCon admin #0: (Global) BEC : Выброс произойдёт через 5 минут.
﻿19:59:00 : RCon admin #0: (Global) BEC : Выброс произойдёт через 1 минуту.
﻿20:00:02 : Lost Connection!
﻿20:00:02 : Closing socket & exiting!
﻿20:00:10 : Lost Connection!
﻿20:00:10 : Closing socket & exiting!
﻿20:00:25 : Lost Connection!
﻿20:00:25 : Closing socket & exiting!
﻿20:00:38 : Lost Connection!
﻿20:00:38 : Closing socket & exiting!
﻿20:00:53 : Lost Connection!
﻿20:00:53 : Closing socket & exiting!
﻿20:01:07 : Lost Connection!
﻿20:01:07 : Closing socket & exiting!
﻿20:01:20 : Lost Connection!
﻿20:01:20 : Closing socket & exiting!
﻿20:01:47 : Lost Connection!
﻿20:01:47 : Closing socket & exiting!
﻿20:02:01 : Rcon client logging in
﻿20:03:28 : No Valid response. Trying to reconnect.!
﻿20:03:28 : Rcon client logging in
﻿20:03:28 : RCon admin #0 (127.0.0.1:50992) logged in
﻿23:45:00 : RCon admin #0: (Global) BEC : Выброс произойдёт через 15 минут.
﻿23:55:00 : RCon admin #0: (Global) BEC : Выброс произойдёт через 5 минут.
﻿23:59:00 : RCon admin #0: (Global) BEC : Выброс произойдёт через 1 минуту.
