01:00:06 : Lost Connection!
﻿01:00:06 : Closing socket & exiting!
﻿01:00:19 : Lost Connection!
﻿01:00:19 : Closing socket & exiting!
﻿01:00:33 : Lost Connection!
﻿01:00:33 : Closing socket & exiting!
﻿01:00:47 : Rcon client logging in
﻿01:02:36 : No Valid response. Trying to reconnect.!
﻿01:02:36 : Rcon client logging in
﻿01:02:36 : RCon admin #1 (127.0.0.1:53278) logged in
﻿01:05:03 : Player #3 leva (95.46.40.22:2304) connected
﻿01:05:03 : Player #3 leva - BE GUID: 0f7f533a15fd861fc914d8decf016ae1
﻿01:05:04 : Verified GUID (0f7f533a15fd861fc914d8decf016ae1) of player #3 leva
﻿01:05:30 : Player #4 PILIGRIM333 (176.119.92.67:2304) connected
﻿01:05:30 : Player #4 PILIGRIM333 - BE GUID: 82276deb38c8317153e1c63fb349cb41
﻿01:05:31 : Verified GUID (82276deb38c8317153e1c63fb349cb41) of player #4 PILIGRIM333
﻿01:10:10 : Player #5 HADFER (93.185.202.198:2304) connected
﻿01:10:10 : Player #5 HADFER - BE GUID: fa2bfc370005a2047631a390f41823f5
﻿01:10:10 : Verified GUID (fa2bfc370005a2047631a390f41823f5) of player #5 HADFER
﻿01:21:03 : Player #5 HADFER disconnected
﻿01:21:12 : Player #5 HADFER (93.185.202.198:2304) connected
﻿01:21:12 : Player #5 HADFER - BE GUID: fa2bfc370005a2047631a390f41823f5
﻿01:21:12 : Verified GUID (fa2bfc370005a2047631a390f41823f5) of player #5 HADFER
﻿01:22:28 : Player #2 LEGO disconnected
﻿01:25:08 : Player #6 LEGO (176.119.87.46:2304) connected
﻿01:25:09 : Player #6 LEGO - BE GUID: de75896b73874f4d6d146c67e260cd8d
﻿01:25:09 : Verified GUID (de75896b73874f4d6d146c67e260cd8d) of player #6 LEGO
﻿01:25:46 : Player #1 boxoff disconnected
﻿01:25:48 : Player #7 boxoff (178.75.96.209:2304) connected
﻿01:25:49 : Player #7 boxoff - BE GUID: 617dbc25ebb59959f9d1766426e89d89
﻿01:25:52 : Verified GUID (617dbc25ebb59959f9d1766426e89d89) of player #7 boxoff
﻿01:26:19 : RCon admin #2 (217.19.216.236:1054) logged in
﻿01:35:06 : Player #0 StasMir disconnected
﻿01:43:42 : Player #8 JleHuBblu (178.45.192.47:2304) connected
﻿01:43:42 : Player #8 JleHuBblu - BE GUID: 21ad43df25ff280d21b8ffb22e2f4bdb
﻿01:43:42 : Verified GUID (21ad43df25ff280d21b8ffb22e2f4bdb) of player #8 JleHuBblu
﻿01:43:55 : Player #5 HADFER disconnected
﻿01:48:05 : Player #8 JleHuBblu disconnected
﻿01:49:27 : Player #8 JleHuBblu (178.45.192.47:2304) connected
﻿01:49:27 : Player #8 JleHuBblu - BE GUID: 21ad43df25ff280d21b8ffb22e2f4bdb
﻿01:49:28 : Verified GUID (21ad43df25ff280d21b8ffb22e2f4bdb) of player #8 JleHuBblu
﻿01:49:45 : Player #7 boxoff disconnected
﻿01:50:57 : Player #9 boxoff (178.75.96.209:2304) connected
﻿01:50:57 : Player #9 boxoff - BE GUID: 617dbc25ebb59959f9d1766426e89d89
﻿01:50:58 : Verified GUID (617dbc25ebb59959f9d1766426e89d89) of player #9 boxoff
﻿01:55:01 : Player #4 PILIGRIM333 disconnected
﻿01:58:33 : Player #10 HADFER (93.185.202.198:2304) connected
﻿01:58:33 : Player #10 HADFER - BE GUID: fa2bfc370005a2047631a390f41823f5
﻿01:58:34 : Verified GUID (fa2bfc370005a2047631a390f41823f5) of player #10 HADFER
﻿02:02:33 : Player #8 JleHuBblu disconnected
﻿02:02:59 : Player #11 StasMir (31.163.231.3:2304) connected
﻿02:03:00 : Player #11 StasMir - BE GUID: b615284312e60a98fc55c1932ec550d0
﻿02:03:01 : Verified GUID (b615284312e60a98fc55c1932ec550d0) of player #11 StasMir
﻿02:10:25 : Player #11 StasMir disconnected
﻿02:11:39 : Player #9 boxoff disconnected
﻿02:11:40 : Player #11 boxoff (178.75.96.209:2304) connected
﻿02:11:40 : Player #11 boxoff - BE GUID: 617dbc25ebb59959f9d1766426e89d89
﻿02:11:40 : Verified GUID (617dbc25ebb59959f9d1766426e89d89) of player #11 boxoff
﻿02:12:48 : Player #11 boxoff disconnected
﻿02:14:17 : Player #11 StasMir (31.163.231.3:2304) connected
﻿02:14:18 : Player #11 StasMir - BE GUID: b615284312e60a98fc55c1932ec550d0
﻿02:14:18 : Verified GUID (b615284312e60a98fc55c1932ec550d0) of player #11 StasMir
﻿02:15:46 : Player #12 boxoff (178.75.96.209:2304) connected
﻿02:15:46 : Player #12 boxoff - BE GUID: 617dbc25ebb59959f9d1766426e89d89
﻿02:15:47 : Verified GUID (617dbc25ebb59959f9d1766426e89d89) of player #12 boxoff
﻿02:22:27 : Player #3 leva disconnected
﻿02:27:41 : RCon admin #0 (217.19.216.236:1053) logged in
﻿02:27:58 : Player #10 HADFER (fa2bfc370005a2047631a390f41823f5) has been kicked by BattlEye: Client not responding
﻿02:28:01 : Player #6 LEGO (de75896b73874f4d6d146c67e260cd8d) has been kicked by BattlEye: Client not responding
﻿02:28:38 : RCon admin #2 (217.19.216.236:1042) logged in
﻿02:28:45 : Player #11 StasMir disconnected
﻿02:28:45 : Player #12 boxoff disconnected
﻿02:28:48 : RCon admin #3 (217.19.216.236:18806) logged in
﻿02:28:58 : RCon admin #0 (217.19.216.236:1058) logged in
﻿02:29:08 : RCon admin #0 (217.19.216.236:28344) logged in
﻿02:29:18 : RCon admin #0 (217.19.216.236:1048) logged in
﻿02:29:28 : RCon admin #0 (217.19.216.236:1056) logged in
﻿02:29:29 : Player #1 HADFER (93.185.202.198:2304) connected
﻿02:29:30 : Player #1 HADFER - BE GUID: fa2bfc370005a2047631a390f41823f5
﻿02:29:33 : Verified GUID (fa2bfc370005a2047631a390f41823f5) of player #1 HADFER
﻿02:30:06 : RCon admin #2 (217.19.216.236:27609) logged in
﻿02:33:14 : Player #2 LEGO (176.119.87.46:2304) connected
﻿02:33:14 : Player #2 LEGO - BE GUID: de75896b73874f4d6d146c67e260cd8d
﻿02:33:14 : Verified GUID (de75896b73874f4d6d146c67e260cd8d) of player #2 LEGO
﻿02:46:38 : Player #2 LEGO disconnected
﻿03:07:10 : Player #2 KOLY (176.62.91.239:47055) connected
﻿03:07:11 : Player #2 KOLY - BE GUID: 02b93138d388dd2181713b34e5a33895
﻿03:07:11 : Verified GUID (02b93138d388dd2181713b34e5a33895) of player #2 KOLY
﻿03:10:28 : Player #2 KOLY disconnected
﻿03:10:38 : Player #2 KOLY (176.62.91.239:47055) connected
﻿03:10:38 : Player #2 KOLY - BE GUID: 02b93138d388dd2181713b34e5a33895
﻿03:10:38 : Verified GUID (02b93138d388dd2181713b34e5a33895) of player #2 KOLY
﻿03:26:50 : Player #2 KOLY disconnected
﻿03:32:39 : Player #2 KOLY (176.62.91.238:41726) connected
﻿03:32:40 : Player #2 KOLY - BE GUID: 02b93138d388dd2181713b34e5a33895
﻿03:32:40 : Verified GUID (02b93138d388dd2181713b34e5a33895) of player #2 KOLY
﻿03:37:00 : Player #2 KOLY disconnected
﻿03:39:14 : Player #2 KOLY (176.62.91.245:44336) connected
﻿03:39:15 : Player #2 KOLY - BE GUID: 02b93138d388dd2181713b34e5a33895
﻿03:39:15 : Verified GUID (02b93138d388dd2181713b34e5a33895) of player #2 KOLY
﻿03:40:00 : Player #2 KOLY disconnected
﻿03:44:53 : Player #2 KOLY (176.62.91.241:32173) connected
﻿03:44:54 : Player #2 KOLY - BE GUID: 02b93138d388dd2181713b34e5a33895
﻿03:44:54 : Verified GUID (02b93138d388dd2181713b34e5a33895) of player #2 KOLY
﻿03:45:00 : RCon admin #1: (Global) BEC : Выброс произойдёт через 15 минут.
﻿03:55:00 : RCon admin #1: (Global) BEC : Выброс произойдёт через 5 минут.
﻿03:59:00 : RCon admin #1: (Global) BEC : Выброс произойдёт через 1 минуту.
﻿04:00:01 : Player #2 KOLY disconnected
﻿04:00:02 : Lost Connection!
﻿04:00:02 : Closing socket & exiting!
﻿04:00:08 : Lost Connection!
﻿04:00:08 : Closing socket & exiting!
﻿04:00:35 : Lost Connection!
﻿04:00:35 : Closing socket & exiting!
﻿04:00:49 : Lost Connection!
﻿04:00:49 : Closing socket & exiting!
﻿04:01:03 : Lost Connection!
﻿04:01:03 : Closing socket & exiting!
﻿04:01:17 : Lost Connection!
﻿04:01:17 : Closing socket & exiting!
﻿04:01:31 : Lost Connection!
﻿04:01:31 : Closing socket & exiting!
﻿04:01:45 : Lost Connection!
﻿04:01:45 : Closing socket & exiting!
﻿04:01:59 : Lost Connection!
﻿04:01:59 : Closing socket & exiting!
﻿04:02:13 : Lost Connection!
﻿04:02:13 : Closing socket & exiting!
﻿04:02:27 : Lost Connection!
﻿04:02:27 : Closing socket & exiting!
﻿04:02:41 : Lost Connection!
﻿04:02:41 : Closing socket & exiting!
﻿04:02:55 : Lost Connection!
﻿04:02:55 : Closing socket & exiting!
﻿04:03:09 : Lost Connection!
﻿04:03:09 : Closing socket & exiting!
﻿04:03:23 : Lost Connection!
﻿04:03:23 : Closing socket & exiting!
﻿04:03:37 : Lost Connection!
﻿04:03:37 : Closing socket & exiting!
﻿04:03:51 : Lost Connection!
﻿04:03:51 : Closing socket & exiting!
﻿04:04:05 : Lost Connection!
﻿04:04:05 : Closing socket & exiting!
﻿04:04:19 : Lost Connection!
﻿04:04:19 : Closing socket & exiting!
﻿04:04:33 : Lost Connection!
﻿04:04:33 : Closing socket & exiting!
﻿04:04:47 : Lost Connection!
﻿04:04:47 : Closing socket & exiting!
﻿04:05:01 : Lost Connection!
﻿04:05:01 : Closing socket & exiting!
﻿04:05:15 : Lost Connection!
﻿04:05:15 : Closing socket & exiting!
﻿04:05:29 : Lost Connection!
﻿04:05:29 : Closing socket & exiting!
﻿04:05:43 : Lost Connection!
﻿04:05:43 : Closing socket & exiting!
﻿04:05:57 : Lost Connection!
﻿04:05:57 : Closing socket & exiting!
﻿04:06:11 : Lost Connection!
﻿04:06:11 : Closing socket & exiting!
﻿04:06:25 : Lost Connection!
﻿04:06:25 : Closing socket & exiting!
﻿04:06:39 : Lost Connection!
﻿04:06:39 : Closing socket & exiting!
﻿04:06:53 : Lost Connection!
﻿04:06:53 : Closing socket & exiting!
﻿04:07:07 : Lost Connection!
﻿04:07:07 : Closing socket & exiting!
﻿04:07:21 : Lost Connection!
﻿04:07:21 : Closing socket & exiting!
﻿04:07:35 : Lost Connection!
﻿04:07:35 : Closing socket & exiting!
﻿04:07:49 : Lost Connection!
﻿04:07:49 : Closing socket & exiting!
﻿04:08:03 : Lost Connection!
﻿04:08:03 : Closing socket & exiting!
﻿04:08:17 : Lost Connection!
﻿04:08:17 : Closing socket & exiting!
﻿04:08:31 : Lost Connection!
﻿04:08:31 : Closing socket & exiting!
﻿04:08:45 : Lost Connection!
﻿04:08:45 : Closing socket & exiting!
﻿04:08:59 : Lost Connection!
﻿04:08:59 : Closing socket & exiting!
﻿04:09:13 : Lost Connection!
﻿04:09:13 : Closing socket & exiting!
﻿04:09:27 : Lost Connection!
﻿04:09:27 : Closing socket & exiting!
﻿04:09:41 : Lost Connection!
﻿04:09:41 : Closing socket & exiting!
﻿04:09:55 : Lost Connection!
﻿04:09:55 : Closing socket & exiting!
﻿04:10:09 : Lost Connection!
﻿04:10:09 : Closing socket & exiting!
﻿04:10:23 : Lost Connection!
﻿04:10:23 : Closing socket & exiting!
﻿04:10:37 : Lost Connection!
﻿04:10:37 : Closing socket & exiting!
﻿04:10:51 : Lost Connection!
﻿04:10:51 : Closing socket & exiting!
﻿04:11:05 : Lost Connection!
﻿04:11:05 : Closing socket & exiting!
﻿04:11:19 : Lost Connection!
﻿04:11:19 : Closing socket & exiting!
﻿04:11:33 : Lost Connection!
﻿04:11:33 : Closing socket & exiting!
﻿04:11:47 : Lost Connection!
﻿04:11:47 : Closing socket & exiting!
﻿04:12:01 : Lost Connection!
﻿04:12:01 : Closing socket & exiting!
﻿04:12:15 : Lost Connection!
﻿04:12:15 : Closing socket & exiting!
﻿04:12:29 : Lost Connection!
﻿04:12:29 : Closing socket & exiting!
﻿04:12:43 : Lost Connection!
﻿04:12:43 : Closing socket & exiting!
﻿04:12:57 : Lost Connection!
﻿04:12:57 : Closing socket & exiting!
﻿04:13:11 : Lost Connection!
﻿04:13:11 : Closing socket & exiting!
﻿04:13:25 : Lost Connection!
﻿04:13:25 : Closing socket & exiting!
﻿04:13:39 : Lost Connection!
﻿04:13:39 : Closing socket & exiting!
﻿04:13:53 : Lost Connection!
﻿04:13:53 : Closing socket & exiting!
﻿04:14:07 : Lost Connection!
﻿04:14:07 : Closing socket & exiting!
﻿04:14:21 : Lost Connection!
﻿04:14:21 : Closing socket & exiting!
﻿04:14:35 : Lost Connection!
﻿04:14:35 : Closing socket & exiting!
﻿04:14:49 : Lost Connection!
﻿04:14:49 : Closing socket & exiting!
﻿04:15:03 : Lost Connection!
﻿04:15:03 : Closing socket & exiting!
﻿04:15:17 : Lost Connection!
﻿04:15:17 : Closing socket & exiting!
﻿04:15:31 : Lost Connection!
﻿04:15:31 : Closing socket & exiting!
﻿04:15:58 : Lost Connection!
﻿04:15:58 : Closing socket & exiting!
﻿04:16:12 : Lost Connection!
﻿04:16:12 : Closing socket & exiting!
﻿04:16:26 : Lost Connection!
﻿04:16:26 : Closing socket & exiting!
﻿04:16:40 : Lost Connection!
﻿04:16:40 : Closing socket & exiting!
﻿04:16:54 : Lost Connection!
﻿04:16:54 : Closing socket & exiting!
﻿04:17:08 : Lost Connection!
﻿04:17:08 : Closing socket & exiting!
﻿04:17:22 : Lost Connection!
﻿04:17:22 : Closing socket & exiting!
﻿04:17:36 : Lost Connection!
﻿04:17:36 : Closing socket & exiting!
﻿04:17:50 : Lost Connection!
﻿04:17:50 : Closing socket & exiting!
﻿04:18:04 : Lost Connection!
﻿04:18:04 : Closing socket & exiting!
﻿04:18:18 : Lost Connection!
﻿04:18:18 : Closing socket & exiting!
﻿04:18:32 : Lost Connection!
﻿04:18:32 : Closing socket & exiting!
﻿04:18:46 : Lost Connection!
﻿04:18:46 : Closing socket & exiting!
﻿04:19:00 : Lost Connection!
﻿04:19:00 : Closing socket & exiting!
﻿04:19:14 : Lost Connection!
﻿04:19:14 : Closing socket & exiting!
﻿04:19:28 : Lost Connection!
﻿04:19:28 : Closing socket & exiting!
﻿04:19:42 : Lost Connection!
﻿04:19:42 : Closing socket & exiting!
﻿04:19:56 : Lost Connection!
﻿04:19:56 : Closing socket & exiting!
﻿04:20:10 : Lost Connection!
﻿04:20:10 : Closing socket & exiting!
﻿04:20:24 : Lost Connection!
﻿04:20:24 : Closing socket & exiting!
﻿04:20:38 : Lost Connection!
﻿04:20:38 : Closing socket & exiting!
﻿04:20:52 : Lost Connection!
﻿04:20:52 : Closing socket & exiting!
﻿04:21:06 : Lost Connection!
﻿04:21:06 : Closing socket & exiting!
﻿04:21:20 : Lost Connection!
﻿04:21:20 : Closing socket & exiting!
﻿04:21:34 : Lost Connection!
﻿04:21:34 : Closing socket & exiting!
﻿04:21:48 : Lost Connection!
﻿04:21:48 : Closing socket & exiting!
﻿04:22:02 : Lost Connection!
﻿04:22:02 : Closing socket & exiting!
﻿04:22:16 : Lost Connection!
﻿04:22:16 : Closing socket & exiting!
﻿04:22:30 : Lost Connection!
﻿04:22:30 : Closing socket & exiting!
﻿04:22:44 : Lost Connection!
﻿04:22:44 : Closing socket & exiting!
﻿04:22:58 : Lost Connection!
﻿04:22:58 : Closing socket & exiting!
﻿04:23:12 : Lost Connection!
﻿04:23:12 : Closing socket & exiting!
﻿04:23:26 : Lost Connection!
﻿04:23:26 : Closing socket & exiting!
﻿04:23:40 : Lost Connection!
﻿04:23:40 : Closing socket & exiting!
﻿04:23:54 : Lost Connection!
﻿04:23:54 : Closing socket & exiting!
﻿04:24:08 : Lost Connection!
﻿04:24:08 : Closing socket & exiting!
﻿04:24:22 : Lost Connection!
﻿04:24:22 : Closing socket & exiting!
﻿04:24:36 : Lost Connection!
﻿04:24:36 : Closing socket & exiting!
﻿04:24:50 : Lost Connection!
﻿04:24:50 : Closing socket & exiting!
﻿04:25:04 : Lost Connection!
﻿04:25:04 : Closing socket & exiting!
﻿04:25:18 : Lost Connection!
﻿04:25:18 : Closing socket & exiting!
﻿04:25:32 : Lost Connection!
﻿04:25:32 : Closing socket & exiting!
﻿04:25:46 : Lost Connection!
﻿04:25:46 : Closing socket & exiting!
﻿04:26:00 : Lost Connection!
﻿04:26:00 : Closing socket & exiting!
﻿04:26:14 : Lost Connection!
﻿04:26:14 : Closing socket & exiting!
﻿04:26:28 : Lost Connection!
﻿04:26:28 : Closing socket & exiting!
﻿04:26:42 : Lost Connection!
﻿04:26:42 : Closing socket & exiting!
﻿04:26:56 : Lost Connection!
﻿04:26:56 : Closing socket & exiting!
﻿04:27:10 : Lost Connection!
﻿04:27:10 : Closing socket & exiting!
﻿04:27:24 : Lost Connection!
﻿04:27:24 : Closing socket & exiting!
﻿04:27:38 : Lost Connection!
﻿04:27:38 : Closing socket & exiting!
﻿04:27:52 : Lost Connection!
﻿04:27:52 : Closing socket & exiting!
﻿04:28:06 : Lost Connection!
﻿04:28:06 : Closing socket & exiting!
﻿04:28:20 : Lost Connection!
﻿04:28:20 : Closing socket & exiting!
﻿04:28:34 : Lost Connection!
﻿04:28:34 : Closing socket & exiting!
﻿04:28:48 : Lost Connection!
﻿04:28:48 : Closing socket & exiting!
﻿04:29:02 : Lost Connection!
﻿04:29:02 : Closing socket & exiting!
﻿04:29:16 : Lost Connection!
﻿04:29:16 : Closing socket & exiting!
﻿04:29:30 : Lost Connection!
﻿04:29:30 : Closing socket & exiting!
﻿04:29:44 : Lost Connection!
﻿04:29:44 : Closing socket & exiting!
﻿04:29:58 : Lost Connection!
﻿04:29:58 : Closing socket & exiting!
﻿04:30:12 : Lost Connection!
﻿04:30:12 : Closing socket & exiting!
﻿04:30:26 : Lost Connection!
﻿04:30:26 : Closing socket & exiting!
﻿04:30:40 : Lost Connection!
﻿04:30:40 : Closing socket & exiting!
﻿04:30:54 : Lost Connection!
﻿04:30:54 : Closing socket & exiting!
﻿04:31:21 : Lost Connection!
﻿04:31:21 : Closing socket & exiting!
﻿04:31:35 : Lost Connection!
﻿04:31:35 : Closing socket & exiting!
﻿04:31:49 : Lost Connection!
﻿04:31:49 : Closing socket & exiting!
﻿04:32:03 : Lost Connection!
﻿04:32:03 : Closing socket & exiting!
﻿04:32:17 : Lost Connection!
﻿04:32:17 : Closing socket & exiting!
﻿04:32:31 : Lost Connection!
﻿04:32:31 : Closing socket & exiting!
﻿04:32:45 : Lost Connection!
﻿04:32:45 : Closing socket & exiting!
﻿04:32:59 : Lost Connection!
﻿04:32:59 : Closing socket & exiting!
﻿04:33:13 : Lost Connection!
﻿04:33:13 : Closing socket & exiting!
﻿04:33:27 : Lost Connection!
﻿04:33:27 : Closing socket & exiting!
﻿04:33:41 : Lost Connection!
﻿04:33:41 : Closing socket & exiting!
﻿04:33:55 : Lost Connection!
﻿04:33:55 : Closing socket & exiting!
﻿04:34:09 : Lost Connection!
﻿04:34:09 : Closing socket & exiting!
﻿04:34:23 : Lost Connection!
﻿04:34:23 : Closing socket & exiting!
﻿04:34:37 : Lost Connection!
﻿04:34:37 : Closing socket & exiting!
﻿04:34:51 : Lost Connection!
﻿04:34:51 : Closing socket & exiting!
﻿04:35:05 : Lost Connection!
﻿04:35:05 : Closing socket & exiting!
﻿04:35:19 : Lost Connection!
﻿04:35:19 : Closing socket & exiting!
﻿04:35:33 : Lost Connection!
﻿04:35:33 : Closing socket & exiting!
﻿04:35:47 : Lost Connection!
﻿04:35:47 : Closing socket & exiting!
﻿04:36:01 : Lost Connection!
﻿04:36:01 : Closing socket & exiting!
﻿04:36:15 : Lost Connection!
﻿04:36:15 : Closing socket & exiting!
﻿04:36:29 : Lost Connection!
﻿04:36:29 : Closing socket & exiting!
﻿04:36:43 : Lost Connection!
﻿04:36:43 : Closing socket & exiting!
﻿04:36:57 : Lost Connection!
﻿04:36:57 : Closing socket & exiting!
﻿04:37:11 : Lost Connection!
﻿04:37:11 : Closing socket & exiting!
﻿04:37:25 : Lost Connection!
﻿04:37:25 : Closing socket & exiting!
﻿04:37:39 : Lost Connection!
﻿04:37:39 : Closing socket & exiting!
﻿04:37:53 : Lost Connection!
﻿04:37:53 : Closing socket & exiting!
﻿04:38:07 : Lost Connection!
﻿04:38:07 : Closing socket & exiting!
﻿04:38:21 : Lost Connection!
﻿04:38:21 : Closing socket & exiting!
﻿04:38:35 : Lost Connection!
﻿04:38:35 : Closing socket & exiting!
﻿04:38:49 : Lost Connection!
﻿04:38:49 : Closing socket & exiting!
﻿04:39:03 : Lost Connection!
﻿04:39:03 : Closing socket & exiting!
﻿04:39:17 : Lost Connection!
﻿04:39:17 : Closing socket & exiting!
﻿04:39:31 : Lost Connection!
﻿04:39:31 : Closing socket & exiting!
﻿04:39:45 : Lost Connection!
﻿04:39:45 : Closing socket & exiting!
﻿04:39:59 : Lost Connection!
﻿04:39:59 : Closing socket & exiting!
﻿04:40:13 : Lost Connection!
﻿04:40:13 : Closing socket & exiting!
﻿04:40:27 : Lost Connection!
﻿04:40:27 : Closing socket & exiting!
﻿04:40:41 : Lost Connection!
﻿04:40:41 : Closing socket & exiting!
﻿04:40:55 : Lost Connection!
﻿04:40:55 : Closing socket & exiting!
﻿04:41:09 : Lost Connection!
﻿04:41:09 : Closing socket & exiting!
﻿04:41:23 : Lost Connection!
﻿04:41:23 : Closing socket & exiting!
﻿04:41:37 : Lost Connection!
﻿04:41:37 : Closing socket & exiting!
﻿04:41:51 : Lost Connection!
﻿04:41:51 : Closing socket & exiting!
﻿04:42:05 : Lost Connection!
﻿04:42:05 : Closing socket & exiting!
﻿04:42:19 : Lost Connection!
﻿04:42:19 : Closing socket & exiting!
﻿04:42:33 : Lost Connection!
﻿04:42:33 : Closing socket & exiting!
﻿04:42:47 : Lost Connection!
﻿04:42:47 : Closing socket & exiting!
﻿04:43:01 : Lost Connection!
﻿04:43:01 : Closing socket & exiting!
﻿04:43:15 : Lost Connection!
﻿04:43:15 : Closing socket & exiting!
﻿04:43:29 : Lost Connection!
﻿04:43:29 : Closing socket & exiting!
﻿04:43:43 : Lost Connection!
﻿04:43:43 : Closing socket & exiting!
﻿04:43:57 : Lost Connection!
﻿04:43:57 : Closing socket & exiting!
﻿04:44:11 : Lost Connection!
﻿04:44:11 : Closing socket & exiting!
﻿04:44:25 : Lost Connection!
﻿04:44:25 : Closing socket & exiting!
﻿04:44:39 : Lost Connection!
﻿04:44:39 : Closing socket & exiting!
﻿04:44:53 : Lost Connection!
﻿04:44:53 : Closing socket & exiting!
﻿04:45:07 : Lost Connection!
﻿04:45:07 : Closing socket & exiting!
﻿04:45:21 : Lost Connection!
﻿04:45:21 : Closing socket & exiting!
﻿04:45:35 : Lost Connection!
﻿04:45:35 : Closing socket & exiting!
﻿04:45:49 : Lost Connection!
﻿04:45:49 : Closing socket & exiting!
﻿04:46:03 : Lost Connection!
﻿04:46:03 : Closing socket & exiting!
﻿04:46:17 : Lost Connection!
﻿04:46:17 : Closing socket & exiting!
﻿04:46:44 : Lost Connection!
﻿04:46:44 : Closing socket & exiting!
﻿04:46:58 : Lost Connection!
﻿04:46:58 : Closing socket & exiting!
﻿04:47:12 : Lost Connection!
﻿04:47:12 : Closing socket & exiting!
﻿04:47:26 : Lost Connection!
﻿04:47:26 : Closing socket & exiting!
﻿04:47:40 : Lost Connection!
﻿04:47:40 : Closing socket & exiting!
﻿04:47:54 : Lost Connection!
﻿04:47:54 : Closing socket & exiting!
﻿04:48:08 : Lost Connection!
﻿04:48:08 : Closing socket & exiting!
﻿04:48:22 : Lost Connection!
﻿04:48:22 : Closing socket & exiting!
﻿04:48:36 : Lost Connection!
﻿04:48:36 : Closing socket & exiting!
﻿04:48:50 : Lost Connection!
﻿04:48:50 : Closing socket & exiting!
﻿04:49:04 : Lost Connection!
﻿04:49:04 : Closing socket & exiting!
﻿04:49:18 : Lost Connection!
﻿04:49:18 : Closing socket & exiting!
﻿04:49:32 : Lost Connection!
﻿04:49:32 : Closing socket & exiting!
﻿04:49:46 : Lost Connection!
﻿04:49:46 : Closing socket & exiting!
﻿04:50:00 : Lost Connection!
﻿04:50:00 : Closing socket & exiting!
﻿04:50:14 : Lost Connection!
﻿04:50:14 : Closing socket & exiting!
﻿04:50:28 : Lost Connection!
﻿04:50:28 : Closing socket & exiting!
﻿04:50:42 : Lost Connection!
﻿04:50:42 : Closing socket & exiting!
﻿04:50:56 : Lost Connection!
﻿04:50:56 : Closing socket & exiting!
﻿04:51:10 : Lost Connection!
﻿04:51:10 : Closing socket & exiting!
﻿04:51:24 : Lost Connection!
﻿04:51:24 : Closing socket & exiting!
﻿04:51:38 : Lost Connection!
﻿04:51:38 : Closing socket & exiting!
﻿04:51:52 : Lost Connection!
﻿04:51:52 : Closing socket & exiting!
﻿04:52:06 : Lost Connection!
﻿04:52:06 : Closing socket & exiting!
﻿04:52:20 : Lost Connection!
﻿04:52:20 : Closing socket & exiting!
﻿04:52:34 : Lost Connection!
﻿04:52:34 : Closing socket & exiting!
﻿04:52:48 : Lost Connection!
﻿04:52:48 : Closing socket & exiting!
﻿04:53:02 : Lost Connection!
﻿04:53:02 : Closing socket & exiting!
﻿04:53:16 : Lost Connection!
﻿04:53:16 : Closing socket & exiting!
﻿04:53:30 : Lost Connection!
﻿04:53:30 : Closing socket & exiting!
﻿04:53:44 : Lost Connection!
﻿04:53:44 : Closing socket & exiting!
﻿04:53:58 : Lost Connection!
﻿04:53:58 : Closing socket & exiting!
﻿04:54:12 : Lost Connection!
﻿04:54:12 : Closing socket & exiting!
﻿04:54:26 : Lost Connection!
﻿04:54:26 : Closing socket & exiting!
﻿04:54:40 : Lost Connection!
﻿04:54:40 : Closing socket & exiting!
﻿04:54:54 : Lost Connection!
﻿04:54:54 : Closing socket & exiting!
﻿04:55:08 : Lost Connection!
﻿04:55:08 : Closing socket & exiting!
﻿04:55:22 : Lost Connection!
﻿04:55:22 : Closing socket & exiting!
﻿04:55:36 : Lost Connection!
﻿04:55:36 : Closing socket & exiting!
﻿04:55:50 : Lost Connection!
﻿04:55:50 : Closing socket & exiting!
﻿04:56:04 : Lost Connection!
﻿04:56:04 : Closing socket & exiting!
﻿04:56:18 : Lost Connection!
﻿04:56:18 : Closing socket & exiting!
﻿04:56:32 : Lost Connection!
﻿04:56:32 : Closing socket & exiting!
﻿04:56:46 : Lost Connection!
﻿04:56:46 : Closing socket & exiting!
﻿04:57:00 : Lost Connection!
﻿04:57:00 : Closing socket & exiting!
﻿04:57:14 : Lost Connection!
﻿04:57:14 : Closing socket & exiting!
﻿04:57:28 : Lost Connection!
﻿04:57:28 : Closing socket & exiting!
﻿04:57:42 : Lost Connection!
﻿04:57:42 : Closing socket & exiting!
﻿04:57:56 : Lost Connection!
﻿04:57:56 : Closing socket & exiting!
﻿04:58:10 : Lost Connection!
﻿04:58:10 : Closing socket & exiting!
﻿04:58:24 : Lost Connection!
﻿04:58:24 : Closing socket & exiting!
﻿04:58:38 : Lost Connection!
﻿04:58:38 : Closing socket & exiting!
﻿04:58:52 : Lost Connection!
﻿04:58:52 : Closing socket & exiting!
﻿04:59:06 : Lost Connection!
﻿04:59:06 : Closing socket & exiting!
﻿04:59:20 : Lost Connection!
﻿04:59:20 : Closing socket & exiting!
﻿04:59:34 : Lost Connection!
﻿04:59:34 : Closing socket & exiting!
﻿04:59:48 : Lost Connection!
﻿04:59:48 : Closing socket & exiting!
﻿05:00:02 : Lost Connection!
﻿05:00:02 : Closing socket & exiting!
﻿05:00:16 : Lost Connection!
﻿05:00:16 : Closing socket & exiting!
﻿05:00:30 : Lost Connection!
﻿05:00:30 : Closing socket & exiting!
﻿05:00:44 : Lost Connection!
﻿05:00:44 : Closing socket & exiting!
﻿05:00:58 : Lost Connection!
﻿05:00:58 : Closing socket & exiting!
﻿05:01:12 : Lost Connection!
﻿05:01:12 : Closing socket & exiting!
﻿05:01:26 : Lost Connection!
﻿05:01:26 : Closing socket & exiting!
﻿05:01:40 : Lost Connection!
﻿05:01:40 : Closing socket & exiting!
﻿05:02:07 : Lost Connection!
﻿05:02:07 : Closing socket & exiting!
﻿05:02:21 : Lost Connection!
﻿05:02:21 : Closing socket & exiting!
﻿05:02:35 : Lost Connection!
﻿05:02:35 : Closing socket & exiting!
﻿05:02:49 : Lost Connection!
﻿05:02:49 : Closing socket & exiting!
﻿05:03:03 : Lost Connection!
﻿05:03:03 : Closing socket & exiting!
﻿05:03:17 : Lost Connection!
﻿05:03:17 : Closing socket & exiting!
﻿05:03:31 : Lost Connection!
﻿05:03:31 : Closing socket & exiting!
﻿05:03:45 : Lost Connection!
﻿05:03:45 : Closing socket & exiting!
﻿05:03:59 : Lost Connection!
﻿05:03:59 : Closing socket & exiting!
﻿05:04:13 : Lost Connection!
﻿05:04:13 : Closing socket & exiting!
﻿05:04:27 : Lost Connection!
﻿05:04:27 : Closing socket & exiting!
﻿05:04:41 : Lost Connection!
﻿05:04:41 : Closing socket & exiting!
﻿05:04:55 : Lost Connection!
﻿05:04:55 : Closing socket & exiting!
﻿05:05:09 : Lost Connection!
﻿05:05:09 : Closing socket & exiting!
﻿05:05:23 : Lost Connection!
﻿05:05:23 : Closing socket & exiting!
﻿05:05:37 : Lost Connection!
﻿05:05:37 : Closing socket & exiting!
﻿05:05:51 : Lost Connection!
﻿05:05:51 : Closing socket & exiting!
﻿05:06:05 : Lost Connection!
﻿05:06:05 : Closing socket & exiting!
﻿05:06:19 : Lost Connection!
﻿05:06:19 : Closing socket & exiting!
﻿05:06:33 : Lost Connection!
﻿05:06:33 : Closing socket & exiting!
﻿05:06:47 : Lost Connection!
﻿05:06:47 : Closing socket & exiting!
﻿05:07:01 : Lost Connection!
﻿05:07:01 : Closing socket & exiting!
﻿05:07:15 : Lost Connection!
﻿05:07:15 : Closing socket & exiting!
﻿05:07:29 : Lost Connection!
﻿05:07:29 : Closing socket & exiting!
﻿05:07:43 : Lost Connection!
﻿05:07:43 : Closing socket & exiting!
﻿05:07:57 : Lost Connection!
﻿05:07:57 : Closing socket & exiting!
﻿05:08:11 : Lost Connection!
﻿05:08:11 : Closing socket & exiting!
﻿05:08:25 : Lost Connection!
﻿05:08:25 : Closing socket & exiting!
﻿05:08:39 : Lost Connection!
﻿05:08:39 : Closing socket & exiting!
﻿05:08:53 : Lost Connection!
﻿05:08:53 : Closing socket & exiting!
﻿05:09:07 : Lost Connection!
﻿05:09:07 : Closing socket & exiting!
﻿05:09:21 : Lost Connection!
﻿05:09:21 : Closing socket & exiting!
﻿05:09:35 : Lost Connection!
﻿05:09:35 : Closing socket & exiting!
﻿05:09:49 : Lost Connection!
﻿05:09:49 : Closing socket & exiting!
﻿05:10:03 : Lost Connection!
﻿05:10:03 : Closing socket & exiting!
﻿05:10:17 : Lost Connection!
﻿05:10:17 : Closing socket & exiting!
﻿05:10:31 : Lost Connection!
﻿05:10:31 : Closing socket & exiting!
﻿05:10:45 : Lost Connection!
﻿05:10:45 : Closing socket & exiting!
﻿05:10:59 : Lost Connection!
﻿05:10:59 : Closing socket & exiting!
﻿05:11:13 : Lost Connection!
﻿05:11:13 : Closing socket & exiting!
﻿05:11:27 : Lost Connection!
﻿05:11:27 : Closing socket & exiting!
﻿05:11:41 : Lost Connection!
﻿05:11:41 : Closing socket & exiting!
﻿05:11:55 : Lost Connection!
﻿05:11:55 : Closing socket & exiting!
﻿05:12:09 : Lost Connection!
﻿05:12:09 : Closing socket & exiting!
﻿05:12:23 : Lost Connection!
﻿05:12:23 : Closing socket & exiting!
﻿05:12:37 : Lost Connection!
﻿05:12:37 : Closing socket & exiting!
﻿05:12:51 : Lost Connection!
﻿05:12:51 : Closing socket & exiting!
﻿05:13:05 : Lost Connection!
﻿05:13:05 : Closing socket & exiting!
﻿05:13:19 : Lost Connection!
﻿05:13:19 : Closing socket & exiting!
﻿05:13:33 : Lost Connection!
﻿05:13:33 : Closing socket & exiting!
﻿05:13:47 : Lost Connection!
﻿05:13:47 : Closing socket & exiting!
﻿05:14:01 : Lost Connection!
﻿05:14:01 : Closing socket & exiting!
﻿05:14:15 : Lost Connection!
﻿05:14:15 : Closing socket & exiting!
﻿05:14:29 : Lost Connection!
﻿05:14:29 : Closing socket & exiting!
﻿05:14:43 : Lost Connection!
﻿05:14:43 : Closing socket & exiting!
﻿05:14:57 : Lost Connection!
﻿05:14:57 : Closing socket & exiting!
﻿05:15:11 : Lost Connection!
﻿05:15:11 : Closing socket & exiting!
﻿05:15:25 : Lost Connection!
﻿05:15:25 : Closing socket & exiting!
﻿05:15:39 : Lost Connection!
﻿05:15:39 : Closing socket & exiting!
﻿05:15:53 : Lost Connection!
﻿05:15:53 : Closing socket & exiting!
﻿05:16:07 : Lost Connection!
﻿05:16:07 : Closing socket & exiting!
﻿05:16:21 : Lost Connection!
﻿05:16:21 : Closing socket & exiting!
﻿05:16:35 : Lost Connection!
﻿05:16:35 : Closing socket & exiting!
﻿05:16:49 : Lost Connection!
﻿05:16:49 : Closing socket & exiting!
﻿05:17:03 : Lost Connection!
﻿05:17:03 : Closing socket & exiting!
﻿05:17:30 : Lost Connection!
﻿05:17:30 : Closing socket & exiting!
﻿05:17:44 : Lost Connection!
﻿05:17:44 : Closing socket & exiting!
﻿05:17:58 : Lost Connection!
﻿05:17:58 : Closing socket & exiting!
﻿05:18:12 : Lost Connection!
﻿05:18:12 : Closing socket & exiting!
﻿05:18:26 : Lost Connection!
﻿05:18:26 : Closing socket & exiting!
﻿05:18:40 : Lost Connection!
﻿05:18:40 : Closing socket & exiting!
﻿05:18:54 : Lost Connection!
﻿05:18:54 : Closing socket & exiting!
﻿05:19:08 : Lost Connection!
﻿05:19:08 : Closing socket & exiting!
﻿05:19:22 : Lost Connection!
﻿05:19:22 : Closing socket & exiting!
﻿05:19:36 : Lost Connection!
﻿05:19:36 : Closing socket & exiting!
﻿05:19:50 : Lost Connection!
﻿05:19:50 : Closing socket & exiting!
﻿05:20:04 : Lost Connection!
﻿05:20:04 : Closing socket & exiting!
﻿05:20:18 : Lost Connection!
﻿05:20:18 : Closing socket & exiting!
﻿05:20:32 : Lost Connection!
﻿05:20:32 : Closing socket & exiting!
﻿05:20:46 : Lost Connection!
﻿05:20:46 : Closing socket & exiting!
﻿05:21:00 : Lost Connection!
﻿05:21:00 : Closing socket & exiting!
﻿05:21:14 : Lost Connection!
﻿05:21:14 : Closing socket & exiting!
﻿05:21:28 : Lost Connection!
﻿05:21:28 : Closing socket & exiting!
﻿05:21:42 : Lost Connection!
﻿05:21:42 : Closing socket & exiting!
﻿05:21:56 : Lost Connection!
﻿05:21:56 : Closing socket & exiting!
﻿05:22:10 : Lost Connection!
﻿05:22:10 : Closing socket & exiting!
﻿05:22:24 : Lost Connection!
﻿05:22:24 : Closing socket & exiting!
﻿05:22:38 : Lost Connection!
﻿05:22:38 : Closing socket & exiting!
﻿05:22:52 : Lost Connection!
﻿05:22:52 : Closing socket & exiting!
﻿05:23:06 : Lost Connection!
﻿05:23:06 : Closing socket & exiting!
﻿05:23:20 : Lost Connection!
﻿05:23:20 : Closing socket & exiting!
﻿05:23:34 : Lost Connection!
﻿05:23:34 : Closing socket & exiting!
﻿05:23:48 : Lost Connection!
﻿05:23:48 : Closing socket & exiting!
﻿05:24:02 : Lost Connection!
﻿05:24:02 : Closing socket & exiting!
﻿05:24:16 : Lost Connection!
﻿05:24:16 : Closing socket & exiting!
﻿05:24:30 : Lost Connection!
﻿05:24:30 : Closing socket & exiting!
﻿05:24:44 : Lost Connection!
﻿05:24:44 : Closing socket & exiting!
﻿05:24:58 : Lost Connection!
﻿05:24:58 : Closing socket & exiting!
﻿05:25:12 : Lost Connection!
﻿05:25:12 : Closing socket & exiting!
﻿05:25:26 : Lost Connection!
﻿05:25:26 : Closing socket & exiting!
﻿05:25:40 : Lost Connection!
﻿05:25:40 : Closing socket & exiting!
﻿05:25:54 : Lost Connection!
﻿05:25:54 : Closing socket & exiting!
﻿05:26:08 : Lost Connection!
﻿05:26:08 : Closing socket & exiting!
﻿05:26:22 : Lost Connection!
﻿05:26:22 : Closing socket & exiting!
﻿05:26:36 : Lost Connection!
﻿05:26:36 : Closing socket & exiting!
﻿05:26:50 : Lost Connection!
﻿05:26:50 : Closing socket & exiting!
﻿05:27:04 : Lost Connection!
﻿05:27:04 : Closing socket & exiting!
﻿05:27:18 : Lost Connection!
﻿05:27:18 : Closing socket & exiting!
﻿05:27:32 : Lost Connection!
﻿05:27:32 : Closing socket & exiting!
﻿05:27:46 : Lost Connection!
﻿05:27:46 : Closing socket & exiting!
﻿05:28:00 : Lost Connection!
﻿05:28:00 : Closing socket & exiting!
﻿05:28:14 : Lost Connection!
﻿05:28:14 : Closing socket & exiting!
﻿05:28:28 : Lost Connection!
﻿05:28:28 : Closing socket & exiting!
﻿05:28:42 : Lost Connection!
﻿05:28:42 : Closing socket & exiting!
﻿05:28:56 : Lost Connection!
﻿05:28:56 : Closing socket & exiting!
﻿05:29:10 : Lost Connection!
﻿05:29:10 : Closing socket & exiting!
﻿05:29:24 : Lost Connection!
﻿05:29:24 : Closing socket & exiting!
﻿05:29:38 : Lost Connection!
﻿05:29:38 : Closing socket & exiting!
﻿05:29:52 : Lost Connection!
﻿05:29:52 : Closing socket & exiting!
﻿05:30:06 : Lost Connection!
﻿05:30:06 : Closing socket & exiting!
﻿05:30:20 : Lost Connection!
﻿05:30:20 : Closing socket & exiting!
﻿05:30:34 : Lost Connection!
﻿05:30:34 : Closing socket & exiting!
﻿05:30:48 : Lost Connection!
﻿05:30:48 : Closing socket & exiting!
﻿05:31:02 : Lost Connection!
﻿05:31:02 : Closing socket & exiting!
﻿05:31:16 : Lost Connection!
﻿05:31:16 : Closing socket & exiting!
﻿05:31:30 : Lost Connection!
﻿05:31:30 : Closing socket & exiting!
﻿05:31:44 : Lost Connection!
﻿05:31:44 : Closing socket & exiting!
﻿05:31:58 : Lost Connection!
﻿05:31:58 : Closing socket & exiting!
﻿05:32:12 : Lost Connection!
﻿05:32:12 : Closing socket & exiting!
﻿05:32:26 : Lost Connection!
﻿05:32:26 : Closing socket & exiting!
﻿05:32:53 : Lost Connection!
﻿05:32:53 : Closing socket & exiting!
﻿05:33:07 : Lost Connection!
﻿05:33:07 : Closing socket & exiting!
﻿05:33:21 : Lost Connection!
﻿05:33:21 : Closing socket & exiting!
﻿05:33:35 : Lost Connection!
﻿05:33:35 : Closing socket & exiting!
﻿05:33:49 : Lost Connection!
﻿05:33:49 : Closing socket & exiting!
﻿05:34:03 : Lost Connection!
﻿05:34:03 : Closing socket & exiting!
﻿05:34:17 : Lost Connection!
﻿05:34:17 : Closing socket & exiting!
﻿05:34:31 : Lost Connection!
﻿05:34:31 : Closing socket & exiting!
﻿05:34:45 : Lost Connection!
﻿05:34:45 : Closing socket & exiting!
﻿05:34:59 : Lost Connection!
﻿05:34:59 : Closing socket & exiting!
﻿05:35:13 : Lost Connection!
﻿05:35:13 : Closing socket & exiting!
﻿05:35:27 : Lost Connection!
﻿05:35:27 : Closing socket & exiting!
﻿05:35:41 : Lost Connection!
﻿05:35:41 : Closing socket & exiting!
﻿05:35:55 : Lost Connection!
﻿05:35:55 : Closing socket & exiting!
﻿05:36:09 : Lost Connection!
﻿05:36:09 : Closing socket & exiting!
﻿05:36:23 : Lost Connection!
﻿05:36:23 : Closing socket & exiting!
﻿05:36:37 : Lost Connection!
﻿05:36:37 : Closing socket & exiting!
﻿05:36:51 : Lost Connection!
﻿05:36:51 : Closing socket & exiting!
﻿05:37:05 : Lost Connection!
﻿05:37:05 : Closing socket & exiting!
﻿05:37:19 : Lost Connection!
﻿05:37:19 : Closing socket & exiting!
﻿05:37:33 : Lost Connection!
﻿05:37:33 : Closing socket & exiting!
﻿05:37:47 : Lost Connection!
﻿05:37:47 : Closing socket & exiting!
﻿05:38:01 : Lost Connection!
﻿05:38:01 : Closing socket & exiting!
﻿05:38:15 : Lost Connection!
﻿05:38:15 : Closing socket & exiting!
﻿05:38:29 : Lost Connection!
﻿05:38:29 : Closing socket & exiting!
﻿05:38:43 : Lost Connection!
﻿05:38:43 : Closing socket & exiting!
﻿05:38:57 : Lost Connection!
﻿05:38:57 : Closing socket & exiting!
﻿05:39:11 : Lost Connection!
﻿05:39:11 : Closing socket & exiting!
﻿05:39:25 : Lost Connection!
﻿05:39:25 : Closing socket & exiting!
﻿05:39:39 : Lost Connection!
﻿05:39:39 : Closing socket & exiting!
﻿05:39:53 : Lost Connection!
﻿05:39:53 : Closing socket & exiting!
﻿05:40:07 : Lost Connection!
﻿05:40:07 : Closing socket & exiting!
﻿05:40:21 : Lost Connection!
﻿05:40:21 : Closing socket & exiting!
﻿05:40:35 : Lost Connection!
﻿05:40:35 : Closing socket & exiting!
﻿05:40:49 : Lost Connection!
﻿05:40:49 : Closing socket & exiting!
﻿05:41:03 : Lost Connection!
﻿05:41:03 : Closing socket & exiting!
﻿05:41:17 : Lost Connection!
﻿05:41:17 : Closing socket & exiting!
﻿05:41:31 : Lost Connection!
﻿05:41:31 : Closing socket & exiting!
﻿05:41:45 : Lost Connection!
﻿05:41:45 : Closing socket & exiting!
﻿05:41:59 : Lost Connection!
﻿05:41:59 : Closing socket & exiting!
﻿05:42:13 : Lost Connection!
﻿05:42:13 : Closing socket & exiting!
﻿05:42:27 : Lost Connection!
﻿05:42:27 : Closing socket & exiting!
﻿05:42:41 : Lost Connection!
﻿05:42:41 : Closing socket & exiting!
﻿05:42:55 : Lost Connection!
﻿05:42:55 : Closing socket & exiting!
﻿05:43:09 : Lost Connection!
﻿05:43:09 : Closing socket & exiting!
﻿05:43:23 : Lost Connection!
﻿05:43:23 : Closing socket & exiting!
﻿05:43:37 : Lost Connection!
﻿05:43:37 : Closing socket & exiting!
﻿05:43:51 : Lost Connection!
﻿05:43:51 : Closing socket & exiting!
﻿05:44:05 : Lost Connection!
﻿05:44:05 : Closing socket & exiting!
﻿05:44:19 : Lost Connection!
﻿05:44:19 : Closing socket & exiting!
﻿05:44:33 : Lost Connection!
﻿05:44:33 : Closing socket & exiting!
﻿05:44:47 : Lost Connection!
﻿05:44:47 : Closing socket & exiting!
﻿05:45:01 : Lost Connection!
﻿05:45:01 : Closing socket & exiting!
﻿05:45:15 : Lost Connection!
﻿05:45:15 : Closing socket & exiting!
﻿05:45:29 : Lost Connection!
﻿05:45:29 : Closing socket & exiting!
﻿05:45:43 : Lost Connection!
﻿05:45:43 : Closing socket & exiting!
﻿05:45:57 : Lost Connection!
﻿05:45:57 : Closing socket & exiting!
﻿05:46:11 : Lost Connection!
﻿05:46:11 : Closing socket & exiting!
﻿05:46:25 : Lost Connection!
﻿05:46:25 : Closing socket & exiting!
﻿05:46:39 : Lost Connection!
﻿05:46:39 : Closing socket & exiting!
﻿05:46:53 : Lost Connection!
﻿05:46:53 : Closing socket & exiting!
﻿05:47:07 : Lost Connection!
﻿05:47:07 : Closing socket & exiting!
﻿05:47:21 : Lost Connection!
﻿05:47:21 : Closing socket & exiting!
﻿05:47:35 : Lost Connection!
﻿05:47:35 : Closing socket & exiting!
﻿05:47:49 : Lost Connection!
﻿05:47:49 : Closing socket & exiting!
﻿05:48:16 : Lost Connection!
﻿05:48:16 : Closing socket & exiting!
﻿05:48:30 : Lost Connection!
﻿05:48:30 : Closing socket & exiting!
﻿05:48:44 : Lost Connection!
﻿05:48:44 : Closing socket & exiting!
﻿05:48:58 : Lost Connection!
﻿05:48:58 : Closing socket & exiting!
﻿05:49:12 : Lost Connection!
﻿05:49:12 : Closing socket & exiting!
﻿05:49:26 : Lost Connection!
﻿05:49:26 : Closing socket & exiting!
﻿05:49:40 : Lost Connection!
﻿05:49:40 : Closing socket & exiting!
﻿05:49:54 : Lost Connection!
﻿05:49:54 : Closing socket & exiting!
﻿05:50:08 : Lost Connection!
﻿05:50:08 : Closing socket & exiting!
﻿05:50:22 : Lost Connection!
﻿05:50:22 : Closing socket & exiting!
﻿05:50:36 : Lost Connection!
﻿05:50:36 : Closing socket & exiting!
﻿05:50:50 : Lost Connection!
﻿05:50:50 : Closing socket & exiting!
﻿05:51:04 : Lost Connection!
﻿05:51:04 : Closing socket & exiting!
﻿05:51:18 : Lost Connection!
﻿05:51:18 : Closing socket & exiting!
﻿05:51:32 : Lost Connection!
﻿05:51:32 : Closing socket & exiting!
﻿05:51:46 : Lost Connection!
﻿05:51:46 : Closing socket & exiting!
﻿05:52:00 : Lost Connection!
﻿05:52:00 : Closing socket & exiting!
﻿05:52:14 : Lost Connection!
﻿05:52:14 : Closing socket & exiting!
﻿05:52:28 : Lost Connection!
﻿05:52:28 : Closing socket & exiting!
﻿05:52:42 : Lost Connection!
﻿05:52:42 : Closing socket & exiting!
﻿05:52:56 : Lost Connection!
﻿05:52:56 : Closing socket & exiting!
﻿05:53:10 : Lost Connection!
﻿05:53:10 : Closing socket & exiting!
﻿05:53:24 : Lost Connection!
﻿05:53:24 : Closing socket & exiting!
﻿05:53:38 : Lost Connection!
﻿05:53:38 : Closing socket & exiting!
﻿05:53:52 : Lost Connection!
﻿05:53:52 : Closing socket & exiting!
﻿05:54:06 : Lost Connection!
﻿05:54:06 : Closing socket & exiting!
﻿05:54:20 : Lost Connection!
﻿05:54:20 : Closing socket & exiting!
﻿05:54:34 : Lost Connection!
﻿05:54:34 : Closing socket & exiting!
﻿05:54:48 : Lost Connection!
﻿05:54:48 : Closing socket & exiting!
﻿05:55:02 : Lost Connection!
﻿05:55:02 : Closing socket & exiting!
﻿05:55:16 : Lost Connection!
﻿05:55:16 : Closing socket & exiting!
﻿05:55:30 : Lost Connection!
﻿05:55:30 : Closing socket & exiting!
﻿05:55:44 : Lost Connection!
﻿05:55:44 : Closing socket & exiting!
﻿05:55:58 : Lost Connection!
﻿05:55:58 : Closing socket & exiting!
﻿05:56:12 : Lost Connection!
﻿05:56:12 : Closing socket & exiting!
﻿05:56:26 : Lost Connection!
﻿05:56:26 : Closing socket & exiting!
﻿05:56:40 : Lost Connection!
﻿05:56:40 : Closing socket & exiting!
﻿05:56:54 : Lost Connection!
﻿05:56:54 : Closing socket & exiting!
﻿05:57:08 : Lost Connection!
﻿05:57:08 : Closing socket & exiting!
﻿05:57:22 : Lost Connection!
﻿05:57:22 : Closing socket & exiting!
﻿05:57:36 : Lost Connection!
﻿05:57:36 : Closing socket & exiting!
﻿05:57:50 : Lost Connection!
﻿05:57:50 : Closing socket & exiting!
﻿05:58:04 : Lost Connection!
﻿05:58:04 : Closing socket & exiting!
﻿05:58:18 : Lost Connection!
﻿05:58:18 : Closing socket & exiting!
﻿05:58:32 : Lost Connection!
﻿05:58:32 : Closing socket & exiting!
﻿05:58:46 : Lost Connection!
﻿05:58:46 : Closing socket & exiting!
﻿05:59:00 : Lost Connection!
﻿05:59:00 : Closing socket & exiting!
﻿05:59:14 : Lost Connection!
﻿05:59:14 : Closing socket & exiting!
﻿05:59:28 : Lost Connection!
﻿05:59:28 : Closing socket & exiting!
﻿05:59:42 : Lost Connection!
﻿05:59:42 : Closing socket & exiting!
﻿05:59:56 : Lost Connection!
﻿05:59:56 : Closing socket & exiting!
﻿06:00:10 : Lost Connection!
﻿06:00:10 : Closing socket & exiting!
﻿06:00:24 : Lost Connection!
﻿06:00:24 : Closing socket & exiting!
﻿06:00:38 : Lost Connection!
﻿06:00:38 : Closing socket & exiting!
﻿06:00:52 : Lost Connection!
﻿06:00:52 : Closing socket & exiting!
﻿06:01:06 : Lost Connection!
﻿06:01:06 : Closing socket & exiting!
﻿06:01:20 : Lost Connection!
﻿06:01:20 : Closing socket & exiting!
﻿06:01:34 : Lost Connection!
﻿06:01:34 : Closing socket & exiting!
﻿06:01:48 : Lost Connection!
﻿06:01:48 : Closing socket & exiting!
﻿06:02:02 : Lost Connection!
﻿06:02:02 : Closing socket & exiting!
﻿06:02:16 : Lost Connection!
﻿06:02:16 : Closing socket & exiting!
﻿06:02:30 : Lost Connection!
﻿06:02:30 : Closing socket & exiting!
﻿06:02:44 : Lost Connection!
﻿06:02:44 : Closing socket & exiting!
﻿06:02:58 : Lost Connection!
﻿06:02:58 : Closing socket & exiting!
﻿06:03:12 : Lost Connection!
﻿06:03:12 : Closing socket & exiting!
﻿06:03:36 : Lost Connection!
﻿06:03:36 : Closing socket & exiting!
﻿06:03:50 : Lost Connection!
﻿06:03:50 : Closing socket & exiting!
﻿06:04:04 : Lost Connection!
﻿06:04:04 : Closing socket & exiting!
﻿06:04:18 : Lost Connection!
﻿06:04:18 : Closing socket & exiting!
﻿06:04:34 : Lost Connection!
﻿06:04:34 : Closing socket & exiting!
﻿06:04:47 : Lost Connection!
﻿06:04:47 : Closing socket & exiting!
﻿06:05:01 : Lost Connection!
﻿06:05:01 : Closing socket & exiting!
﻿06:05:15 : Lost Connection!
﻿06:05:15 : Closing socket & exiting!
﻿06:05:29 : Lost Connection!
﻿06:05:29 : Closing socket & exiting!
﻿06:05:44 : Lost Connection!
﻿06:05:44 : Closing socket & exiting!
﻿06:05:58 : Lost Connection!
﻿06:05:58 : Closing socket & exiting!
﻿06:06:12 : Lost Connection!
﻿06:06:12 : Closing socket & exiting!
﻿06:06:26 : Lost Connection!
﻿06:06:26 : Closing socket & exiting!
﻿06:06:40 : Lost Connection!
﻿06:06:40 : Closing socket & exiting!
﻿06:06:54 : Lost Connection!
﻿06:06:54 : Closing socket & exiting!
﻿06:07:08 : Lost Connection!
﻿06:07:08 : Closing socket & exiting!
﻿06:07:22 : Lost Connection!
﻿06:07:22 : Closing socket & exiting!
﻿06:07:36 : Lost Connection!
﻿06:07:36 : Closing socket & exiting!
﻿06:07:50 : Lost Connection!
﻿06:07:50 : Closing socket & exiting!
﻿06:08:04 : Lost Connection!
﻿06:08:04 : Closing socket & exiting!
﻿06:08:18 : Lost Connection!
﻿06:08:18 : Closing socket & exiting!
﻿06:08:32 : Lost Connection!
﻿06:08:32 : Closing socket & exiting!
﻿06:08:46 : Lost Connection!
﻿06:08:46 : Closing socket & exiting!
﻿06:09:00 : Lost Connection!
﻿06:09:00 : Closing socket & exiting!
﻿06:09:14 : Lost Connection!
﻿06:09:14 : Closing socket & exiting!
﻿06:09:28 : Lost Connection!
﻿06:09:28 : Closing socket & exiting!
﻿06:09:42 : Lost Connection!
﻿06:09:42 : Closing socket & exiting!
﻿06:09:56 : Lost Connection!
﻿06:09:56 : Closing socket & exiting!
﻿06:10:10 : Lost Connection!
﻿06:10:10 : Closing socket & exiting!
﻿06:10:24 : Lost Connection!
﻿06:10:24 : Closing socket & exiting!
﻿06:10:38 : Lost Connection!
﻿06:10:38 : Closing socket & exiting!
﻿06:10:52 : Lost Connection!
﻿06:10:52 : Closing socket & exiting!
﻿06:11:06 : Lost Connection!
﻿06:11:06 : Closing socket & exiting!
﻿06:11:20 : Lost Connection!
﻿06:11:20 : Closing socket & exiting!
﻿06:11:34 : Lost Connection!
﻿06:11:34 : Closing socket & exiting!
﻿06:11:48 : Lost Connection!
﻿06:11:48 : Closing socket & exiting!
﻿06:12:02 : Lost Connection!
﻿06:12:02 : Closing socket & exiting!
﻿06:12:16 : Lost Connection!
﻿06:12:16 : Closing socket & exiting!
﻿06:12:30 : Lost Connection!
﻿06:12:30 : Closing socket & exiting!
﻿06:12:44 : Lost Connection!
﻿06:12:44 : Closing socket & exiting!
﻿06:12:58 : Lost Connection!
﻿06:12:58 : Closing socket & exiting!
﻿06:13:12 : Lost Connection!
﻿06:13:12 : Closing socket & exiting!
﻿06:13:26 : Lost Connection!
﻿06:13:26 : Closing socket & exiting!
﻿06:13:40 : Lost Connection!
﻿06:13:40 : Closing socket & exiting!
﻿06:13:54 : Lost Connection!
﻿06:13:54 : Closing socket & exiting!
﻿06:14:08 : Lost Connection!
﻿06:14:08 : Closing socket & exiting!
﻿06:14:22 : Lost Connection!
﻿06:14:22 : Closing socket & exiting!
﻿06:14:36 : Lost Connection!
﻿06:14:36 : Closing socket & exiting!
﻿06:14:50 : Lost Connection!
﻿06:14:50 : Closing socket & exiting!
﻿06:15:04 : Lost Connection!
﻿06:15:04 : Closing socket & exiting!
﻿06:15:18 : Lost Connection!
﻿06:15:18 : Closing socket & exiting!
﻿06:15:32 : Lost Connection!
﻿06:15:32 : Closing socket & exiting!
﻿06:15:46 : Lost Connection!
﻿06:15:46 : Closing socket & exiting!
﻿06:16:00 : Lost Connection!
﻿06:16:00 : Closing socket & exiting!
﻿06:16:14 : Lost Connection!
﻿06:16:14 : Closing socket & exiting!
﻿06:16:28 : Lost Connection!
﻿06:16:28 : Closing socket & exiting!
﻿06:16:42 : Lost Connection!
﻿06:16:42 : Closing socket & exiting!
﻿06:16:56 : Lost Connection!
﻿06:16:56 : Closing socket & exiting!
﻿06:17:10 : Lost Connection!
﻿06:17:10 : Closing socket & exiting!
﻿06:17:24 : Lost Connection!
﻿06:17:24 : Closing socket & exiting!
﻿06:17:38 : Lost Connection!
﻿06:17:38 : Closing socket & exiting!
﻿06:17:52 : Lost Connection!
﻿06:17:52 : Closing socket & exiting!
﻿06:18:06 : Lost Connection!
﻿06:18:06 : Closing socket & exiting!
﻿06:18:20 : Lost Connection!
﻿06:18:20 : Closing socket & exiting!
﻿06:18:35 : Lost Connection!
﻿06:18:35 : Closing socket & exiting!
﻿06:18:48 : Lost Connection!
﻿06:18:48 : Closing socket & exiting!
﻿06:19:02 : Lost Connection!
﻿06:19:02 : Closing socket & exiting!
﻿06:19:29 : Lost Connection!
﻿06:19:29 : Closing socket & exiting!
﻿06:19:43 : Lost Connection!
﻿06:19:43 : Closing socket & exiting!
﻿06:19:57 : Lost Connection!
﻿06:19:57 : Closing socket & exiting!
﻿06:20:11 : Lost Connection!
﻿06:20:11 : Closing socket & exiting!
﻿06:20:25 : Lost Connection!
﻿06:20:25 : Closing socket & exiting!
﻿06:20:39 : Lost Connection!
﻿06:20:39 : Closing socket & exiting!
﻿06:20:53 : Lost Connection!
﻿06:20:53 : Closing socket & exiting!
﻿06:21:07 : Lost Connection!
﻿06:21:07 : Closing socket & exiting!
﻿06:21:21 : Lost Connection!
﻿06:21:21 : Closing socket & exiting!
﻿06:21:35 : Lost Connection!
﻿06:21:35 : Closing socket & exiting!
﻿06:21:49 : Lost Connection!
﻿06:21:49 : Closing socket & exiting!
﻿06:22:03 : Lost Connection!
﻿06:22:03 : Closing socket & exiting!
﻿06:22:17 : Lost Connection!
﻿06:22:17 : Closing socket & exiting!
﻿06:22:31 : Lost Connection!
﻿06:22:31 : Closing socket & exiting!
﻿06:22:45 : Lost Connection!
﻿06:22:45 : Closing socket & exiting!
﻿06:22:59 : Lost Connection!
﻿06:22:59 : Closing socket & exiting!
﻿06:23:13 : Lost Connection!
﻿06:23:13 : Closing socket & exiting!
﻿06:23:27 : Lost Connection!
﻿06:23:27 : Closing socket & exiting!
﻿06:23:41 : Lost Connection!
﻿06:23:41 : Closing socket & exiting!
﻿06:23:55 : Lost Connection!
﻿06:23:55 : Closing socket & exiting!
﻿06:24:09 : Lost Connection!
﻿06:24:09 : Closing socket & exiting!
﻿06:24:23 : Lost Connection!
﻿06:24:23 : Closing socket & exiting!
﻿06:24:37 : Lost Connection!
﻿06:24:37 : Closing socket & exiting!
﻿06:24:51 : Lost Connection!
﻿06:24:51 : Closing socket & exiting!
﻿06:25:05 : Lost Connection!
﻿06:25:05 : Closing socket & exiting!
﻿06:25:19 : Lost Connection!
﻿06:25:19 : Closing socket & exiting!
﻿06:25:33 : Lost Connection!
﻿06:25:33 : Closing socket & exiting!
﻿06:25:47 : Lost Connection!
﻿06:25:47 : Closing socket & exiting!
﻿06:26:01 : Lost Connection!
﻿06:26:01 : Closing socket & exiting!
﻿06:26:15 : Lost Connection!
﻿06:26:15 : Closing socket & exiting!
﻿06:26:29 : Lost Connection!
﻿06:26:29 : Closing socket & exiting!
﻿06:26:43 : Lost Connection!
﻿06:26:43 : Closing socket & exiting!
﻿06:26:57 : Lost Connection!
﻿06:26:57 : Closing socket & exiting!
﻿06:27:11 : Lost Connection!
﻿06:27:11 : Closing socket & exiting!
﻿06:27:25 : Lost Connection!
﻿06:27:25 : Closing socket & exiting!
﻿06:27:39 : Lost Connection!
﻿06:27:39 : Closing socket & exiting!
﻿06:27:53 : Lost Connection!
﻿06:27:53 : Closing socket & exiting!
﻿06:28:07 : Lost Connection!
﻿06:28:07 : Closing socket & exiting!
﻿06:28:21 : Lost Connection!
﻿06:28:21 : Closing socket & exiting!
﻿06:28:35 : Lost Connection!
﻿06:28:35 : Closing socket & exiting!
﻿06:28:49 : Lost Connection!
﻿06:28:49 : Closing socket & exiting!
﻿06:29:03 : Lost Connection!
﻿06:29:03 : Closing socket & exiting!
﻿06:29:17 : Lost Connection!
﻿06:29:17 : Closing socket & exiting!
﻿06:29:31 : Lost Connection!
﻿06:29:31 : Closing socket & exiting!
﻿06:29:45 : Lost Connection!
﻿06:29:45 : Closing socket & exiting!
﻿06:29:59 : Lost Connection!
﻿06:29:59 : Closing socket & exiting!
﻿06:30:13 : Lost Connection!
﻿06:30:13 : Closing socket & exiting!
﻿06:30:27 : Lost Connection!
﻿06:30:27 : Closing socket & exiting!
﻿06:30:41 : Lost Connection!
﻿06:30:41 : Closing socket & exiting!
﻿06:30:55 : Lost Connection!
﻿06:30:55 : Closing socket & exiting!
﻿06:31:09 : Lost Connection!
﻿06:31:09 : Closing socket & exiting!
﻿06:31:23 : Lost Connection!
﻿06:31:23 : Closing socket & exiting!
﻿06:31:37 : Lost Connection!
﻿06:31:37 : Closing socket & exiting!
﻿06:31:51 : Lost Connection!
﻿06:31:51 : Closing socket & exiting!
﻿06:32:05 : Lost Connection!
﻿06:32:05 : Closing socket & exiting!
﻿06:32:19 : Lost Connection!
﻿06:32:19 : Closing socket & exiting!
﻿06:32:33 : Lost Connection!
﻿06:32:33 : Closing socket & exiting!
﻿06:32:47 : Lost Connection!
﻿06:32:47 : Closing socket & exiting!
﻿06:33:01 : Lost Connection!
﻿06:33:01 : Closing socket & exiting!
﻿06:33:15 : Lost Connection!
﻿06:33:15 : Closing socket & exiting!
﻿06:33:29 : Lost Connection!
﻿06:33:29 : Closing socket & exiting!
﻿06:33:43 : Lost Connection!
﻿06:33:43 : Closing socket & exiting!
﻿06:33:57 : Lost Connection!
﻿06:33:57 : Closing socket & exiting!
﻿06:34:11 : Lost Connection!
﻿06:34:11 : Closing socket & exiting!
﻿06:34:25 : Lost Connection!
﻿06:34:25 : Closing socket & exiting!
﻿06:34:52 : Lost Connection!
﻿06:34:52 : Closing socket & exiting!
﻿06:35:06 : Lost Connection!
﻿06:35:06 : Closing socket & exiting!
﻿06:35:20 : Lost Connection!
﻿06:35:20 : Closing socket & exiting!
﻿06:35:34 : Lost Connection!
﻿06:35:34 : Closing socket & exiting!
﻿06:35:48 : Lost Connection!
﻿06:35:48 : Closing socket & exiting!
﻿06:36:02 : Lost Connection!
﻿06:36:02 : Closing socket & exiting!
﻿06:36:16 : Lost Connection!
﻿06:36:16 : Closing socket & exiting!
﻿06:36:30 : Lost Connection!
﻿06:36:30 : Closing socket & exiting!
﻿06:36:44 : Lost Connection!
﻿06:36:44 : Closing socket & exiting!
﻿06:36:58 : Lost Connection!
﻿06:36:58 : Closing socket & exiting!
﻿06:37:12 : Lost Connection!
﻿06:37:12 : Closing socket & exiting!
﻿06:37:26 : Lost Connection!
﻿06:37:26 : Closing socket & exiting!
﻿06:37:40 : Lost Connection!
﻿06:37:40 : Closing socket & exiting!
﻿06:37:54 : Lost Connection!
﻿06:37:54 : Closing socket & exiting!
﻿06:38:08 : Lost Connection!
﻿06:38:08 : Closing socket & exiting!
﻿06:38:22 : Lost Connection!
﻿06:38:22 : Closing socket & exiting!
﻿06:38:36 : Lost Connection!
﻿06:38:36 : Closing socket & exiting!
﻿06:38:50 : Lost Connection!
﻿06:38:50 : Closing socket & exiting!
﻿06:39:04 : Lost Connection!
﻿06:39:04 : Closing socket & exiting!
﻿06:39:18 : Lost Connection!
﻿06:39:18 : Closing socket & exiting!
﻿06:39:32 : Lost Connection!
﻿06:39:32 : Closing socket & exiting!
﻿06:39:46 : Lost Connection!
﻿06:39:46 : Closing socket & exiting!
﻿06:40:00 : Lost Connection!
﻿06:40:00 : Closing socket & exiting!
﻿06:40:14 : Lost Connection!
﻿06:40:14 : Closing socket & exiting!
﻿06:40:28 : Lost Connection!
﻿06:40:28 : Closing socket & exiting!
﻿06:40:42 : Lost Connection!
﻿06:40:42 : Closing socket & exiting!
﻿06:40:56 : Lost Connection!
﻿06:40:56 : Closing socket & exiting!
﻿06:41:10 : Lost Connection!
﻿06:41:10 : Closing socket & exiting!
﻿06:41:24 : Lost Connection!
﻿06:41:24 : Closing socket & exiting!
﻿06:41:38 : Lost Connection!
﻿06:41:38 : Closing socket & exiting!
﻿06:41:52 : Lost Connection!
﻿06:41:52 : Closing socket & exiting!
﻿06:42:06 : Lost Connection!
﻿06:42:06 : Closing socket & exiting!
﻿06:42:20 : Lost Connection!
﻿06:42:20 : Closing socket & exiting!
﻿06:42:34 : Lost Connection!
﻿06:42:34 : Closing socket & exiting!
﻿06:42:48 : Lost Connection!
﻿06:42:48 : Closing socket & exiting!
﻿06:43:02 : Lost Connection!
﻿06:43:02 : Closing socket & exiting!
﻿06:43:16 : Lost Connection!
﻿06:43:16 : Closing socket & exiting!
﻿06:43:30 : Lost Connection!
﻿06:43:30 : Closing socket & exiting!
﻿06:43:44 : Lost Connection!
﻿06:43:44 : Closing socket & exiting!
﻿06:43:58 : Lost Connection!
﻿06:43:58 : Closing socket & exiting!
﻿06:44:12 : Lost Connection!
﻿06:44:12 : Closing socket & exiting!
﻿06:44:26 : Lost Connection!
﻿06:44:26 : Closing socket & exiting!
﻿06:44:40 : Lost Connection!
﻿06:44:40 : Closing socket & exiting!
﻿06:44:54 : Lost Connection!
﻿06:44:54 : Closing socket & exiting!
﻿06:45:08 : Lost Connection!
﻿06:45:08 : Closing socket & exiting!
﻿06:45:22 : Lost Connection!
﻿06:45:22 : Closing socket & exiting!
﻿06:45:36 : Lost Connection!
﻿06:45:36 : Closing socket & exiting!
﻿06:45:50 : Lost Connection!
﻿06:45:50 : Closing socket & exiting!
﻿06:46:04 : Lost Connection!
﻿06:46:04 : Closing socket & exiting!
﻿06:46:18 : Lost Connection!
﻿06:46:18 : Closing socket & exiting!
﻿06:46:32 : Lost Connection!
﻿06:46:32 : Closing socket & exiting!
﻿06:46:46 : Lost Connection!
﻿06:46:46 : Closing socket & exiting!
﻿06:47:00 : Lost Connection!
﻿06:47:00 : Closing socket & exiting!
﻿06:47:14 : Lost Connection!
﻿06:47:14 : Closing socket & exiting!
﻿06:47:28 : Lost Connection!
﻿06:47:28 : Closing socket & exiting!
﻿06:47:42 : Lost Connection!
﻿06:47:42 : Closing socket & exiting!
﻿06:47:56 : Lost Connection!
﻿06:47:56 : Closing socket & exiting!
﻿06:48:10 : Lost Connection!
﻿06:48:10 : Closing socket & exiting!
﻿06:48:24 : Lost Connection!
﻿06:48:24 : Closing socket & exiting!
﻿06:48:38 : Lost Connection!
﻿06:48:38 : Closing socket & exiting!
﻿06:48:52 : Lost Connection!
﻿06:48:52 : Closing socket & exiting!
﻿06:49:06 : Lost Connection!
﻿06:49:06 : Closing socket & exiting!
﻿06:49:20 : Lost Connection!
﻿06:49:20 : Closing socket & exiting!
﻿06:49:34 : Lost Connection!
﻿06:49:34 : Closing socket & exiting!
﻿06:49:48 : Lost Connection!
﻿06:49:48 : Closing socket & exiting!
﻿06:50:15 : Lost Connection!
﻿06:50:15 : Closing socket & exiting!
﻿06:50:29 : Lost Connection!
﻿06:50:29 : Closing socket & exiting!
﻿06:50:43 : Lost Connection!
﻿06:50:43 : Closing socket & exiting!
﻿06:50:57 : Lost Connection!
﻿06:50:57 : Closing socket & exiting!
﻿06:51:11 : Lost Connection!
﻿06:51:11 : Closing socket & exiting!
﻿06:51:25 : Lost Connection!
﻿06:51:25 : Closing socket & exiting!
﻿06:51:39 : Lost Connection!
﻿06:51:39 : Closing socket & exiting!
﻿06:51:53 : Lost Connection!
﻿06:51:53 : Closing socket & exiting!
﻿06:52:07 : Lost Connection!
﻿06:52:07 : Closing socket & exiting!
﻿06:52:21 : Lost Connection!
﻿06:52:21 : Closing socket & exiting!
﻿06:52:35 : Lost Connection!
﻿06:52:35 : Closing socket & exiting!
﻿06:52:49 : Lost Connection!
﻿06:52:49 : Closing socket & exiting!
﻿06:53:03 : Lost Connection!
﻿06:53:03 : Closing socket & exiting!
﻿06:53:17 : Lost Connection!
﻿06:53:17 : Closing socket & exiting!
﻿06:53:31 : Lost Connection!
﻿06:53:31 : Closing socket & exiting!
﻿06:53:45 : Lost Connection!
﻿06:53:45 : Closing socket & exiting!
﻿06:53:59 : Lost Connection!
﻿06:53:59 : Closing socket & exiting!
﻿06:54:13 : Lost Connection!
﻿06:54:13 : Closing socket & exiting!
﻿06:54:27 : Lost Connection!
﻿06:54:27 : Closing socket & exiting!
﻿06:54:41 : Lost Connection!
﻿06:54:41 : Closing socket & exiting!
﻿06:54:55 : Lost Connection!
﻿06:54:55 : Closing socket & exiting!
﻿06:55:09 : Lost Connection!
﻿06:55:09 : Closing socket & exiting!
﻿06:55:23 : Lost Connection!
﻿06:55:23 : Closing socket & exiting!
﻿06:55:37 : Lost Connection!
﻿06:55:37 : Closing socket & exiting!
﻿06:55:51 : Lost Connection!
﻿06:55:51 : Closing socket & exiting!
﻿06:56:05 : Lost Connection!
﻿06:56:05 : Closing socket & exiting!
﻿06:56:19 : Lost Connection!
﻿06:56:19 : Closing socket & exiting!
﻿06:56:33 : Lost Connection!
﻿06:56:33 : Closing socket & exiting!
﻿06:56:47 : Lost Connection!
﻿06:56:47 : Closing socket & exiting!
﻿06:57:01 : Lost Connection!
﻿06:57:01 : Closing socket & exiting!
﻿06:57:15 : Lost Connection!
﻿06:57:15 : Closing socket & exiting!
﻿06:57:29 : Lost Connection!
﻿06:57:29 : Closing socket & exiting!
﻿06:57:43 : Lost Connection!
﻿06:57:43 : Closing socket & exiting!
﻿06:57:57 : Lost Connection!
﻿06:57:57 : Closing socket & exiting!
﻿06:58:11 : Lost Connection!
﻿06:58:11 : Closing socket & exiting!
﻿06:58:25 : Lost Connection!
﻿06:58:25 : Closing socket & exiting!
﻿06:58:39 : Lost Connection!
﻿06:58:39 : Closing socket & exiting!
﻿06:58:53 : Lost Connection!
﻿06:58:53 : Closing socket & exiting!
﻿06:59:07 : Lost Connection!
﻿06:59:07 : Closing socket & exiting!
﻿06:59:21 : Lost Connection!
﻿06:59:21 : Closing socket & exiting!
﻿06:59:35 : Lost Connection!
﻿06:59:35 : Closing socket & exiting!
﻿06:59:49 : Lost Connection!
﻿06:59:49 : Closing socket & exiting!
﻿07:00:03 : Lost Connection!
﻿07:00:03 : Closing socket & exiting!
﻿07:00:17 : Lost Connection!
﻿07:00:17 : Closing socket & exiting!
﻿07:00:31 : Lost Connection!
﻿07:00:31 : Closing socket & exiting!
﻿07:00:45 : Lost Connection!
﻿07:00:45 : Closing socket & exiting!
﻿07:00:59 : Lost Connection!
﻿07:00:59 : Closing socket & exiting!
﻿07:01:13 : Lost Connection!
﻿07:01:13 : Closing socket & exiting!
﻿07:01:27 : Lost Connection!
﻿07:01:27 : Closing socket & exiting!
﻿07:01:41 : Lost Connection!
﻿07:01:41 : Closing socket & exiting!
﻿07:01:55 : Lost Connection!
﻿07:01:55 : Closing socket & exiting!
﻿07:02:09 : Lost Connection!
﻿07:02:09 : Closing socket & exiting!
﻿07:02:23 : Lost Connection!
﻿07:02:23 : Closing socket & exiting!
﻿07:02:37 : Lost Connection!
﻿07:02:37 : Closing socket & exiting!
﻿07:02:51 : Lost Connection!
﻿07:02:51 : Closing socket & exiting!
﻿07:03:05 : Lost Connection!
﻿07:03:05 : Closing socket & exiting!
﻿07:03:19 : Lost Connection!
﻿07:03:19 : Closing socket & exiting!
﻿07:03:33 : Lost Connection!
﻿07:03:33 : Closing socket & exiting!
﻿07:03:47 : Lost Connection!
﻿07:03:47 : Closing socket & exiting!
﻿07:04:01 : Lost Connection!
﻿07:04:01 : Closing socket & exiting!
﻿07:04:15 : Lost Connection!
﻿07:04:15 : Closing socket & exiting!
﻿07:04:29 : Lost Connection!
﻿07:04:29 : Closing socket & exiting!
﻿07:04:43 : Lost Connection!
﻿07:04:43 : Closing socket & exiting!
﻿07:04:57 : Lost Connection!
﻿07:04:57 : Closing socket & exiting!
﻿07:05:11 : Lost Connection!
﻿07:05:11 : Closing socket & exiting!
﻿07:05:38 : Lost Connection!
﻿07:05:38 : Closing socket & exiting!
﻿07:05:52 : Lost Connection!
﻿07:05:52 : Closing socket & exiting!
﻿07:06:06 : Lost Connection!
﻿07:06:06 : Closing socket & exiting!
﻿07:06:20 : Lost Connection!
﻿07:06:20 : Closing socket & exiting!
﻿07:06:34 : Lost Connection!
﻿07:06:34 : Closing socket & exiting!
﻿07:06:48 : Lost Connection!
﻿07:06:48 : Closing socket & exiting!
﻿07:07:02 : Lost Connection!
﻿07:07:02 : Closing socket & exiting!
﻿07:07:16 : Lost Connection!
﻿07:07:16 : Closing socket & exiting!
﻿07:07:30 : Lost Connection!
﻿07:07:30 : Closing socket & exiting!
﻿07:07:44 : Lost Connection!
﻿07:07:44 : Closing socket & exiting!
﻿07:07:58 : Lost Connection!
﻿07:07:58 : Closing socket & exiting!
﻿07:08:12 : Lost Connection!
﻿07:08:12 : Closing socket & exiting!
﻿07:08:26 : Lost Connection!
﻿07:08:26 : Closing socket & exiting!
﻿07:08:40 : Lost Connection!
﻿07:08:40 : Closing socket & exiting!
﻿07:08:54 : Lost Connection!
﻿07:08:54 : Closing socket & exiting!
﻿07:09:08 : Lost Connection!
﻿07:09:08 : Closing socket & exiting!
﻿07:09:22 : Lost Connection!
﻿07:09:22 : Closing socket & exiting!
﻿07:09:36 : Lost Connection!
﻿07:09:36 : Closing socket & exiting!
﻿07:09:50 : Lost Connection!
﻿07:09:50 : Closing socket & exiting!
﻿07:10:04 : Lost Connection!
﻿07:10:04 : Closing socket & exiting!
﻿07:10:18 : Lost Connection!
﻿07:10:18 : Closing socket & exiting!
﻿07:10:32 : Lost Connection!
﻿07:10:32 : Closing socket & exiting!
﻿07:10:46 : Lost Connection!
﻿07:10:46 : Closing socket & exiting!
﻿07:11:00 : Lost Connection!
﻿07:11:00 : Closing socket & exiting!
﻿07:11:14 : Lost Connection!
﻿07:11:14 : Closing socket & exiting!
﻿07:11:28 : Lost Connection!
﻿07:11:28 : Closing socket & exiting!
﻿07:11:42 : Lost Connection!
﻿07:11:42 : Closing socket & exiting!
﻿07:11:56 : Lost Connection!
﻿07:11:56 : Closing socket & exiting!
﻿07:12:10 : Lost Connection!
﻿07:12:10 : Closing socket & exiting!
﻿07:12:24 : Lost Connection!
﻿07:12:24 : Closing socket & exiting!
﻿07:12:38 : Lost Connection!
﻿07:12:38 : Closing socket & exiting!
﻿07:12:52 : Lost Connection!
﻿07:12:52 : Closing socket & exiting!
﻿07:13:06 : Lost Connection!
﻿07:13:06 : Closing socket & exiting!
﻿07:13:20 : Lost Connection!
﻿07:13:20 : Closing socket & exiting!
﻿07:13:34 : Lost Connection!
﻿07:13:34 : Closing socket & exiting!
﻿07:13:48 : Lost Connection!
﻿07:13:48 : Closing socket & exiting!
﻿07:14:02 : Lost Connection!
﻿07:14:02 : Closing socket & exiting!
﻿07:14:16 : Lost Connection!
﻿07:14:16 : Closing socket & exiting!
﻿07:14:30 : Lost Connection!
﻿07:14:30 : Closing socket & exiting!
﻿07:14:44 : Lost Connection!
﻿07:14:44 : Closing socket & exiting!
﻿07:14:58 : Lost Connection!
﻿07:14:58 : Closing socket & exiting!
﻿07:15:12 : Lost Connection!
﻿07:15:12 : Closing socket & exiting!
﻿07:15:26 : Lost Connection!
﻿07:15:26 : Closing socket & exiting!
﻿07:15:40 : Lost Connection!
﻿07:15:40 : Closing socket & exiting!
﻿07:15:54 : Lost Connection!
﻿07:15:54 : Closing socket & exiting!
﻿07:16:08 : Lost Connection!
﻿07:16:08 : Closing socket & exiting!
﻿07:16:22 : Lost Connection!
﻿07:16:22 : Closing socket & exiting!
﻿07:16:36 : Lost Connection!
﻿07:16:36 : Closing socket & exiting!
﻿07:16:50 : Lost Connection!
﻿07:16:50 : Closing socket & exiting!
﻿07:17:04 : Lost Connection!
﻿07:17:04 : Closing socket & exiting!
﻿07:17:18 : Lost Connection!
﻿07:17:18 : Closing socket & exiting!
﻿07:17:32 : Lost Connection!
﻿07:17:32 : Closing socket & exiting!
﻿07:17:46 : Lost Connection!
﻿07:17:46 : Closing socket & exiting!
﻿07:18:00 : Lost Connection!
﻿07:18:00 : Closing socket & exiting!
﻿07:18:14 : Lost Connection!
﻿07:18:14 : Closing socket & exiting!
﻿07:18:28 : Lost Connection!
﻿07:18:28 : Closing socket & exiting!
﻿07:18:42 : Lost Connection!
﻿07:18:42 : Closing socket & exiting!
﻿07:18:56 : Lost Connection!
﻿07:18:56 : Closing socket & exiting!
﻿07:19:10 : Lost Connection!
﻿07:19:10 : Closing socket & exiting!
﻿07:19:24 : Lost Connection!
﻿07:19:24 : Closing socket & exiting!
﻿07:19:38 : Lost Connection!
﻿07:19:38 : Closing socket & exiting!
﻿07:19:52 : Lost Connection!
﻿07:19:52 : Closing socket & exiting!
﻿07:20:06 : Lost Connection!
﻿07:20:06 : Closing socket & exiting!
﻿07:20:20 : Lost Connection!
﻿07:20:20 : Closing socket & exiting!
﻿07:20:34 : Lost Connection!
﻿07:20:34 : Closing socket & exiting!
﻿07:21:01 : Lost Connection!
﻿07:21:01 : Closing socket & exiting!
﻿07:21:15 : Lost Connection!
﻿07:21:15 : Closing socket & exiting!
﻿07:21:29 : Lost Connection!
﻿07:21:29 : Closing socket & exiting!
﻿07:21:43 : Lost Connection!
﻿07:21:43 : Closing socket & exiting!
﻿07:21:57 : Lost Connection!
﻿07:21:57 : Closing socket & exiting!
﻿07:22:11 : Lost Connection!
﻿07:22:11 : Closing socket & exiting!
﻿07:22:25 : Lost Connection!
﻿07:22:25 : Closing socket & exiting!
﻿07:22:39 : Lost Connection!
﻿07:22:39 : Closing socket & exiting!
﻿07:22:53 : Lost Connection!
﻿07:22:53 : Closing socket & exiting!
﻿07:23:07 : Lost Connection!
﻿07:23:07 : Closing socket & exiting!
﻿07:23:21 : Lost Connection!
﻿07:23:21 : Closing socket & exiting!
﻿07:23:35 : Lost Connection!
﻿07:23:35 : Closing socket & exiting!
﻿07:23:49 : Lost Connection!
﻿07:23:49 : Closing socket & exiting!
﻿07:24:03 : Lost Connection!
﻿07:24:03 : Closing socket & exiting!
﻿07:24:17 : Lost Connection!
﻿07:24:17 : Closing socket & exiting!
﻿07:24:31 : Lost Connection!
﻿07:24:31 : Closing socket & exiting!
﻿07:24:45 : Lost Connection!
﻿07:24:45 : Closing socket & exiting!
﻿07:24:59 : Lost Connection!
﻿07:24:59 : Closing socket & exiting!
﻿07:25:13 : Lost Connection!
﻿07:25:13 : Closing socket & exiting!
﻿07:25:27 : Lost Connection!
﻿07:25:27 : Closing socket & exiting!
﻿07:25:41 : Lost Connection!
﻿07:25:41 : Closing socket & exiting!
﻿07:25:55 : Lost Connection!
﻿07:25:55 : Closing socket & exiting!
﻿07:26:09 : Lost Connection!
﻿07:26:09 : Closing socket & exiting!
﻿07:26:23 : Lost Connection!
﻿07:26:23 : Closing socket & exiting!
﻿07:26:37 : Lost Connection!
﻿07:26:37 : Closing socket & exiting!
﻿07:26:51 : Lost Connection!
﻿07:26:51 : Closing socket & exiting!
﻿07:27:05 : Lost Connection!
﻿07:27:05 : Closing socket & exiting!
﻿07:27:19 : Lost Connection!
﻿07:27:19 : Closing socket & exiting!
﻿07:27:33 : Lost Connection!
﻿07:27:33 : Closing socket & exiting!
﻿07:27:47 : Lost Connection!
﻿07:27:47 : Closing socket & exiting!
﻿07:28:01 : Lost Connection!
﻿07:28:01 : Closing socket & exiting!
﻿07:28:15 : Lost Connection!
﻿07:28:15 : Closing socket & exiting!
﻿07:28:29 : Lost Connection!
﻿07:28:29 : Closing socket & exiting!
﻿07:28:43 : Lost Connection!
﻿07:28:43 : Closing socket & exiting!
﻿07:28:57 : Lost Connection!
﻿07:28:57 : Closing socket & exiting!
﻿07:29:11 : Lost Connection!
﻿07:29:11 : Closing socket & exiting!
﻿07:29:25 : Lost Connection!
﻿07:29:25 : Closing socket & exiting!
﻿07:29:39 : Lost Connection!
﻿07:29:39 : Closing socket & exiting!
﻿07:29:53 : Lost Connection!
﻿07:29:53 : Closing socket & exiting!
﻿07:30:07 : Lost Connection!
﻿07:30:07 : Closing socket & exiting!
﻿07:30:21 : Lost Connection!
﻿07:30:21 : Closing socket & exiting!
﻿07:30:35 : Lost Connection!
﻿07:30:35 : Closing socket & exiting!
﻿07:30:49 : Lost Connection!
﻿07:30:49 : Closing socket & exiting!
﻿07:31:03 : Lost Connection!
﻿07:31:03 : Closing socket & exiting!
﻿07:31:17 : Lost Connection!
﻿07:31:17 : Closing socket & exiting!
﻿07:31:31 : Lost Connection!
﻿07:31:31 : Closing socket & exiting!
﻿07:31:45 : Lost Connection!
﻿07:31:45 : Closing socket & exiting!
﻿07:31:59 : Lost Connection!
﻿07:31:59 : Closing socket & exiting!
﻿07:32:13 : Lost Connection!
﻿07:32:13 : Closing socket & exiting!
﻿07:32:27 : Lost Connection!
﻿07:32:27 : Closing socket & exiting!
﻿07:32:41 : Lost Connection!
﻿07:32:41 : Closing socket & exiting!
﻿07:32:55 : Lost Connection!
﻿07:32:55 : Closing socket & exiting!
﻿07:33:09 : Lost Connection!
﻿07:33:09 : Closing socket & exiting!
﻿07:33:23 : Lost Connection!
﻿07:33:23 : Closing socket & exiting!
﻿07:33:37 : Lost Connection!
﻿07:33:37 : Closing socket & exiting!
﻿07:33:51 : Lost Connection!
﻿07:33:51 : Closing socket & exiting!
﻿07:34:05 : Lost Connection!
﻿07:34:05 : Closing socket & exiting!
﻿07:34:19 : Lost Connection!
﻿07:34:19 : Closing socket & exiting!
﻿07:34:33 : Lost Connection!
﻿07:34:33 : Closing socket & exiting!
﻿07:34:47 : Lost Connection!
﻿07:34:47 : Closing socket & exiting!
﻿07:35:01 : Lost Connection!
﻿07:35:01 : Closing socket & exiting!
﻿07:35:15 : Lost Connection!
﻿07:35:15 : Closing socket & exiting!
﻿07:35:29 : Lost Connection!
﻿07:35:29 : Closing socket & exiting!
﻿07:35:43 : Lost Connection!
﻿07:35:43 : Closing socket & exiting!
﻿07:35:57 : Lost Connection!
﻿07:35:57 : Closing socket & exiting!
﻿07:36:24 : Lost Connection!
﻿07:36:24 : Closing socket & exiting!
﻿07:36:38 : Lost Connection!
﻿07:36:38 : Closing socket & exiting!
﻿07:36:52 : Lost Connection!
﻿07:36:52 : Closing socket & exiting!
﻿07:37:06 : Lost Connection!
﻿07:37:06 : Closing socket & exiting!
﻿07:37:20 : Lost Connection!
﻿07:37:20 : Closing socket & exiting!
﻿07:37:34 : Lost Connection!
﻿07:37:34 : Closing socket & exiting!
﻿07:37:48 : Lost Connection!
﻿07:37:48 : Closing socket & exiting!
﻿07:38:02 : Lost Connection!
﻿07:38:02 : Closing socket & exiting!
﻿07:38:16 : Lost Connection!
﻿07:38:16 : Closing socket & exiting!
﻿07:38:30 : Lost Connection!
﻿07:38:30 : Closing socket & exiting!
﻿07:38:44 : Lost Connection!
﻿07:38:44 : Closing socket & exiting!
﻿07:38:58 : Lost Connection!
﻿07:38:58 : Closing socket & exiting!
﻿07:39:12 : Lost Connection!
﻿07:39:12 : Closing socket & exiting!
﻿07:39:26 : Lost Connection!
﻿07:39:26 : Closing socket & exiting!
﻿07:39:40 : Lost Connection!
﻿07:39:40 : Closing socket & exiting!
﻿07:39:54 : Lost Connection!
﻿07:39:54 : Closing socket & exiting!
﻿07:40:08 : Lost Connection!
﻿07:40:08 : Closing socket & exiting!
﻿07:40:22 : Lost Connection!
﻿07:40:22 : Closing socket & exiting!
﻿07:40:36 : Lost Connection!
﻿07:40:36 : Closing socket & exiting!
﻿07:40:50 : Lost Connection!
﻿07:40:50 : Closing socket & exiting!
﻿07:41:04 : Lost Connection!
﻿07:41:04 : Closing socket & exiting!
﻿07:41:18 : Lost Connection!
﻿07:41:18 : Closing socket & exiting!
﻿07:41:32 : Lost Connection!
﻿07:41:32 : Closing socket & exiting!
﻿07:41:46 : Lost Connection!
﻿07:41:46 : Closing socket & exiting!
﻿07:42:00 : Lost Connection!
﻿07:42:00 : Closing socket & exiting!
﻿07:42:14 : Lost Connection!
﻿07:42:14 : Closing socket & exiting!
﻿07:42:28 : Lost Connection!
﻿07:42:28 : Closing socket & exiting!
﻿07:42:42 : Lost Connection!
﻿07:42:42 : Closing socket & exiting!
﻿07:42:56 : Lost Connection!
﻿07:42:56 : Closing socket & exiting!
﻿07:43:10 : Lost Connection!
﻿07:43:10 : Closing socket & exiting!
﻿07:43:24 : Lost Connection!
﻿07:43:24 : Closing socket & exiting!
﻿07:43:38 : Lost Connection!
﻿07:43:38 : Closing socket & exiting!
﻿07:43:52 : Lost Connection!
﻿07:43:52 : Closing socket & exiting!
﻿07:44:06 : Lost Connection!
﻿07:44:06 : Closing socket & exiting!
﻿07:44:20 : Lost Connection!
﻿07:44:20 : Closing socket & exiting!
﻿07:44:34 : Lost Connection!
﻿07:44:34 : Closing socket & exiting!
﻿07:44:48 : Lost Connection!
﻿07:44:48 : Closing socket & exiting!
﻿07:45:02 : Lost Connection!
﻿07:45:02 : Closing socket & exiting!
﻿07:45:16 : Lost Connection!
﻿07:45:16 : Closing socket & exiting!
﻿07:45:30 : Lost Connection!
﻿07:45:30 : Closing socket & exiting!
﻿07:45:44 : Lost Connection!
﻿07:45:44 : Closing socket & exiting!
﻿07:45:58 : Lost Connection!
﻿07:45:58 : Closing socket & exiting!
﻿07:46:12 : Lost Connection!
﻿07:46:12 : Closing socket & exiting!
﻿07:46:26 : Lost Connection!
﻿07:46:26 : Closing socket & exiting!
﻿07:46:40 : Lost Connection!
﻿07:46:40 : Closing socket & exiting!
﻿07:46:54 : Lost Connection!
﻿07:46:54 : Closing socket & exiting!
﻿07:47:08 : Lost Connection!
﻿07:47:08 : Closing socket & exiting!
﻿07:47:22 : Lost Connection!
﻿07:47:22 : Closing socket & exiting!
﻿07:47:36 : Lost Connection!
﻿07:47:36 : Closing socket & exiting!
﻿07:47:50 : Lost Connection!
﻿07:47:50 : Closing socket & exiting!
﻿07:48:04 : Lost Connection!
﻿07:48:04 : Closing socket & exiting!
﻿07:48:18 : Lost Connection!
﻿07:48:18 : Closing socket & exiting!
﻿07:48:32 : Lost Connection!
﻿07:48:32 : Closing socket & exiting!
﻿07:48:46 : Lost Connection!
﻿07:48:46 : Closing socket & exiting!
﻿07:49:00 : Lost Connection!
﻿07:49:00 : Closing socket & exiting!
﻿07:49:14 : Lost Connection!
﻿07:49:14 : Closing socket & exiting!
﻿07:49:28 : Lost Connection!
﻿07:49:28 : Closing socket & exiting!
﻿07:49:42 : Lost Connection!
﻿07:49:42 : Closing socket & exiting!
﻿07:49:56 : Lost Connection!
﻿07:49:56 : Closing socket & exiting!
﻿07:50:10 : Lost Connection!
﻿07:50:10 : Closing socket & exiting!
﻿07:50:24 : Lost Connection!
﻿07:50:24 : Closing socket & exiting!
﻿07:50:38 : Lost Connection!
﻿07:50:38 : Closing socket & exiting!
﻿07:50:52 : Lost Connection!
﻿07:50:52 : Closing socket & exiting!
﻿07:51:06 : Lost Connection!
﻿07:51:06 : Closing socket & exiting!
﻿07:51:20 : Lost Connection!
﻿07:51:20 : Closing socket & exiting!
﻿07:51:47 : Lost Connection!
﻿07:51:47 : Closing socket & exiting!
﻿07:52:01 : Lost Connection!
﻿07:52:01 : Closing socket & exiting!
﻿07:52:15 : Lost Connection!
﻿07:52:15 : Closing socket & exiting!
﻿07:52:29 : Lost Connection!
﻿07:52:29 : Closing socket & exiting!
﻿07:52:43 : Lost Connection!
﻿07:52:43 : Closing socket & exiting!
﻿07:52:57 : Lost Connection!
﻿07:52:57 : Closing socket & exiting!
﻿07:53:11 : Lost Connection!
﻿07:53:11 : Closing socket & exiting!
﻿07:53:25 : Lost Connection!
﻿07:53:25 : Closing socket & exiting!
﻿07:53:39 : Lost Connection!
﻿07:53:39 : Closing socket & exiting!
﻿07:53:53 : Lost Connection!
﻿07:53:53 : Closing socket & exiting!
﻿07:54:07 : Lost Connection!
﻿07:54:07 : Closing socket & exiting!
﻿07:54:21 : Lost Connection!
﻿07:54:21 : Closing socket & exiting!
﻿07:54:35 : Lost Connection!
﻿07:54:35 : Closing socket & exiting!
﻿07:54:49 : Lost Connection!
﻿07:54:49 : Closing socket & exiting!
﻿07:55:03 : Lost Connection!
﻿07:55:03 : Closing socket & exiting!
﻿07:55:17 : Lost Connection!
﻿07:55:17 : Closing socket & exiting!
﻿07:55:31 : Lost Connection!
﻿07:55:31 : Closing socket & exiting!
﻿07:55:45 : Lost Connection!
﻿07:55:45 : Closing socket & exiting!
﻿07:55:59 : Lost Connection!
﻿07:55:59 : Closing socket & exiting!
﻿07:56:13 : Lost Connection!
﻿07:56:13 : Closing socket & exiting!
﻿07:56:27 : Lost Connection!
﻿07:56:27 : Closing socket & exiting!
﻿07:56:41 : Lost Connection!
﻿07:56:41 : Closing socket & exiting!
﻿07:56:55 : Lost Connection!
﻿07:56:55 : Closing socket & exiting!
﻿07:57:09 : Lost Connection!
﻿07:57:09 : Closing socket & exiting!
﻿07:57:23 : Lost Connection!
﻿07:57:23 : Closing socket & exiting!
﻿07:57:37 : Lost Connection!
﻿07:57:37 : Closing socket & exiting!
﻿07:57:51 : Lost Connection!
﻿07:57:51 : Closing socket & exiting!
﻿07:58:05 : Lost Connection!
﻿07:58:05 : Closing socket & exiting!
﻿07:58:19 : Lost Connection!
﻿07:58:19 : Closing socket & exiting!
﻿07:58:33 : Lost Connection!
﻿07:58:33 : Closing socket & exiting!
﻿07:58:47 : Lost Connection!
﻿07:58:47 : Closing socket & exiting!
﻿07:59:01 : Lost Connection!
﻿07:59:01 : Closing socket & exiting!
﻿07:59:15 : Lost Connection!
﻿07:59:15 : Closing socket & exiting!
﻿07:59:29 : Lost Connection!
﻿07:59:29 : Closing socket & exiting!
﻿07:59:43 : Lost Connection!
﻿07:59:43 : Closing socket & exiting!
﻿07:59:57 : Lost Connection!
﻿07:59:57 : Closing socket & exiting!
﻿08:00:11 : Lost Connection!
﻿08:00:11 : Closing socket & exiting!
﻿08:00:25 : Lost Connection!
﻿08:00:25 : Closing socket & exiting!
﻿08:00:39 : Lost Connection!
﻿08:00:39 : Closing socket & exiting!
﻿08:00:53 : Lost Connection!
﻿08:00:53 : Closing socket & exiting!
﻿08:01:07 : Lost Connection!
﻿08:01:07 : Closing socket & exiting!
﻿08:01:21 : Lost Connection!
﻿08:01:21 : Closing socket & exiting!
﻿08:01:35 : Lost Connection!
﻿08:01:35 : Closing socket & exiting!
﻿08:01:49 : Lost Connection!
﻿08:01:49 : Closing socket & exiting!
﻿08:02:03 : Lost Connection!
﻿08:02:03 : Closing socket & exiting!
﻿08:02:17 : Lost Connection!
﻿08:02:17 : Closing socket & exiting!
﻿08:02:31 : Lost Connection!
﻿08:02:31 : Closing socket & exiting!
﻿08:02:45 : Lost Connection!
﻿08:02:45 : Closing socket & exiting!
﻿08:02:59 : Lost Connection!
﻿08:02:59 : Closing socket & exiting!
﻿08:03:13 : Lost Connection!
﻿08:03:13 : Closing socket & exiting!
﻿08:03:27 : Lost Connection!
﻿08:03:27 : Closing socket & exiting!
﻿08:03:41 : Lost Connection!
﻿08:03:41 : Closing socket & exiting!
﻿08:03:55 : Lost Connection!
﻿08:03:55 : Closing socket & exiting!
﻿08:04:09 : Lost Connection!
﻿08:04:09 : Closing socket & exiting!
﻿08:04:23 : Lost Connection!
﻿08:04:23 : Closing socket & exiting!
﻿08:04:37 : Lost Connection!
﻿08:04:37 : Closing socket & exiting!
﻿08:04:51 : Lost Connection!
﻿08:04:51 : Closing socket & exiting!
﻿08:05:05 : Lost Connection!
﻿08:05:05 : Closing socket & exiting!
﻿08:05:19 : Lost Connection!
﻿08:05:19 : Closing socket & exiting!
﻿08:05:33 : Lost Connection!
﻿08:05:33 : Closing socket & exiting!
﻿08:05:47 : Lost Connection!
﻿08:05:47 : Closing socket & exiting!
﻿08:06:01 : Lost Connection!
﻿08:06:01 : Closing socket & exiting!
﻿08:06:15 : Lost Connection!
﻿08:06:15 : Closing socket & exiting!
﻿08:06:29 : Lost Connection!
﻿08:06:29 : Closing socket & exiting!
﻿08:06:43 : Lost Connection!
﻿08:06:43 : Closing socket & exiting!
﻿08:07:10 : Lost Connection!
﻿08:07:10 : Closing socket & exiting!
﻿08:07:24 : Lost Connection!
﻿08:07:24 : Closing socket & exiting!
﻿08:07:38 : Lost Connection!
﻿08:07:38 : Closing socket & exiting!
﻿08:07:52 : Lost Connection!
﻿08:07:52 : Closing socket & exiting!
﻿08:08:06 : Lost Connection!
﻿08:08:06 : Closing socket & exiting!
﻿08:08:20 : Lost Connection!
﻿08:08:20 : Closing socket & exiting!
﻿08:08:34 : Lost Connection!
﻿08:08:34 : Closing socket & exiting!
﻿08:08:48 : Lost Connection!
﻿08:08:48 : Closing socket & exiting!
﻿08:09:02 : Lost Connection!
﻿08:09:02 : Closing socket & exiting!
﻿08:09:16 : Lost Connection!
﻿08:09:16 : Closing socket & exiting!
﻿08:09:30 : Lost Connection!
﻿08:09:30 : Closing socket & exiting!
﻿08:09:44 : Lost Connection!
﻿08:09:44 : Closing socket & exiting!
﻿08:09:58 : Lost Connection!
﻿08:09:58 : Closing socket & exiting!
﻿08:10:12 : Lost Connection!
﻿08:10:12 : Closing socket & exiting!
﻿08:10:26 : Lost Connection!
﻿08:10:26 : Closing socket & exiting!
﻿08:10:40 : Lost Connection!
﻿08:10:40 : Closing socket & exiting!
﻿08:10:54 : Lost Connection!
﻿08:10:54 : Closing socket & exiting!
﻿08:11:08 : Lost Connection!
﻿08:11:08 : Closing socket & exiting!
﻿08:11:22 : Lost Connection!
﻿08:11:22 : Closing socket & exiting!
﻿08:11:36 : Lost Connection!
﻿08:11:36 : Closing socket & exiting!
﻿08:11:50 : Lost Connection!
﻿08:11:50 : Closing socket & exiting!
﻿08:12:04 : Lost Connection!
﻿08:12:04 : Closing socket & exiting!
﻿08:12:18 : Lost Connection!
﻿08:12:18 : Closing socket & exiting!
﻿08:12:32 : Lost Connection!
﻿08:12:32 : Closing socket & exiting!
﻿08:12:46 : Lost Connection!
﻿08:12:46 : Closing socket & exiting!
﻿08:13:00 : Lost Connection!
﻿08:13:00 : Closing socket & exiting!
﻿08:13:14 : Lost Connection!
﻿08:13:14 : Closing socket & exiting!
﻿08:13:28 : Lost Connection!
﻿08:13:28 : Closing socket & exiting!
﻿08:13:42 : Lost Connection!
﻿08:13:42 : Closing socket & exiting!
﻿08:13:56 : Lost Connection!
﻿08:13:56 : Closing socket & exiting!
﻿08:14:10 : Lost Connection!
﻿08:14:10 : Closing socket & exiting!
﻿08:14:24 : Lost Connection!
﻿08:14:24 : Closing socket & exiting!
﻿08:14:38 : Lost Connection!
﻿08:14:38 : Closing socket & exiting!
﻿08:14:52 : Lost Connection!
﻿08:14:52 : Closing socket & exiting!
﻿08:15:06 : Lost Connection!
﻿08:15:06 : Closing socket & exiting!
﻿08:15:20 : Lost Connection!
﻿08:15:20 : Closing socket & exiting!
﻿08:15:34 : Lost Connection!
﻿08:15:34 : Closing socket & exiting!
﻿08:15:48 : Lost Connection!
﻿08:15:48 : Closing socket & exiting!
﻿08:16:02 : Lost Connection!
﻿08:16:02 : Closing socket & exiting!
﻿08:16:16 : Lost Connection!
﻿08:16:16 : Closing socket & exiting!
﻿08:16:30 : Lost Connection!
﻿08:16:30 : Closing socket & exiting!
﻿08:16:44 : Lost Connection!
﻿08:16:44 : Closing socket & exiting!
﻿08:16:58 : Lost Connection!
﻿08:16:58 : Closing socket & exiting!
﻿08:17:12 : Lost Connection!
﻿08:17:12 : Closing socket & exiting!
﻿08:17:26 : Lost Connection!
﻿08:17:26 : Closing socket & exiting!
﻿08:17:40 : Lost Connection!
﻿08:17:40 : Closing socket & exiting!
﻿08:17:54 : Lost Connection!
﻿08:17:54 : Closing socket & exiting!
﻿08:18:08 : Lost Connection!
﻿08:18:08 : Closing socket & exiting!
﻿08:18:22 : Lost Connection!
﻿08:18:22 : Closing socket & exiting!
﻿08:18:36 : Lost Connection!
﻿08:18:36 : Closing socket & exiting!
﻿08:18:50 : Lost Connection!
﻿08:18:50 : Closing socket & exiting!
﻿08:19:04 : Lost Connection!
﻿08:19:04 : Closing socket & exiting!
﻿08:19:18 : Lost Connection!
﻿08:19:18 : Closing socket & exiting!
﻿08:19:32 : Lost Connection!
﻿08:19:32 : Closing socket & exiting!
﻿08:19:46 : Lost Connection!
﻿08:19:46 : Closing socket & exiting!
﻿08:20:00 : Lost Connection!
﻿08:20:00 : Closing socket & exiting!
﻿08:20:14 : Lost Connection!
﻿08:20:14 : Closing socket & exiting!
﻿08:20:28 : Lost Connection!
﻿08:20:28 : Closing socket & exiting!
﻿08:20:42 : Lost Connection!
﻿08:20:42 : Closing socket & exiting!
﻿08:20:56 : Lost Connection!
﻿08:20:56 : Closing socket & exiting!
﻿08:21:10 : Lost Connection!
﻿08:21:10 : Closing socket & exiting!
﻿08:21:24 : Lost Connection!
﻿08:21:24 : Closing socket & exiting!
﻿08:21:38 : Lost Connection!
﻿08:21:38 : Closing socket & exiting!
﻿08:21:52 : Lost Connection!
﻿08:21:52 : Closing socket & exiting!
﻿08:22:06 : Lost Connection!
﻿08:22:06 : Closing socket & exiting!
﻿08:22:33 : Lost Connection!
﻿08:22:33 : Closing socket & exiting!
﻿08:22:47 : Lost Connection!
﻿08:22:47 : Closing socket & exiting!
﻿08:23:01 : Lost Connection!
﻿08:23:01 : Closing socket & exiting!
﻿08:23:15 : Lost Connection!
﻿08:23:15 : Closing socket & exiting!
﻿08:23:29 : Lost Connection!
﻿08:23:29 : Closing socket & exiting!
﻿08:23:43 : Lost Connection!
﻿08:23:43 : Closing socket & exiting!
﻿08:23:57 : Lost Connection!
﻿08:23:57 : Closing socket & exiting!
﻿08:24:11 : Lost Connection!
﻿08:24:11 : Closing socket & exiting!
﻿08:24:25 : Lost Connection!
﻿08:24:25 : Closing socket & exiting!
﻿08:24:39 : Lost Connection!
﻿08:24:39 : Closing socket & exiting!
﻿08:24:53 : Lost Connection!
﻿08:24:53 : Closing socket & exiting!
﻿08:25:07 : Lost Connection!
﻿08:25:07 : Closing socket & exiting!
﻿08:25:21 : Lost Connection!
﻿08:25:21 : Closing socket & exiting!
﻿08:25:35 : Lost Connection!
﻿08:25:35 : Closing socket & exiting!
﻿08:25:49 : Lost Connection!
﻿08:25:49 : Closing socket & exiting!
﻿08:26:03 : Lost Connection!
﻿08:26:03 : Closing socket & exiting!
﻿08:26:17 : Lost Connection!
﻿08:26:17 : Closing socket & exiting!
﻿08:26:31 : Lost Connection!
﻿08:26:31 : Closing socket & exiting!
﻿08:26:45 : Lost Connection!
﻿08:26:45 : Closing socket & exiting!
﻿08:26:59 : Lost Connection!
﻿08:26:59 : Closing socket & exiting!
﻿08:27:13 : Lost Connection!
﻿08:27:13 : Closing socket & exiting!
﻿08:27:27 : Lost Connection!
﻿08:27:27 : Closing socket & exiting!
﻿08:27:41 : Lost Connection!
﻿08:27:41 : Closing socket & exiting!
﻿08:27:55 : Lost Connection!
﻿08:27:55 : Closing socket & exiting!
﻿08:28:09 : Lost Connection!
﻿08:28:09 : Closing socket & exiting!
﻿08:28:23 : Lost Connection!
﻿08:28:23 : Closing socket & exiting!
﻿08:28:37 : Lost Connection!
﻿08:28:37 : Closing socket & exiting!
﻿08:28:51 : Lost Connection!
﻿08:28:51 : Closing socket & exiting!
﻿08:29:05 : Lost Connection!
﻿08:29:05 : Closing socket & exiting!
﻿08:29:19 : Lost Connection!
﻿08:29:19 : Closing socket & exiting!
﻿08:29:33 : Lost Connection!
﻿08:29:33 : Closing socket & exiting!
﻿08:29:47 : Lost Connection!
﻿08:29:47 : Closing socket & exiting!
﻿08:30:01 : Lost Connection!
﻿08:30:01 : Closing socket & exiting!
﻿08:30:15 : Lost Connection!
﻿08:30:15 : Closing socket & exiting!
﻿08:30:29 : Lost Connection!
﻿08:30:29 : Closing socket & exiting!
﻿08:30:43 : Lost Connection!
﻿08:30:43 : Closing socket & exiting!
﻿08:30:57 : Lost Connection!
﻿08:30:57 : Closing socket & exiting!
﻿08:31:11 : Lost Connection!
﻿08:31:11 : Closing socket & exiting!
﻿08:31:25 : Lost Connection!
﻿08:31:25 : Closing socket & exiting!
﻿08:31:39 : Lost Connection!
﻿08:31:39 : Closing socket & exiting!
﻿08:31:53 : Lost Connection!
﻿08:31:53 : Closing socket & exiting!
﻿08:32:07 : Lost Connection!
﻿08:32:07 : Closing socket & exiting!
﻿08:32:21 : Lost Connection!
﻿08:32:21 : Closing socket & exiting!
﻿08:32:35 : Lost Connection!
﻿08:32:35 : Closing socket & exiting!
﻿08:32:49 : Lost Connection!
﻿08:32:49 : Closing socket & exiting!
﻿08:33:03 : Lost Connection!
﻿08:33:03 : Closing socket & exiting!
﻿08:33:17 : Lost Connection!
﻿08:33:17 : Closing socket & exiting!
﻿08:33:31 : Lost Connection!
﻿08:33:31 : Closing socket & exiting!
﻿08:33:45 : Lost Connection!
﻿08:33:45 : Closing socket & exiting!
﻿08:33:59 : Lost Connection!
﻿08:33:59 : Closing socket & exiting!
﻿08:34:13 : Lost Connection!
﻿08:34:13 : Closing socket & exiting!
﻿08:34:27 : Lost Connection!
﻿08:34:27 : Closing socket & exiting!
﻿08:34:41 : Lost Connection!
﻿08:34:41 : Closing socket & exiting!
﻿08:34:55 : Lost Connection!
﻿08:34:55 : Closing socket & exiting!
﻿08:35:09 : Lost Connection!
﻿08:35:09 : Closing socket & exiting!
﻿08:35:23 : Lost Connection!
﻿08:35:23 : Closing socket & exiting!
﻿08:35:37 : Lost Connection!
﻿08:35:37 : Closing socket & exiting!
﻿08:35:51 : Lost Connection!
﻿08:35:51 : Closing socket & exiting!
﻿08:36:05 : Lost Connection!
﻿08:36:05 : Closing socket & exiting!
﻿08:36:19 : Lost Connection!
﻿08:36:19 : Closing socket & exiting!
﻿08:36:33 : Lost Connection!
﻿08:36:33 : Closing socket & exiting!
﻿08:36:47 : Lost Connection!
﻿08:36:47 : Closing socket & exiting!
﻿08:37:01 : Lost Connection!
﻿08:37:01 : Closing socket & exiting!
﻿08:37:15 : Lost Connection!
﻿08:37:15 : Closing socket & exiting!
﻿08:37:29 : Lost Connection!
﻿08:37:29 : Closing socket & exiting!
﻿08:37:56 : Lost Connection!
﻿08:37:56 : Closing socket & exiting!
﻿08:38:10 : Lost Connection!
﻿08:38:10 : Closing socket & exiting!
﻿08:38:24 : Lost Connection!
﻿08:38:24 : Closing socket & exiting!
﻿08:38:38 : Lost Connection!
﻿08:38:38 : Closing socket & exiting!
﻿08:38:52 : Lost Connection!
﻿08:38:52 : Closing socket & exiting!
﻿08:39:06 : Lost Connection!
﻿08:39:06 : Closing socket & exiting!
﻿08:39:20 : Lost Connection!
﻿08:39:20 : Closing socket & exiting!
﻿08:39:34 : Lost Connection!
﻿08:39:34 : Closing socket & exiting!
﻿08:39:48 : Lost Connection!
﻿08:39:48 : Closing socket & exiting!
﻿08:40:02 : Lost Connection!
﻿08:40:02 : Closing socket & exiting!
﻿08:40:16 : Lost Connection!
﻿08:40:16 : Closing socket & exiting!
﻿08:40:30 : Lost Connection!
﻿08:40:30 : Closing socket & exiting!
﻿08:40:44 : Lost Connection!
﻿08:40:44 : Closing socket & exiting!
﻿08:40:58 : Lost Connection!
﻿08:40:58 : Closing socket & exiting!
﻿08:41:12 : Lost Connection!
﻿08:41:12 : Closing socket & exiting!
﻿09:50:23 : Lost Connection!
﻿09:50:23 : Closing socket & exiting!
﻿09:50:37 : Lost Connection!
﻿09:50:37 : Closing socket & exiting!
﻿09:54:42 : Lost Connection!
﻿09:54:42 : Closing socket & exiting!
﻿21:33:40 : Lost Connection!
﻿21:33:40 : Closing socket & exiting!
﻿21:33:53 : Lost Connection!
﻿21:33:53 : Closing socket & exiting!
﻿21:34:07 : Rcon client logging in
﻿21:34:45 : Lost Connection!
﻿21:34:45 : Closing socket & exiting!
﻿21:34:59 : Rcon client logging in
﻿21:35:32 : RCon admin #0 (127.0.0.1:53924) logged in
﻿21:36:03 : Lost Connection!
﻿21:36:03 : Closing socket & exiting!
﻿21:36:17 : Rcon client logging in
﻿21:37:28 : Lost Connection!
﻿21:37:28 : Closing socket & exiting!
﻿21:37:55 : Lost Connection!
﻿21:37:55 : Closing socket & exiting!
﻿21:38:09 : Lost Connection!
﻿21:38:09 : Closing socket & exiting!
﻿21:38:23 : Lost Connection!
﻿21:38:23 : Closing socket & exiting!
﻿21:38:37 : Lost Connection!
﻿21:38:37 : Closing socket & exiting!
﻿21:38:51 : Lost Connection!
﻿21:38:51 : Closing socket & exiting!
﻿21:39:16 : Lost Connection!
﻿21:39:16 : Closing socket & exiting!
﻿21:39:30 : Rcon client logging in
﻿21:50:31 : Lost Connection!
﻿21:50:31 : Closing socket & exiting!
﻿21:50:44 : Lost Connection!
﻿21:50:44 : Closing socket & exiting!
﻿21:50:58 : Lost Connection!
﻿21:50:58 : Closing socket & exiting!
﻿21:51:12 : Lost Connection!
﻿21:51:12 : Closing socket & exiting!
﻿21:51:26 : Lost Connection!
﻿21:51:26 : Closing socket & exiting!
﻿21:51:40 : Lost Connection!
﻿21:51:40 : Closing socket & exiting!
﻿21:51:54 : Lost Connection!
﻿21:51:54 : Closing socket & exiting!
﻿21:52:08 : Lost Connection!
﻿21:52:08 : Closing socket & exiting!
﻿21:52:22 : Lost Connection!
﻿21:52:22 : Closing socket & exiting!
﻿21:52:36 : Lost Connection!
﻿21:52:36 : Closing socket & exiting!
﻿21:52:50 : Lost Connection!
﻿21:52:50 : Closing socket & exiting!
﻿21:53:04 : Lost Connection!
﻿21:53:04 : Closing socket & exiting!
﻿21:53:18 : Lost Connection!
﻿21:53:18 : Closing socket & exiting!
