00:35:39 : Lost Connection!
﻿00:35:39 : Closing socket & exiting!
﻿00:35:53 : Rcon client logging in
﻿00:35:59 : RCon admin #0 (127.0.0.1:49474) logged in
﻿00:35:59 : RCon admin #0: (Global) Initializing Bec
﻿00:38:50 : Player #0 Tementey (37.75.7.102:2316) connected
﻿00:38:50 : Player #0 Tementey - BE GUID: af394bf8bd222e343748b33579ffb172
﻿00:38:51 : Verified GUID (af394bf8bd222e343748b33579ffb172) of player #0 Tementey
﻿01:08:47 : Player #0 Tementey disconnected
﻿01:08:51 : Lost Connection!
﻿01:08:51 : Closing socket & exiting!
﻿01:22:03 : Lost Connection!
﻿01:22:03 : Closing socket & exiting!
﻿01:22:17 : Rcon client logging in
﻿01:22:22 : RCon admin #0 (127.0.0.1:65020) logged in
﻿01:22:22 : RCon admin #0: (Global) Initializing Bec
﻿01:25:23 : Player #0 Tementey (37.75.7.102:2316) connected
﻿01:25:23 : Player #0 Tementey - BE GUID: af394bf8bd222e343748b33579ffb172
﻿01:25:24 : Verified GUID (af394bf8bd222e343748b33579ffb172) of player #0 Tementey
﻿01:28:22 : Player #0 Tementey disconnected
﻿01:28:25 : Lost Connection!
﻿01:28:25 : Closing socket & exiting!
﻿01:28:47 : Lost Connection!
﻿01:28:47 : Closing socket & exiting!
﻿01:29:01 : Rcon client logging in
﻿01:29:28 : Rcon client logging in
﻿01:30:13 : No Valid response. Trying to reconnect.!
﻿01:30:13 : Rcon client logging in
﻿01:30:13 : RCon admin #0 (127.0.0.1:59493) logged in
﻿01:32:57 : Player #0 Tementey (37.75.7.102:2316) connected
﻿01:32:57 : Player #0 Tementey - BE GUID: af394bf8bd222e343748b33579ffb172
﻿01:32:58 : Verified GUID (af394bf8bd222e343748b33579ffb172) of player #0 Tementey
﻿01:35:22 : Player #0 Tementey disconnected
﻿01:37:07 : Lost Connection!
﻿01:37:07 : Closing socket & exiting!
﻿01:37:21 : Rcon client logging in
﻿01:37:26 : RCon admin #0 (127.0.0.1:55518) logged in
﻿01:37:26 : RCon admin #0: (Global) Initializing Bec
﻿01:39:20 : Player #0 Tementey (37.75.7.102:2316) connected
﻿01:39:20 : Player #0 Tementey - BE GUID: af394bf8bd222e343748b33579ffb172
﻿01:39:20 : Verified GUID (af394bf8bd222e343748b33579ffb172) of player #0 Tementey
﻿02:07:24 : Player #0 Tementey disconnected
﻿02:07:29 : Lost Connection!
﻿02:07:29 : Closing socket & exiting!
﻿15:07:55 : Lost Connection!
﻿15:07:55 : Closing socket & exiting!
﻿15:08:09 : Rcon client logging in
﻿15:08:17 : RCon admin #0 (127.0.0.1:65082) logged in
﻿15:32:48 : Lost Connection!
﻿15:32:48 : Closing socket & exiting!
﻿15:33:02 : Rcon client logging in
﻿15:33:08 : RCon admin #0 (127.0.0.1:62199) logged in
﻿15:33:08 : RCon admin #0: (Global) Initializing Bec
﻿15:35:51 : Player #0 Tementey (37.75.7.102:2316) connected
﻿15:35:52 : Player #0 Tementey - BE GUID: af394bf8bd222e343748b33579ffb172
﻿15:35:52 : Verified GUID (af394bf8bd222e343748b33579ffb172) of player #0 Tementey
﻿15:36:55 : Player #0 Tementey disconnected
﻿15:36:59 : Lost Connection!
﻿15:36:59 : Closing socket & exiting!
﻿15:37:23 : Lost Connection!
﻿15:37:23 : Closing socket & exiting!
﻿15:37:37 : Rcon client logging in
﻿15:37:43 : RCon admin #0 (127.0.0.1:49684) logged in
﻿15:37:43 : RCon admin #0: (Global) Initializing Bec
﻿15:38:48 : Player #0 Tementey (37.75.7.102:2316) connected
﻿15:38:48 : Player #0 Tementey - BE GUID: af394bf8bd222e343748b33579ffb172
﻿15:38:48 : Verified GUID (af394bf8bd222e343748b33579ffb172) of player #0 Tementey
﻿15:45:00 : RCon admin #0: (Global) BEC : Рестарт произойдёт через 15 минут.
﻿15:55:00 : RCon admin #0: (Global) BEC : Рестарт произойдёт через 5 минут.
﻿15:59:00 : RCon admin #0: (Global) BEC : Рестарт произойдёт через 1 минуту.
﻿16:00:01 : Player #0 Tementey disconnected
﻿16:00:04 : Lost Connection!
﻿16:00:04 : Closing socket & exiting!
﻿16:00:29 : Lost Connection!
﻿16:00:29 : Closing socket & exiting!
﻿16:00:43 : Rcon client logging in
﻿16:00:50 : RCon admin #0 (127.0.0.1:51312) logged in
﻿16:00:50 : RCon admin #0: (Global) Initializing Bec
﻿16:10:09 : Lost Connection!
﻿16:10:09 : Closing socket & exiting!
﻿16:10:31 : Lost Connection!
﻿16:10:31 : Closing socket & exiting!
﻿16:10:45 : Rcon client logging in
﻿16:10:50 : RCon admin #0 (127.0.0.1:49541) logged in
﻿16:10:50 : RCon admin #0: (Global) Initializing Bec
﻿16:11:07 : Lost Connection!
﻿16:11:07 : Closing socket & exiting!
﻿16:11:34 : Lost Connection!
﻿16:11:34 : Closing socket & exiting!
﻿16:11:48 : Rcon client logging in
﻿16:11:54 : RCon admin #0 (127.0.0.1:50493) logged in
﻿16:11:54 : RCon admin #0: (Global) Initializing Bec
﻿16:14:50 : Player #0 Tementey (37.75.7.102:2316) connected
﻿16:14:50 : Player #0 Tementey - BE GUID: af394bf8bd222e343748b33579ffb172
﻿16:14:50 : Verified GUID (af394bf8bd222e343748b33579ffb172) of player #0 Tementey
﻿16:16:30 : Player #0 Tementey disconnected
﻿16:16:48 : Lost Connection!
﻿16:16:48 : Closing socket & exiting!
﻿18:55:50 : Lost Connection!
﻿18:55:50 : Closing socket & exiting!
﻿18:56:04 : Rcon client logging in
﻿18:56:11 : RCon admin #0 (127.0.0.1:62759) logged in
﻿18:56:11 : RCon admin #0: (Global) Initializing Bec
﻿18:59:42 : Player #0 Tementey (37.75.7.102:2316) connected
﻿18:59:42 : Player #0 Tementey - BE GUID: af394bf8bd222e343748b33579ffb172
﻿18:59:43 : Verified GUID (af394bf8bd222e343748b33579ffb172) of player #0 Tementey
﻿19:06:50 : Player #0 Tementey disconnected
﻿19:19:52 : Lost Connection!
﻿19:19:52 : Closing socket & exiting!
﻿19:20:06 : Rcon client logging in
﻿19:20:12 : RCon admin #0 (127.0.0.1:60128) logged in
﻿19:20:12 : RCon admin #0: (Global) Initializing Bec
﻿19:25:24 : Player #0 Tementey (37.75.7.102:2316) connected
﻿19:25:24 : Player #0 Tementey - BE GUID: af394bf8bd222e343748b33579ffb172
﻿19:25:25 : Verified GUID (af394bf8bd222e343748b33579ffb172) of player #0 Tementey
﻿19:27:20 : Player #0 Tementey disconnected
﻿19:27:24 : Lost Connection!
﻿19:27:24 : Closing socket & exiting!
﻿19:27:29 : Lost Connection!
﻿19:27:29 : Closing socket & exiting!
﻿19:27:56 : Lost Connection!
﻿19:27:56 : Closing socket & exiting!
﻿19:28:10 : Rcon client logging in
﻿19:28:17 : RCon admin #0 (127.0.0.1:52824) logged in
﻿19:28:17 : RCon admin #0: (Global) Initializing Bec
﻿19:30:15 : Player #0 Tementey (37.75.7.102:2316) connected
﻿19:30:15 : Player #0 Tementey - BE GUID: af394bf8bd222e343748b33579ffb172
﻿19:30:15 : Verified GUID (af394bf8bd222e343748b33579ffb172) of player #0 Tementey
﻿19:32:53 : Player #0 Tementey disconnected
﻿19:35:11 : Lost Connection!
﻿19:35:11 : Closing socket & exiting!
﻿19:35:25 : Rcon client logging in
﻿19:35:25 : RCon admin #0 (127.0.0.1:61255) logged in
﻿19:35:26 : RCon admin #0: (Global) Initializing Bec
﻿19:45:00 : RCon admin #0: (Global) BEC : Рестарт произойдёт через 15 минут.
﻿19:46:30 : Lost Connection!
﻿19:46:30 : Closing socket & exiting!
﻿19:46:44 : Rcon client logging in
﻿19:46:44 : RCon admin #0 (127.0.0.1:59495) logged in
﻿19:46:45 : RCon admin #0: (Global) Initializing Bec
﻿19:49:34 : Lost Connection!
﻿19:49:34 : Closing socket & exiting!
﻿19:51:06 : Lost Connection!
﻿19:51:06 : Closing socket & exiting!
﻿19:51:20 : Rcon client logging in
﻿19:51:26 : RCon admin #0 (127.0.0.1:62126) logged in
﻿19:51:26 : RCon admin #0: (Global) Initializing Bec
﻿19:51:40 : Player #0 Tementey (37.75.7.102:2316) connected
﻿19:51:40 : Player #0 Tementey - BE GUID: af394bf8bd222e343748b33579ffb172
﻿19:51:41 : Verified GUID (af394bf8bd222e343748b33579ffb172) of player #0 Tementey
﻿19:55:00 : RCon admin #0: (Global) BEC : Рестарт произойдёт через 5 минут.
﻿19:59:00 : RCon admin #0: (Global) BEC : Рестарт произойдёт через 1 минуту.
﻿20:00:01 : Player #0 Tementey disconnected
﻿20:00:05 : Lost Connection!
﻿20:00:05 : Closing socket & exiting!
﻿20:10:20 : Lost Connection!
﻿20:10:20 : Closing socket & exiting!
﻿20:10:34 : Rcon client logging in
﻿20:10:42 : RCon admin #0 (127.0.0.1:58425) logged in
﻿20:10:42 : RCon admin #0: (Global) Initializing Bec
﻿20:11:14 : Player #0 Tementey (37.75.7.102:2316) connected
﻿20:11:14 : Player #0 Tementey - BE GUID: af394bf8bd222e343748b33579ffb172
﻿20:11:15 : Verified GUID (af394bf8bd222e343748b33579ffb172) of player #0 Tementey
﻿20:29:23 : Player #0 Tementey disconnected
﻿20:29:27 : Lost Connection!
﻿20:29:27 : Closing socket & exiting!
﻿20:29:30 : Lost Connection!
﻿20:29:30 : Closing socket & exiting!
﻿20:29:57 : Rcon client logging in
﻿20:30:42 : No Valid response. Trying to reconnect.!
﻿20:30:42 : Rcon client logging in
﻿20:30:42 : RCon admin #0 (127.0.0.1:61640) logged in
﻿20:31:35 : Player #0 Tementey (37.75.7.102:2316) connected
﻿20:31:35 : Player #0 Tementey - BE GUID: af394bf8bd222e343748b33579ffb172
﻿20:31:35 : Verified GUID (af394bf8bd222e343748b33579ffb172) of player #0 Tementey
﻿20:37:15 : Player #0 Tementey disconnected
﻿20:37:18 : Lost Connection!
﻿20:37:18 : Closing socket & exiting!
﻿20:37:44 : Lost Connection!
﻿20:37:44 : Closing socket & exiting!
﻿20:37:58 : Rcon client logging in
﻿20:38:04 : RCon admin #0 (127.0.0.1:61731) logged in
﻿20:38:04 : RCon admin #0: (Global) Initializing Bec
﻿20:42:00 : Player #0 Tementey (37.75.7.102:2316) connected
﻿20:42:00 : Player #0 Tementey - BE GUID: af394bf8bd222e343748b33579ffb172
﻿20:42:01 : Verified GUID (af394bf8bd222e343748b33579ffb172) of player #0 Tementey
﻿20:57:47 : Player #0 Tementey disconnected
﻿20:57:52 : Lost Connection!
﻿20:57:52 : Closing socket & exiting!
﻿20:58:16 : Lost Connection!
﻿20:58:16 : Closing socket & exiting!
﻿20:58:30 : Rcon client logging in
﻿20:59:47 : No Valid response. Trying to reconnect.!
﻿20:59:47 : Rcon client logging in
﻿20:59:47 : RCon admin #0 (127.0.0.1:56592) logged in
﻿21:00:12 : Player #0 Tementey (37.75.7.102:2316) connected
﻿21:00:13 : Player #0 Tementey - BE GUID: af394bf8bd222e343748b33579ffb172
﻿21:00:13 : Verified GUID (af394bf8bd222e343748b33579ffb172) of player #0 Tementey
﻿21:46:57 : Player #0 Tementey disconnected
﻿21:47:02 : Lost Connection!
﻿21:47:02 : Closing socket & exiting!
﻿21:47:08 : Lost Connection!
﻿21:47:08 : Closing socket & exiting!
﻿21:47:35 : Lost Connection!
﻿21:47:35 : Closing socket & exiting!
﻿21:47:49 : Rcon client logging in
﻿21:47:55 : RCon admin #0 (127.0.0.1:54668) logged in
﻿21:47:55 : RCon admin #0: (Global) Initializing Bec
﻿21:51:58 : Player #0 Tementey (37.75.7.102:2316) connected
﻿21:51:58 : Player #0 Tementey - BE GUID: af394bf8bd222e343748b33579ffb172
﻿21:51:58 : Verified GUID (af394bf8bd222e343748b33579ffb172) of player #0 Tementey
﻿21:56:45 : Player #0 Tementey disconnected
﻿21:56:54 : Player #0 Tementey (37.75.7.102:2316) connected
﻿21:56:54 : Player #0 Tementey - BE GUID: af394bf8bd222e343748b33579ffb172
﻿21:56:55 : Verified GUID (af394bf8bd222e343748b33579ffb172) of player #0 Tementey
﻿21:59:45 : Player #0 Tementey disconnected
﻿22:02:15 : Player #0 Tementey (37.75.7.102:2316) connected
﻿22:02:15 : Player #0 Tementey - BE GUID: af394bf8bd222e343748b33579ffb172
﻿22:02:16 : Verified GUID (af394bf8bd222e343748b33579ffb172) of player #0 Tementey
﻿23:08:18 : Player #0 Tementey disconnected
﻿23:08:22 : Lost Connection!
﻿23:08:22 : Closing socket & exiting!
﻿23:08:49 : Lost Connection!
﻿23:08:49 : Closing socket & exiting!
﻿23:09:03 : Rcon client logging in
﻿23:09:08 : RCon admin #0 (127.0.0.1:58987) logged in
﻿23:09:08 : RCon admin #0: (Global) Initializing Bec
﻿23:12:55 : Player #0 Tementey (37.75.7.102:2316) connected
﻿23:12:55 : Player #0 Tementey - BE GUID: af394bf8bd222e343748b33579ffb172
﻿23:12:56 : Verified GUID (af394bf8bd222e343748b33579ffb172) of player #0 Tementey
﻿23:19:30 : Player #0 Tementey disconnected
﻿23:33:59 : Player #0 Tementey (37.75.7.102:2316) connected
﻿23:33:59 : Player #0 Tementey - BE GUID: af394bf8bd222e343748b33579ffb172
﻿23:33:59 : Verified GUID (af394bf8bd222e343748b33579ffb172) of player #0 Tementey
﻿23:45:00 : RCon admin #0: (Global) BEC : Рестарт произойдёт через 15 минут.
﻿23:51:51 : Player #0 Tementey disconnected
﻿23:51:56 : Lost Connection!
﻿23:51:56 : Closing socket & exiting!
﻿23:52:00 : Lost Connection!
﻿23:52:00 : Closing socket & exiting!
﻿23:52:27 : Lost Connection!
﻿23:52:27 : Closing socket & exiting!
﻿23:52:41 : Rcon client logging in
﻿23:52:48 : RCon admin #0 (127.0.0.1:56210) logged in
﻿23:52:48 : RCon admin #0: (Global) Initializing Bec
﻿23:53:28 : Player #0 Tementey (37.75.7.102:2316) connected
﻿23:53:28 : Player #0 Tementey - BE GUID: af394bf8bd222e343748b33579ffb172
﻿23:53:29 : Verified GUID (af394bf8bd222e343748b33579ffb172) of player #0 Tementey
﻿23:55:00 : RCon admin #0: (Global) BEC : Рестарт произойдёт через 5 минут.
﻿23:59:00 : RCon admin #0: (Global) BEC : Рестарт произойдёт через 1 минуту.
