00:00:03 : Lost Connection!
﻿00:00:03 : Closing socket & exiting!
﻿00:00:08 : Lost Connection!
﻿00:00:08 : Closing socket & exiting!
﻿00:00:35 : Lost Connection!
﻿00:00:35 : Closing socket & exiting!
﻿00:00:49 : Rcon client logging in
﻿00:02:13 : No Valid response. Trying to reconnect.!
﻿00:02:13 : Rcon client logging in
﻿00:02:13 : RCon admin #0 (127.0.0.1:64496) logged in
﻿03:45:00 : RCon admin #0: (Global) BEC : Выброс произойдёт через 15 минут.
﻿03:55:00 : RCon admin #0: (Global) BEC : Выброс произойдёт через 5 минут.
﻿03:59:00 : RCon admin #0: (Global) BEC : Выброс произойдёт через 1 минуту.
﻿04:00:01 : Lost Connection!
﻿04:00:01 : Closing socket & exiting!
﻿04:00:25 : Lost Connection!
﻿04:00:25 : Closing socket & exiting!
﻿04:00:39 : Rcon client logging in
﻿04:02:03 : No Valid response. Trying to reconnect.!
﻿04:02:03 : Rcon client logging in
﻿04:02:03 : RCon admin #0 (127.0.0.1:64192) logged in
﻿07:45:00 : RCon admin #0: (Global) BEC : Выброс произойдёт через 15 минут.
﻿07:55:00 : RCon admin #0: (Global) BEC : Выброс произойдёт через 5 минут.
﻿07:59:00 : RCon admin #0: (Global) BEC : Выброс произойдёт через 1 минуту.
﻿08:00:01 : Lost Connection!
﻿08:00:01 : Closing socket & exiting!
﻿08:00:08 : Lost Connection!
﻿08:00:08 : Closing socket & exiting!
﻿08:00:35 : Lost Connection!
﻿08:00:35 : Closing socket & exiting!
﻿08:00:49 : Rcon client logging in
﻿08:02:13 : No Valid response. Trying to reconnect.!
﻿08:02:13 : Rcon client logging in
﻿08:02:13 : RCon admin #0 (127.0.0.1:58969) logged in
﻿10:04:02 : Player #0 84DmitriyZ84 (83.102.134.13:6131) connected
﻿10:04:02 : Player #0 84DmitriyZ84 - BE GUID: 973321796eaae30083581d562fd1808a
﻿10:04:02 : Verified GUID (973321796eaae30083581d562fd1808a) of player #0 84DmitriyZ84
﻿10:34:51 : Player #1 Sibiryak (62.33.99.148:2304) connected
﻿10:34:51 : Player #1 Sibiryak - BE GUID: 3c69c6d7f246d9e28b27fd4a4847c1e3
﻿10:34:51 : Verified GUID (3c69c6d7f246d9e28b27fd4a4847c1e3) of player #1 Sibiryak
﻿11:06:36 : Player #0 84DmitriyZ84 disconnected
﻿11:15:20 : Player #1 Sibiryak disconnected
﻿11:45:00 : RCon admin #0: (Global) BEC : Выброс произойдёт через 15 минут.
﻿11:55:00 : RCon admin #0: (Global) BEC : Выброс произойдёт через 5 минут.
﻿11:59:00 : RCon admin #0: (Global) BEC : Выброс произойдёт через 1 минуту.
﻿12:00:01 : Lost Connection!
﻿12:00:01 : Closing socket & exiting!
﻿12:00:07 : Lost Connection!
﻿12:00:07 : Closing socket & exiting!
﻿12:00:34 : Lost Connection!
﻿12:00:34 : Closing socket & exiting!
﻿12:00:48 : Rcon client logging in
﻿12:02:12 : No Valid response. Trying to reconnect.!
﻿12:02:12 : Rcon client logging in
﻿12:02:12 : RCon admin #0 (127.0.0.1:52074) logged in
﻿13:47:05 : Player #0 Samurai (92.37.142.90:16748) connected
﻿13:47:06 : Player #0 Samurai - BE GUID: f411b114d956b23cca73a6a000c4719f
﻿13:47:06 : Verified GUID (f411b114d956b23cca73a6a000c4719f) of player #0 Samurai
﻿14:26:07 : Player #1 Sibiryak (62.33.99.148:2304) connected
﻿14:26:07 : Player #1 Sibiryak - BE GUID: 3c69c6d7f246d9e28b27fd4a4847c1e3
﻿14:26:08 : Verified GUID (3c69c6d7f246d9e28b27fd4a4847c1e3) of player #1 Sibiryak
﻿14:32:21 : Player #1 Sibiryak disconnected
﻿14:32:41 : Player #1 Sibiryak (62.33.99.148:2304) connected
﻿14:32:41 : Player #1 Sibiryak - BE GUID: 3c69c6d7f246d9e28b27fd4a4847c1e3
﻿14:32:42 : Verified GUID (3c69c6d7f246d9e28b27fd4a4847c1e3) of player #1 Sibiryak
﻿14:37:45 : Player #1 Sibiryak disconnected
﻿14:53:48 : Player #1 Sibiryak (62.33.99.148:2304) connected
﻿14:53:49 : Player #1 Sibiryak - BE GUID: 3c69c6d7f246d9e28b27fd4a4847c1e3
﻿14:53:49 : Verified GUID (3c69c6d7f246d9e28b27fd4a4847c1e3) of player #1 Sibiryak
﻿15:45:00 : RCon admin #0: (Global) BEC : Выброс произойдёт через 15 минут.
﻿15:54:10 : Player #0 Samurai disconnected
﻿15:55:00 : RCon admin #0: (Global) BEC : Выброс произойдёт через 5 минут.
﻿15:59:00 : RCon admin #0: (Global) BEC : Выброс произойдёт через 1 минуту.
﻿15:59:51 : Player #1 Sibiryak disconnected
﻿16:00:02 : Lost Connection!
﻿16:00:02 : Closing socket & exiting!
﻿16:00:29 : Lost Connection!
﻿16:00:29 : Closing socket & exiting!
﻿16:00:42 : Rcon client logging in
﻿16:02:05 : No Valid response. Trying to reconnect.!
﻿16:02:05 : Rcon client logging in
﻿16:02:05 : RCon admin #0 (127.0.0.1:62836) logged in
﻿16:04:29 : Player #0 Sibiryak (62.33.99.148:2304) connected
﻿16:04:29 : Player #0 Sibiryak - BE GUID: 3c69c6d7f246d9e28b27fd4a4847c1e3
﻿16:04:30 : Verified GUID (3c69c6d7f246d9e28b27fd4a4847c1e3) of player #0 Sibiryak
﻿17:54:05 : Lost Connection!
﻿17:54:06 : Closing socket & exiting!
﻿17:54:19 : Rcon client logging in
﻿17:55:46 : No Valid response. Trying to reconnect.!
﻿17:55:46 : Rcon client logging in
﻿17:55:46 : RCon admin #0 (127.0.0.1:60325) logged in
﻿18:05:24 : Player #0 Keksfm (188.134.71.211:2304) connected
﻿18:05:25 : Player #0 Keksfm - BE GUID: a7ca1dd7b314eea544f10fb596c7b604
﻿18:05:25 : Verified GUID (a7ca1dd7b314eea544f10fb596c7b604) of player #0 Keksfm
﻿18:15:48 : Player #1 Sibiryak (62.33.99.148:2304) connected
﻿18:15:48 : Player #1 Sibiryak - BE GUID: 3c69c6d7f246d9e28b27fd4a4847c1e3
﻿18:15:48 : Verified GUID (3c69c6d7f246d9e28b27fd4a4847c1e3) of player #1 Sibiryak
﻿18:45:06 : Player #0 Keksfm disconnected
﻿18:45:38 : Player #2 Keksfm (188.134.71.211:2304) connected
﻿18:45:38 : Player #2 Keksfm - BE GUID: a7ca1dd7b314eea544f10fb596c7b604
﻿18:45:38 : Verified GUID (a7ca1dd7b314eea544f10fb596c7b604) of player #2 Keksfm
﻿18:56:14 : Player #2 Keksfm disconnected
﻿19:36:46 : RCon admin #1 (176.57.75.42:2840) logged in
﻿19:41:05 : Player #2 Keksfm (188.134.71.211:2304) connected
﻿19:54:58 : Lost Connection!
﻿19:54:58 : Closing socket & exiting!
﻿19:55:12 : Rcon client logging in
﻿19:56:39 : No Valid response. Trying to reconnect.!
﻿19:56:39 : Rcon client logging in
﻿19:56:39 : RCon admin #1 (127.0.0.1:60684) logged in
﻿19:56:42 : Player #1 Markeloff disconnected
﻿19:58:22 : Player #0 E}I{ disconnected
﻿19:59:00 : RCon admin #1: (Global) BEC : Выброс произойдёт через 1 минуту.
﻿20:00:03 : Lost Connection!
﻿20:00:03 : Closing socket & exiting!
﻿20:00:25 : Lost Connection!
﻿20:00:25 : Closing socket & exiting!
﻿20:00:39 : Rcon client logging in
﻿20:02:00 : No Valid response. Trying to reconnect.!
﻿20:02:00 : Rcon client logging in
﻿20:02:00 : RCon admin #1 (127.0.0.1:64321) logged in
﻿20:02:11 : Player #0 WeJIecT (212.112.119.187:2304) connected
﻿20:02:11 : Player #0 WeJIecT - BE GUID: 163a47bebee0966feb08b67bc990749c
﻿20:02:12 : Verified GUID (163a47bebee0966feb08b67bc990749c) of player #0 WeJIecT
﻿20:04:49 : Player #1 E}I{ (185.154.73.182:45056) connected
﻿20:04:49 : Player #1 E}I{ - BE GUID: 50b48296f864234ad84f6c5fe5b786e4
﻿20:04:49 : Verified GUID (50b48296f864234ad84f6c5fe5b786e4) of player #1 E}I{
﻿20:12:04 : Player #2 84DmitriyZ84 (83.102.198.65:51211) connected
﻿20:12:04 : Player #3 Sibiryak (62.33.99.148:2304) connected
﻿20:12:04 : Player #2 84DmitriyZ84 - BE GUID: 973321796eaae30083581d562fd1808a
﻿20:12:04 : Player #3 Sibiryak - BE GUID: 3c69c6d7f246d9e28b27fd4a4847c1e3
﻿20:12:05 : Verified GUID (973321796eaae30083581d562fd1808a) of player #2 84DmitriyZ84
﻿20:12:05 : Verified GUID (3c69c6d7f246d9e28b27fd4a4847c1e3) of player #3 Sibiryak
﻿20:35:53 : Player #0 WeJIecT disconnected
﻿20:57:24 : Player #4 Brodnik (62.183.127.249:49248) connected
﻿20:57:24 : Player #4 Brodnik - BE GUID: 34c39907d957d5a4788e6bb9c36f97c2
﻿20:57:24 : Verified GUID (34c39907d957d5a4788e6bb9c36f97c2) of player #4 Brodnik
﻿20:58:01 : Player #1 E}I{ disconnected
﻿21:01:26 : RCon admin #2 (176.57.75.42:2893) logged in
﻿21:02:13 : Player #5 Holocost (62.122.220.59:2304) connected
﻿21:02:13 : Player #5 Holocost - BE GUID: 77b2895aab34285d03bb7fda2415c0cd
﻿21:02:13 : Verified GUID (77b2895aab34285d03bb7fda2415c0cd) of player #5 Holocost
﻿21:17:24 : RCon admin #0 (176.57.75.42:2897) logged in
﻿21:22:17 : Player #6 Keksfm (188.134.71.211:2304) connected
﻿21:22:17 : Player #6 Keksfm - BE GUID: a7ca1dd7b314eea544f10fb596c7b604
﻿21:22:17 : Verified GUID (a7ca1dd7b314eea544f10fb596c7b604) of player #6 Keksfm
﻿22:04:03 : Player #6 Keksfm disconnected
﻿22:04:56 : Player #6 Keksfm (188.134.71.211:2304) connected
﻿22:04:56 : Player #6 Keksfm - BE GUID: a7ca1dd7b314eea544f10fb596c7b604
﻿22:04:56 : Verified GUID (a7ca1dd7b314eea544f10fb596c7b604) of player #6 Keksfm
﻿22:11:08 : Player #6 Keksfm disconnected
﻿22:15:55 : Player #3 Sibiryak disconnected
﻿22:26:42 : Player #4 Brodnik disconnected
﻿22:38:26 : Player #5 Holocost disconnected
﻿23:36:22 : Player #2 84DmitriyZ84 disconnected
﻿23:45:00 : RCon admin #1: (Global) BEC : Выброс произойдёт через 15 минут.
﻿23:55:00 : RCon admin #1: (Global) BEC : Выброс произойдёт через 5 минут.
﻿23:55:29 : Player #0 RaSta34Rus (46.150.243.242:2304) connected
﻿23:55:30 : Player #0 RaSta34Rus - BE GUID: 6018694d536d99385d35f538097ae5b6
﻿23:55:30 : Verified GUID (6018694d536d99385d35f538097ae5b6) of player #0 RaSta34Rus
﻿23:59:00 : RCon admin #1: (Global) BEC : Выброс произойдёт через 1 минуту.
