00:02:47 : Lost Connection!
﻿00:02:47 : Closing socket & exiting!
﻿00:03:01 : Lost Connection!
﻿00:03:01 : Closing socket & exiting!
﻿00:03:15 : Lost Connection!
﻿00:03:15 : Closing socket & exiting!
﻿00:03:29 : Rcon client logging in
﻿00:05:47 : No Valid response. Trying to reconnect.!
﻿00:05:47 : Rcon client logging in
﻿00:05:47 : RCon admin #1 (127.0.0.1:61813) logged in
﻿00:05:48 : Player #1 Dmitry Severys (194.38.2.63:2304) connected
﻿00:05:49 : Player #1 Dmitry Severys - BE GUID: 88cc062851996cc24274d4df2c74bc34
﻿00:05:49 : Verified GUID (88cc062851996cc24274d4df2c74bc34) of player #1 Dmitry Severys
﻿00:05:54 : Player #2 Paxan (188.163.19.74:36400) connected
﻿00:05:54 : Player #2 Paxan - BE GUID: 1ee0d37318d9af79fec005a60ed4ff07
﻿00:05:55 : Verified GUID (1ee0d37318d9af79fec005a60ed4ff07) of player #2 Paxan
﻿00:06:59 : Player #3 RandoM (31.13.145.254:51569) connected
﻿00:07:00 : Player #3 RandoM - BE GUID: 8a4ba7eb18d8756653432604a821d788
﻿00:07:01 : Verified GUID (8a4ba7eb18d8756653432604a821d788) of player #3 RandoM
﻿00:09:33 : Player #4 Manah (5.20.51.187:2304) connected
﻿00:09:33 : Player #4 Manah - BE GUID: 986945b8626633557f1f88135d0cf300
﻿00:09:33 : Verified GUID (986945b8626633557f1f88135d0cf300) of player #4 Manah
﻿00:10:39 : Player #4 Manah disconnected
﻿00:11:01 : Player #4 Manah (5.20.51.187:2304) connected
﻿00:11:02 : Player #4 Manah - BE GUID: 986945b8626633557f1f88135d0cf300
﻿00:11:02 : Verified GUID (986945b8626633557f1f88135d0cf300) of player #4 Manah
﻿00:13:44 : Player #5 HADFER (93.185.202.198:2304) connected
﻿00:13:45 : Player #5 HADFER - BE GUID: fa2bfc370005a2047631a390f41823f5
﻿00:13:45 : Verified GUID (fa2bfc370005a2047631a390f41823f5) of player #5 HADFER
﻿00:15:49 : Player #4 Manah disconnected
﻿00:16:29 : Player #6 Manah (5.20.51.187:2304) connected
﻿00:16:29 : Player #6 Manah - BE GUID: 986945b8626633557f1f88135d0cf300
﻿00:16:30 : Verified GUID (986945b8626633557f1f88135d0cf300) of player #6 Manah
﻿00:23:45 : Player #7 Survivor (176.100.75.91:2444) connected
﻿00:23:46 : Player #7 Survivor - BE GUID: f5f4e62b2d3d71ed10ac96a652de6897
﻿00:23:46 : Verified GUID (f5f4e62b2d3d71ed10ac96a652de6897) of player #7 Survivor
﻿00:24:12 : Player #7 Survivor disconnected
﻿00:24:20 : Player #7 Survivor (176.100.75.91:2444) connected
﻿00:24:21 : Player #7 Survivor - BE GUID: f5f4e62b2d3d71ed10ac96a652de6897
﻿00:24:21 : Verified GUID (f5f4e62b2d3d71ed10ac96a652de6897) of player #7 Survivor
﻿00:24:37 : Player #6 Manah disconnected
﻿00:24:47 : Player #7 Survivor disconnected
﻿00:24:54 : Player #6 Survivor (176.100.75.91:2444) connected
﻿00:24:54 : Player #6 Survivor - BE GUID: f5f4e62b2d3d71ed10ac96a652de6897
﻿00:24:54 : Verified GUID (f5f4e62b2d3d71ed10ac96a652de6897) of player #6 Survivor
﻿00:25:20 : Player #6 Survivor disconnected
﻿00:26:18 : Player #6 Manah (5.20.51.187:2304) connected
﻿00:26:18 : Player #6 Manah - BE GUID: 986945b8626633557f1f88135d0cf300
﻿00:26:19 : Verified GUID (986945b8626633557f1f88135d0cf300) of player #6 Manah
﻿00:28:33 : Player #7 Survivor (176.100.75.91:2444) connected
﻿00:28:33 : Player #7 Survivor - BE GUID: f5f4e62b2d3d71ed10ac96a652de6897
﻿00:28:34 : Verified GUID (f5f4e62b2d3d71ed10ac96a652de6897) of player #7 Survivor
﻿00:29:00 : Player #7 Survivor disconnected
﻿00:30:55 : Player #7 GROBOVSCHIK (178.75.96.209:2304) connected
﻿00:30:55 : Player #7 GROBOVSCHIK - BE GUID: 617dbc25ebb59959f9d1766426e89d89
﻿00:30:56 : Verified GUID (617dbc25ebb59959f9d1766426e89d89) of player #7 GROBOVSCHIK
﻿00:31:45 : Player #8 Outlaw35 (94.45.220.190:2304) connected
﻿00:31:45 : Player #8 Outlaw35 - BE GUID: bd91f0b93b649e4852020d55c4912ca2
﻿00:31:46 : Verified GUID (bd91f0b93b649e4852020d55c4912ca2) of player #8 Outlaw35
﻿00:36:09 : Player #9 MYXAMOP (176.100.75.91:2444) connected
﻿00:36:09 : Player #9 MYXAMOP - BE GUID: f5f4e62b2d3d71ed10ac96a652de6897
﻿00:36:10 : Verified GUID (f5f4e62b2d3d71ed10ac96a652de6897) of player #9 MYXAMOP
﻿00:36:37 : Player #6 Manah disconnected
﻿00:38:39 : Player #10 Manah (5.20.51.187:2304) connected
﻿00:38:39 : Player #10 Manah - BE GUID: 986945b8626633557f1f88135d0cf300
﻿00:38:41 : Verified GUID (986945b8626633557f1f88135d0cf300) of player #10 Manah
﻿00:41:00 : Player #0 leva disconnected
﻿00:42:38 : Player #11 Bobr (178.140.94.130:39901) connected
﻿00:42:38 : Player #11 Bobr - BE GUID: ded4fd060a561cd341a46bf657b13193
﻿00:42:39 : Verified GUID (ded4fd060a561cd341a46bf657b13193) of player #11 Bobr
﻿00:49:25 : Player #12 leva (95.46.40.22:2304) connected
﻿00:49:25 : Player #12 leva - BE GUID: 0f7f533a15fd861fc914d8decf016ae1
﻿00:49:26 : Verified GUID (0f7f533a15fd861fc914d8decf016ae1) of player #12 leva
﻿01:00:57 : Player #1 Dmitry Severys disconnected
﻿01:01:04 : Player #13 Dmitry Severys (194.38.2.63:2304) connected
﻿01:01:04 : Player #13 Dmitry Severys - BE GUID: 88cc062851996cc24274d4df2c74bc34
﻿01:01:05 : Verified GUID (88cc062851996cc24274d4df2c74bc34) of player #13 Dmitry Severys
﻿01:03:25 : Player #13 Dmitry Severys disconnected
﻿01:06:26 : RCon admin #0: (Global) [Сидорович] Рестарт
﻿01:07:59 : Lost Connection!
﻿01:07:59 : Closing socket & exiting!
﻿01:08:13 : Lost Connection!
﻿01:08:13 : Closing socket & exiting!
﻿01:08:27 : Rcon client logging in
﻿01:10:30 : Lost Connection!
﻿01:10:30 : Closing socket & exiting!
﻿01:10:44 : Rcon client logging in
﻿01:13:02 : No Valid response. Trying to reconnect.!
﻿01:13:02 : Rcon client logging in
﻿01:13:02 : RCon admin #1 (127.0.0.1:52220) logged in
﻿01:13:47 : Player #3 Paxan (188.163.19.74:36974) connected
﻿01:13:48 : Player #3 Paxan - BE GUID: 1ee0d37318d9af79fec005a60ed4ff07
﻿01:13:48 : Verified GUID (1ee0d37318d9af79fec005a60ed4ff07) of player #3 Paxan
﻿01:13:53 : Player #3 Paxan disconnected
﻿01:14:37 : Player #3 Paxan (188.163.19.74:36974) connected
﻿01:14:37 : Player #3 Paxan - BE GUID: 1ee0d37318d9af79fec005a60ed4ff07
﻿01:14:37 : Verified GUID (1ee0d37318d9af79fec005a60ed4ff07) of player #3 Paxan
﻿01:16:02 : Player #4 PILIGRIM333 (212.178.21.245:2304) connected
﻿01:16:03 : Player #4 PILIGRIM333 - BE GUID: 82276deb38c8317153e1c63fb349cb41
﻿01:16:03 : Verified GUID (82276deb38c8317153e1c63fb349cb41) of player #4 PILIGRIM333
﻿01:17:15 : Player #0 GROBOVSCHIK disconnected
﻿01:19:55 : Player #4 PILIGRIM333 disconnected
﻿01:21:14 : RCon admin #2 (217.19.216.236:12778) logged in
﻿01:21:24 : RCon admin #3 (217.19.216.236:6807) logged in
﻿01:22:47 : Player #4 PILIGRIM333 (212.178.21.245:2304) connected
﻿01:22:47 : Player #4 PILIGRIM333 - BE GUID: 82276deb38c8317153e1c63fb349cb41
﻿01:24:47 : Player #4 PILIGRIM333 disconnected
﻿01:24:53 : Player #4 PILIGRIM333 (212.178.21.245:2304) connected
﻿01:24:53 : Player #4 PILIGRIM333 - BE GUID: 82276deb38c8317153e1c63fb349cb41
﻿01:25:33 : Player #4 PILIGRIM333 disconnected
﻿01:26:53 : Player #4 PILIGRIM333 (212.178.21.245:2304) connected
﻿01:26:53 : Player #4 PILIGRIM333 - BE GUID: 82276deb38c8317153e1c63fb349cb41
﻿01:27:20 : Verified GUID (82276deb38c8317153e1c63fb349cb41) of player #4 PILIGRIM333
﻿01:30:22 : Player #4 PILIGRIM333 disconnected
﻿01:32:29 : Player #4 Survivor (178.75.96.209:2304) connected
﻿01:32:30 : Player #4 Survivor - BE GUID: 617dbc25ebb59959f9d1766426e89d89
﻿01:32:30 : Verified GUID (617dbc25ebb59959f9d1766426e89d89) of player #4 Survivor
﻿01:32:57 : Player #4 Survivor disconnected
﻿01:33:08 : Player #4 Survivor (178.75.96.209:2304) connected
﻿01:33:09 : Player #4 Survivor - BE GUID: 617dbc25ebb59959f9d1766426e89d89
﻿01:33:09 : Verified GUID (617dbc25ebb59959f9d1766426e89d89) of player #4 Survivor
﻿01:33:36 : Player #4 Survivor disconnected
﻿01:38:38 : Player #4 PILIGRIM333 (212.178.21.245:2304) connected
﻿01:38:38 : Player #4 PILIGRIM333 - BE GUID: 82276deb38c8317153e1c63fb349cb41
﻿01:38:39 : Verified GUID (82276deb38c8317153e1c63fb349cb41) of player #4 PILIGRIM333
﻿01:43:55 : Player #5 HADFER (93.185.202.198:2304) connected
﻿01:43:55 : Player #5 HADFER - BE GUID: fa2bfc370005a2047631a390f41823f5
﻿01:43:56 : Verified GUID (fa2bfc370005a2047631a390f41823f5) of player #5 HADFER
﻿01:53:22 : Player #3 Paxan disconnected
﻿01:54:54 : Player #6 Paxan (188.163.19.74:36974) connected
﻿01:54:55 : Player #6 Paxan - BE GUID: 1ee0d37318d9af79fec005a60ed4ff07
﻿01:54:55 : Verified GUID (1ee0d37318d9af79fec005a60ed4ff07) of player #6 Paxan
﻿02:06:50 : Player #2 RandoM disconnected
﻿02:08:12 : Player #1 MYXAMOP disconnected
﻿02:08:38 : Player #7 MYXAMOP (176.100.75.91:2444) connected
﻿02:08:39 : Player #7 MYXAMOP - BE GUID: f5f4e62b2d3d71ed10ac96a652de6897
﻿02:08:39 : Verified GUID (f5f4e62b2d3d71ed10ac96a652de6897) of player #7 MYXAMOP
﻿02:16:43 : Player #6 Paxan disconnected
﻿02:16:45 : Player #8 Paxan (188.163.19.74:36974) connected
﻿02:16:45 : Player #8 Paxan - BE GUID: 1ee0d37318d9af79fec005a60ed4ff07
﻿02:16:46 : Verified GUID (1ee0d37318d9af79fec005a60ed4ff07) of player #8 Paxan
﻿02:21:47 : Player #9 RandoM (31.13.145.254:51572) connected
﻿02:21:49 : Player #9 RandoM - BE GUID: 8a4ba7eb18d8756653432604a821d788
﻿02:21:49 : Verified GUID (8a4ba7eb18d8756653432604a821d788) of player #9 RandoM
﻿02:32:11 : Player #8 Paxan disconnected
﻿02:32:13 : Player #10 Paxan (188.163.19.74:36974) connected
﻿02:32:13 : Player #10 Paxan - BE GUID: 1ee0d37318d9af79fec005a60ed4ff07
﻿02:32:14 : Verified GUID (1ee0d37318d9af79fec005a60ed4ff07) of player #10 Paxan
﻿02:36:41 : Player #10 Paxan disconnected
﻿02:40:25 : Player #7 MYXAMOP disconnected
﻿02:40:43 : Player #10 Paxan (188.163.19.74:36974) connected
﻿02:40:44 : Player #10 Paxan - BE GUID: 1ee0d37318d9af79fec005a60ed4ff07
﻿02:40:44 : Verified GUID (1ee0d37318d9af79fec005a60ed4ff07) of player #10 Paxan
﻿02:43:08 : Player #9 RandoM disconnected
﻿02:47:11 : Player #5 HADFER disconnected
﻿02:50:00 : Player #11 HADFER (93.185.202.198:2304) connected
﻿02:50:01 : Player #11 HADFER - BE GUID: fa2bfc370005a2047631a390f41823f5
﻿02:50:01 : Verified GUID (fa2bfc370005a2047631a390f41823f5) of player #11 HADFER
﻿02:57:10 : Player #11 HADFER disconnected
﻿03:06:12 : Player #11 HADFER (93.185.202.198:2304) connected
﻿03:06:12 : Player #11 HADFER - BE GUID: fa2bfc370005a2047631a390f41823f5
﻿03:06:13 : Verified GUID (fa2bfc370005a2047631a390f41823f5) of player #11 HADFER
﻿03:21:43 : RCon admin #3: (To HADFER) [Сидорович] Шмель напиши в Дис что с артами?
﻿03:29:15 : Player #4 PILIGRIM333 disconnected
﻿03:40:06 : RCon admin #0 (217.19.216.236:14878) logged in
﻿03:40:39 : Player #11 HADFER disconnected
﻿03:40:39 : Player #10 Paxan disconnected
﻿03:40:53 : RCon admin #0 (217.19.216.236:10672) logged in
﻿03:41:03 : RCon admin #0 (217.19.216.236:21713) logged in
﻿03:41:13 : RCon admin #0 (217.19.216.236:21721) logged in
﻿03:41:23 : RCon admin #0 (217.19.216.236:21729) logged in
﻿03:44:47 : RCon admin #2 (217.19.216.236:10749) logged in
﻿04:05:18 : Lost Connection!
﻿04:05:18 : Closing socket & exiting!
﻿04:05:32 : Rcon client logging in
﻿04:07:18 : No Valid response. Trying to reconnect.!
﻿04:07:18 : Rcon client logging in
﻿04:07:18 : RCon admin #1 (127.0.0.1:64517) logged in
﻿04:13:24 : RCon admin #2 (217.19.216.236:1088) logged in
﻿04:18:04 : RCon admin #0 (217.19.216.236:1044) logged in
﻿04:19:13 : Player #0 Vano (217.19.216.236:2304) connected
﻿04:19:13 : Player #0 Vano - BE GUID: 8e71eebdeb37718c4c2c169aa3c680a2
﻿04:19:14 : Verified GUID (8e71eebdeb37718c4c2c169aa3c680a2) of player #0 Vano
﻿04:36:53 : Player #0 Vano disconnected
﻿04:40:51 : RCon admin #2 (217.19.216.236:12812) logged in
﻿04:41:01 : RCon admin #0 (217.19.216.236:30764) logged in
﻿04:41:11 : RCon admin #0 (217.19.216.236:1038) logged in
﻿04:41:21 : RCon admin #0 (217.19.216.236:1038) logged in
﻿04:50:54 : RCon admin #2 (217.19.216.236:1037) logged in
﻿04:58:14 : RCon admin #0 (217.19.216.236:30902) logged in
﻿05:19:02 : RCon admin #2 (217.19.216.236:19593) logged in
﻿05:59:49 : Player #0 KOLY (176.62.91.236:34544) connected
﻿05:59:49 : Player #0 KOLY - BE GUID: 02b93138d388dd2181713b34e5a33895
﻿05:59:50 : Verified GUID (02b93138d388dd2181713b34e5a33895) of player #0 KOLY
﻿06:32:03 : Player #0 KOLY disconnected
﻿06:36:03 : RCon admin #0 (217.19.216.236:1034) logged in
﻿07:20:37 : Player #0 KOLY (176.62.91.234:13424) connected
﻿07:20:37 : Player #0 KOLY - BE GUID: 02b93138d388dd2181713b34e5a33895
﻿07:20:37 : Verified GUID (02b93138d388dd2181713b34e5a33895) of player #0 KOLY
﻿07:45:00 : RCon admin #1: (Global) BEC : Выброс произойдёт через 15 минут.
﻿07:55:00 : RCon admin #1: (Global) BEC : Выброс произойдёт через 5 минут.
﻿07:59:00 : RCon admin #1: (Global) BEC : Выброс произойдёт через 1 минуту.
﻿07:59:55 : Player #0 KOLY disconnected
﻿08:00:02 : Lost Connection!
﻿08:00:02 : Closing socket & exiting!
﻿08:00:28 : Lost Connection!
﻿08:00:28 : Closing socket & exiting!
﻿08:00:42 : Lost Connection!
﻿08:00:42 : Closing socket & exiting!
﻿08:00:56 : Lost Connection!
﻿08:00:56 : Closing socket & exiting!
﻿08:01:10 : Lost Connection!
﻿08:01:10 : Closing socket & exiting!
﻿08:01:24 : Lost Connection!
﻿08:01:24 : Closing socket & exiting!
﻿08:01:38 : Lost Connection!
﻿08:01:38 : Closing socket & exiting!
﻿08:01:52 : Lost Connection!
﻿08:01:52 : Closing socket & exiting!
﻿08:02:06 : Lost Connection!
﻿08:02:06 : Closing socket & exiting!
﻿08:02:20 : Lost Connection!
﻿08:02:20 : Closing socket & exiting!
﻿08:02:34 : Lost Connection!
﻿08:02:34 : Closing socket & exiting!
﻿08:02:48 : Lost Connection!
﻿08:02:48 : Closing socket & exiting!
﻿08:03:02 : Lost Connection!
﻿08:03:02 : Closing socket & exiting!
﻿08:03:16 : Lost Connection!
﻿08:03:16 : Closing socket & exiting!
﻿08:03:30 : Lost Connection!
﻿08:03:30 : Closing socket & exiting!
﻿08:03:44 : Lost Connection!
﻿08:03:44 : Closing socket & exiting!
﻿08:03:58 : Lost Connection!
﻿08:03:58 : Closing socket & exiting!
﻿08:04:12 : Rcon client logging in
﻿08:05:55 : No Valid response. Trying to reconnect.!
﻿08:05:55 : Rcon client logging in
﻿08:05:55 : RCon admin #1 (127.0.0.1:50193) logged in
﻿08:19:25 : Player #0 KOLY disconnected
﻿08:20:07 : Player #0 KOLY (176.62.91.254:16279) connected
﻿08:20:07 : Player #0 KOLY - BE GUID: 02b93138d388dd2181713b34e5a33895
﻿08:20:07 : Verified GUID (02b93138d388dd2181713b34e5a33895) of player #0 KOLY
﻿08:26:07 : Player #0 KOLY disconnected
﻿08:26:16 : Player #0 KOLY (176.62.91.254:16279) connected
﻿08:26:16 : Player #0 KOLY - BE GUID: 02b93138d388dd2181713b34e5a33895
﻿08:26:16 : Verified GUID (02b93138d388dd2181713b34e5a33895) of player #0 KOLY
﻿09:00:38 : Player #0 KOLY disconnected
﻿09:01:39 : Player #0 KOLY (176.62.91.254:16279) connected
﻿09:01:39 : Player #0 KOLY - BE GUID: 02b93138d388dd2181713b34e5a33895
﻿09:01:40 : Verified GUID (02b93138d388dd2181713b34e5a33895) of player #0 KOLY
﻿09:14:41 : Player #0 KOLY disconnected
﻿09:17:17 : Player #0 KOLY (176.62.91.236:35384) connected
﻿09:17:17 : Player #0 KOLY - BE GUID: 02b93138d388dd2181713b34e5a33895
﻿09:17:17 : Verified GUID (02b93138d388dd2181713b34e5a33895) of player #0 KOLY
﻿09:34:20 : Player #0 KOLY disconnected
﻿09:34:34 : Player #0 KOLY (176.62.91.236:35384) connected
﻿09:34:34 : Player #0 KOLY - BE GUID: 02b93138d388dd2181713b34e5a33895
﻿09:34:34 : Verified GUID (02b93138d388dd2181713b34e5a33895) of player #0 KOLY
﻿09:38:02 : Player #0 KOLY disconnected
﻿09:38:04 : Player #0 KOLY (176.62.91.236:35384) connected
﻿09:38:04 : Player #0 KOLY - BE GUID: 02b93138d388dd2181713b34e5a33895
﻿09:38:04 : Verified GUID (02b93138d388dd2181713b34e5a33895) of player #0 KOLY
﻿10:10:21 : Player #0 KOLY disconnected
﻿10:23:04 : Player #0 KOLY (176.62.91.250:41447) connected
﻿10:23:04 : Player #0 KOLY - BE GUID: 02b93138d388dd2181713b34e5a33895
﻿10:23:04 : Verified GUID (02b93138d388dd2181713b34e5a33895) of player #0 KOLY
﻿10:31:00 : Player #0 KOLY disconnected
﻿10:50:13 : Player #0 KOLY (176.62.91.234:55758) connected
﻿10:50:13 : Player #0 KOLY - BE GUID: 02b93138d388dd2181713b34e5a33895
﻿10:50:14 : Verified GUID (02b93138d388dd2181713b34e5a33895) of player #0 KOLY
﻿11:45:00 : RCon admin #1: (Global) BEC : Выброс произойдёт через 15 минут.
﻿11:50:14 : Player #0 KOLY disconnected
﻿11:55:00 : RCon admin #1: (Global) BEC : Выброс произойдёт через 5 минут.
﻿11:59:00 : RCon admin #1: (Global) BEC : Выброс произойдёт через 1 минуту.
﻿12:00:02 : Lost Connection!
﻿12:00:02 : Closing socket & exiting!
﻿12:00:26 : Lost Connection!
﻿12:00:26 : Closing socket & exiting!
﻿12:00:39 : Lost Connection!
﻿12:00:39 : Closing socket & exiting!
﻿12:00:53 : Lost Connection!
﻿12:00:53 : Closing socket & exiting!
﻿12:01:07 : Lost Connection!
﻿12:01:07 : Closing socket & exiting!
﻿12:01:21 : Lost Connection!
﻿12:01:21 : Closing socket & exiting!
﻿12:01:35 : Lost Connection!
﻿12:01:35 : Closing socket & exiting!
﻿12:01:49 : Lost Connection!
﻿12:01:49 : Closing socket & exiting!
﻿12:02:03 : Lost Connection!
﻿12:02:03 : Closing socket & exiting!
﻿12:02:17 : Lost Connection!
﻿12:02:17 : Closing socket & exiting!
﻿12:02:31 : Lost Connection!
﻿12:02:31 : Closing socket & exiting!
﻿12:02:45 : Lost Connection!
﻿12:02:45 : Closing socket & exiting!
﻿12:02:59 : Lost Connection!
﻿12:02:59 : Closing socket & exiting!
﻿12:03:13 : Lost Connection!
﻿12:03:13 : Closing socket & exiting!
﻿12:03:27 : Lost Connection!
﻿12:03:27 : Closing socket & exiting!
﻿12:03:41 : Lost Connection!
﻿12:03:41 : Closing socket & exiting!
﻿12:03:55 : Lost Connection!
﻿12:03:55 : Closing socket & exiting!
﻿12:04:09 : Lost Connection!
﻿12:04:09 : Closing socket & exiting!
﻿12:04:23 : Lost Connection!
﻿12:04:23 : Closing socket & exiting!
﻿12:04:37 : Lost Connection!
﻿12:04:37 : Closing socket & exiting!
﻿12:04:51 : Lost Connection!
﻿12:04:51 : Closing socket & exiting!
﻿12:05:05 : Lost Connection!
﻿12:05:05 : Closing socket & exiting!
﻿12:05:19 : Lost Connection!
﻿12:05:19 : Closing socket & exiting!
﻿12:05:33 : Lost Connection!
﻿12:05:33 : Closing socket & exiting!
﻿12:05:47 : Lost Connection!
﻿12:05:47 : Closing socket & exiting!
﻿12:06:01 : Lost Connection!
﻿12:06:01 : Closing socket & exiting!
﻿12:06:15 : Lost Connection!
﻿12:06:15 : Closing socket & exiting!
﻿12:06:29 : Lost Connection!
﻿12:06:29 : Closing socket & exiting!
﻿12:06:43 : Lost Connection!
﻿12:06:43 : Closing socket & exiting!
﻿12:06:57 : Lost Connection!
﻿12:06:57 : Closing socket & exiting!
﻿12:07:11 : Lost Connection!
﻿12:07:11 : Closing socket & exiting!
﻿12:07:25 : Lost Connection!
﻿12:07:25 : Closing socket & exiting!
﻿12:07:39 : Lost Connection!
﻿12:07:39 : Closing socket & exiting!
﻿12:07:53 : Lost Connection!
﻿12:07:53 : Closing socket & exiting!
﻿12:08:07 : Lost Connection!
﻿12:08:07 : Closing socket & exiting!
﻿12:08:21 : Lost Connection!
﻿12:08:21 : Closing socket & exiting!
﻿12:08:35 : Lost Connection!
﻿12:08:35 : Closing socket & exiting!
﻿12:08:49 : Lost Connection!
﻿12:08:49 : Closing socket & exiting!
﻿12:09:03 : Lost Connection!
﻿12:09:03 : Closing socket & exiting!
﻿12:09:17 : Lost Connection!
﻿12:09:17 : Closing socket & exiting!
﻿12:09:31 : Lost Connection!
﻿12:09:31 : Closing socket & exiting!
﻿12:09:45 : Lost Connection!
﻿12:09:45 : Closing socket & exiting!
﻿12:09:59 : Lost Connection!
﻿12:09:59 : Closing socket & exiting!
﻿12:10:13 : Lost Connection!
﻿12:10:13 : Closing socket & exiting!
﻿12:10:27 : Lost Connection!
﻿12:10:27 : Closing socket & exiting!
﻿12:10:41 : Lost Connection!
﻿12:10:41 : Closing socket & exiting!
﻿12:10:55 : Lost Connection!
﻿12:10:55 : Closing socket & exiting!
﻿12:11:09 : Lost Connection!
﻿12:11:09 : Closing socket & exiting!
﻿12:11:23 : Lost Connection!
﻿12:11:23 : Closing socket & exiting!
﻿12:11:37 : Lost Connection!
﻿12:11:37 : Closing socket & exiting!
﻿12:11:51 : Lost Connection!
﻿12:11:51 : Closing socket & exiting!
﻿12:12:05 : Lost Connection!
﻿12:12:05 : Closing socket & exiting!
﻿12:12:19 : Lost Connection!
﻿12:12:19 : Closing socket & exiting!
﻿12:12:33 : Lost Connection!
﻿12:12:33 : Closing socket & exiting!
﻿12:12:47 : Lost Connection!
﻿12:12:47 : Closing socket & exiting!
﻿12:13:01 : Lost Connection!
﻿12:13:01 : Closing socket & exiting!
﻿12:13:15 : Lost Connection!
﻿12:13:15 : Closing socket & exiting!
﻿12:13:30 : Lost Connection!
﻿12:13:30 : Closing socket & exiting!
﻿12:13:43 : Lost Connection!
﻿12:13:43 : Closing socket & exiting!
﻿12:13:57 : Lost Connection!
﻿12:13:57 : Closing socket & exiting!
﻿12:14:11 : Lost Connection!
﻿12:14:11 : Closing socket & exiting!
﻿12:14:25 : Lost Connection!
﻿12:14:25 : Closing socket & exiting!
﻿12:14:39 : Lost Connection!
﻿12:14:39 : Closing socket & exiting!
﻿12:14:53 : Lost Connection!
﻿12:14:53 : Closing socket & exiting!
﻿12:15:07 : Lost Connection!
﻿12:15:07 : Closing socket & exiting!
﻿12:15:21 : Lost Connection!
﻿12:15:21 : Closing socket & exiting!
﻿12:15:48 : Lost Connection!
﻿12:15:48 : Closing socket & exiting!
﻿12:16:02 : Lost Connection!
﻿12:16:02 : Closing socket & exiting!
﻿12:16:16 : Lost Connection!
﻿12:16:16 : Closing socket & exiting!
﻿12:16:30 : Lost Connection!
﻿12:16:30 : Closing socket & exiting!
﻿12:16:44 : Lost Connection!
﻿12:16:44 : Closing socket & exiting!
﻿12:16:58 : Lost Connection!
﻿12:16:58 : Closing socket & exiting!
﻿12:17:12 : Lost Connection!
﻿12:17:12 : Closing socket & exiting!
﻿12:17:26 : Lost Connection!
﻿12:17:26 : Closing socket & exiting!
﻿12:17:40 : Lost Connection!
﻿12:17:40 : Closing socket & exiting!
﻿12:17:54 : Lost Connection!
﻿12:17:54 : Closing socket & exiting!
﻿12:18:08 : Lost Connection!
﻿12:18:08 : Closing socket & exiting!
﻿12:18:22 : Lost Connection!
﻿12:18:22 : Closing socket & exiting!
﻿12:18:36 : Lost Connection!
﻿12:18:36 : Closing socket & exiting!
﻿12:18:50 : Lost Connection!
﻿12:18:50 : Closing socket & exiting!
﻿12:19:04 : Lost Connection!
﻿12:19:04 : Closing socket & exiting!
﻿12:19:18 : Lost Connection!
﻿12:19:18 : Closing socket & exiting!
﻿12:19:32 : Lost Connection!
﻿12:19:32 : Closing socket & exiting!
﻿12:19:46 : Lost Connection!
﻿12:19:46 : Closing socket & exiting!
﻿12:20:00 : Lost Connection!
﻿12:20:00 : Closing socket & exiting!
﻿12:20:14 : Lost Connection!
﻿12:20:14 : Closing socket & exiting!
﻿12:20:28 : Lost Connection!
﻿12:20:28 : Closing socket & exiting!
﻿12:20:42 : Lost Connection!
﻿12:20:42 : Closing socket & exiting!
﻿12:20:56 : Lost Connection!
﻿12:20:56 : Closing socket & exiting!
﻿12:21:10 : Lost Connection!
﻿12:21:10 : Closing socket & exiting!
﻿12:21:24 : Lost Connection!
﻿12:21:24 : Closing socket & exiting!
﻿12:21:38 : Lost Connection!
﻿12:21:38 : Closing socket & exiting!
﻿12:21:52 : Lost Connection!
﻿12:21:52 : Closing socket & exiting!
﻿12:22:06 : Lost Connection!
﻿12:22:06 : Closing socket & exiting!
﻿12:22:20 : Lost Connection!
﻿12:22:20 : Closing socket & exiting!
﻿12:22:34 : Lost Connection!
﻿12:22:34 : Closing socket & exiting!
﻿12:22:48 : Lost Connection!
﻿12:22:48 : Closing socket & exiting!
﻿12:23:02 : Lost Connection!
﻿12:23:02 : Closing socket & exiting!
﻿12:23:16 : Lost Connection!
﻿12:23:16 : Closing socket & exiting!
﻿12:23:30 : Lost Connection!
﻿12:23:30 : Closing socket & exiting!
﻿12:23:44 : Lost Connection!
﻿12:23:44 : Closing socket & exiting!
﻿12:23:58 : Lost Connection!
﻿12:23:58 : Closing socket & exiting!
﻿12:24:12 : Lost Connection!
﻿12:24:12 : Closing socket & exiting!
﻿12:24:26 : Lost Connection!
﻿12:24:26 : Closing socket & exiting!
﻿12:24:40 : Lost Connection!
﻿12:24:40 : Closing socket & exiting!
﻿12:24:54 : Lost Connection!
﻿12:24:54 : Closing socket & exiting!
﻿12:25:08 : Lost Connection!
﻿12:25:08 : Closing socket & exiting!
﻿12:25:22 : Lost Connection!
﻿12:25:22 : Closing socket & exiting!
﻿12:25:36 : Lost Connection!
﻿12:25:36 : Closing socket & exiting!
﻿12:25:50 : Lost Connection!
﻿12:25:50 : Closing socket & exiting!
﻿12:26:04 : Lost Connection!
﻿12:26:04 : Closing socket & exiting!
﻿12:26:18 : Lost Connection!
﻿12:26:18 : Closing socket & exiting!
﻿12:26:32 : Lost Connection!
﻿12:26:32 : Closing socket & exiting!
﻿12:26:46 : Lost Connection!
﻿12:26:46 : Closing socket & exiting!
﻿12:27:00 : Lost Connection!
﻿12:27:00 : Closing socket & exiting!
﻿12:27:14 : Lost Connection!
﻿12:27:14 : Closing socket & exiting!
﻿12:27:28 : Lost Connection!
﻿12:27:28 : Closing socket & exiting!
﻿12:27:42 : Lost Connection!
﻿12:27:42 : Closing socket & exiting!
﻿12:27:56 : Lost Connection!
﻿12:27:56 : Closing socket & exiting!
﻿12:28:10 : Lost Connection!
﻿12:28:10 : Closing socket & exiting!
﻿12:28:24 : Lost Connection!
﻿12:28:24 : Closing socket & exiting!
﻿12:28:38 : Lost Connection!
﻿12:28:38 : Closing socket & exiting!
﻿12:28:52 : Lost Connection!
﻿12:28:52 : Closing socket & exiting!
﻿12:29:06 : Lost Connection!
﻿12:29:06 : Closing socket & exiting!
﻿12:29:20 : Lost Connection!
﻿12:29:20 : Closing socket & exiting!
﻿12:29:34 : Lost Connection!
﻿12:29:34 : Closing socket & exiting!
﻿12:29:48 : Lost Connection!
﻿12:29:48 : Closing socket & exiting!
﻿12:30:02 : Lost Connection!
﻿12:30:02 : Closing socket & exiting!
﻿12:30:16 : Lost Connection!
﻿12:30:16 : Closing socket & exiting!
﻿12:30:30 : Lost Connection!
﻿12:30:30 : Closing socket & exiting!
﻿12:30:44 : Lost Connection!
﻿12:30:44 : Closing socket & exiting!
﻿12:31:11 : Lost Connection!
﻿12:31:11 : Closing socket & exiting!
﻿12:31:25 : Lost Connection!
﻿12:31:25 : Closing socket & exiting!
﻿12:31:39 : Lost Connection!
﻿12:31:39 : Closing socket & exiting!
﻿12:31:53 : Lost Connection!
﻿12:31:53 : Closing socket & exiting!
﻿12:32:07 : Lost Connection!
﻿12:32:07 : Closing socket & exiting!
﻿12:32:21 : Lost Connection!
﻿12:32:21 : Closing socket & exiting!
﻿12:32:35 : Lost Connection!
﻿12:32:35 : Closing socket & exiting!
﻿12:32:49 : Lost Connection!
﻿12:32:49 : Closing socket & exiting!
﻿12:33:03 : Lost Connection!
﻿12:33:03 : Closing socket & exiting!
﻿12:33:17 : Lost Connection!
﻿12:33:17 : Closing socket & exiting!
﻿12:33:31 : Lost Connection!
﻿12:33:31 : Closing socket & exiting!
﻿12:33:45 : Lost Connection!
﻿12:33:45 : Closing socket & exiting!
﻿12:33:59 : Lost Connection!
﻿12:33:59 : Closing socket & exiting!
﻿12:34:13 : Lost Connection!
﻿12:34:13 : Closing socket & exiting!
﻿12:34:27 : Lost Connection!
﻿12:34:27 : Closing socket & exiting!
﻿12:34:41 : Lost Connection!
﻿12:34:41 : Closing socket & exiting!
﻿12:34:55 : Lost Connection!
﻿12:34:55 : Closing socket & exiting!
﻿12:35:09 : Lost Connection!
﻿12:35:09 : Closing socket & exiting!
﻿12:35:23 : Lost Connection!
﻿12:35:23 : Closing socket & exiting!
﻿12:35:37 : Lost Connection!
﻿12:35:37 : Closing socket & exiting!
﻿12:35:51 : Lost Connection!
﻿12:35:51 : Closing socket & exiting!
﻿12:36:05 : Lost Connection!
﻿12:36:05 : Closing socket & exiting!
﻿12:36:19 : Lost Connection!
﻿12:36:19 : Closing socket & exiting!
﻿12:36:33 : Lost Connection!
﻿12:36:33 : Closing socket & exiting!
﻿12:36:47 : Lost Connection!
﻿12:36:47 : Closing socket & exiting!
﻿12:37:01 : Lost Connection!
﻿12:37:01 : Closing socket & exiting!
﻿12:37:15 : Lost Connection!
﻿12:37:15 : Closing socket & exiting!
﻿12:37:29 : Lost Connection!
﻿12:37:29 : Closing socket & exiting!
﻿12:37:43 : Lost Connection!
﻿12:37:43 : Closing socket & exiting!
﻿12:37:57 : Lost Connection!
﻿12:37:57 : Closing socket & exiting!
﻿12:38:11 : Lost Connection!
﻿12:38:11 : Closing socket & exiting!
﻿12:38:25 : Lost Connection!
﻿12:38:25 : Closing socket & exiting!
﻿12:38:39 : Lost Connection!
﻿12:38:39 : Closing socket & exiting!
﻿12:38:53 : Lost Connection!
﻿12:38:53 : Closing socket & exiting!
﻿12:39:07 : Lost Connection!
﻿12:39:07 : Closing socket & exiting!
﻿12:39:21 : Lost Connection!
﻿12:39:21 : Closing socket & exiting!
﻿12:39:35 : Lost Connection!
﻿12:39:35 : Closing socket & exiting!
﻿12:39:49 : Lost Connection!
﻿12:39:49 : Closing socket & exiting!
﻿12:40:03 : Lost Connection!
﻿12:40:03 : Closing socket & exiting!
﻿12:40:17 : Lost Connection!
﻿12:40:17 : Closing socket & exiting!
﻿12:40:31 : Lost Connection!
﻿12:40:31 : Closing socket & exiting!
﻿12:40:45 : Lost Connection!
﻿12:40:45 : Closing socket & exiting!
﻿12:40:59 : Lost Connection!
﻿12:40:59 : Closing socket & exiting!
﻿12:41:13 : Lost Connection!
﻿12:41:13 : Closing socket & exiting!
﻿12:41:27 : Lost Connection!
﻿12:41:27 : Closing socket & exiting!
﻿12:41:41 : Lost Connection!
﻿12:41:41 : Closing socket & exiting!
﻿12:41:55 : Lost Connection!
﻿12:41:55 : Closing socket & exiting!
﻿12:42:09 : Lost Connection!
﻿12:42:09 : Closing socket & exiting!
﻿12:42:23 : Lost Connection!
﻿12:42:23 : Closing socket & exiting!
﻿12:42:37 : Lost Connection!
﻿12:42:37 : Closing socket & exiting!
﻿12:42:51 : Lost Connection!
﻿12:42:51 : Closing socket & exiting!
﻿12:43:05 : Lost Connection!
﻿12:43:05 : Closing socket & exiting!
﻿12:43:19 : Lost Connection!
﻿12:43:19 : Closing socket & exiting!
﻿12:43:33 : Lost Connection!
﻿12:43:33 : Closing socket & exiting!
﻿12:43:47 : Lost Connection!
﻿12:43:47 : Closing socket & exiting!
﻿12:44:01 : Lost Connection!
﻿12:44:01 : Closing socket & exiting!
﻿12:44:15 : Lost Connection!
﻿12:44:15 : Closing socket & exiting!
﻿12:44:29 : Lost Connection!
﻿12:44:29 : Closing socket & exiting!
﻿12:44:43 : Lost Connection!
﻿12:44:43 : Closing socket & exiting!
﻿12:44:57 : Lost Connection!
﻿12:44:57 : Closing socket & exiting!
﻿12:45:11 : Lost Connection!
﻿12:45:11 : Closing socket & exiting!
﻿12:45:25 : Lost Connection!
﻿12:45:25 : Closing socket & exiting!
﻿12:45:39 : Lost Connection!
﻿12:45:39 : Closing socket & exiting!
﻿12:45:53 : Lost Connection!
﻿12:45:53 : Closing socket & exiting!
﻿12:46:07 : Lost Connection!
﻿12:46:07 : Closing socket & exiting!
﻿12:46:34 : Lost Connection!
﻿12:46:34 : Closing socket & exiting!
﻿12:46:48 : Lost Connection!
﻿12:46:48 : Closing socket & exiting!
﻿12:47:02 : Lost Connection!
﻿12:47:02 : Closing socket & exiting!
﻿12:47:16 : Lost Connection!
﻿12:47:16 : Closing socket & exiting!
﻿12:47:30 : Lost Connection!
﻿12:47:30 : Closing socket & exiting!
﻿12:47:44 : Lost Connection!
﻿12:47:44 : Closing socket & exiting!
﻿12:47:58 : Lost Connection!
﻿12:47:58 : Closing socket & exiting!
﻿12:48:12 : Lost Connection!
﻿12:48:12 : Closing socket & exiting!
﻿12:48:26 : Lost Connection!
﻿12:48:26 : Closing socket & exiting!
﻿12:48:40 : Lost Connection!
﻿12:48:40 : Closing socket & exiting!
﻿12:48:54 : Lost Connection!
﻿12:48:54 : Closing socket & exiting!
﻿12:49:08 : Lost Connection!
﻿12:49:08 : Closing socket & exiting!
﻿12:49:22 : Lost Connection!
﻿12:49:22 : Closing socket & exiting!
﻿12:49:36 : Lost Connection!
﻿12:49:36 : Closing socket & exiting!
﻿12:49:50 : Lost Connection!
﻿12:49:50 : Closing socket & exiting!
﻿12:50:04 : Lost Connection!
﻿12:50:04 : Closing socket & exiting!
﻿12:50:18 : Lost Connection!
﻿12:50:18 : Closing socket & exiting!
﻿12:50:32 : Lost Connection!
﻿12:50:32 : Closing socket & exiting!
﻿12:50:46 : Lost Connection!
﻿12:50:46 : Closing socket & exiting!
﻿12:51:00 : Lost Connection!
﻿12:51:00 : Closing socket & exiting!
﻿12:51:14 : Lost Connection!
﻿12:51:14 : Closing socket & exiting!
﻿12:51:28 : Lost Connection!
﻿12:51:28 : Closing socket & exiting!
﻿12:51:42 : Lost Connection!
﻿12:51:42 : Closing socket & exiting!
﻿12:51:56 : Lost Connection!
﻿12:51:56 : Closing socket & exiting!
﻿12:52:10 : Lost Connection!
﻿12:52:10 : Closing socket & exiting!
﻿12:52:24 : Lost Connection!
﻿12:52:24 : Closing socket & exiting!
﻿12:52:38 : Lost Connection!
﻿12:52:38 : Closing socket & exiting!
﻿12:52:52 : Lost Connection!
﻿12:52:52 : Closing socket & exiting!
﻿12:53:06 : Lost Connection!
﻿12:53:06 : Closing socket & exiting!
﻿12:53:20 : Lost Connection!
﻿12:53:20 : Closing socket & exiting!
﻿12:53:34 : Lost Connection!
﻿12:53:34 : Closing socket & exiting!
﻿12:53:48 : Lost Connection!
﻿12:53:48 : Closing socket & exiting!
﻿12:54:02 : Lost Connection!
﻿12:54:02 : Closing socket & exiting!
﻿12:54:16 : Lost Connection!
﻿12:54:16 : Closing socket & exiting!
﻿12:54:30 : Lost Connection!
﻿12:54:30 : Closing socket & exiting!
﻿12:54:44 : Lost Connection!
﻿12:54:44 : Closing socket & exiting!
﻿12:54:58 : Lost Connection!
﻿12:54:58 : Closing socket & exiting!
﻿12:55:12 : Lost Connection!
﻿12:55:12 : Closing socket & exiting!
﻿12:55:26 : Lost Connection!
﻿12:55:26 : Closing socket & exiting!
﻿12:55:40 : Lost Connection!
﻿12:55:40 : Closing socket & exiting!
﻿12:55:54 : Lost Connection!
﻿12:55:54 : Closing socket & exiting!
﻿12:56:08 : Lost Connection!
﻿12:56:08 : Closing socket & exiting!
﻿12:56:22 : Lost Connection!
﻿12:56:22 : Closing socket & exiting!
﻿12:56:36 : Lost Connection!
﻿12:56:36 : Closing socket & exiting!
﻿12:56:50 : Lost Connection!
﻿12:56:50 : Closing socket & exiting!
﻿12:57:04 : Lost Connection!
﻿12:57:04 : Closing socket & exiting!
﻿12:57:18 : Lost Connection!
﻿12:57:18 : Closing socket & exiting!
﻿12:57:32 : Lost Connection!
﻿12:57:32 : Closing socket & exiting!
﻿12:57:46 : Lost Connection!
﻿12:57:46 : Closing socket & exiting!
﻿12:58:00 : Lost Connection!
﻿12:58:00 : Closing socket & exiting!
﻿12:58:14 : Lost Connection!
﻿12:58:14 : Closing socket & exiting!
﻿12:58:28 : Lost Connection!
﻿12:58:28 : Closing socket & exiting!
﻿12:58:42 : Lost Connection!
﻿12:58:42 : Closing socket & exiting!
﻿12:58:56 : Lost Connection!
﻿12:58:56 : Closing socket & exiting!
﻿12:59:10 : Lost Connection!
﻿12:59:10 : Closing socket & exiting!
﻿12:59:24 : Lost Connection!
﻿12:59:24 : Closing socket & exiting!
﻿12:59:38 : Lost Connection!
﻿12:59:38 : Closing socket & exiting!
﻿12:59:52 : Lost Connection!
﻿12:59:52 : Closing socket & exiting!
﻿13:00:06 : Lost Connection!
﻿13:00:06 : Closing socket & exiting!
﻿13:00:20 : Lost Connection!
﻿13:00:20 : Closing socket & exiting!
﻿13:00:34 : Lost Connection!
﻿13:00:34 : Closing socket & exiting!
﻿13:00:48 : Lost Connection!
﻿13:00:48 : Closing socket & exiting!
﻿13:01:02 : Lost Connection!
﻿13:01:02 : Closing socket & exiting!
﻿13:01:16 : Lost Connection!
﻿13:01:16 : Closing socket & exiting!
﻿13:01:30 : Lost Connection!
﻿13:01:30 : Closing socket & exiting!
﻿13:01:57 : Lost Connection!
﻿13:01:57 : Closing socket & exiting!
﻿13:02:11 : Lost Connection!
﻿13:02:11 : Closing socket & exiting!
﻿13:02:25 : Lost Connection!
﻿13:02:25 : Closing socket & exiting!
﻿13:02:39 : Lost Connection!
﻿13:02:39 : Closing socket & exiting!
﻿13:02:53 : Lost Connection!
﻿13:02:53 : Closing socket & exiting!
﻿13:03:07 : Lost Connection!
﻿13:03:07 : Closing socket & exiting!
﻿13:03:21 : Lost Connection!
﻿13:03:21 : Closing socket & exiting!
﻿13:03:35 : Lost Connection!
﻿13:03:35 : Closing socket & exiting!
﻿13:03:49 : Lost Connection!
﻿13:03:49 : Closing socket & exiting!
﻿13:04:03 : Lost Connection!
﻿13:04:03 : Closing socket & exiting!
﻿13:04:17 : Lost Connection!
﻿13:04:17 : Closing socket & exiting!
﻿13:04:31 : Lost Connection!
﻿13:04:31 : Closing socket & exiting!
﻿13:04:45 : Lost Connection!
﻿13:04:45 : Closing socket & exiting!
﻿13:04:59 : Lost Connection!
﻿13:04:59 : Closing socket & exiting!
﻿13:05:13 : Lost Connection!
﻿13:05:13 : Closing socket & exiting!
﻿13:05:27 : Lost Connection!
﻿13:05:27 : Closing socket & exiting!
﻿13:05:41 : Lost Connection!
﻿13:05:41 : Closing socket & exiting!
﻿13:05:55 : Lost Connection!
﻿13:05:55 : Closing socket & exiting!
﻿13:06:09 : Lost Connection!
﻿13:06:09 : Closing socket & exiting!
﻿13:06:23 : Lost Connection!
﻿13:06:23 : Closing socket & exiting!
﻿13:06:37 : Lost Connection!
﻿13:06:37 : Closing socket & exiting!
﻿13:06:51 : Lost Connection!
﻿13:06:51 : Closing socket & exiting!
﻿13:07:05 : Lost Connection!
﻿13:07:05 : Closing socket & exiting!
﻿13:07:19 : Lost Connection!
﻿13:07:19 : Closing socket & exiting!
﻿13:07:33 : Lost Connection!
﻿13:07:33 : Closing socket & exiting!
﻿13:07:47 : Lost Connection!
﻿13:07:47 : Closing socket & exiting!
﻿13:08:01 : Lost Connection!
﻿13:08:01 : Closing socket & exiting!
﻿13:08:15 : Lost Connection!
﻿13:08:15 : Closing socket & exiting!
﻿13:08:29 : Lost Connection!
﻿13:08:29 : Closing socket & exiting!
﻿13:08:43 : Lost Connection!
﻿13:08:43 : Closing socket & exiting!
﻿13:08:57 : Lost Connection!
﻿13:08:57 : Closing socket & exiting!
﻿13:09:11 : Lost Connection!
﻿13:09:11 : Closing socket & exiting!
﻿13:09:25 : Lost Connection!
﻿13:09:25 : Closing socket & exiting!
﻿13:09:39 : Lost Connection!
﻿13:09:39 : Closing socket & exiting!
﻿13:09:53 : Lost Connection!
﻿13:09:53 : Closing socket & exiting!
﻿13:10:07 : Lost Connection!
﻿13:10:07 : Closing socket & exiting!
﻿13:10:21 : Lost Connection!
﻿13:10:21 : Closing socket & exiting!
﻿13:10:35 : Lost Connection!
﻿13:10:35 : Closing socket & exiting!
﻿13:10:49 : Lost Connection!
﻿13:10:49 : Closing socket & exiting!
﻿13:11:03 : Lost Connection!
﻿13:11:03 : Closing socket & exiting!
﻿13:11:17 : Lost Connection!
﻿13:11:17 : Closing socket & exiting!
﻿13:11:31 : Lost Connection!
﻿13:11:31 : Closing socket & exiting!
﻿13:11:45 : Lost Connection!
﻿13:11:45 : Closing socket & exiting!
﻿13:11:59 : Lost Connection!
﻿13:11:59 : Closing socket & exiting!
﻿13:12:13 : Lost Connection!
﻿13:12:13 : Closing socket & exiting!
﻿13:12:27 : Lost Connection!
﻿13:12:27 : Closing socket & exiting!
﻿13:12:41 : Lost Connection!
﻿13:12:41 : Closing socket & exiting!
﻿13:12:55 : Lost Connection!
﻿13:12:55 : Closing socket & exiting!
﻿13:13:09 : Lost Connection!
﻿13:13:09 : Closing socket & exiting!
﻿13:13:23 : Lost Connection!
﻿13:13:23 : Closing socket & exiting!
﻿13:13:37 : Lost Connection!
﻿13:13:37 : Closing socket & exiting!
﻿13:13:51 : Lost Connection!
﻿13:13:51 : Closing socket & exiting!
﻿13:14:05 : Lost Connection!
﻿13:14:05 : Closing socket & exiting!
﻿13:14:19 : Lost Connection!
﻿13:14:19 : Closing socket & exiting!
﻿13:14:33 : Lost Connection!
﻿13:14:33 : Closing socket & exiting!
﻿13:14:47 : Lost Connection!
﻿13:14:47 : Closing socket & exiting!
﻿13:15:01 : Lost Connection!
﻿13:15:01 : Closing socket & exiting!
﻿13:15:15 : Lost Connection!
﻿13:15:15 : Closing socket & exiting!
﻿13:15:29 : Lost Connection!
﻿13:15:29 : Closing socket & exiting!
﻿13:15:43 : Lost Connection!
﻿13:15:43 : Closing socket & exiting!
﻿13:15:57 : Lost Connection!
﻿13:15:57 : Closing socket & exiting!
﻿13:16:11 : Lost Connection!
﻿13:16:11 : Closing socket & exiting!
﻿13:16:25 : Lost Connection!
﻿13:16:25 : Closing socket & exiting!
﻿13:16:39 : Lost Connection!
﻿13:16:39 : Closing socket & exiting!
﻿13:16:53 : Lost Connection!
﻿13:16:53 : Closing socket & exiting!
﻿13:17:20 : Lost Connection!
﻿13:17:20 : Closing socket & exiting!
﻿13:17:34 : Lost Connection!
﻿13:17:34 : Closing socket & exiting!
﻿13:17:48 : Lost Connection!
﻿13:17:48 : Closing socket & exiting!
﻿13:18:02 : Lost Connection!
﻿13:18:02 : Closing socket & exiting!
﻿13:18:16 : Lost Connection!
﻿13:18:16 : Closing socket & exiting!
﻿13:18:30 : Lost Connection!
﻿13:18:30 : Closing socket & exiting!
﻿13:18:44 : Lost Connection!
﻿13:18:44 : Closing socket & exiting!
﻿13:18:58 : Lost Connection!
﻿13:18:58 : Closing socket & exiting!
﻿13:19:12 : Lost Connection!
﻿13:19:12 : Closing socket & exiting!
﻿13:19:26 : Lost Connection!
﻿13:19:26 : Closing socket & exiting!
﻿13:21:07 : Lost Connection!
﻿13:21:07 : Closing socket & exiting!
﻿13:21:21 : Lost Connection!
﻿13:21:21 : Closing socket & exiting!
﻿13:21:35 : Rcon client logging in
﻿13:23:18 : No Valid response. Trying to reconnect.!
﻿13:23:18 : Rcon client logging in
﻿13:23:18 : RCon admin #0 (127.0.0.1:62360) logged in
﻿13:30:27 : Lost Connection!
﻿13:30:27 : Closing socket & exiting!
﻿13:30:41 : Lost Connection!
﻿13:30:41 : Closing socket & exiting!
﻿13:30:55 : Lost Connection!
﻿13:30:55 : Closing socket & exiting!
﻿13:31:09 : Lost Connection!
﻿13:31:09 : Closing socket & exiting!
﻿13:31:23 : Lost Connection!
﻿13:31:23 : Closing socket & exiting!
﻿13:31:37 : Lost Connection!
﻿13:31:37 : Closing socket & exiting!
﻿13:31:51 : Rcon client logging in
﻿14:11:30 : Lost Connection!
﻿14:11:30 : Closing socket & exiting!
﻿14:11:44 : Lost Connection!
﻿14:11:44 : Closing socket & exiting!
﻿14:11:58 : Rcon client logging in
﻿14:12:24 : RCon admin #0 (127.0.0.1:54348) logged in
﻿14:12:24 : RCon admin #0: (Global) Initializing Bec
﻿14:13:36 : Lost Connection!
﻿14:13:36 : Closing socket & exiting!
﻿14:13:50 : Rcon client logging in
﻿14:17:30 : Lost Connection!
﻿14:17:30 : Closing socket & exiting!
﻿14:17:44 : Lost Connection!
﻿14:17:44 : Closing socket & exiting!
﻿14:17:58 : Lost Connection!
﻿14:17:58 : Closing socket & exiting!
﻿14:18:12 : Lost Connection!
﻿14:18:12 : Closing socket & exiting!
﻿14:18:26 : Lost Connection!
﻿14:18:26 : Closing socket & exiting!
﻿14:18:40 : Lost Connection!
﻿14:18:40 : Closing socket & exiting!
﻿14:18:54 : Lost Connection!
﻿14:18:54 : Closing socket & exiting!
﻿14:19:08 : Lost Connection!
﻿14:19:08 : Closing socket & exiting!
﻿14:19:22 : Lost Connection!
﻿14:19:22 : Closing socket & exiting!
﻿14:19:36 : Lost Connection!
﻿14:19:36 : Closing socket & exiting!
﻿14:19:50 : Rcon client logging in
﻿14:24:00 : No Valid response. Trying to reconnect.!
﻿14:24:00 : Rcon client logging in
﻿14:24:00 : RCon admin #0 (127.0.0.1:57355) logged in
﻿14:29:14 : Lost Connection!
﻿14:29:14 : Closing socket & exiting!
﻿14:29:28 : Rcon client logging in
﻿14:31:11 : No Valid response. Trying to reconnect.!
﻿14:31:11 : Rcon client logging in
﻿14:31:11 : RCon admin #0 (127.0.0.1:59239) logged in
﻿14:35:47 : Player #0 Vano (217.19.216.236:2304) connected
﻿14:35:47 : Player #0 Vano - BE GUID: 8e71eebdeb37718c4c2c169aa3c680a2
﻿14:35:48 : Verified GUID (8e71eebdeb37718c4c2c169aa3c680a2) of player #0 Vano
﻿15:16:22 : Lost Connection!
﻿15:16:22 : Closing socket & exiting!
﻿15:16:36 : Rcon client logging in
﻿15:18:19 : No Valid response. Trying to reconnect.!
﻿15:18:19 : Rcon client logging in
﻿15:18:19 : RCon admin #0 (127.0.0.1:59580) logged in
﻿15:45:00 : RCon admin #0: (Global) BEC : Выброс произойдёт через 15 минут.
﻿15:45:30 : Player #0 Vano disconnected
﻿15:45:33 : Lost Connection!
﻿15:45:33 : Closing socket & exiting!
﻿15:46:05 : Lost Connection!
﻿15:46:05 : Closing socket & exiting!
﻿15:46:19 : Lost Connection!
﻿15:46:19 : Closing socket & exiting!
﻿15:46:33 : Lost Connection!
﻿15:46:33 : Closing socket & exiting!
﻿15:46:47 : Lost Connection!
﻿15:46:47 : Closing socket & exiting!
﻿15:47:01 : Lost Connection!
﻿15:47:01 : Closing socket & exiting!
﻿15:47:15 : Lost Connection!
﻿15:47:15 : Closing socket & exiting!
﻿15:47:29 : Rcon client logging in
﻿15:49:18 : No Valid response. Trying to reconnect.!
﻿15:49:18 : Rcon client logging in
﻿15:49:18 : RCon admin #1 (127.0.0.1:64200) logged in
﻿15:49:26 : Player #3 Paxan (188.163.19.74:37090) connected
﻿15:49:26 : Player #3 Paxan - BE GUID: 1ee0d37318d9af79fec005a60ed4ff07
﻿15:49:26 : Verified GUID (1ee0d37318d9af79fec005a60ed4ff07) of player #3 Paxan
﻿15:53:57 : Player #4 Dgoni (79.105.37.254:2304) connected
﻿15:53:58 : Player #4 Dgoni - BE GUID: 90b28bd9207d1d007496ea57b8081274
﻿15:53:58 : Verified GUID (90b28bd9207d1d007496ea57b8081274) of player #4 Dgoni
﻿15:55:00 : RCon admin #1: (Global) BEC : Выброс произойдёт через 5 минут.
﻿15:55:32 : Player #5 HADFER (93.185.202.198:2304) connected
﻿15:55:33 : Player #5 HADFER - BE GUID: fa2bfc370005a2047631a390f41823f5
﻿15:55:33 : Verified GUID (fa2bfc370005a2047631a390f41823f5) of player #5 HADFER
﻿15:55:51 : Player #6 KOLY (176.62.91.243:55469) connected
﻿15:55:52 : Player #6 KOLY - BE GUID: 02b93138d388dd2181713b34e5a33895
﻿15:55:52 : Verified GUID (02b93138d388dd2181713b34e5a33895) of player #6 KOLY
﻿15:58:45 : Player #1 Andrei1664 disconnected
﻿15:59:00 : RCon admin #1: (Global) BEC : Выброс произойдёт через 1 минуту.
﻿15:59:21 : Player #4 Dgoni disconnected
﻿16:00:01 : Player #5 HADFER disconnected
﻿16:00:04 : Lost Connection!
﻿16:00:04 : Closing socket & exiting!
﻿16:00:27 : Lost Connection!
﻿16:00:27 : Closing socket & exiting!
﻿16:00:41 : Lost Connection!
﻿16:00:41 : Closing socket & exiting!
﻿16:00:55 : Lost Connection!
﻿16:00:55 : Closing socket & exiting!
﻿16:01:09 : Lost Connection!
﻿16:01:09 : Closing socket & exiting!
﻿16:01:23 : Lost Connection!
﻿16:01:23 : Closing socket & exiting!
﻿16:01:37 : Lost Connection!
﻿16:01:37 : Closing socket & exiting!
﻿16:01:51 : Lost Connection!
﻿16:01:51 : Closing socket & exiting!
﻿16:02:05 : Lost Connection!
﻿16:02:05 : Closing socket & exiting!
﻿16:02:19 : Lost Connection!
﻿16:02:19 : Closing socket & exiting!
﻿16:02:33 : Lost Connection!
﻿16:02:33 : Closing socket & exiting!
﻿16:02:47 : Lost Connection!
﻿16:02:47 : Closing socket & exiting!
﻿16:03:01 : Lost Connection!
﻿16:03:01 : Closing socket & exiting!
﻿16:03:15 : Lost Connection!
﻿16:03:15 : Closing socket & exiting!
﻿16:03:29 : Lost Connection!
﻿16:03:29 : Closing socket & exiting!
﻿16:03:43 : Lost Connection!
﻿16:03:43 : Closing socket & exiting!
﻿16:03:57 : Lost Connection!
﻿16:03:57 : Closing socket & exiting!
﻿16:04:11 : Lost Connection!
﻿16:04:11 : Closing socket & exiting!
﻿16:04:25 : Lost Connection!
﻿16:04:25 : Closing socket & exiting!
﻿16:04:39 : Lost Connection!
﻿16:04:39 : Closing socket & exiting!
﻿16:04:53 : Lost Connection!
﻿16:04:53 : Closing socket & exiting!
﻿16:05:07 : Lost Connection!
﻿16:05:07 : Closing socket & exiting!
﻿16:05:21 : Lost Connection!
﻿16:05:21 : Closing socket & exiting!
﻿16:05:35 : Lost Connection!
﻿16:05:35 : Closing socket & exiting!
﻿16:05:49 : Lost Connection!
﻿16:05:49 : Closing socket & exiting!
﻿16:06:03 : Lost Connection!
﻿16:06:03 : Closing socket & exiting!
﻿16:06:17 : Lost Connection!
﻿16:06:17 : Closing socket & exiting!
﻿16:06:31 : Lost Connection!
﻿16:06:31 : Closing socket & exiting!
﻿16:06:45 : Lost Connection!
﻿16:06:45 : Closing socket & exiting!
﻿16:06:59 : Lost Connection!
﻿16:06:59 : Closing socket & exiting!
﻿16:07:13 : Lost Connection!
﻿16:07:13 : Closing socket & exiting!
﻿16:07:27 : Lost Connection!
﻿16:07:27 : Closing socket & exiting!
﻿16:07:41 : Lost Connection!
﻿16:07:41 : Closing socket & exiting!
﻿16:07:55 : Lost Connection!
﻿16:07:55 : Closing socket & exiting!
﻿16:08:09 : Lost Connection!
﻿16:08:09 : Closing socket & exiting!
﻿16:08:23 : Lost Connection!
﻿16:08:23 : Closing socket & exiting!
﻿16:08:37 : Lost Connection!
﻿16:08:37 : Closing socket & exiting!
﻿16:08:51 : Rcon client logging in
